# JRE version: OpenJDK Runtime Environment (8.0_252-b09) (build 1.8.0_252-b09)
# Java VM: OpenJDK 64-Bit Server VM (25.252-b09 mixed mode linux-amd64 )
Heap:
 PSYoungGen      total 22289920K, used 13606064K [0x00007fd483b00000, 0x00007fd9d9000000, 0x00007fd9d9000000)
  eden space 22220288K, 61% used [0x00007fd483b00000,0x00007fd7c0299b38,0x00007fd9cfe80000)
  from space 69632K, 46% used [0x00007fd9cfe80000,0x00007fd9d1e125b8,0x00007fd9d4280000)
  to   space 69120K, 0% used [0x00007fd9d4c80000,0x00007fd9d4c80000,0x00007fd9d9000000)
 ParOldGen       total 15466496K, used 13884130K [0x00007fc9d9000000, 0x00007fcd89000000, 0x00007fd483b00000)
  object space 15466496K, 89% used [0x00007fc9d9000000,0x00007fcd286b8940,0x00007fcd89000000)
 Metaspace       used 98611K, capacity 99786K, committed 99840K, reserved 100352K
GC Heap History (250 events):
Event: 1248,659 GC heap before
{Heap before GC invocations=396 (full 11):
 PSYoungGen      total 21561344K, used 21524891K [0x00007fd483b00000, 0x00007fd9d9000000, 0x00007fd9d9000000)
  eden space 20919296K, 100% used [0x00007fd483b00000,0x00007fd980800000,0x00007fd980800000)
  from space 642048K, 94% used [0x00007fd9b1d00000,0x00007fd9d6c66e20,0x00007fd9d9000000)
  to   space 724992K, 0% used [0x00007fd980800000,0x00007fd980800000,0x00007fd9acc00000)
 ParOldGen       total 11901440K, used 8827463K [0x00007fc9d9000000, 0x00007fccaf680000, 0x00007fd483b00000)
  object space 11901440K, 74% used [0x00007fc9d9000000,0x00007fcbf3c91f00,0x00007fccaf680000)
 Metaspace       used 98032K, capacity 99237K, committed 99328K, reserved 100352K
Event: 1248,953 GC heap after
Heap after GC invocations=396 (full 11):
 PSYoungGen      total 21644288K, used 401355K [0x00007fd483b00000, 0x00007fd9d9000000, 0x00007fd9d9000000)
  eden space 20919296K, 0% used [0x00007fd483b00000,0x00007fd483b00000,0x00007fd980800000)
  from space 724992K, 55% used [0x00007fd980800000,0x00007fd998ff2f68,0x00007fd9acc00000)
  to   space 715264K, 0% used [0x00007fd9ad580000,0x00007fd9ad580000,0x00007fd9d9000000)
 ParOldGen       total 11901440K, used 9225601K [0x00007fc9d9000000, 0x00007fccaf680000, 0x00007fd483b00000)
  object space 11901440K, 77% used [0x00007fc9d9000000,0x00007fcc0c160560,0x00007fccaf680000)
 Metaspace       used 98032K, capacity 99237K, committed 99328K, reserved 100352K
}
Event: 1251,837 GC heap before
{Heap before GC invocations=397 (full 11):
 PSYoungGen      total 21644288K, used 21320651K [0x00007fd483b00000, 0x00007fd9d9000000, 0x00007fd9d9000000)
  eden space 20919296K, 100% used [0x00007fd483b00000,0x00007fd980800000,0x00007fd980800000)
  from space 724992K, 55% used [0x00007fd980800000,0x00007fd998ff2f68,0x00007fd9acc00000)
  to   space 715264K, 0% used [0x00007fd9ad580000,0x00007fd9ad580000,0x00007fd9d9000000)
 ParOldGen       total 11901440K, used 9225601K [0x00007fc9d9000000, 0x00007fccaf680000, 0x00007fd483b00000)
  object space 11901440K, 77% used [0x00007fc9d9000000,0x00007fcc0c160560,0x00007fccaf680000)
 Metaspace       used 98032K, capacity 99237K, committed 99328K, reserved 100352K
Event: 1252,062 GC heap after
Heap after GC invocations=397 (full 11):
 PSYoungGen      total 21586432K, used 240282K [0x00007fd483b00000, 0x00007fd9d5780000, 0x00007fd9d9000000)
  eden space 20929024K, 0% used [0x00007fd483b00000,0x00007fd483b00000,0x00007fd981180000)
  from space 657408K, 36% used [0x00007fd9ad580000,0x00007fd9bc026be0,0x00007fd9d5780000)
  to   space 691200K, 0% used [0x00007fd981180000,0x00007fd981180000,0x00007fd9ab480000)
 ParOldGen       total 11901440K, used 9508889K [0x00007fc9d9000000, 0x00007fccaf680000, 0x00007fd483b00000)
  object space 11901440K, 79% used [0x00007fc9d9000000,0x00007fcc1d606408,0x00007fccaf680000)
 Metaspace       used 98032K, capacity 99237K, committed 99328K, reserved 100352K
}
Event: 1254,699 GC heap before
{Heap before GC invocations=398 (full 11):
 PSYoungGen      total 21586432K, used 21169306K [0x00007fd483b00000, 0x00007fd9d5780000, 0x00007fd9d9000000)
  eden space 20929024K, 100% used [0x00007fd483b00000,0x00007fd981180000,0x00007fd981180000)
  from space 657408K, 36% used [0x00007fd9ad580000,0x00007fd9bc026be0,0x00007fd9d5780000)
  to   space 691200K, 0% used [0x00007fd981180000,0x00007fd981180000,0x00007fd9ab480000)
 ParOldGen       total 11901440K, used 9508889K [0x00007fc9d9000000, 0x00007fccaf680000, 0x00007fd483b00000)
  object space 11901440K, 79% used [0x00007fc9d9000000,0x00007fcc1d606408,0x00007fccaf680000)
 Metaspace       used 98032K, capacity 99237K, committed 99328K, reserved 100352K
Event: 1254,941 GC heap after
Heap after GC invocations=398 (full 11):
 PSYoungGen      total 21620224K, used 498308K [0x00007fd483b00000, 0x00007fd9d9000000, 0x00007fd9d9000000)
  eden space 20929024K, 0% used [0x00007fd483b00000,0x00007fd483b00000,0x00007fd981180000)
  from space 691200K, 72% used [0x00007fd981180000,0x00007fd99f821228,0x00007fd9ab480000)
  to   space 720896K, 0% used [0x00007fd9ad000000,0x00007fd9ad000000,0x00007fd9d9000000)
 ParOldGen       total 11901440K, used 9650264K [0x00007fc9d9000000, 0x00007fccaf680000, 0x00007fd483b00000)
  object space 11901440K, 81% used [0x00007fc9d9000000,0x00007fcc260162d0,0x00007fccaf680000)
 Metaspace       used 98032K, capacity 99237K, committed 99328K, reserved 100352K
}
Event: 1257,596 GC heap before
{Heap before GC invocations=399 (full 11):
 PSYoungGen      total 21620224K, used 21427332K [0x00007fd483b00000, 0x00007fd9d9000000, 0x00007fd9d9000000)
  eden space 20929024K, 100% used [0x00007fd483b00000,0x00007fd981180000,0x00007fd981180000)
  from space 691200K, 72% used [0x00007fd981180000,0x00007fd99f821228,0x00007fd9ab480000)
  to   space 720896K, 0% used [0x00007fd9ad000000,0x00007fd9ad000000,0x00007fd9d9000000)
 ParOldGen       total 11901440K, used 9650264K [0x00007fc9d9000000, 0x00007fccaf680000, 0x00007fd483b00000)
  object space 11901440K, 81% used [0x00007fc9d9000000,0x00007fcc260162d0,0x00007fccaf680000)
 Metaspace       used 98032K, capacity 99237K, committed 99328K, reserved 100352K
Event: 1257,821 GC heap after
Heap after GC invocations=399 (full 11):
 PSYoungGen      total 21655040K, used 241893K [0x00007fd483b00000, 0x00007fd9d8000000, 0x00007fd9d9000000)
  eden space 20950528K, 0% used [0x00007fd483b00000,0x00007fd483b00000,0x00007fd982680000)
  from space 704512K, 34% used [0x00007fd9ad000000,0x00007fd9bbc39460,0x00007fd9d8000000)
  to   space 697856K, 0% used [0x00007fd982680000,0x00007fd982680000,0x00007fd9ad000000)
 ParOldGen       total 11901440K, used 9936743K [0x00007fc9d9000000, 0x00007fccaf680000, 0x00007fd483b00000)
  object space 11901440K, 83% used [0x00007fc9d9000000,0x00007fcc377d9cd0,0x00007fccaf680000)
 Metaspace       used 98032K, capacity 99237K, committed 99328K, reserved 100352K
}
Event: 1260,542 GC heap before
{Heap before GC invocations=400 (full 11):
 PSYoungGen      total 21655040K, used 21192421K [0x00007fd483b00000, 0x00007fd9d8000000, 0x00007fd9d9000000)
  eden space 20950528K, 100% used [0x00007fd483b00000,0x00007fd982680000,0x00007fd982680000)
  from space 704512K, 34% used [0x00007fd9ad000000,0x00007fd9bbc39460,0x00007fd9d8000000)
  to   space 697856K, 0% used [0x00007fd982680000,0x00007fd982680000,0x00007fd9ad000000)
 ParOldGen       total 11901440K, used 9936743K [0x00007fc9d9000000, 0x00007fccaf680000, 0x00007fd483b00000)
  object space 11901440K, 83% used [0x00007fc9d9000000,0x00007fcc377d9cd0,0x00007fccaf680000)
 Metaspace       used 98032K, capacity 99237K, committed 99328K, reserved 100352K
Event: 1260,814 GC heap after
Heap after GC invocations=400 (full 11):
 PSYoungGen      total 21199360K, used 248670K [0x00007fd483b00000, 0x00007fd9d5a80000, 0x00007fd9d9000000)
  eden space 20950528K, 0% used [0x00007fd483b00000,0x00007fd483b00000,0x00007fd982680000)
  from space 248832K, 99% used [0x00007fd982680000,0x00007fd991957a00,0x00007fd991980000)
  to   space 673792K, 0% used [0x00007fd9ac880000,0x00007fd9ac880000,0x00007fd9d5a80000)
 ParOldGen       total 11901440K, used 10031407K [0x00007fc9d9000000, 0x00007fccaf680000, 0x00007fd483b00000)
  object space 11901440K, 84% used [0x00007fc9d9000000,0x00007fcc3d44bfe8,0x00007fccaf680000)
 Metaspace       used 98032K, capacity 99237K, committed 99328K, reserved 100352K
}
Event: 1263,887 GC heap before
{Heap before GC invocations=401 (full 11):
 PSYoungGen      total 21199360K, used 21199198K [0x00007fd483b00000, 0x00007fd9d5a80000, 0x00007fd9d9000000)
  eden space 20950528K, 100% used [0x00007fd483b00000,0x00007fd982680000,0x00007fd982680000)
  from space 248832K, 99% used [0x00007fd982680000,0x00007fd991957a00,0x00007fd991980000)
  to   space 673792K, 0% used [0x00007fd9ac880000,0x00007fd9ac880000,0x00007fd9d5a80000)
 ParOldGen       total 11901440K, used 10031407K [0x00007fc9d9000000, 0x00007fccaf680000, 0x00007fd483b00000)
  object space 11901440K, 84% used [0x00007fc9d9000000,0x00007fcc3d44bfe8,0x00007fccaf680000)
 Metaspace       used 98032K, capacity 99237K, committed 99328K, reserved 100352K
Event: 1264,083 GC heap after
Heap after GC invocations=401 (full 11):
 PSYoungGen      total 21639680K, used 103519K [0x00007fd483b00000, 0x00007fd9d9000000, 0x00007fd9d9000000)
  eden space 20965888K, 0% used [0x00007fd483b00000,0x00007fd483b00000,0x00007fd983580000)
  from space 673792K, 15% used [0x00007fd9ac880000,0x00007fd9b2d97f50,0x00007fd9d5a80000)
  to   space 674816K, 0% used [0x00007fd983580000,0x00007fd983580000,0x00007fd9ac880000)
 ParOldGen       total 11901440K, used 10164359K [0x00007fc9d9000000, 0x00007fccaf680000, 0x00007fd483b00000)
  object space 11901440K, 85% used [0x00007fc9d9000000,0x00007fcc45621d08,0x00007fccaf680000)
 Metaspace       used 98032K, capacity 99237K, committed 99328K, reserved 100352K
}
Event: 1266,869 GC heap before
{Heap before GC invocations=402 (full 11):
 PSYoungGen      total 21639680K, used 21069407K [0x00007fd483b00000, 0x00007fd9d9000000, 0x00007fd9d9000000)
  eden space 20965888K, 100% used [0x00007fd483b00000,0x00007fd983580000,0x00007fd983580000)
  from space 673792K, 15% used [0x00007fd9ac880000,0x00007fd9b2d97f50,0x00007fd9d5a80000)
  to   space 674816K, 0% used [0x00007fd983580000,0x00007fd983580000,0x00007fd9ac880000)
 ParOldGen       total 11901440K, used 10164359K [0x00007fc9d9000000, 0x00007fccaf680000, 0x00007fd483b00000)
  object space 11901440K, 85% used [0x00007fc9d9000000,0x00007fcc45621d08,0x00007fccaf680000)
 Metaspace       used 98032K, capacity 99237K, committed 99328K, reserved 100352K
Event: 1267,056 GC heap after
Heap after GC invocations=402 (full 11):
 PSYoungGen      total 21640704K, used 276106K [0x00007fd483b00000, 0x00007fd9d4e00000, 0x00007fd9d9000000)
  eden space 20965888K, 0% used [0x00007fd483b00000,0x00007fd483b00000,0x00007fd983580000)
  from space 674816K, 40% used [0x00007fd983580000,0x00007fd9943229c8,0x00007fd9ac880000)
  to   space 640512K, 0% used [0x00007fd9adc80000,0x00007fd9adc80000,0x00007fd9d4e00000)
 ParOldGen       total 11901440K, used 10202610K [0x00007fc9d9000000, 0x00007fccaf680000, 0x00007fd483b00000)
  object space 11901440K, 85% used [0x00007fc9d9000000,0x00007fcc47b7c830,0x00007fccaf680000)
 Metaspace       used 98032K, capacity 99237K, committed 99328K, reserved 100352K
}
Event: 1269,971 GC heap before
{Heap before GC invocations=403 (full 11):
 PSYoungGen      total 21640704K, used 21241994K [0x00007fd483b00000, 0x00007fd9d4e00000, 0x00007fd9d9000000)
  eden space 20965888K, 100% used [0x00007fd483b00000,0x00007fd983580000,0x00007fd983580000)
  from space 674816K, 40% used [0x00007fd983580000,0x00007fd9943229c8,0x00007fd9ac880000)
  to   space 640512K, 0% used [0x00007fd9adc80000,0x00007fd9adc80000,0x00007fd9d4e00000)
 ParOldGen       total 11901440K, used 10202610K [0x00007fc9d9000000, 0x00007fccaf680000, 0x00007fd483b00000)
  object space 11901440K, 85% used [0x00007fc9d9000000,0x00007fcc47b7c830,0x00007fccaf680000)
 Metaspace       used 98032K, capacity 99237K, committed 99328K, reserved 100352K
Event: 1270,266 GC heap after
Heap after GC invocations=403 (full 11):
 PSYoungGen      total 21563904K, used 610887K [0x00007fd483b00000, 0x00007fd9d9000000, 0x00007fd9d9000000)
  eden space 20923392K, 0% used [0x00007fd483b00000,0x00007fd483b00000,0x00007fd980c00000)
  from space 640512K, 95% used [0x00007fd9adc80000,0x00007fd9d3111eb8,0x00007fd9d4e00000)
  to   space 722944K, 0% used [0x00007fd980c00000,0x00007fd980c00000,0x00007fd9ace00000)
 ParOldGen       total 11901440K, used 10315002K [0x00007fc9d9000000, 0x00007fccaf680000, 0x00007fd483b00000)
  object space 11901440K, 86% used [0x00007fc9d9000000,0x00007fcc4e93e8e8,0x00007fccaf680000)
 Metaspace       used 98032K, capacity 99237K, committed 99328K, reserved 100352K
}
Event: 1273,264 GC heap before
{Heap before GC invocations=404 (full 11):
 PSYoungGen      total 21563904K, used 21534279K [0x00007fd483b00000, 0x00007fd9d9000000, 0x00007fd9d9000000)
  eden space 20923392K, 100% used [0x00007fd483b00000,0x00007fd980c00000,0x00007fd980c00000)
  from space 640512K, 95% used [0x00007fd9adc80000,0x00007fd9d3111eb8,0x00007fd9d4e00000)
  to   space 722944K, 0% used [0x00007fd980c00000,0x00007fd980c00000,0x00007fd9ace00000)
 ParOldGen       total 11901440K, used 10315002K [0x00007fc9d9000000, 0x00007fccaf680000, 0x00007fd483b00000)
  object space 11901440K, 86% used [0x00007fc9d9000000,0x00007fcc4e93e8e8,0x00007fccaf680000)
 Metaspace       used 98032K, capacity 99237K, committed 99328K, reserved 100352K
Event: 1273,638 GC heap after
Heap after GC invocations=404 (full 11):
 PSYoungGen      total 21548544K, used 625102K [0x00007fd483b00000, 0x00007fd9d9000000, 0x00007fd9d9000000)
  eden space 20923392K, 0% used [0x00007fd483b00000,0x00007fd483b00000,0x00007fd980c00000)
  from space 625152K, 99% used [0x00007fd980c00000,0x00007fd9a6e73998,0x00007fd9a6e80000)
  to   space 794112K, 0% used [0x00007fd9a8880000,0x00007fd9a8880000,0x00007fd9d9000000)
 ParOldGen       total 11901440K, used 10820807K [0x00007fc9d9000000, 0x00007fccaf680000, 0x00007fd483b00000)
  object space 11901440K, 90% used [0x00007fc9d9000000,0x00007fcc6d731d48,0x00007fccaf680000)
 Metaspace       used 98032K, capacity 99237K, committed 99328K, reserved 100352K
}
Event: 1276,461 GC heap before
{Heap before GC invocations=405 (full 11):
 PSYoungGen      total 21548544K, used 21548494K [0x00007fd483b00000, 0x00007fd9d9000000, 0x00007fd9d9000000)
  eden space 20923392K, 100% used [0x00007fd483b00000,0x00007fd980c00000,0x00007fd980c00000)
  from space 625152K, 99% used [0x00007fd980c00000,0x00007fd9a6e73998,0x00007fd9a6e80000)
  to   space 794112K, 0% used [0x00007fd9a8880000,0x00007fd9a8880000,0x00007fd9d9000000)
 ParOldGen       total 11901440K, used 10820807K [0x00007fc9d9000000, 0x00007fccaf680000, 0x00007fd483b00000)
  object space 11901440K, 90% used [0x00007fc9d9000000,0x00007fcc6d731d48,0x00007fccaf680000)
 Metaspace       used 98032K, capacity 99237K, committed 99328K, reserved 100352K
Event: 1276,912 GC heap after
Heap after GC invocations=405 (full 11):
 PSYoungGen      total 21585408K, used 158690K [0x00007fd483b00000, 0x00007fd9d9000000, 0x00007fd9d9000000)
  eden space 20791296K, 0% used [0x00007fd483b00000,0x00007fd483b00000,0x00007fd978b00000)
  from space 794112K, 19% used [0x00007fd9a8880000,0x00007fd9b23788f0,0x00007fd9d9000000)
  to   space 783872K, 0% used [0x00007fd978b00000,0x00007fd978b00000,0x00007fd9a8880000)
 ParOldGen       total 11901440K, used 11304197K [0x00007fc9d9000000, 0x00007fccaf680000, 0x00007fd483b00000)
  object space 11901440K, 94% used [0x00007fc9d9000000,0x00007fcc8af417e8,0x00007fccaf680000)
 Metaspace       used 98032K, capacity 99237K, committed 99328K, reserved 100352K
}
Event: 1276,912 GC heap before
{Heap before GC invocations=406 (full 12):
 PSYoungGen      total 21585408K, used 158690K [0x00007fd483b00000, 0x00007fd9d9000000, 0x00007fd9d9000000)
  eden space 20791296K, 0% used [0x00007fd483b00000,0x00007fd483b00000,0x00007fd978b00000)
  from space 794112K, 19% used [0x00007fd9a8880000,0x00007fd9b23788f0,0x00007fd9d9000000)
  to   space 783872K, 0% used [0x00007fd978b00000,0x00007fd978b00000,0x00007fd9a8880000)
 ParOldGen       total 11901440K, used 11304197K [0x00007fc9d9000000, 0x00007fccaf680000, 0x00007fd483b00000)
  object space 11901440K, 94% used [0x00007fc9d9000000,0x00007fcc8af417e8,0x00007fccaf680000)
 Metaspace       used 98032K, capacity 99237K, committed 99328K, reserved 100352K
Event: 1277,926 GC heap after
Heap after GC invocations=406 (full 12):
 PSYoungGen      total 21585408K, used 0K [0x00007fd483b00000, 0x00007fd9d9000000, 0x00007fd9d9000000)
  eden space 20791296K, 0% used [0x00007fd483b00000,0x00007fd483b00000,0x00007fd978b00000)
  from space 794112K, 0% used [0x00007fd9a8880000,0x00007fd9a8880000,0x00007fd9d9000000)
  to   space 783872K, 0% used [0x00007fd978b00000,0x00007fd978b00000,0x00007fd9a8880000)
 ParOldGen       total 13383168K, used 7374976K [0x00007fc9d9000000, 0x00007fcd09d80000, 0x00007fd483b00000)
  object space 13383168K, 55% used [0x00007fc9d9000000,0x00007fcb9b2202c0,0x00007fcd09d80000)
 Metaspace       used 98032K, capacity 99237K, committed 99328K, reserved 100352K
}
Event: 1280,751 GC heap before
{Heap before GC invocations=407 (full 12):
 PSYoungGen      total 21585408K, used 20791296K [0x00007fd483b00000, 0x00007fd9d9000000, 0x00007fd9d9000000)
  eden space 20791296K, 100% used [0x00007fd483b00000,0x00007fd978b00000,0x00007fd978b00000)
  from space 794112K, 0% used [0x00007fd9a8880000,0x00007fd9a8880000,0x00007fd9d9000000)
  to   space 783872K, 0% used [0x00007fd978b00000,0x00007fd978b00000,0x00007fd9a8880000)
 ParOldGen       total 13383168K, used 7374976K [0x00007fc9d9000000, 0x00007fcd09d80000, 0x00007fd483b00000)
  object space 13383168K, 55% used [0x00007fc9d9000000,0x00007fcb9b2202c0,0x00007fcd09d80000)
 Metaspace       used 98032K, capacity 99237K, committed 99328K, reserved 100352K
Event: 1281,103 GC heap after
Heap after GC invocations=407 (full 12):
 PSYoungGen      total 21575168K, used 783848K [0x00007fd483b00000, 0x00007fd9d9000000, 0x00007fd9d9000000)
  eden space 20791296K, 0% used [0x00007fd483b00000,0x00007fd483b00000,0x00007fd978b00000)
  from space 783872K, 99% used [0x00007fd978b00000,0x00007fd9a887a050,0x00007fd9a8880000)
  to   space 794112K, 0% used [0x00007fd9a8880000,0x00007fd9a8880000,0x00007fd9d9000000)
 ParOldGen       total 13383168K, used 7551603K [0x00007fc9d9000000, 0x00007fcd09d80000, 0x00007fd483b00000)
  object space 13383168K, 56% used [0x00007fc9d9000000,0x00007fcba5e9ccb8,0x00007fcd09d80000)
 Metaspace       used 98032K, capacity 99237K, committed 99328K, reserved 100352K
}
Event: 1283,766 GC heap before
{Heap before GC invocations=408 (full 12):
 PSYoungGen      total 21575168K, used 21575144K [0x00007fd483b00000, 0x00007fd9d9000000, 0x00007fd9d9000000)
  eden space 20791296K, 100% used [0x00007fd483b00000,0x00007fd978b00000,0x00007fd978b00000)
  from space 783872K, 99% used [0x00007fd978b00000,0x00007fd9a887a050,0x00007fd9a8880000)
  to   space 794112K, 0% used [0x00007fd9a8880000,0x00007fd9a8880000,0x00007fd9d9000000)
 ParOldGen       total 13383168K, used 7551603K [0x00007fc9d9000000, 0x00007fcd09d80000, 0x00007fd483b00000)
  object space 13383168K, 56% used [0x00007fc9d9000000,0x00007fcba5e9ccb8,0x00007fcd09d80000)
 Metaspace       used 98032K, capacity 99237K, committed 99328K, reserved 100352K
Event: 1284,047 GC heap after
Heap after GC invocations=408 (full 12):
 PSYoungGen      total 21149184K, used 653549K [0x00007fd483b00000, 0x00007fd9d9000000, 0x00007fd9d9000000)
  eden space 20355072K, 0% used [0x00007fd483b00000,0x00007fd483b00000,0x00007fd95e100000)
  from space 794112K, 82% used [0x00007fd9a8880000,0x00007fd9d06bb478,0x00007fd9d9000000)
  to   space 1007104K, 0% used [0x00007fd95e100000,0x00007fd95e100000,0x00007fd99b880000)
 ParOldGen       total 13383168K, used 8132543K [0x00007fc9d9000000, 0x00007fcd09d80000, 0x00007fd483b00000)
  object space 13383168K, 60% used [0x00007fc9d9000000,0x00007fcbc95efdf0,0x00007fcd09d80000)
 Metaspace       used 98032K, capacity 99237K, committed 99328K, reserved 100352K
}
Event: 1286,629 GC heap before
{Heap before GC invocations=409 (full 12):
 PSYoungGen      total 21149184K, used 21008621K [0x00007fd483b00000, 0x00007fd9d9000000, 0x00007fd9d9000000)
  eden space 20355072K, 100% used [0x00007fd483b00000,0x00007fd95e100000,0x00007fd95e100000)
  from space 794112K, 82% used [0x00007fd9a8880000,0x00007fd9d06bb478,0x00007fd9d9000000)
  to   space 1007104K, 0% used [0x00007fd95e100000,0x00007fd95e100000,0x00007fd99b880000)
 ParOldGen       total 13383168K, used 8132543K [0x00007fc9d9000000, 0x00007fcd09d80000, 0x00007fd483b00000)
  object space 13383168K, 60% used [0x00007fc9d9000000,0x00007fcbc95efdf0,0x00007fcd09d80000)
 Metaspace       used 98032K, capacity 99237K, committed 99328K, reserved 100352K
Event: 1286,890 GC heap after
Heap after GC invocations=409 (full 12):
 PSYoungGen      total 21362176K, used 440813K [0x00007fd483b00000, 0x00007fd9d9000000, 0x00007fd9d9000000)
  eden space 20355072K, 0% used [0x00007fd483b00000,0x00007fd483b00000,0x00007fd95e100000)
  from space 1007104K, 43% used [0x00007fd95e100000,0x00007fd978f7b550,0x00007fd99b880000)
  to   space 954880K, 0% used [0x00007fd99eb80000,0x00007fd99eb80000,0x00007fd9d9000000)
 ParOldGen       total 13383168K, used 8715156K [0x00007fc9d9000000, 0x00007fcd09d80000, 0x00007fd483b00000)
  object space 13383168K, 65% used [0x00007fc9d9000000,0x00007fcbecee5160,0x00007fcd09d80000)
 Metaspace       used 98032K, capacity 99237K, committed 99328K, reserved 100352K
}
Event: 1289,748 GC heap before
{Heap before GC invocations=410 (full 12):
 PSYoungGen      total 21362176K, used 20795885K [0x00007fd483b00000, 0x00007fd9d9000000, 0x00007fd9d9000000)
  eden space 20355072K, 100% used [0x00007fd483b00000,0x00007fd95e100000,0x00007fd95e100000)
  from space 1007104K, 43% used [0x00007fd95e100000,0x00007fd978f7b550,0x00007fd99b880000)
  to   space 954880K, 0% used [0x00007fd99eb80000,0x00007fd99eb80000,0x00007fd9d9000000)
 ParOldGen       total 13383168K, used 8715156K [0x00007fc9d9000000, 0x00007fcd09d80000, 0x00007fd483b00000)
  object space 13383168K, 65% used [0x00007fc9d9000000,0x00007fcbecee5160,0x00007fcd09d80000)
 Metaspace       used 98033K, capacity 99237K, committed 99328K, reserved 100352K
Event: 1290,034 GC heap after
Heap after GC invocations=410 (full 12):
 PSYoungGen      total 20680192K, used 954862K [0x00007fd483b00000, 0x00007fd9d9000000, 0x00007fd9d9000000)
  eden space 19725312K, 0% used [0x00007fd483b00000,0x00007fd483b00000,0x00007fd937a00000)
  from space 954880K, 99% used [0x00007fd99eb80000,0x00007fd9d8ffb910,0x00007fd9d9000000)
  to   space 1321984K, 0% used [0x00007fd937a00000,0x00007fd937a00000,0x00007fd988500000)
 ParOldGen       total 13383168K, used 9320556K [0x00007fc9d9000000, 0x00007fcd09d80000, 0x00007fd483b00000)
  object space 13383168K, 69% used [0x00007fc9d9000000,0x00007fcc11e1b028,0x00007fcd09d80000)
 Metaspace       used 98033K, capacity 99237K, committed 99328K, reserved 100352K
}
Event: 1293,197 GC heap before
{Heap before GC invocations=411 (full 12):
 PSYoungGen      total 20680192K, used 20680174K [0x00007fd483b00000, 0x00007fd9d9000000, 0x00007fd9d9000000)
  eden space 19725312K, 100% used [0x00007fd483b00000,0x00007fd937a00000,0x00007fd937a00000)
  from space 954880K, 99% used [0x00007fd99eb80000,0x00007fd9d8ffb910,0x00007fd9d9000000)
  to   space 1321984K, 0% used [0x00007fd937a00000,0x00007fd937a00000,0x00007fd988500000)
 ParOldGen       total 13383168K, used 9320556K [0x00007fc9d9000000, 0x00007fcd09d80000, 0x00007fd483b00000)
  object space 13383168K, 69% used [0x00007fc9d9000000,0x00007fcc11e1b028,0x00007fcd09d80000)
 Metaspace       used 98033K, capacity 99237K, committed 99328K, reserved 100352K
Event: 1293,414 GC heap after
Heap after GC invocations=411 (full 12):
 PSYoungGen      total 21047296K, used 177108K [0x00007fd483b00000, 0x00007fd9d9000000, 0x00007fd9d9000000)
  eden space 19725312K, 0% used [0x00007fd483b00000,0x00007fd483b00000,0x00007fd937a00000)
  from space 1321984K, 13% used [0x00007fd937a00000,0x00007fd9426f52a0,0x00007fd988500000)
  to   space 1305088K, 0% used [0x00007fd989580000,0x00007fd989580000,0x00007fd9d9000000)
 ParOldGen       total 13383168K, used 10080475K [0x00007fc9d9000000, 0x00007fcd09d80000, 0x00007fd483b00000)
  object space 13383168K, 75% used [0x00007fc9d9000000,0x00007fcc40436ec8,0x00007fcd09d80000)
 Metaspace       used 98033K, capacity 99237K, committed 99328K, reserved 100352K
}
Event: 1296,234 GC heap before
{Heap before GC invocations=412 (full 12):
 PSYoungGen      total 21047296K, used 19902420K [0x00007fd483b00000, 0x00007fd9d9000000, 0x00007fd9d9000000)
  eden space 19725312K, 100% used [0x00007fd483b00000,0x00007fd937a00000,0x00007fd937a00000)
  from space 1321984K, 13% used [0x00007fd937a00000,0x00007fd9426f52a0,0x00007fd988500000)
  to   space 1305088K, 0% used [0x00007fd989580000,0x00007fd989580000,0x00007fd9d9000000)
 ParOldGen       total 13383168K, used 10080475K [0x00007fc9d9000000, 0x00007fcd09d80000, 0x00007fd483b00000)
  object space 13383168K, 75% used [0x00007fc9d9000000,0x00007fcc40436ec8,0x00007fcd09d80000)
 Metaspace       used 98033K, capacity 99237K, committed 99328K, reserved 100352K
Event: 1296,578 GC heap after
Heap after GC invocations=412 (full 12):
 PSYoungGen      total 21021184K, used 707259K [0x00007fd483b00000, 0x00007fd9d7680000, 0x00007fd9d9000000)
  eden space 19742208K, 0% used [0x00007fd483b00000,0x00007fd483b00000,0x00007fd938a80000)
  from space 1278976K, 55% used [0x00007fd989580000,0x00007fd9b482ed40,0x00007fd9d7680000)
  to   space 1300480K, 0% used [0x00007fd938a80000,0x00007fd938a80000,0x00007fd988080000)
 ParOldGen       total 13383168K, used 10239960K [0x00007fc9d9000000, 0x00007fcd09d80000, 0x00007fd483b00000)
  object space 13383168K, 76% used [0x00007fc9d9000000,0x00007fcc49ff63d8,0x00007fcd09d80000)
 Metaspace       used 98033K, capacity 99237K, committed 99328K, reserved 100352K
}
Event: 1299,242 GC heap before
{Heap before GC invocations=413 (full 12):
 PSYoungGen      total 21021184K, used 20449467K [0x00007fd483b00000, 0x00007fd9d7680000, 0x00007fd9d9000000)
  eden space 19742208K, 100% used [0x00007fd483b00000,0x00007fd938a80000,0x00007fd938a80000)
  from space 1278976K, 55% used [0x00007fd989580000,0x00007fd9b482ed40,0x00007fd9d7680000)
  to   space 1300480K, 0% used [0x00007fd938a80000,0x00007fd938a80000,0x00007fd988080000)
 ParOldGen       total 13383168K, used 10239960K [0x00007fc9d9000000, 0x00007fcd09d80000, 0x00007fd483b00000)
  object space 13383168K, 76% used [0x00007fc9d9000000,0x00007fcc49ff63d8,0x00007fcd09d80000)
 Metaspace       used 98033K, capacity 99237K, committed 99328K, reserved 100352K
Event: 1299,626 GC heap after
Heap after GC invocations=413 (full 12):
 PSYoungGen      total 20609024K, used 866439K [0x00007fd483b00000, 0x00007fd9d9000000, 0x00007fd9d9000000)
  eden space 19742208K, 0% used [0x00007fd483b00000,0x00007fd483b00000,0x00007fd938a80000)
  from space 866816K, 99% used [0x00007fd938a80000,0x00007fd96d8a1fe8,0x00007fd96d900000)
  to   space 1349632K, 0% used [0x00007fd986a00000,0x00007fd986a00000,0x00007fd9d9000000)
 ParOldGen       total 13383168K, used 10797284K [0x00007fc9d9000000, 0x00007fcd09d80000, 0x00007fd483b00000)
  object space 13383168K, 80% used [0x00007fc9d9000000,0x00007fcc6c0392b0,0x00007fcd09d80000)
 Metaspace       used 98033K, capacity 99237K, committed 99328K, reserved 100352K
}
Event: 1302,229 GC heap before
{Heap before GC invocations=414 (full 12):
 PSYoungGen      total 20609024K, used 20608647K [0x00007fd483b00000, 0x00007fd9d9000000, 0x00007fd9d9000000)
  eden space 19742208K, 100% used [0x00007fd483b00000,0x00007fd938a80000,0x00007fd938a80000)
  from space 866816K, 99% used [0x00007fd938a80000,0x00007fd96d8a1fe8,0x00007fd96d900000)
  to   space 1349632K, 0% used [0x00007fd986a00000,0x00007fd986a00000,0x00007fd9d9000000)
 ParOldGen       total 13383168K, used 10797284K [0x00007fc9d9000000, 0x00007fcd09d80000, 0x00007fd483b00000)
  object space 13383168K, 80% used [0x00007fc9d9000000,0x00007fcc6c0392b0,0x00007fcd09d80000)
 Metaspace       used 98033K, capacity 99237K, committed 99328K, reserved 100352K
Event: 1302,619 GC heap after
Heap after GC invocations=414 (full 12):
 PSYoungGen      total 21090304K, used 507285K [0x00007fd483b00000, 0x00007fd9d9000000, 0x00007fd9d9000000)
  eden space 19740672K, 0% used [0x00007fd483b00000,0x00007fd483b00000,0x00007fd938900000)
  from space 1349632K, 37% used [0x00007fd986a00000,0x00007fd9a5965638,0x00007fd9d9000000)
  to   space 1278976K, 0% used [0x00007fd938900000,0x00007fd938900000,0x00007fd986a00000)
 ParOldGen       total 13383168K, used 11518247K [0x00007fc9d9000000, 0x00007fcd09d80000, 0x00007fd483b00000)
  object space 13383168K, 86% used [0x00007fc9d9000000,0x00007fcc98049cb0,0x00007fcd09d80000)
 Metaspace       used 98033K, capacity 99237K, committed 99328K, reserved 100352K
}
Event: 1305,323 GC heap before
{Heap before GC invocations=415 (full 12):
 PSYoungGen      total 21090304K, used 20247957K [0x00007fd483b00000, 0x00007fd9d9000000, 0x00007fd9d9000000)
  eden space 19740672K, 100% used [0x00007fd483b00000,0x00007fd938900000,0x00007fd938900000)
  from space 1349632K, 37% used [0x00007fd986a00000,0x00007fd9a5965638,0x00007fd9d9000000)
  to   space 1278976K, 0% used [0x00007fd938900000,0x00007fd938900000,0x00007fd986a00000)
 ParOldGen       total 13383168K, used 11518247K [0x00007fc9d9000000, 0x00007fcd09d80000, 0x00007fd483b00000)
  object space 13383168K, 86% used [0x00007fc9d9000000,0x00007fcc98049cb0,0x00007fcd09d80000)
 Metaspace       used 98033K, capacity 99237K, committed 99328K, reserved 100352K
Event: 1305,682 GC heap after
Heap after GC invocations=415 (full 12):
 PSYoungGen      total 20157952K, used 416981K [0x00007fd483b00000, 0x00007fd9ceb00000, 0x00007fd9d9000000)
  eden space 19740672K, 0% used [0x00007fd483b00000,0x00007fd483b00000,0x00007fd938900000)
  from space 417280K, 99% used [0x00007fd938900000,0x00007fd952035718,0x00007fd952080000)
  to   space 1229824K, 0% used [0x00007fd983a00000,0x00007fd983a00000,0x00007fd9ceb00000)
 ParOldGen       total 13383168K, used 11824537K [0x00007fc9d9000000, 0x00007fcd09d80000, 0x00007fd483b00000)
  object space 13383168K, 88% used [0x00007fc9d9000000,0x00007fccaab66490,0x00007fcd09d80000)
 Metaspace       used 98033K, capacity 99237K, committed 99328K, reserved 100352K
}
Event: 1308,582 GC heap before
{Heap before GC invocations=416 (full 12):
 PSYoungGen      total 20157952K, used 20157653K [0x00007fd483b00000, 0x00007fd9ceb00000, 0x00007fd9d9000000)
  eden space 19740672K, 100% used [0x00007fd483b00000,0x00007fd938900000,0x00007fd938900000)
  from space 417280K, 99% used [0x00007fd938900000,0x00007fd952035718,0x00007fd952080000)
  to   space 1229824K, 0% used [0x00007fd983a00000,0x00007fd983a00000,0x00007fd9ceb00000)
 ParOldGen       total 13383168K, used 11824537K [0x00007fc9d9000000, 0x00007fcd09d80000, 0x00007fd483b00000)
  object space 13383168K, 88% used [0x00007fc9d9000000,0x00007fccaab66490,0x00007fcd09d80000)
 Metaspace       used 98036K, capacity 99237K, committed 99328K, reserved 100352K
Event: 1308,753 GC heap after
Heap after GC invocations=416 (full 12):
 PSYoungGen      total 20962304K, used 83441K [0x00007fd483b00000, 0x00007fd9d9000000, 0x00007fd9d9000000)
  eden space 19732480K, 0% used [0x00007fd483b00000,0x00007fd483b00000,0x00007fd938100000)
  from space 1229824K, 6% used [0x00007fd983a00000,0x00007fd988b7c780,0x00007fd9ceb00000)
  to   space 1238016K, 0% used [0x00007fd938100000,0x00007fd938100000,0x00007fd983a00000)
 ParOldGen       total 13383168K, used 12200221K [0x00007fc9d9000000, 0x00007fcd09d80000, 0x00007fd483b00000)
  object space 13383168K, 91% used [0x00007fc9d9000000,0x00007fccc1a47798,0x00007fcd09d80000)
 Metaspace       used 98036K, capacity 99237K, committed 99328K, reserved 100352K
}
Event: 1311,631 GC heap before
{Heap before GC invocations=417 (full 12):
 PSYoungGen      total 20962304K, used 19815921K [0x00007fd483b00000, 0x00007fd9d9000000, 0x00007fd9d9000000)
  eden space 19732480K, 100% used [0x00007fd483b00000,0x00007fd938100000,0x00007fd938100000)
  from space 1229824K, 6% used [0x00007fd983a00000,0x00007fd988b7c780,0x00007fd9ceb00000)
  to   space 1238016K, 0% used [0x00007fd938100000,0x00007fd938100000,0x00007fd983a00000)
 ParOldGen       total 13383168K, used 12200221K [0x00007fc9d9000000, 0x00007fcd09d80000, 0x00007fd483b00000)
  object space 13383168K, 91% used [0x00007fc9d9000000,0x00007fccc1a47798,0x00007fcd09d80000)
 Metaspace       used 98037K, capacity 99237K, committed 99328K, reserved 100352K
Event: 1311,799 GC heap after
Heap after GC invocations=417 (full 12):
 PSYoungGen      total 20970496K, used 323122K [0x00007fd483b00000, 0x00007fd9d3f00000, 0x00007fd9d9000000)
  eden space 19732480K, 0% used [0x00007fd483b00000,0x00007fd483b00000,0x00007fd938100000)
  from space 1238016K, 26% used [0x00007fd938100000,0x00007fd94bc8c910,0x00007fd983a00000)
  to   space 1192448K, 0% used [0x00007fd98b280000,0x00007fd98b280000,0x00007fd9d3f00000)
 ParOldGen       total 13383168K, used 12233396K [0x00007fc9d9000000, 0x00007fcd09d80000, 0x00007fd483b00000)
  object space 13383168K, 91% used [0x00007fc9d9000000,0x00007fccc3aad050,0x00007fcd09d80000)
 Metaspace       used 98037K, capacity 99237K, committed 99328K, reserved 100352K
}
Event: 1314,505 GC heap before
{Heap before GC invocations=418 (full 12):
 PSYoungGen      total 20970496K, used 20055602K [0x00007fd483b00000, 0x00007fd9d3f00000, 0x00007fd9d9000000)
  eden space 19732480K, 100% used [0x00007fd483b00000,0x00007fd938100000,0x00007fd938100000)
  from space 1238016K, 26% used [0x00007fd938100000,0x00007fd94bc8c910,0x00007fd983a00000)
  to   space 1192448K, 0% used [0x00007fd98b280000,0x00007fd98b280000,0x00007fd9d3f00000)
 ParOldGen       total 13383168K, used 12233396K [0x00007fc9d9000000, 0x00007fcd09d80000, 0x00007fd483b00000)
  object space 13383168K, 91% used [0x00007fc9d9000000,0x00007fccc3aad050,0x00007fcd09d80000)
 Metaspace       used 98037K, capacity 99237K, committed 99328K, reserved 100352K
Event: 1314,721 GC heap after
Heap after GC invocations=418 (full 12):
 PSYoungGen      total 21097984K, used 252371K [0x00007fd483b00000, 0x00007fd9d2280000, 0x00007fd9d9000000)
  eden space 19934720K, 0% used [0x00007fd483b00000,0x00007fd483b00000,0x00007fd944680000)
  from space 1163264K, 21% used [0x00007fd98b280000,0x00007fd99a8f4d98,0x00007fd9d2280000)
  to   space 1159168K, 0% used [0x00007fd944680000,0x00007fd944680000,0x00007fd98b280000)
 ParOldGen       total 13383168K, used 12627450K [0x00007fc9d9000000, 0x00007fcd09d80000, 0x00007fd483b00000)
  object space 13383168K, 94% used [0x00007fc9d9000000,0x00007fccdbb7e810,0x00007fcd09d80000)
 Metaspace       used 98037K, capacity 99237K, committed 99328K, reserved 100352K
}
Event: 1314,721 GC heap before
{Heap before GC invocations=419 (full 13):
 PSYoungGen      total 21097984K, used 252371K [0x00007fd483b00000, 0x00007fd9d2280000, 0x00007fd9d9000000)
  eden space 19934720K, 0% used [0x00007fd483b00000,0x00007fd483b00000,0x00007fd944680000)
  from space 1163264K, 21% used [0x00007fd98b280000,0x00007fd99a8f4d98,0x00007fd9d2280000)
  to   space 1159168K, 0% used [0x00007fd944680000,0x00007fd944680000,0x00007fd98b280000)
 ParOldGen       total 13383168K, used 12627450K [0x00007fc9d9000000, 0x00007fcd09d80000, 0x00007fd483b00000)
  object space 13383168K, 94% used [0x00007fc9d9000000,0x00007fccdbb7e810,0x00007fcd09d80000)
 Metaspace       used 98037K, capacity 99237K, committed 99328K, reserved 100352K
Event: 1315,372 GC heap after
Heap after GC invocations=419 (full 13):
 PSYoungGen      total 21097984K, used 0K [0x00007fd483b00000, 0x00007fd9d2280000, 0x00007fd9d9000000)
  eden space 19934720K, 0% used [0x00007fd483b00000,0x00007fd483b00000,0x00007fd944680000)
  from space 1163264K, 0% used [0x00007fd98b280000,0x00007fd98b280000,0x00007fd9d2280000)
  to   space 1159168K, 0% used [0x00007fd944680000,0x00007fd944680000,0x00007fd98b280000)
 ParOldGen       total 15466496K, used 8957330K [0x00007fc9d9000000, 0x00007fcd89000000, 0x00007fd483b00000)
  object space 15466496K, 57% used [0x00007fc9d9000000,0x00007fcbfbb64968,0x00007fcd89000000)
 Metaspace       used 98037K, capacity 99237K, committed 99328K, reserved 100352K
}
Event: 1318,489 GC heap before
{Heap before GC invocations=420 (full 13):
 PSYoungGen      total 21097984K, used 19934720K [0x00007fd483b00000, 0x00007fd9d2280000, 0x00007fd9d9000000)
  eden space 19934720K, 100% used [0x00007fd483b00000,0x00007fd944680000,0x00007fd944680000)
  from space 1163264K, 0% used [0x00007fd98b280000,0x00007fd98b280000,0x00007fd9d2280000)
  to   space 1159168K, 0% used [0x00007fd944680000,0x00007fd944680000,0x00007fd98b280000)
 ParOldGen       total 15466496K, used 8957330K [0x00007fc9d9000000, 0x00007fcd89000000, 0x00007fd483b00000)
  object space 15466496K, 57% used [0x00007fc9d9000000,0x00007fcbfbb64968,0x00007fcd89000000)
 Metaspace       used 98037K, capacity 99237K, committed 99328K, reserved 100352K
Event: 1318,657 GC heap after
Heap after GC invocations=420 (full 13):
 PSYoungGen      total 21093888K, used 275586K [0x00007fd483b00000, 0x00007fd9d3e00000, 0x00007fd9d9000000)
  eden space 19934720K, 0% used [0x00007fd483b00000,0x00007fd483b00000,0x00007fd944680000)
  from space 1159168K, 23% used [0x00007fd944680000,0x00007fd9553a0948,0x00007fd98b280000)
  to   space 1119232K, 0% used [0x00007fd98f900000,0x00007fd98f900000,0x00007fd9d3e00000)
 ParOldGen       total 15466496K, used 8957330K [0x00007fc9d9000000, 0x00007fcd89000000, 0x00007fd483b00000)
  object space 15466496K, 57% used [0x00007fc9d9000000,0x00007fcbfbb64968,0x00007fcd89000000)
 Metaspace       used 98037K, capacity 99237K, committed 99328K, reserved 100352K
}
Event: 1321,515 GC heap before
{Heap before GC invocations=421 (full 13):
 PSYoungGen      total 21093888K, used 20210306K [0x00007fd483b00000, 0x00007fd9d3e00000, 0x00007fd9d9000000)
  eden space 19934720K, 100% used [0x00007fd483b00000,0x00007fd944680000,0x00007fd944680000)
  from space 1159168K, 23% used [0x00007fd944680000,0x00007fd9553a0948,0x00007fd98b280000)
  to   space 1119232K, 0% used [0x00007fd98f900000,0x00007fd98f900000,0x00007fd9d3e00000)
 ParOldGen       total 15466496K, used 8957330K [0x00007fc9d9000000, 0x00007fcd89000000, 0x00007fd483b00000)
  object space 15466496K, 57% used [0x00007fc9d9000000,0x00007fcbfbb64968,0x00007fcd89000000)
 Metaspace       used 98037K, capacity 99237K, committed 99328K, reserved 100352K
Event: 1321,746 GC heap after
Heap after GC invocations=421 (full 13):
 PSYoungGen      total 21168640K, used 277470K [0x00007fd483b00000, 0x00007fd9d1800000, 0x00007fd9d9000000)
  eden space 20088320K, 0% used [0x00007fd483b00000,0x00007fd483b00000,0x00007fd94dc80000)
  from space 1080320K, 25% used [0x00007fd98f900000,0x00007fd9a07f7a80,0x00007fd9d1800000)
  to   space 1077760K, 0% used [0x00007fd94dc80000,0x00007fd94dc80000,0x00007fd98f900000)
 ParOldGen       total 15466496K, used 9149694K [0x00007fc9d9000000, 0x00007fcd89000000, 0x00007fd483b00000)
  object space 15466496K, 59% used [0x00007fc9d9000000,0x00007fcc0773fb40,0x00007fcd89000000)
 Metaspace       used 98037K, capacity 99237K, committed 99328K, reserved 100352K
}
Event: 1324,652 GC heap before
{Heap before GC invocations=422 (full 13):
 PSYoungGen      total 21168640K, used 20365790K [0x00007fd483b00000, 0x00007fd9d1800000, 0x00007fd9d9000000)
  eden space 20088320K, 100% used [0x00007fd483b00000,0x00007fd94dc80000,0x00007fd94dc80000)
  from space 1080320K, 25% used [0x00007fd98f900000,0x00007fd9a07f7a80,0x00007fd9d1800000)
  to   space 1077760K, 0% used [0x00007fd94dc80000,0x00007fd94dc80000,0x00007fd98f900000)
 ParOldGen       total 15466496K, used 9149694K [0x00007fc9d9000000, 0x00007fcd89000000, 0x00007fd483b00000)
  object space 15466496K, 59% used [0x00007fc9d9000000,0x00007fcc0773fb40,0x00007fcd89000000)
 Metaspace       used 98037K, capacity 99237K, committed 99328K, reserved 100352K
Event: 1324,737 GC heap after
Heap after GC invocations=422 (full 13):
 PSYoungGen      total 21166080K, used 49173K [0x00007fd483b00000, 0x00007fd9d8880000, 0x00007fd9d9000000)
  eden space 20088320K, 0% used [0x00007fd483b00000,0x00007fd483b00000,0x00007fd94dc80000)
  from space 1077760K, 4% used [0x00007fd94dc80000,0x00007fd950c85430,0x00007fd98f900000)
  to   space 1075200K, 0% used [0x00007fd996e80000,0x00007fd996e80000,0x00007fd9d8880000)
 ParOldGen       total 15466496K, used 9215534K [0x00007fc9d9000000, 0x00007fcd89000000, 0x00007fd483b00000)
  object space 15466496K, 59% used [0x00007fc9d9000000,0x00007fcc0b78bb58,0x00007fcd89000000)
 Metaspace       used 98037K, capacity 99237K, committed 99328K, reserved 100352K
}
Event: 1327,617 GC heap before
{Heap before GC invocations=423 (full 13):
 PSYoungGen      total 21166080K, used 20137493K [0x00007fd483b00000, 0x00007fd9d8880000, 0x00007fd9d9000000)
  eden space 20088320K, 100% used [0x00007fd483b00000,0x00007fd94dc80000,0x00007fd94dc80000)
  from space 1077760K, 4% used [0x00007fd94dc80000,0x00007fd950c85430,0x00007fd98f900000)
  to   space 1075200K, 0% used [0x00007fd996e80000,0x00007fd996e80000,0x00007fd9d8880000)
 ParOldGen       total 15466496K, used 9215534K [0x00007fc9d9000000, 0x00007fcd89000000, 0x00007fd483b00000)
  object space 15466496K, 59% used [0x00007fc9d9000000,0x00007fcc0b78bb58,0x00007fcd89000000)
 Metaspace       used 98037K, capacity 99237K, committed 99328K, reserved 100352K
Event: 1327,720 GC heap after
Heap after GC invocations=423 (full 13):
 PSYoungGen      total 21246464K, used 123449K [0x00007fd483b00000, 0x00007fd9d5c80000, 0x00007fd9d9000000)
  eden space 20216320K, 0% used [0x00007fd483b00000,0x00007fd483b00000,0x00007fd955980000)
  from space 1030144K, 11% used [0x00007fd996e80000,0x00007fd99e70e460,0x00007fd9d5c80000)
  to   space 1050112K, 0% used [0x00007fd955980000,0x00007fd955980000,0x00007fd995b00000)
 ParOldGen       total 15466496K, used 9217035K [0x00007fc9d9000000, 0x00007fcd89000000, 0x00007fd483b00000)
  object space 15466496K, 59% used [0x00007fc9d9000000,0x00007fcc0b902cb0,0x00007fcd89000000)
 Metaspace       used 98037K, capacity 99237K, committed 99328K, reserved 100352K
}
Event: 1330,638 GC heap before
{Heap before GC invocations=424 (full 13):
 PSYoungGen      total 21246464K, used 20339769K [0x00007fd483b00000, 0x00007fd9d5c80000, 0x00007fd9d9000000)
  eden space 20216320K, 100% used [0x00007fd483b00000,0x00007fd955980000,0x00007fd955980000)
  from space 1030144K, 11% used [0x00007fd996e80000,0x00007fd99e70e460,0x00007fd9d5c80000)
  to   space 1050112K, 0% used [0x00007fd955980000,0x00007fd955980000,0x00007fd995b00000)
 ParOldGen       total 15466496K, used 9217035K [0x00007fc9d9000000, 0x00007fcd89000000, 0x00007fd483b00000)
  object space 15466496K, 59% used [0x00007fc9d9000000,0x00007fcc0b902cb0,0x00007fcd89000000)
 Metaspace       used 98041K, capacity 99237K, committed 99328K, reserved 100352K
Event: 1330,764 GC heap after
Heap after GC invocations=424 (full 13):
 PSYoungGen      total 21266432K, used 123351K [0x00007fd483b00000, 0x00007fd9d6a80000, 0x00007fd9d9000000)
  eden space 20216320K, 0% used [0x00007fd483b00000,0x00007fd483b00000,0x00007fd955980000)
  from space 1050112K, 11% used [0x00007fd955980000,0x00007fd95d1f5d40,0x00007fd995b00000)
  to   space 1020928K, 0% used [0x00007fd998580000,0x00007fd998580000,0x00007fd9d6a80000)
 ParOldGen       total 15466496K, used 9226494K [0x00007fc9d9000000, 0x00007fcd89000000, 0x00007fd483b00000)
  object space 15466496K, 59% used [0x00007fc9d9000000,0x00007fcc0c23f968,0x00007fcd89000000)
 Metaspace       used 98041K, capacity 99237K, committed 99328K, reserved 100352K
}
Event: 1333,386 GC heap before
{Heap before GC invocations=425 (full 13):
 PSYoungGen      total 21266432K, used 20339671K [0x00007fd483b00000, 0x00007fd9d6a80000, 0x00007fd9d9000000)
  eden space 20216320K, 100% used [0x00007fd483b00000,0x00007fd955980000,0x00007fd955980000)
  from space 1050112K, 11% used [0x00007fd955980000,0x00007fd95d1f5d40,0x00007fd995b00000)
  to   space 1020928K, 0% used [0x00007fd998580000,0x00007fd998580000,0x00007fd9d6a80000)
 ParOldGen       total 15466496K, used 9226494K [0x00007fc9d9000000, 0x00007fcd89000000, 0x00007fd483b00000)
  object space 15466496K, 59% used [0x00007fc9d9000000,0x00007fcc0c23f968,0x00007fcd89000000)
 Metaspace       used 98041K, capacity 99237K, committed 99328K, reserved 100352K
Event: 1333,612 GC heap after
Heap after GC invocations=425 (full 13):
 PSYoungGen      total 21216768K, used 257916K [0x00007fd483b00000, 0x00007fd9d0680000, 0x00007fd9d9000000)
  eden space 20298240K, 0% used [0x00007fd483b00000,0x00007fd483b00000,0x00007fd95a980000)
  from space 918528K, 28% used [0x00007fd998580000,0x00007fd9a815f240,0x00007fd9d0680000)
  to   space 965120K, 0% used [0x00007fd95a980000,0x00007fd95a980000,0x00007fd995800000)
 ParOldGen       total 15466496K, used 9238811K [0x00007fc9d9000000, 0x00007fcd89000000, 0x00007fd483b00000)
  object space 15466496K, 59% used [0x00007fc9d9000000,0x00007fcc0ce46e10,0x00007fcd89000000)
 Metaspace       used 98041K, capacity 99237K, committed 99328K, reserved 100352K
}
Event: 1336,284 GC heap before
{Heap before GC invocations=426 (full 13):
 PSYoungGen      total 21216768K, used 20556156K [0x00007fd483b00000, 0x00007fd9d0680000, 0x00007fd9d9000000)
  eden space 20298240K, 100% used [0x00007fd483b00000,0x00007fd95a980000,0x00007fd95a980000)
  from space 918528K, 28% used [0x00007fd998580000,0x00007fd9a815f240,0x00007fd9d0680000)
  to   space 965120K, 0% used [0x00007fd95a980000,0x00007fd95a980000,0x00007fd995800000)
 ParOldGen       total 15466496K, used 9238811K [0x00007fc9d9000000, 0x00007fcd89000000, 0x00007fd483b00000)
  object space 15466496K, 59% used [0x00007fc9d9000000,0x00007fcc0ce46e10,0x00007fcd89000000)
 Metaspace       used 98041K, capacity 99237K, committed 99328K, reserved 100352K
Event: 1336,512 GC heap after
Heap after GC invocations=426 (full 13):
 PSYoungGen      total 21263360K, used 217918K [0x00007fd483b00000, 0x00007fd9d6480000, 0x00007fd9d9000000)
  eden space 20298240K, 0% used [0x00007fd483b00000,0x00007fd483b00000,0x00007fd95a980000)
  from space 965120K, 22% used [0x00007fd95a980000,0x00007fd967e4fa00,0x00007fd995800000)
  to   space 919552K, 0% used [0x00007fd99e280000,0x00007fd99e280000,0x00007fd9d6480000)
 ParOldGen       total 15466496K, used 9334662K [0x00007fc9d9000000, 0x00007fcd89000000, 0x00007fd483b00000)
  object space 15466496K, 60% used [0x00007fc9d9000000,0x00007fcc12be1b10,0x00007fcd89000000)
 Metaspace       used 98041K, capacity 99237K, committed 99328K, reserved 100352K
}
Event: 1339,182 GC heap before
{Heap before GC invocations=427 (full 13):
 PSYoungGen      total 21263360K, used 20516158K [0x00007fd483b00000, 0x00007fd9d6480000, 0x00007fd9d9000000)
  eden space 20298240K, 100% used [0x00007fd483b00000,0x00007fd95a980000,0x00007fd95a980000)
  from space 965120K, 22% used [0x00007fd95a980000,0x00007fd967e4fa00,0x00007fd995800000)
  to   space 919552K, 0% used [0x00007fd99e280000,0x00007fd99e280000,0x00007fd9d6480000)
 ParOldGen       total 15466496K, used 9334662K [0x00007fc9d9000000, 0x00007fcd89000000, 0x00007fd483b00000)
  object space 15466496K, 60% used [0x00007fc9d9000000,0x00007fcc12be1b10,0x00007fcd89000000)
 Metaspace       used 98041K, capacity 99237K, committed 99328K, reserved 100352K
Event: 1339,428 GC heap after
Heap after GC invocations=427 (full 13):
 PSYoungGen      total 21319168K, used 208165K [0x00007fd483b00000, 0x00007fd9d1180000, 0x00007fd9d9000000)
  eden space 20484608K, 0% used [0x00007fd483b00000,0x00007fd483b00000,0x00007fd965f80000)
  from space 834560K, 24% used [0x00007fd99e280000,0x00007fd9aadc9478,0x00007fd9d1180000)
  to   space 877568K, 0% used [0x00007fd965f80000,0x00007fd965f80000,0x00007fd99b880000)
 ParOldGen       total 15466496K, used 9445572K [0x00007fc9d9000000, 0x00007fcd89000000, 0x00007fd483b00000)
  object space 15466496K, 61% used [0x00007fc9d9000000,0x00007fcc19831308,0x00007fcd89000000)
 Metaspace       used 98041K, capacity 99237K, committed 99328K, reserved 100352K
}
Event: 1342,851 GC heap before
{Heap before GC invocations=428 (full 13):
 PSYoungGen      total 21319168K, used 20692773K [0x00007fd483b00000, 0x00007fd9d1180000, 0x00007fd9d9000000)
  eden space 20484608K, 100% used [0x00007fd483b00000,0x00007fd965f80000,0x00007fd965f80000)
  from space 834560K, 24% used [0x00007fd99e280000,0x00007fd9aadc9478,0x00007fd9d1180000)
  to   space 877568K, 0% used [0x00007fd965f80000,0x00007fd965f80000,0x00007fd99b880000)
 ParOldGen       total 15466496K, used 9445572K [0x00007fc9d9000000, 0x00007fcd89000000, 0x00007fd483b00000)
  object space 15466496K, 61% used [0x00007fc9d9000000,0x00007fcc19831308,0x00007fcd89000000)
 Metaspace       used 98044K, capacity 99237K, committed 99328K, reserved 100352K
Event: 1343,048 GC heap after
Heap after GC invocations=428 (full 13):
 PSYoungGen      total 21362176K, used 189256K [0x00007fd483b00000, 0x00007fd9d7000000, 0x00007fd9d9000000)
  eden space 20484608K, 0% used [0x00007fd483b00000,0x00007fd483b00000,0x00007fd965f80000)
  from space 877568K, 21% used [0x00007fd965f80000,0x00007fd9718522a0,0x00007fd99b880000)
  to   space 839680K, 0% used [0x00007fd9a3c00000,0x00007fd9a3c00000,0x00007fd9d7000000)
 ParOldGen       total 15466496K, used 9559758K [0x00007fc9d9000000, 0x00007fcd89000000, 0x00007fd483b00000)
  object space 15466496K, 61% used [0x00007fc9d9000000,0x00007fcc207b3908,0x00007fcd89000000)
 Metaspace       used 98044K, capacity 99237K, committed 99328K, reserved 100352K
}
Event: 1345,775 GC heap before
{Heap before GC invocations=429 (full 13):
 PSYoungGen      total 21362176K, used 20673864K [0x00007fd483b00000, 0x00007fd9d7000000, 0x00007fd9d9000000)
  eden space 20484608K, 100% used [0x00007fd483b00000,0x00007fd965f80000,0x00007fd965f80000)
  from space 877568K, 21% used [0x00007fd965f80000,0x00007fd9718522a0,0x00007fd99b880000)
  to   space 839680K, 0% used [0x00007fd9a3c00000,0x00007fd9a3c00000,0x00007fd9d7000000)
 ParOldGen       total 15466496K, used 9559758K [0x00007fc9d9000000, 0x00007fcd89000000, 0x00007fd483b00000)
  object space 15466496K, 61% used [0x00007fc9d9000000,0x00007fcc207b3908,0x00007fcd89000000)
 Metaspace       used 98044K, capacity 99237K, committed 99328K, reserved 100352K
Event: 1345,951 GC heap after
Heap after GC invocations=429 (full 13):
 PSYoungGen      total 21426176K, used 150648K [0x00007fd483b00000, 0x00007fd9d3000000, 0x00007fd9d9000000)
  eden space 20652032K, 0% used [0x00007fd483b00000,0x00007fd483b00000,0x00007fd970300000)
  from space 774144K, 19% used [0x00007fd9a3c00000,0x00007fd9acf1e330,0x00007fd9d3000000)
  to   space 809472K, 0% used [0x00007fd970300000,0x00007fd970300000,0x00007fd9a1980000)
 ParOldGen       total 15466496K, used 9643318K [0x00007fc9d9000000, 0x00007fcd89000000, 0x00007fd483b00000)
  object space 15466496K, 62% used [0x00007fc9d9000000,0x00007fcc2594d9f8,0x00007fcd89000000)
 Metaspace       used 98044K, capacity 99237K, committed 99328K, reserved 100352K
}
Event: 1348,614 GC heap before
{Heap before GC invocations=430 (full 13):
 PSYoungGen      total 21426176K, used 20802680K [0x00007fd483b00000, 0x00007fd9d3000000, 0x00007fd9d9000000)
  eden space 20652032K, 100% used [0x00007fd483b00000,0x00007fd970300000,0x00007fd970300000)
  from space 774144K, 19% used [0x00007fd9a3c00000,0x00007fd9acf1e330,0x00007fd9d3000000)
  to   space 809472K, 0% used [0x00007fd970300000,0x00007fd970300000,0x00007fd9a1980000)
 ParOldGen       total 15466496K, used 9643318K [0x00007fc9d9000000, 0x00007fcd89000000, 0x00007fd483b00000)
  object space 15466496K, 62% used [0x00007fc9d9000000,0x00007fcc2594d9f8,0x00007fcd89000000)
 Metaspace       used 98044K, capacity 99237K, committed 99328K, reserved 100352K
Event: 1348,796 GC heap after
Heap after GC invocations=430 (full 13):
 PSYoungGen      total 21461504K, used 88071K [0x00007fd483b00000, 0x00007fd9d8a80000, 0x00007fd9d9000000)
  eden space 20652032K, 0% used [0x00007fd483b00000,0x00007fd483b00000,0x00007fd970300000)
  from space 809472K, 10% used [0x00007fd970300000,0x00007fd975901f08,0x00007fd9a1980000)
  to   space 788992K, 0% used [0x00007fd9a8800000,0x00007fd9a8800000,0x00007fd9d8a80000)
 ParOldGen       total 15466496K, used 9724616K [0x00007fc9d9000000, 0x00007fcd89000000, 0x00007fd483b00000)
  object space 15466496K, 62% used [0x00007fc9d9000000,0x00007fcc2a8b2270,0x00007fcd89000000)
 Metaspace       used 98044K, capacity 99237K, committed 99328K, reserved 100352K
}
Event: 1351,632 GC heap before
{Heap before GC invocations=431 (full 13):
 PSYoungGen      total 21461504K, used 20740103K [0x00007fd483b00000, 0x00007fd9d8a80000, 0x00007fd9d9000000)
  eden space 20652032K, 100% used [0x00007fd483b00000,0x00007fd970300000,0x00007fd970300000)
  from space 809472K, 10% used [0x00007fd970300000,0x00007fd975901f08,0x00007fd9a1980000)
  to   space 788992K, 0% used [0x00007fd9a8800000,0x00007fd9a8800000,0x00007fd9d8a80000)
 ParOldGen       total 15466496K, used 9724616K [0x00007fc9d9000000, 0x00007fcd89000000, 0x00007fd483b00000)
  object space 15466496K, 62% used [0x00007fc9d9000000,0x00007fcc2a8b2270,0x00007fcd89000000)
 Metaspace       used 98044K, capacity 99237K, committed 99328K, reserved 100352K
Event: 1351,747 GC heap after
Heap after GC invocations=431 (full 13):
 PSYoungGen      total 21504000K, used 68404K [0x00007fd483b00000, 0x00007fd9d5400000, 0x00007fd9d9000000)
  eden space 20770816K, 0% used [0x00007fd483b00000,0x00007fd483b00000,0x00007fd977700000)
  from space 733184K, 9% used [0x00007fd9a8800000,0x00007fd9acacd1f8,0x00007fd9d5400000)
  to   space 768512K, 0% used [0x00007fd977700000,0x00007fd977700000,0x00007fd9a6580000)
 ParOldGen       total 15466496K, used 9724790K [0x00007fc9d9000000, 0x00007fcd89000000, 0x00007fd483b00000)
  object space 15466496K, 62% used [0x00007fc9d9000000,0x00007fcc2a8dd878,0x00007fcd89000000)
 Metaspace       used 98044K, capacity 99237K, committed 99328K, reserved 100352K
}
Event: 1354,491 GC heap before
{Heap before GC invocations=432 (full 13):
 PSYoungGen      total 21504000K, used 20839220K [0x00007fd483b00000, 0x00007fd9d5400000, 0x00007fd9d9000000)
  eden space 20770816K, 100% used [0x00007fd483b00000,0x00007fd977700000,0x00007fd977700000)
  from space 733184K, 9% used [0x00007fd9a8800000,0x00007fd9acacd1f8,0x00007fd9d5400000)
  to   space 768512K, 0% used [0x00007fd977700000,0x00007fd977700000,0x00007fd9a6580000)
 ParOldGen       total 15466496K, used 9724790K [0x00007fc9d9000000, 0x00007fcd89000000, 0x00007fd483b00000)
  object space 15466496K, 62% used [0x00007fc9d9000000,0x00007fcc2a8dd878,0x00007fcd89000000)
 Metaspace       used 98044K, capacity 99237K, committed 99328K, reserved 100352K
Event: 1354,634 GC heap after
Heap after GC invocations=432 (full 13):
 PSYoungGen      total 21539328K, used 118623K [0x00007fd483b00000, 0x00007fd9d7480000, 0x00007fd9d9000000)
  eden space 20770816K, 0% used [0x00007fd483b00000,0x00007fd483b00000,0x00007fd977700000)
  from space 768512K, 15% used [0x00007fd977700000,0x00007fd97ead7f28,0x00007fd9a6580000)
  to   space 736768K, 0% used [0x00007fd9aa500000,0x00007fd9aa500000,0x00007fd9d7480000)
 ParOldGen       total 15466496K, used 9730502K [0x00007fc9d9000000, 0x00007fcd89000000, 0x00007fd483b00000)
  object space 15466496K, 62% used [0x00007fc9d9000000,0x00007fcc2ae71880,0x00007fcd89000000)
 Metaspace       used 98044K, capacity 99237K, committed 99328K, reserved 100352K
}
Event: 1357,432 GC heap before
{Heap before GC invocations=433 (full 13):
 PSYoungGen      total 21539328K, used 20889439K [0x00007fd483b00000, 0x00007fd9d7480000, 0x00007fd9d9000000)
  eden space 20770816K, 100% used [0x00007fd483b00000,0x00007fd977700000,0x00007fd977700000)
  from space 768512K, 15% used [0x00007fd977700000,0x00007fd97ead7f28,0x00007fd9a6580000)
  to   space 736768K, 0% used [0x00007fd9aa500000,0x00007fd9aa500000,0x00007fd9d7480000)
 ParOldGen       total 15466496K, used 9730502K [0x00007fc9d9000000, 0x00007fcd89000000, 0x00007fd483b00000)
  object space 15466496K, 62% used [0x00007fc9d9000000,0x00007fcc2ae71880,0x00007fcd89000000)
 Metaspace       used 98044K, capacity 99237K, committed 99328K, reserved 100352K
Event: 1357,609 GC heap after
Heap after GC invocations=433 (full 13):
 PSYoungGen      total 21579776K, used 342591K [0x00007fd483b00000, 0x00007fd9d6000000, 0x00007fd9d9000000)
  eden space 20864000K, 0% used [0x00007fd483b00000,0x00007fd483b00000,0x00007fd97d200000)
  from space 715776K, 47% used [0x00007fd9aa500000,0x00007fd9bf38fde0,0x00007fd9d6000000)
  to   space 728064K, 0% used [0x00007fd97d200000,0x00007fd97d200000,0x00007fd9a9900000)
 ParOldGen       total 15466496K, used 9732455K [0x00007fc9d9000000, 0x00007fcd89000000, 0x00007fd483b00000)
  object space 15466496K, 62% used [0x00007fc9d9000000,0x00007fcc2b059e28,0x00007fcd89000000)
 Metaspace       used 98044K, capacity 99237K, committed 99328K, reserved 100352K
}
Event: 1360,571 GC heap before
{Heap before GC invocations=434 (full 13):
 PSYoungGen      total 21579776K, used 21206591K [0x00007fd483b00000, 0x00007fd9d6000000, 0x00007fd9d9000000)
  eden space 20864000K, 100% used [0x00007fd483b00000,0x00007fd97d200000,0x00007fd97d200000)
  from space 715776K, 47% used [0x00007fd9aa500000,0x00007fd9bf38fde0,0x00007fd9d6000000)
  to   space 728064K, 0% used [0x00007fd97d200000,0x00007fd97d200000,0x00007fd9a9900000)
 ParOldGen       total 15466496K, used 9732455K [0x00007fc9d9000000, 0x00007fcd89000000, 0x00007fd483b00000)
  object space 15466496K, 62% used [0x00007fc9d9000000,0x00007fcc2b059e28,0x00007fcd89000000)
 Metaspace       used 98046K, capacity 99237K, committed 99328K, reserved 100352K
Event: 1360,741 GC heap after
Heap after GC invocations=434 (full 13):
 PSYoungGen      total 21592064K, used 106006K [0x00007fd483b00000, 0x00007fd9d6900000, 0x00007fd9d9000000)
  eden space 20864000K, 0% used [0x00007fd483b00000,0x00007fd483b00000,0x00007fd97d200000)
  from space 728064K, 14% used [0x00007fd97d200000,0x00007fd983985b58,0x00007fd9a9900000)
  to   space 701952K, 0% used [0x00007fd9abb80000,0x00007fd9abb80000,0x00007fd9d6900000)
 ParOldGen       total 15466496K, used 9899068K [0x00007fc9d9000000, 0x00007fcd89000000, 0x00007fd483b00000)
  object space 15466496K, 64% used [0x00007fc9d9000000,0x00007fcc3530f150,0x00007fcd89000000)
 Metaspace       used 98046K, capacity 99237K, committed 99328K, reserved 100352K
}
Event: 1363,952 GC heap before
{Heap before GC invocations=435 (full 13):
 PSYoungGen      total 21592064K, used 20970006K [0x00007fd483b00000, 0x00007fd9d6900000, 0x00007fd9d9000000)
  eden space 20864000K, 100% used [0x00007fd483b00000,0x00007fd97d200000,0x00007fd97d200000)
  from space 728064K, 14% used [0x00007fd97d200000,0x00007fd983985b58,0x00007fd9a9900000)
  to   space 701952K, 0% used [0x00007fd9abb80000,0x00007fd9abb80000,0x00007fd9d6900000)
 ParOldGen       total 15466496K, used 9899068K [0x00007fc9d9000000, 0x00007fcd89000000, 0x00007fd483b00000)
  object space 15466496K, 64% used [0x00007fc9d9000000,0x00007fcc3530f150,0x00007fcd89000000)
 Metaspace       used 98046K, capacity 99237K, committed 99328K, reserved 100352K
Event: 1364,059 GC heap after
Heap after GC invocations=435 (full 13):
 PSYoungGen      total 21608960K, used 83396K [0x00007fd483b00000, 0x00007fd9d4980000, 0x00007fd9d9000000)
  eden space 20939264K, 0% used [0x00007fd483b00000,0x00007fd483b00000,0x00007fd981b80000)
  from space 669696K, 12% used [0x00007fd9abb80000,0x00007fd9b0cf1118,0x00007fd9d4980000)
  to   space 678912K, 0% used [0x00007fd981b80000,0x00007fd981b80000,0x00007fd9ab280000)
 ParOldGen       total 15466496K, used 9932384K [0x00007fc9d9000000, 0x00007fcd89000000, 0x00007fd483b00000)
  object space 15466496K, 64% used [0x00007fc9d9000000,0x00007fcc37398210,0x00007fcd89000000)
 Metaspace       used 98046K, capacity 99237K, committed 99328K, reserved 100352K
}
Event: 1366,870 GC heap before
{Heap before GC invocations=436 (full 13):
 PSYoungGen      total 21608960K, used 21022660K [0x00007fd483b00000, 0x00007fd9d4980000, 0x00007fd9d9000000)
  eden space 20939264K, 100% used [0x00007fd483b00000,0x00007fd981b80000,0x00007fd981b80000)
  from space 669696K, 12% used [0x00007fd9abb80000,0x00007fd9b0cf1118,0x00007fd9d4980000)
  to   space 678912K, 0% used [0x00007fd981b80000,0x00007fd981b80000,0x00007fd9ab280000)
 ParOldGen       total 15466496K, used 9932384K [0x00007fc9d9000000, 0x00007fcd89000000, 0x00007fd483b00000)
  object space 15466496K, 64% used [0x00007fc9d9000000,0x00007fcc37398210,0x00007fcd89000000)
 Metaspace       used 98046K, capacity 99237K, committed 99328K, reserved 100352K
Event: 1366,989 GC heap after
Heap after GC invocations=436 (full 13):
 PSYoungGen      total 21618176K, used 117621K [0x00007fd483b00000, 0x00007fd9d5d00000, 0x00007fd9d9000000)
  eden space 20939264K, 0% used [0x00007fd483b00000,0x00007fd483b00000,0x00007fd981b80000)
  from space 678912K, 17% used [0x00007fd981b80000,0x00007fd988e5d710,0x00007fd9ab280000)
  to   space 648192K, 0% used [0x00007fd9ae400000,0x00007fd9ae400000,0x00007fd9d5d00000)
 ParOldGen       total 15466496K, used 9937838K [0x00007fc9d9000000, 0x00007fcd89000000, 0x00007fd483b00000)
  object space 15466496K, 64% used [0x00007fc9d9000000,0x00007fcc378eb958,0x00007fcd89000000)
 Metaspace       used 98046K, capacity 99237K, committed 99328K, reserved 100352K
}
Event: 1369,923 GC heap before
{Heap before GC invocations=437 (full 13):
 PSYoungGen      total 21618176K, used 21056885K [0x00007fd483b00000, 0x00007fd9d5d00000, 0x00007fd9d9000000)
  eden space 20939264K, 100% used [0x00007fd483b00000,0x00007fd981b80000,0x00007fd981b80000)
  from space 678912K, 17% used [0x00007fd981b80000,0x00007fd988e5d710,0x00007fd9ab280000)
  to   space 648192K, 0% used [0x00007fd9ae400000,0x00007fd9ae400000,0x00007fd9d5d00000)
 ParOldGen       total 15466496K, used 9947261K [0x00007fc9d9000000, 0x00007fcd89000000, 0x00007fd483b00000)
  object space 15466496K, 64% used [0x00007fc9d9000000,0x00007fcc3821f600,0x00007fcd89000000)
 Metaspace       used 98046K, capacity 99237K, committed 99328K, reserved 100352K
Event: 1370,084 GC heap after
Heap after GC invocations=437 (full 13):
 PSYoungGen      total 21632000K, used 215152K [0x00007fd483b00000, 0x00007fd9d2400000, 0x00007fd9d9000000)
  eden space 21042176K, 0% used [0x00007fd483b00000,0x00007fd483b00000,0x00007fd988000000)
  from space 589824K, 36% used [0x00007fd9ae400000,0x00007fd9bb61c240,0x00007fd9d2400000)
  to   space 608256K, 0% used [0x00007fd988000000,0x00007fd988000000,0x00007fd9ad200000)
 ParOldGen       total 15466496K, used 9956033K [0x00007fc9d9000000, 0x00007fcd89000000, 0x00007fd483b00000)
  object space 15466496K, 64% used [0x00007fc9d9000000,0x00007fcc38ab0610,0x00007fcd89000000)
 Metaspace       used 98046K, capacity 99237K, committed 99328K, reserved 100352K
}
Event: 1373,031 GC heap before
{Heap before GC invocations=438 (full 13):
 PSYoungGen      total 21632000K, used 21257328K [0x00007fd483b00000, 0x00007fd9d2400000, 0x00007fd9d9000000)
  eden space 21042176K, 100% used [0x00007fd483b00000,0x00007fd988000000,0x00007fd988000000)
  from space 589824K, 36% used [0x00007fd9ae400000,0x00007fd9bb61c240,0x00007fd9d2400000)
  to   space 608256K, 0% used [0x00007fd988000000,0x00007fd988000000,0x00007fd9ad200000)
 ParOldGen       total 15466496K, used 9956034K [0x00007fc9d9000000, 0x00007fcd89000000, 0x00007fd483b00000)
  object space 15466496K, 64% used [0x00007fc9d9000000,0x00007fcc38ab0aa8,0x00007fcd89000000)
 Metaspace       used 98048K, capacity 99237K, committed 99328K, reserved 100352K
Event: 1373,244 GC heap after
Heap after GC invocations=438 (full 13):
 PSYoungGen      total 21650432K, used 273016K [0x00007fd483b00000, 0x00007fd9d8500000, 0x00007fd9d9000000)
  eden space 21042176K, 0% used [0x00007fd483b00000,0x00007fd483b00000,0x00007fd988000000)
  from space 608256K, 44% used [0x00007fd988000000,0x00007fd998a9e100,0x00007fd9ad200000)
  to   space 593408K, 0% used [0x00007fd9b4180000,0x00007fd9b4180000,0x00007fd9d8500000)
 ParOldGen       total 15466496K, used 10028528K [0x00007fc9d9000000, 0x00007fcd89000000, 0x00007fd483b00000)
  object space 15466496K, 64% used [0x00007fc9d9000000,0x00007fcc3d17c100,0x00007fcd89000000)
 Metaspace       used 98048K, capacity 99237K, committed 99328K, reserved 100352K
}
Event: 1376,174 GC heap before
{Heap before GC invocations=439 (full 13):
 PSYoungGen      total 21650432K, used 21315192K [0x00007fd483b00000, 0x00007fd9d8500000, 0x00007fd9d9000000)
  eden space 21042176K, 100% used [0x00007fd483b00000,0x00007fd988000000,0x00007fd988000000)
  from space 608256K, 44% used [0x00007fd988000000,0x00007fd998a9e100,0x00007fd9ad200000)
  to   space 593408K, 0% used [0x00007fd9b4180000,0x00007fd9b4180000,0x00007fd9d8500000)
 ParOldGen       total 15466496K, used 10028528K [0x00007fc9d9000000, 0x00007fcd89000000, 0x00007fd483b00000)
  object space 15466496K, 64% used [0x00007fc9d9000000,0x00007fcc3d17c100,0x00007fcd89000000)
 Metaspace       used 98048K, capacity 99237K, committed 99328K, reserved 100352K
Event: 1376,356 GC heap after
Heap after GC invocations=439 (full 13):
 PSYoungGen      total 21708288K, used 131751K [0x00007fd483b00000, 0x00007fd9d5180000, 0x00007fd9d9000000)
  eden space 21167616K, 0% used [0x00007fd483b00000,0x00007fd483b00000,0x00007fd98fa80000)
  from space 540672K, 24% used [0x00007fd9b4180000,0x00007fd9bc229fc8,0x00007fd9d5180000)
  to   space 568832K, 0% used [0x00007fd98fa80000,0x00007fd98fa80000,0x00007fd9b2600000)
 ParOldGen       total 15466496K, used 10152902K [0x00007fc9d9000000, 0x00007fcd89000000, 0x00007fd483b00000)
  object space 15466496K, 65% used [0x00007fc9d9000000,0x00007fcc44af18d0,0x00007fcd89000000)
 Metaspace       used 98048K, capacity 99237K, committed 99328K, reserved 100352K
}
Event: 1379,290 GC heap before
{Heap before GC invocations=440 (full 13):
 PSYoungGen      total 21708288K, used 21299367K [0x00007fd483b00000, 0x00007fd9d5180000, 0x00007fd9d9000000)
  eden space 21167616K, 100% used [0x00007fd483b00000,0x00007fd98fa80000,0x00007fd98fa80000)
  from space 540672K, 24% used [0x00007fd9b4180000,0x00007fd9bc229fc8,0x00007fd9d5180000)
  to   space 568832K, 0% used [0x00007fd98fa80000,0x00007fd98fa80000,0x00007fd9b2600000)
 ParOldGen       total 15466496K, used 10152902K [0x00007fc9d9000000, 0x00007fcd89000000, 0x00007fd483b00000)
  object space 15466496K, 65% used [0x00007fc9d9000000,0x00007fcc44af18d0,0x00007fcd89000000)
 Metaspace       used 98048K, capacity 99237K, committed 99328K, reserved 100352K
Event: 1379,384 GC heap after
Heap after GC invocations=440 (full 13):
 PSYoungGen      total 21736448K, used 110917K [0x00007fd483b00000, 0x00007fd9d8280000, 0x00007fd9d9000000)
  eden space 21167616K, 0% used [0x00007fd483b00000,0x00007fd483b00000,0x00007fd98fa80000)
  from space 568832K, 19% used [0x00007fd98fa80000,0x00007fd9966d1588,0x00007fd9b2600000)
  to   space 547840K, 0% used [0x00007fd9b6b80000,0x00007fd9b6b80000,0x00007fd9d8280000)
 ParOldGen       total 15466496K, used 10175718K [0x00007fc9d9000000, 0x00007fcd89000000, 0x00007fd483b00000)
  object space 15466496K, 65% used [0x00007fc9d9000000,0x00007fcc46139a70,0x00007fcd89000000)
 Metaspace       used 98048K, capacity 99237K, committed 99328K, reserved 100352K
}
Event: 1382,817 GC heap before
{Heap before GC invocations=441 (full 13):
 PSYoungGen      total 21736448K, used 21278533K [0x00007fd483b00000, 0x00007fd9d8280000, 0x00007fd9d9000000)
  eden space 21167616K, 100% used [0x00007fd483b00000,0x00007fd98fa80000,0x00007fd98fa80000)
  from space 568832K, 19% used [0x00007fd98fa80000,0x00007fd9966d1588,0x00007fd9b2600000)
  to   space 547840K, 0% used [0x00007fd9b6b80000,0x00007fd9b6b80000,0x00007fd9d8280000)
 ParOldGen       total 15466496K, used 10175718K [0x00007fc9d9000000, 0x00007fcd89000000, 0x00007fd483b00000)
  object space 15466496K, 65% used [0x00007fc9d9000000,0x00007fcc46139a70,0x00007fcd89000000)
 Metaspace       used 98059K, capacity 99301K, committed 99328K, reserved 100352K
Event: 1382,904 GC heap after
Heap after GC invocations=441 (full 13):
 PSYoungGen      total 21752320K, used 106261K [0x00007fd483b00000, 0x00007fd9d5380000, 0x00007fd9d9000000)
  eden space 21252608K, 0% used [0x00007fd483b00000,0x00007fd483b00000,0x00007fd994d80000)
  from space 499712K, 21% used [0x00007fd9b6b80000,0x00007fd9bd345690,0x00007fd9d5380000)
  to   space 527360K, 0% used [0x00007fd994d80000,0x00007fd994d80000,0x00007fd9b5080000)
 ParOldGen       total 15466496K, used 10176868K [0x00007fc9d9000000, 0x00007fcd89000000, 0x00007fd483b00000)
  object space 15466496K, 65% used [0x00007fc9d9000000,0x00007fcc462591e8,0x00007fcd89000000)
 Metaspace       used 98059K, capacity 99301K, committed 99328K, reserved 100352K
}
Event: 1386,240 GC heap before
{Heap before GC invocations=442 (full 13):
 PSYoungGen      total 21752320K, used 21358869K [0x00007fd483b00000, 0x00007fd9d5380000, 0x00007fd9d9000000)
  eden space 21252608K, 100% used [0x00007fd483b00000,0x00007fd994d80000,0x00007fd994d80000)
  from space 499712K, 21% used [0x00007fd9b6b80000,0x00007fd9bd345690,0x00007fd9d5380000)
  to   space 527360K, 0% used [0x00007fd994d80000,0x00007fd994d80000,0x00007fd9b5080000)
 ParOldGen       total 15466496K, used 10176868K [0x00007fc9d9000000, 0x00007fcd89000000, 0x00007fd483b00000)
  object space 15466496K, 65% used [0x00007fc9d9000000,0x00007fcc462591e8,0x00007fcd89000000)
 Metaspace       used 98059K, capacity 99301K, committed 99328K, reserved 100352K
Event: 1386,367 GC heap after
Heap after GC invocations=442 (full 13):
 PSYoungGen      total 21779968K, used 78186K [0x00007fd483b00000, 0x00007fd9d8b00000, 0x00007fd9d9000000)
  eden space 21252608K, 0% used [0x00007fd483b00000,0x00007fd483b00000,0x00007fd994d80000)
  from space 527360K, 14% used [0x00007fd994d80000,0x00007fd9999da888,0x00007fd9b5080000)
  to   space 510976K, 0% used [0x00007fd9b9800000,0x00007fd9b9800000,0x00007fd9d8b00000)
 ParOldGen       total 15466496K, used 10210568K [0x00007fc9d9000000, 0x00007fcd89000000, 0x00007fd483b00000)
  object space 15466496K, 66% used [0x00007fc9d9000000,0x00007fcc48342340,0x00007fcd89000000)
 Metaspace       used 98059K, capacity 99301K, committed 99328K, reserved 100352K
}
Event: 1389,462 GC heap before
{Heap before GC invocations=443 (full 13):
 PSYoungGen      total 21779968K, used 21330794K [0x00007fd483b00000, 0x00007fd9d8b00000, 0x00007fd9d9000000)
  eden space 21252608K, 100% used [0x00007fd483b00000,0x00007fd994d80000,0x00007fd994d80000)
  from space 527360K, 14% used [0x00007fd994d80000,0x00007fd9999da888,0x00007fd9b5080000)
  to   space 510976K, 0% used [0x00007fd9b9800000,0x00007fd9b9800000,0x00007fd9d8b00000)
 ParOldGen       total 15466496K, used 10210568K [0x00007fc9d9000000, 0x00007fcd89000000, 0x00007fd483b00000)
  object space 15466496K, 66% used [0x00007fc9d9000000,0x00007fcc48342340,0x00007fcd89000000)
 Metaspace       used 98059K, capacity 99301K, committed 99328K, reserved 100352K
Event: 1389,568 GC heap after
Heap after GC invocations=443 (full 13):
 PSYoungGen      total 21794816K, used 84397K [0x00007fd483b00000, 0x00007fd9d5d00000, 0x00007fd9d9000000)
  eden space 21330944K, 0% used [0x00007fd483b00000,0x00007fd483b00000,0x00007fd999a00000)
  from space 463872K, 18% used [0x00007fd9b9800000,0x00007fd9bea6b650,0x00007fd9d5d00000)
  to   space 493056K, 0% used [0x00007fd999a00000,0x00007fd999a00000,0x00007fd9b7b80000)
 ParOldGen       total 15466496K, used 10220610K [0x00007fc9d9000000, 0x00007fcd89000000, 0x00007fd483b00000)
  object space 15466496K, 66% used [0x00007fc9d9000000,0x00007fcc48d10938,0x00007fcd89000000)
 Metaspace       used 98059K, capacity 99301K, committed 99328K, reserved 100352K
}
Event: 1392,571 GC heap before
{Heap before GC invocations=444 (full 13):
 PSYoungGen      total 21794816K, used 21415341K [0x00007fd483b00000, 0x00007fd9d5d00000, 0x00007fd9d9000000)
  eden space 21330944K, 100% used [0x00007fd483b00000,0x00007fd999a00000,0x00007fd999a00000)
  from space 463872K, 18% used [0x00007fd9b9800000,0x00007fd9bea6b650,0x00007fd9d5d00000)
  to   space 493056K, 0% used [0x00007fd999a00000,0x00007fd999a00000,0x00007fd9b7b80000)
 ParOldGen       total 15466496K, used 10220610K [0x00007fc9d9000000, 0x00007fcd89000000, 0x00007fd483b00000)
  object space 15466496K, 66% used [0x00007fc9d9000000,0x00007fcc48d10938,0x00007fcd89000000)
 Metaspace       used 98059K, capacity 99301K, committed 99328K, reserved 100352K
Event: 1392,667 GC heap after
Heap after GC invocations=444 (full 13):
 PSYoungGen      total 21824000K, used 64901K [0x00007fd483b00000, 0x00007fd9d8d80000, 0x00007fd9d9000000)
  eden space 21330944K, 0% used [0x00007fd483b00000,0x00007fd483b00000,0x00007fd999a00000)
  from space 493056K, 13% used [0x00007fd999a00000,0x00007fd99d961408,0x00007fd9b7b80000)
  to   space 477184K, 0% used [0x00007fd9bbb80000,0x00007fd9bbb80000,0x00007fd9d8d80000)
 ParOldGen       total 15466496K, used 10220804K [0x00007fc9d9000000, 0x00007fcd89000000, 0x00007fd483b00000)
  object space 15466496K, 66% used [0x00007fc9d9000000,0x00007fcc48d413d0,0x00007fcd89000000)
 Metaspace       used 98059K, capacity 99301K, committed 99328K, reserved 100352K
}
Event: 1395,831 GC heap before
{Heap before GC invocations=445 (full 13):
 PSYoungGen      total 21824000K, used 21395845K [0x00007fd483b00000, 0x00007fd9d8d80000, 0x00007fd9d9000000)
  eden space 21330944K, 100% used [0x00007fd483b00000,0x00007fd999a00000,0x00007fd999a00000)
  from space 493056K, 13% used [0x00007fd999a00000,0x00007fd99d961408,0x00007fd9b7b80000)
  to   space 477184K, 0% used [0x00007fd9bbb80000,0x00007fd9bbb80000,0x00007fd9d8d80000)
 ParOldGen       total 15466496K, used 10220804K [0x00007fc9d9000000, 0x00007fcd89000000, 0x00007fd483b00000)
  object space 15466496K, 66% used [0x00007fc9d9000000,0x00007fcc48d413d0,0x00007fcd89000000)
 Metaspace       used 98059K, capacity 99301K, committed 99328K, reserved 100352K
Event: 1395,970 GC heap after
Heap after GC invocations=445 (full 13):
 PSYoungGen      total 21813760K, used 109880K [0x00007fd483b00000, 0x00007fd9d5080000, 0x00007fd9d9000000)
  eden space 21399040K, 0% used [0x00007fd483b00000,0x00007fd483b00000,0x00007fd99dc80000)
  from space 414720K, 26% used [0x00007fd9bbb80000,0x00007fd9c26ce290,0x00007fd9d5080000)
  to   space 452608K, 0% used [0x00007fd99dc80000,0x00007fd99dc80000,0x00007fd9b9680000)
 ParOldGen       total 15466496K, used 10221108K [0x00007fc9d9000000, 0x00007fcd89000000, 0x00007fd483b00000)
  object space 15466496K, 66% used [0x00007fc9d9000000,0x00007fcc48d8d3d0,0x00007fcd89000000)
 Metaspace       used 98059K, capacity 99301K, committed 99328K, reserved 100352K
}
Event: 1399,006 GC heap before
{Heap before GC invocations=446 (full 13):
 PSYoungGen      total 21813760K, used 21508920K [0x00007fd483b00000, 0x00007fd9d5080000, 0x00007fd9d9000000)
  eden space 21399040K, 100% used [0x00007fd483b00000,0x00007fd99dc80000,0x00007fd99dc80000)
  from space 414720K, 26% used [0x00007fd9bbb80000,0x00007fd9c26ce290,0x00007fd9d5080000)
  to   space 452608K, 0% used [0x00007fd99dc80000,0x00007fd99dc80000,0x00007fd9b9680000)
 ParOldGen       total 15466496K, used 10221108K [0x00007fc9d9000000, 0x00007fcd89000000, 0x00007fd483b00000)
  object space 15466496K, 66% used [0x00007fc9d9000000,0x00007fcc48d8d3d0,0x00007fcd89000000)
 Metaspace       used 98059K, capacity 99301K, committed 99328K, reserved 100352K
Event: 1399,107 GC heap after
Heap after GC invocations=446 (full 13):
 PSYoungGen      total 21851648K, used 78838K [0x00007fd483b00000, 0x00007fd9d9000000, 0x00007fd9d9000000)
  eden space 21399040K, 0% used [0x00007fd483b00000,0x00007fd483b00000,0x00007fd99dc80000)
  from space 452608K, 17% used [0x00007fd99dc80000,0x00007fd9a297dab8,0x00007fd9b9680000)
  to   space 434688K, 0% used [0x00007fd9be780000,0x00007fd9be780000,0x00007fd9d9000000)
 ParOldGen       total 15466496K, used 10232332K [0x00007fc9d9000000, 0x00007fcd89000000, 0x00007fd483b00000)
  object space 15466496K, 66% used [0x00007fc9d9000000,0x00007fcc49883340,0x00007fcd89000000)
 Metaspace       used 98059K, capacity 99301K, committed 99328K, reserved 100352K
}
Event: 1402,521 GC heap before
{Heap before GC invocations=447 (full 13):
 PSYoungGen      total 21851648K, used 21477878K [0x00007fd483b00000, 0x00007fd9d9000000, 0x00007fd9d9000000)
  eden space 21399040K, 100% used [0x00007fd483b00000,0x00007fd99dc80000,0x00007fd99dc80000)
  from space 452608K, 17% used [0x00007fd99dc80000,0x00007fd9a297dab8,0x00007fd9b9680000)
  to   space 434688K, 0% used [0x00007fd9be780000,0x00007fd9be780000,0x00007fd9d9000000)
 ParOldGen       total 15466496K, used 10232332K [0x00007fc9d9000000, 0x00007fcd89000000, 0x00007fd483b00000)
  object space 15466496K, 66% used [0x00007fc9d9000000,0x00007fcc49883340,0x00007fcd89000000)
 Metaspace       used 98059K, capacity 99301K, committed 99328K, reserved 100352K
Event: 1402,760 GC heap after
Heap after GC invocations=447 (full 13):
 PSYoungGen      total 21891584K, used 280351K [0x00007fd483b00000, 0x00007fd9d9000000, 0x00007fd9d9000000)
  eden space 21456896K, 0% used [0x00007fd483b00000,0x00007fd483b00000,0x00007fd9a1500000)
  from space 434688K, 64% used [0x00007fd9be780000,0x00007fd9cf947d20,0x00007fd9d9000000)
  to   space 456192K, 0% used [0x00007fd9a1500000,0x00007fd9a1500000,0x00007fd9bd280000)
 ParOldGen       total 15466496K, used 10243756K [0x00007fc9d9000000, 0x00007fcd89000000, 0x00007fd483b00000)
  object space 15466496K, 66% used [0x00007fc9d9000000,0x00007fcc4a3ab358,0x00007fcd89000000)
 Metaspace       used 98059K, capacity 99301K, committed 99328K, reserved 100352K
}
Event: 1406,273 GC heap before
{Heap before GC invocations=448 (full 13):
 PSYoungGen      total 21891584K, used 21737247K [0x00007fd483b00000, 0x00007fd9d9000000, 0x00007fd9d9000000)
  eden space 21456896K, 100% used [0x00007fd483b00000,0x00007fd9a1500000,0x00007fd9a1500000)
  from space 434688K, 64% used [0x00007fd9be780000,0x00007fd9cf947d20,0x00007fd9d9000000)
  to   space 456192K, 0% used [0x00007fd9a1500000,0x00007fd9a1500000,0x00007fd9bd280000)
 ParOldGen       total 15466496K, used 10243756K [0x00007fc9d9000000, 0x00007fcd89000000, 0x00007fd483b00000)
  object space 15466496K, 66% used [0x00007fc9d9000000,0x00007fcc4a3ab358,0x00007fcd89000000)
 Metaspace       used 98059K, capacity 99301K, committed 99328K, reserved 100352K
Event: 1406,533 GC heap after
Heap after GC invocations=448 (full 13):
 PSYoungGen      total 21861376K, used 404192K [0x00007fd483b00000, 0x00007fd9d9000000, 0x00007fd9d9000000)
  eden space 21456896K, 0% used [0x00007fd483b00000,0x00007fd483b00000,0x00007fd9a1500000)
  from space 404480K, 99% used [0x00007fd9a1500000,0x00007fd9b9fb8120,0x00007fd9ba000000)
  to   space 507904K, 0% used [0x00007fd9ba000000,0x00007fd9ba000000,0x00007fd9d9000000)
 ParOldGen       total 15466496K, used 10352659K [0x00007fc9d9000000, 0x00007fcd89000000, 0x00007fd483b00000)
  object space 15466496K, 66% used [0x00007fc9d9000000,0x00007fcc50e04ff8,0x00007fcd89000000)
 Metaspace       used 98059K, capacity 99301K, committed 99328K, reserved 100352K
}
Event: 1409,610 GC heap before
{Heap before GC invocations=449 (full 13):
 PSYoungGen      total 21861376K, used 21861088K [0x00007fd483b00000, 0x00007fd9d9000000, 0x00007fd9d9000000)
  eden space 21456896K, 100% used [0x00007fd483b00000,0x00007fd9a1500000,0x00007fd9a1500000)
  from space 404480K, 99% used [0x00007fd9a1500000,0x00007fd9b9fb8120,0x00007fd9ba000000)
  to   space 507904K, 0% used [0x00007fd9ba000000,0x00007fd9ba000000,0x00007fd9d9000000)
 ParOldGen       total 15466496K, used 10352659K [0x00007fc9d9000000, 0x00007fcd89000000, 0x00007fd483b00000)
  object space 15466496K, 66% used [0x00007fc9d9000000,0x00007fcc50e04ff8,0x00007fcd89000000)
 Metaspace       used 98059K, capacity 99301K, committed 99328K, reserved 100352K
Event: 1409,846 GC heap after
Heap after GC invocations=449 (full 13):
 PSYoungGen      total 21877248K, used 202852K [0x00007fd483b00000, 0x00007fd9d9000000, 0x00007fd9d9000000)
  eden space 21369344K, 0% used [0x00007fd483b00000,0x00007fd483b00000,0x00007fd99bf80000)
  from space 507904K, 39% used [0x00007fd9ba000000,0x00007fd9c6619020,0x00007fd9d9000000)
  to   space 492032K, 0% used [0x00007fd99bf80000,0x00007fd99bf80000,0x00007fd9ba000000)
 ParOldGen       total 15466496K, used 10616797K [0x00007fc9d9000000, 0x00007fcd89000000, 0x00007fd483b00000)
  object space 15466496K, 68% used [0x00007fc9d9000000,0x00007fcc60ff7508,0x00007fcd89000000)
 Metaspace       used 98059K, capacity 99301K, committed 99328K, reserved 100352K
}
Event: 1412,744 GC heap before
{Heap before GC invocations=450 (full 13):
 PSYoungGen      total 21877248K, used 21572196K [0x00007fd483b00000, 0x00007fd9d9000000, 0x00007fd9d9000000)
  eden space 21369344K, 100% used [0x00007fd483b00000,0x00007fd99bf80000,0x00007fd99bf80000)
  from space 507904K, 39% used [0x00007fd9ba000000,0x00007fd9c6619020,0x00007fd9d9000000)
  to   space 492032K, 0% used [0x00007fd99bf80000,0x00007fd99bf80000,0x00007fd9ba000000)
 ParOldGen       total 15466496K, used 10616797K [0x00007fc9d9000000, 0x00007fcd89000000, 0x00007fd483b00000)
  object space 15466496K, 68% used [0x00007fc9d9000000,0x00007fcc60ff7508,0x00007fcd89000000)
 Metaspace       used 98059K, capacity 99301K, committed 99328K, reserved 100352K
Event: 1412,926 GC heap after
Heap after GC invocations=450 (full 13):
 PSYoungGen      total 21611520K, used 241707K [0x00007fd483b00000, 0x00007fd9d6d80000, 0x00007fd9d9000000)
  eden space 21369344K, 0% used [0x00007fd483b00000,0x00007fd483b00000,0x00007fd99bf80000)
  from space 242176K, 99% used [0x00007fd99bf80000,0x00007fd9aab8aeb0,0x00007fd9aac00000)
  to   space 482304K, 0% used [0x00007fd9b9680000,0x00007fd9b9680000,0x00007fd9d6d80000)
 ParOldGen       total 15466496K, used 10701307K [0x00007fc9d9000000, 0x00007fcd89000000, 0x00007fd483b00000)
  object space 15466496K, 69% used [0x00007fc9d9000000,0x00007fcc6627ef48,0x00007fcd89000000)
 Metaspace       used 98059K, capacity 99301K, committed 99328K, reserved 100352K
}
Event: 1415,835 GC heap before
{Heap before GC invocations=451 (full 13):
 PSYoungGen      total 21611520K, used 21611051K [0x00007fd483b00000, 0x00007fd9d6d80000, 0x00007fd9d9000000)
  eden space 21369344K, 100% used [0x00007fd483b00000,0x00007fd99bf80000,0x00007fd99bf80000)
  from space 242176K, 99% used [0x00007fd99bf80000,0x00007fd9aab8aeb0,0x00007fd9aac00000)
  to   space 482304K, 0% used [0x00007fd9b9680000,0x00007fd9b9680000,0x00007fd9d6d80000)
 ParOldGen       total 15466496K, used 10701307K [0x00007fc9d9000000, 0x00007fcd89000000, 0x00007fd483b00000)
  object space 15466496K, 69% used [0x00007fc9d9000000,0x00007fcc6627ef48,0x00007fcd89000000)
 Metaspace       used 98059K, capacity 99301K, committed 99328K, reserved 100352K
Event: 1416,089 GC heap after
Heap after GC invocations=451 (full 13):
 PSYoungGen      total 21850112K, used 271682K [0x00007fd483b00000, 0x00007fd9d9000000, 0x00007fd9d9000000)
  eden space 21367808K, 0% used [0x00007fd483b00000,0x00007fd483b00000,0x00007fd99be00000)
  from space 482304K, 56% used [0x00007fd9b9680000,0x00007fd9c9fd09b0,0x00007fd9d6d80000)
  to   space 483840K, 0% used [0x00007fd99be00000,0x00007fd99be00000,0x00007fd9b9680000)
 ParOldGen       total 15466496K, used 10822564K [0x00007fc9d9000000, 0x00007fcd89000000, 0x00007fd483b00000)
  object space 15466496K, 69% used [0x00007fc9d9000000,0x00007fcc6d8e9008,0x00007fcd89000000)
 Metaspace       used 98059K, capacity 99301K, committed 99328K, reserved 100352K
}
Event: 1419,150 GC heap before
{Heap before GC invocations=452 (full 13):
 PSYoungGen      total 21850112K, used 21639490K [0x00007fd483b00000, 0x00007fd9d9000000, 0x00007fd9d9000000)
  eden space 21367808K, 100% used [0x00007fd483b00000,0x00007fd99be00000,0x00007fd99be00000)
  from space 482304K, 56% used [0x00007fd9b9680000,0x00007fd9c9fd09b0,0x00007fd9d6d80000)
  to   space 483840K, 0% used [0x00007fd99be00000,0x00007fd99be00000,0x00007fd9b9680000)
 ParOldGen       total 15466496K, used 10822564K [0x00007fc9d9000000, 0x00007fcd89000000, 0x00007fd483b00000)
  object space 15466496K, 69% used [0x00007fc9d9000000,0x00007fcc6d8e9008,0x00007fcd89000000)
 Metaspace       used 98059K, capacity 99301K, committed 99328K, reserved 100352K
Event: 1419,410 GC heap after
Heap after GC invocations=452 (full 13):
 PSYoungGen      total 21851648K, used 340306K [0x00007fd483b00000, 0x00007fd9d9000000, 0x00007fd9d9000000)
  eden space 21367808K, 0% used [0x00007fd483b00000,0x00007fd483b00000,0x00007fd99be00000)
  from space 483840K, 70% used [0x00007fd99be00000,0x00007fd9b0a549a0,0x00007fd9b9680000)
  to   space 507904K, 0% used [0x00007fd9ba000000,0x00007fd9ba000000,0x00007fd9d9000000)
 ParOldGen       total 15466496K, used 10920499K [0x00007fc9d9000000, 0x00007fcd89000000, 0x00007fd483b00000)
  object space 15466496K, 70% used [0x00007fc9d9000000,0x00007fcc7388ce60,0x00007fcd89000000)
 Metaspace       used 98059K, capacity 99301K, committed 99328K, reserved 100352K
}
Event: 1422,276 GC heap before
{Heap before GC invocations=453 (full 13):
 PSYoungGen      total 21851648K, used 21708114K [0x00007fd483b00000, 0x00007fd9d9000000, 0x00007fd9d9000000)
  eden space 21367808K, 100% used [0x00007fd483b00000,0x00007fd99be00000,0x00007fd99be00000)
  from space 483840K, 70% used [0x00007fd99be00000,0x00007fd9b0a549a0,0x00007fd9b9680000)
  to   space 507904K, 0% used [0x00007fd9ba000000,0x00007fd9ba000000,0x00007fd9d9000000)
 ParOldGen       total 15466496K, used 10920499K [0x00007fc9d9000000, 0x00007fcd89000000, 0x00007fd483b00000)
  object space 15466496K, 70% used [0x00007fc9d9000000,0x00007fcc7388ce60,0x00007fcd89000000)
 Metaspace       used 98059K, capacity 99301K, committed 99328K, reserved 100352K
Event: 1422,579 GC heap after
Heap after GC invocations=453 (full 13):
 PSYoungGen      total 21821440K, used 347159K [0x00007fd483b00000, 0x00007fd9d9000000, 0x00007fd9d9000000)
  eden space 21313536K, 0% used [0x00007fd483b00000,0x00007fd483b00000,0x00007fd998900000)
  from space 507904K, 68% used [0x00007fd9ba000000,0x00007fd9cf305d70,0x00007fd9d9000000)
  to   space 527872K, 0% used [0x00007fd998900000,0x00007fd998900000,0x00007fd9b8c80000)
 ParOldGen       total 15466496K, used 11125259K [0x00007fc9d9000000, 0x00007fcd89000000, 0x00007fd483b00000)
  object space 15466496K, 71% used [0x00007fc9d9000000,0x00007fcc80082cd8,0x00007fcd89000000)
 Metaspace       used 98059K, capacity 99301K, committed 99328K, reserved 100352K
}
Event: 1425,595 GC heap before
{Heap before GC invocations=454 (full 13):
 PSYoungGen      total 21821440K, used 21660695K [0x00007fd483b00000, 0x00007fd9d9000000, 0x00007fd9d9000000)
  eden space 21313536K, 100% used [0x00007fd483b00000,0x00007fd998900000,0x00007fd998900000)
  from space 507904K, 68% used [0x00007fd9ba000000,0x00007fd9cf305d70,0x00007fd9d9000000)
  to   space 527872K, 0% used [0x00007fd998900000,0x00007fd998900000,0x00007fd9b8c80000)
 ParOldGen       total 15466496K, used 11125259K [0x00007fc9d9000000, 0x00007fcd89000000, 0x00007fd483b00000)
  object space 15466496K, 71% used [0x00007fc9d9000000,0x00007fcc80082cd8,0x00007fcd89000000)
 Metaspace       used 98062K, capacity 99301K, committed 99328K, reserved 100352K
Event: 1425,834 GC heap after
Heap after GC invocations=454 (full 13):
 PSYoungGen      total 21841408K, used 270807K [0x00007fd483b00000, 0x00007fd9d8980000, 0x00007fd9d9000000)
  eden space 21313536K, 0% used [0x00007fd483b00000,0x00007fd483b00000,0x00007fd998900000)
  from space 527872K, 51% used [0x00007fd998900000,0x00007fd9a9175d30,0x00007fd9b8c80000)
  to   space 514560K, 0% used [0x00007fd9b9300000,0x00007fd9b9300000,0x00007fd9d8980000)
 ParOldGen       total 15466496K, used 11266634K [0x00007fc9d9000000, 0x00007fcd89000000, 0x00007fd483b00000)
  object space 15466496K, 72% used [0x00007fc9d9000000,0x00007fcc88a92a80,0x00007fcd89000000)
 Metaspace       used 98062K, capacity 99301K, committed 99328K, reserved 100352K
}
Event: 1428,713 GC heap before
{Heap before GC invocations=455 (full 13):
 PSYoungGen      total 21841408K, used 21584343K [0x00007fd483b00000, 0x00007fd9d8980000, 0x00007fd9d9000000)
  eden space 21313536K, 100% used [0x00007fd483b00000,0x00007fd998900000,0x00007fd998900000)
  from space 527872K, 51% used [0x00007fd998900000,0x00007fd9a9175d30,0x00007fd9b8c80000)
  to   space 514560K, 0% used [0x00007fd9b9300000,0x00007fd9b9300000,0x00007fd9d8980000)
 ParOldGen       total 15466496K, used 11266634K [0x00007fc9d9000000, 0x00007fcd89000000, 0x00007fd483b00000)
  object space 15466496K, 72% used [0x00007fc9d9000000,0x00007fcc88a92a80,0x00007fcd89000000)
 Metaspace       used 98062K, capacity 99301K, committed 99328K, reserved 100352K
Event: 1428,863 GC heap after
Heap after GC invocations=455 (full 13):
 PSYoungGen      total 21830656K, used 74176K [0x00007fd483b00000, 0x00007fd9d7f00000, 0x00007fd9d9000000)
  eden space 21326848K, 0% used [0x00007fd483b00000,0x00007fd483b00000,0x00007fd999600000)
  from space 503808K, 14% used [0x00007fd9b9300000,0x00007fd9bdb70390,0x00007fd9d7f00000)
  to   space 512512K, 0% used [0x00007fd999600000,0x00007fd999600000,0x00007fd9b8a80000)
 ParOldGen       total 15466496K, used 11426032K [0x00007fc9d9000000, 0x00007fcd89000000, 0x00007fd483b00000)
  object space 15466496K, 73% used [0x00007fc9d9000000,0x00007fcc9263c250,0x00007fcd89000000)
 Metaspace       used 98062K, capacity 99301K, committed 99328K, reserved 100352K
}
Event: 1431,668 GC heap before
{Heap before GC invocations=456 (full 13):
 PSYoungGen      total 21830656K, used 21401024K [0x00007fd483b00000, 0x00007fd9d7f00000, 0x00007fd9d9000000)
  eden space 21326848K, 100% used [0x00007fd483b00000,0x00007fd999600000,0x00007fd999600000)
  from space 503808K, 14% used [0x00007fd9b9300000,0x00007fd9bdb70390,0x00007fd9d7f00000)
  to   space 512512K, 0% used [0x00007fd999600000,0x00007fd999600000,0x00007fd9b8a80000)
 ParOldGen       total 15466496K, used 11426032K [0x00007fc9d9000000, 0x00007fcd89000000, 0x00007fd483b00000)
  object space 15466496K, 73% used [0x00007fc9d9000000,0x00007fcc9263c250,0x00007fcd89000000)
 Metaspace       used 98062K, capacity 99301K, committed 99328K, reserved 100352K
Event: 1431,788 GC heap after
Heap after GC invocations=456 (full 13):
 PSYoungGen      total 21839360K, used 182143K [0x00007fd483b00000, 0x00007fd9d6980000, 0x00007fd9d9000000)
  eden space 21326848K, 0% used [0x00007fd483b00000,0x00007fd483b00000,0x00007fd999600000)
  from space 512512K, 35% used [0x00007fd999600000,0x00007fd9a47dfc80,0x00007fd9b8a80000)
  to   space 488448K, 0% used [0x00007fd9b8c80000,0x00007fd9b8c80000,0x00007fd9d6980000)
 ParOldGen       total 15466496K, used 11433830K [0x00007fc9d9000000, 0x00007fcd89000000, 0x00007fd483b00000)
  object space 15466496K, 73% used [0x00007fc9d9000000,0x00007fcc92dd98a0,0x00007fcd89000000)
 Metaspace       used 98062K, capacity 99301K, committed 99328K, reserved 100352K
}
Event: 1435,226 GC heap before
{Heap before GC invocations=457 (full 13):
 PSYoungGen      total 21839360K, used 21508991K [0x00007fd483b00000, 0x00007fd9d6980000, 0x00007fd9d9000000)
  eden space 21326848K, 100% used [0x00007fd483b00000,0x00007fd999600000,0x00007fd999600000)
  from space 512512K, 35% used [0x00007fd999600000,0x00007fd9a47dfc80,0x00007fd9b8a80000)
  to   space 488448K, 0% used [0x00007fd9b8c80000,0x00007fd9b8c80000,0x00007fd9d6980000)
 ParOldGen       total 15466496K, used 11433830K [0x00007fc9d9000000, 0x00007fcd89000000, 0x00007fd483b00000)
  object space 15466496K, 73% used [0x00007fc9d9000000,0x00007fcc92dd98a0,0x00007fcd89000000)
 Metaspace       used 98069K, capacity 99301K, committed 99328K, reserved 100352K
Event: 1435,343 GC heap after
Heap after GC invocations=457 (full 13):
 PSYoungGen      total 21846528K, used 108275K [0x00007fd483b00000, 0x00007fd9d6480000, 0x00007fd9d9000000)
  eden space 21363200K, 0% used [0x00007fd483b00000,0x00007fd483b00000,0x00007fd99b980000)
  from space 483328K, 22% used [0x00007fd9b8c80000,0x00007fd9bf63cfb8,0x00007fd9d6480000)
  to   space 478208K, 0% used [0x00007fd99b980000,0x00007fd99b980000,0x00007fd9b8c80000)
 ParOldGen       total 15466496K, used 11488982K [0x00007fc9d9000000, 0x00007fcd89000000, 0x00007fd483b00000)
  object space 15466496K, 74% used [0x00007fc9d9000000,0x00007fcc963b58f0,0x00007fcd89000000)
 Metaspace       used 98069K, capacity 99301K, committed 99328K, reserved 100352K
}
Event: 1438,669 GC heap before
{Heap before GC invocations=458 (full 13):
 PSYoungGen      total 21846528K, used 21471475K [0x00007fd483b00000, 0x00007fd9d6480000, 0x00007fd9d9000000)
  eden space 21363200K, 100% used [0x00007fd483b00000,0x00007fd99b980000,0x00007fd99b980000)
  from space 483328K, 22% used [0x00007fd9b8c80000,0x00007fd9bf63cfb8,0x00007fd9d6480000)
  to   space 478208K, 0% used [0x00007fd99b980000,0x00007fd99b980000,0x00007fd9b8c80000)
 ParOldGen       total 15466496K, used 11497422K [0x00007fc9d9000000, 0x00007fcd89000000, 0x00007fd483b00000)
  object space 15466496K, 74% used [0x00007fc9d9000000,0x00007fcc96bf38c0,0x00007fcd89000000)
 Metaspace       used 98069K, capacity 99301K, committed 99328K, reserved 100352K
Event: 1438,843 GC heap after
Heap after GC invocations=458 (full 13):
 PSYoungGen      total 21841408K, used 308385K [0x00007fd483b00000, 0x00007fd9d9000000, 0x00007fd9d9000000)
  eden space 21363200K, 0% used [0x00007fd483b00000,0x00007fd483b00000,0x00007fd99b980000)
  from space 478208K, 64% used [0x00007fd99b980000,0x00007fd9ae6a86a0,0x00007fd9b8c80000)
  to   space 490496K, 0% used [0x00007fd9bb100000,0x00007fd9bb100000,0x00007fd9d9000000)
 ParOldGen       total 15466496K, used 11549974K [0x00007fc9d9000000, 0x00007fcd89000000, 0x00007fd483b00000)
  object space 15466496K, 74% used [0x00007fc9d9000000,0x00007fcc99f45910,0x00007fcd89000000)
 Metaspace       used 98069K, capacity 99301K, committed 99328K, reserved 100352K
}
Event: 1442,651 GC heap before
{Heap before GC invocations=459 (full 13):
 PSYoungGen      total 21841408K, used 21671585K [0x00007fd483b00000, 0x00007fd9d9000000, 0x00007fd9d9000000)
  eden space 21363200K, 100% used [0x00007fd483b00000,0x00007fd99b980000,0x00007fd99b980000)
  from space 478208K, 64% used [0x00007fd99b980000,0x00007fd9ae6a86a0,0x00007fd9b8c80000)
  to   space 490496K, 0% used [0x00007fd9bb100000,0x00007fd9bb100000,0x00007fd9d9000000)
 ParOldGen       total 15466496K, used 11549975K [0x00007fc9d9000000, 0x00007fcd89000000, 0x00007fd483b00000)
  object space 15466496K, 74% used [0x00007fc9d9000000,0x00007fcc99f45fd8,0x00007fcd89000000)
 Metaspace       used 98073K, capacity 99301K, committed 99328K, reserved 100352K
Event: 1442,835 GC heap after
Heap after GC invocations=459 (full 13):
 PSYoungGen      total 21880320K, used 283751K [0x00007fd483b00000, 0x00007fd9d9000000, 0x00007fd9d9000000)
  eden space 21389824K, 0% used [0x00007fd483b00000,0x00007fd483b00000,0x00007fd99d380000)
  from space 490496K, 57% used [0x00007fd9bb100000,0x00007fd9cc619ff0,0x00007fd9d9000000)
  to   space 488960K, 0% used [0x00007fd99d380000,0x00007fd99d380000,0x00007fd9bb100000)
 ParOldGen       total 15466496K, used 11660028K [0x00007fc9d9000000, 0x00007fcd89000000, 0x00007fd483b00000)
  object space 15466496K, 75% used [0x00007fc9d9000000,0x00007fcca0abf3e0,0x00007fcd89000000)
 Metaspace       used 98073K, capacity 99301K, committed 99328K, reserved 100352K
}
Event: 1445,920 GC heap before
{Heap before GC invocations=460 (full 13):
 PSYoungGen      total 21880320K, used 21673575K [0x00007fd483b00000, 0x00007fd9d9000000, 0x00007fd9d9000000)
  eden space 21389824K, 100% used [0x00007fd483b00000,0x00007fd99d380000,0x00007fd99d380000)
  from space 490496K, 57% used [0x00007fd9bb100000,0x00007fd9cc619ff0,0x00007fd9d9000000)
  to   space 488960K, 0% used [0x00007fd99d380000,0x00007fd99d380000,0x00007fd9bb100000)
 ParOldGen       total 15466496K, used 11660028K [0x00007fc9d9000000, 0x00007fcd89000000, 0x00007fd483b00000)
  object space 15466496K, 75% used [0x00007fc9d9000000,0x00007fcca0abf3e0,0x00007fcd89000000)
 Metaspace       used 98073K, capacity 99301K, committed 99328K, reserved 100352K
Event: 1446,102 GC heap after
Heap after GC invocations=460 (full 13):
 PSYoungGen      total 21672448K, used 282158K [0x00007fd483b00000, 0x00007fd9d8780000, 0x00007fd9d9000000)
  eden space 21389824K, 0% used [0x00007fd483b00000,0x00007fd483b00000,0x00007fd99d380000)
  from space 282624K, 99% used [0x00007fd99d380000,0x00007fd9ae70bbf0,0x00007fd9ae780000)
  to   space 485376K, 0% used [0x00007fd9bad80000,0x00007fd9bad80000,0x00007fd9d8780000)
 ParOldGen       total 15466496K, used 11812383K [0x00007fc9d9000000, 0x00007fcd89000000, 0x00007fd483b00000)
  object space 15466496K, 76% used [0x00007fc9d9000000,0x00007fcca9f87df8,0x00007fcd89000000)
 Metaspace       used 98073K, capacity 99301K, committed 99328K, reserved 100352K
}
Event: 1449,306 GC heap before
{Heap before GC invocations=461 (full 13):
 PSYoungGen      total 21672448K, used 21671982K [0x00007fd483b00000, 0x00007fd9d8780000, 0x00007fd9d9000000)
  eden space 21389824K, 100% used [0x00007fd483b00000,0x00007fd99d380000,0x00007fd99d380000)
  from space 282624K, 99% used [0x00007fd99d380000,0x00007fd9ae70bbf0,0x00007fd9ae780000)
  to   space 485376K, 0% used [0x00007fd9bad80000,0x00007fd9bad80000,0x00007fd9d8780000)
 ParOldGen       total 15466496K, used 11818944K [0x00007fc9d9000000, 0x00007fcd89000000, 0x00007fd483b00000)
  object space 15466496K, 76% used [0x00007fc9d9000000,0x00007fccaa5f03c8,0x00007fcd89000000)
 Metaspace       used 98075K, capacity 99301K, committed 99328K, reserved 100352K
Event: 1449,491 GC heap after
Heap after GC invocations=461 (full 13):
 PSYoungGen      total 21896704K, used 201051K [0x00007fd483b00000, 0x00007fd9d9000000, 0x00007fd9d9000000)
  eden space 21411328K, 0% used [0x00007fd483b00000,0x00007fd483b00000,0x00007fd99e880000)
  from space 485376K, 41% used [0x00007fd9bad80000,0x00007fd9c71d6fd8,0x00007fd9d8780000)
  to   space 463872K, 0% used [0x00007fd99e880000,0x00007fd99e880000,0x00007fd9bad80000)
 ParOldGen       total 15466496K, used 11973134K [0x00007fc9d9000000, 0x00007fcd89000000, 0x00007fd483b00000)
  object space 15466496K, 77% used [0x00007fc9d9000000,0x00007fccb3c83b88,0x00007fcd89000000)
 Metaspace       used 98075K, capacity 99301K, committed 99328K, reserved 100352K
}
Event: 1453,360 GC heap before
{Heap before GC invocations=462 (full 13):
 PSYoungGen      total 21896704K, used 21612379K [0x00007fd483b00000, 0x00007fd9d9000000, 0x00007fd9d9000000)
  eden space 21411328K, 100% used [0x00007fd483b00000,0x00007fd99e880000,0x00007fd99e880000)
  from space 485376K, 41% used [0x00007fd9bad80000,0x00007fd9c71d6fd8,0x00007fd9d8780000)
  to   space 463872K, 0% used [0x00007fd99e880000,0x00007fd99e880000,0x00007fd9bad80000)
 ParOldGen       total 15466496K, used 11973136K [0x00007fc9d9000000, 0x00007fcd89000000, 0x00007fd483b00000)
  object space 15466496K, 77% used [0x00007fc9d9000000,0x00007fccb3c84138,0x00007fcd89000000)
 Metaspace       used 98128K, capacity 99301K, committed 99328K, reserved 100352K
Event: 1453,505 GC heap after
Heap after GC invocations=462 (full 13):
 PSYoungGen      total 21659136K, used 247805K [0x00007fd483b00000, 0x00007fd9d5e00000, 0x00007fd9d9000000)
  eden space 21411328K, 0% used [0x00007fd483b00000,0x00007fd483b00000,0x00007fd99e880000)
  from space 247808K, 99% used [0x00007fd99e880000,0x00007fd9ada7f778,0x00007fd9ada80000)
  to   space 449024K, 0% used [0x00007fd9ba780000,0x00007fd9ba780000,0x00007fd9d5e00000)
 ParOldGen       total 15466496K, used 12025618K [0x00007fc9d9000000, 0x00007fcd89000000, 0x00007fd483b00000)
  object space 15466496K, 77% used [0x00007fc9d9000000,0x00007fccb6fc4998,0x00007fcd89000000)
 Metaspace       used 98128K, capacity 99301K, committed 99328K, reserved 100352K
}
Event: 1456,992 GC heap before
{Heap before GC invocations=463 (full 13):
 PSYoungGen      total 21659136K, used 21659133K [0x00007fd483b00000, 0x00007fd9d5e00000, 0x00007fd9d9000000)
  eden space 21411328K, 100% used [0x00007fd483b00000,0x00007fd99e880000,0x00007fd99e880000)
  from space 247808K, 99% used [0x00007fd99e880000,0x00007fd9ada7f778,0x00007fd9ada80000)
  to   space 449024K, 0% used [0x00007fd9ba780000,0x00007fd9ba780000,0x00007fd9d5e00000)
 ParOldGen       total 15466496K, used 12025618K [0x00007fc9d9000000, 0x00007fcd89000000, 0x00007fd483b00000)
  object space 15466496K, 77% used [0x00007fc9d9000000,0x00007fccb6fc4998,0x00007fcd89000000)
 Metaspace       used 98130K, capacity 99365K, committed 99584K, reserved 100352K
Event: 1457,284 GC heap after
Heap after GC invocations=463 (full 13):
 PSYoungGen      total 21634560K, used 449016K [0x00007fd483b00000, 0x00007fd9d9000000, 0x00007fd9d9000000)
  eden space 21185536K, 0% used [0x00007fd483b00000,0x00007fd483b00000,0x00007fd990c00000)
  from space 449024K, 99% used [0x00007fd9ba780000,0x00007fd9d5dfe328,0x00007fd9d5e00000)
  to   space 591872K, 0% used [0x00007fd990c00000,0x00007fd990c00000,0x00007fd9b4e00000)
 ParOldGen       total 15466496K, used 12248901K [0x00007fc9d9000000, 0x00007fcd89000000, 0x00007fd483b00000)
  object space 15466496K, 79% used [0x00007fc9d9000000,0x00007fccc49d1490,0x00007fcd89000000)
 Metaspace       used 98130K, capacity 99365K, committed 99584K, reserved 100352K
}
Event: 1460,155 GC heap before
{Heap before GC invocations=464 (full 13):
 PSYoungGen      total 21634560K, used 21634552K [0x00007fd483b00000, 0x00007fd9d9000000, 0x00007fd9d9000000)
  eden space 21185536K, 100% used [0x00007fd483b00000,0x00007fd990c00000,0x00007fd990c00000)
  from space 449024K, 99% used [0x00007fd9ba780000,0x00007fd9d5dfe328,0x00007fd9d5e00000)
  to   space 591872K, 0% used [0x00007fd990c00000,0x00007fd990c00000,0x00007fd9b4e00000)
 ParOldGen       total 15466496K, used 12248901K [0x00007fc9d9000000, 0x00007fcd89000000, 0x00007fd483b00000)
  object space 15466496K, 79% used [0x00007fc9d9000000,0x00007fccc49d1490,0x00007fcd89000000)
 Metaspace       used 98130K, capacity 99365K, committed 99584K, reserved 100352K
Event: 1460,418 GC heap after
Heap after GC invocations=464 (full 13):
 PSYoungGen      total 21561856K, used 376263K [0x00007fd483b00000, 0x00007fd9d9000000, 0x00007fd9d9000000)
  eden space 21185536K, 0% used [0x00007fd483b00000,0x00007fd483b00000,0x00007fd990c00000)
  from space 376320K, 99% used [0x00007fd990c00000,0x00007fd9a7b71d58,0x00007fd9a7b80000)
  to   space 599040K, 0% used [0x00007fd9b4700000,0x00007fd9b4700000,0x00007fd9d9000000)
 ParOldGen       total 15466496K, used 12501889K [0x00007fc9d9000000, 0x00007fcd89000000, 0x00007fd483b00000)
  object space 15466496K, 80% used [0x00007fc9d9000000,0x00007fccd40e0408,0x00007fcd89000000)
 Metaspace       used 98130K, capacity 99365K, committed 99584K, reserved 100352K
}
Event: 1463,760 GC heap before
{Heap before GC invocations=465 (full 13):
 PSYoungGen      total 21561856K, used 21561799K [0x00007fd483b00000, 0x00007fd9d9000000, 0x00007fd9d9000000)
  eden space 21185536K, 100% used [0x00007fd483b00000,0x00007fd990c00000,0x00007fd990c00000)
  from space 376320K, 99% used [0x00007fd990c00000,0x00007fd9a7b71d58,0x00007fd9a7b80000)
  to   space 599040K, 0% used [0x00007fd9b4700000,0x00007fd9b4700000,0x00007fd9d9000000)
 ParOldGen       total 15466496K, used 12501889K [0x00007fc9d9000000, 0x00007fcd89000000, 0x00007fd483b00000)
  object space 15466496K, 80% used [0x00007fc9d9000000,0x00007fccd40e0408,0x00007fcd89000000)
 Metaspace       used 98130K, capacity 99365K, committed 99584K, reserved 100352K
Event: 1463,976 GC heap after
Heap after GC invocations=465 (full 13):
 PSYoungGen      total 21774848K, used 121859K [0x00007fd483b00000, 0x00007fd9d9000000, 0x00007fd9d9000000)
  eden space 21175808K, 0% used [0x00007fd483b00000,0x00007fd483b00000,0x00007fd990280000)
  from space 599040K, 20% used [0x00007fd9b4700000,0x00007fd9bbe00cc8,0x00007fd9d9000000)
  to   space 594432K, 0% used [0x00007fd990280000,0x00007fd990280000,0x00007fd9b4700000)
 ParOldGen       total 15466496K, used 12726826K [0x00007fc9d9000000, 0x00007fcd89000000, 0x00007fd483b00000)
  object space 15466496K, 82% used [0x00007fc9d9000000,0x00007fcce1c8aaa0,0x00007fcd89000000)
 Metaspace       used 98130K, capacity 99365K, committed 99584K, reserved 100352K
}
Event: 1467,375 GC heap before
{Heap before GC invocations=466 (full 13):
 PSYoungGen      total 21774848K, used 21297667K [0x00007fd483b00000, 0x00007fd9d9000000, 0x00007fd9d9000000)
  eden space 21175808K, 100% used [0x00007fd483b00000,0x00007fd990280000,0x00007fd990280000)
  from space 599040K, 20% used [0x00007fd9b4700000,0x00007fd9bbe00cc8,0x00007fd9d9000000)
  to   space 594432K, 0% used [0x00007fd990280000,0x00007fd990280000,0x00007fd9b4700000)
 ParOldGen       total 15466496K, used 12726826K [0x00007fc9d9000000, 0x00007fcd89000000, 0x00007fd483b00000)
  object space 15466496K, 82% used [0x00007fc9d9000000,0x00007fcce1c8aaa0,0x00007fcd89000000)
 Metaspace       used 98131K, capacity 99365K, committed 99584K, reserved 100352K
Event: 1467,466 GC heap after
Heap after GC invocations=466 (full 13):
 PSYoungGen      total 21284352K, used 108144K [0x00007fd483b00000, 0x00007fd9d7e80000, 0x00007fd9d9000000)
  eden space 21175808K, 0% used [0x00007fd483b00000,0x00007fd483b00000,0x00007fd990280000)
  from space 108544K, 99% used [0x00007fd990280000,0x00007fd996c1c350,0x00007fd996c80000)
  to   space 587776K, 0% used [0x00007fd9b4080000,0x00007fd9b4080000,0x00007fd9d7e80000)
 ParOldGen       total 15466496K, used 12761796K [0x00007fc9d9000000, 0x00007fcd89000000, 0x00007fd483b00000)
  object space 15466496K, 82% used [0x00007fc9d9000000,0x00007fcce3eb12d8,0x00007fcd89000000)
 Metaspace       used 98131K, capacity 99365K, committed 99584K, reserved 100352K
}
Event: 1470,611 GC heap before
{Heap before GC invocations=467 (full 13):
 PSYoungGen      total 21284352K, used 21283952K [0x00007fd483b00000, 0x00007fd9d7e80000, 0x00007fd9d9000000)
  eden space 21175808K, 100% used [0x00007fd483b00000,0x00007fd990280000,0x00007fd990280000)
  from space 108544K, 99% used [0x00007fd990280000,0x00007fd996c1c350,0x00007fd996c80000)
  to   space 587776K, 0% used [0x00007fd9b4080000,0x00007fd9b4080000,0x00007fd9d7e80000)
 ParOldGen       total 15466496K, used 12761796K [0x00007fc9d9000000, 0x00007fcd89000000, 0x00007fd483b00000)
  object space 15466496K, 82% used [0x00007fc9d9000000,0x00007fcce3eb12d8,0x00007fcd89000000)
 Metaspace       used 98131K, capacity 99365K, committed 99584K, reserved 100352K
Event: 1470,672 GC heap after
Heap after GC invocations=467 (full 13):
 PSYoungGen      total 21770240K, used 90812K [0x00007fd483b00000, 0x00007fd9d9000000, 0x00007fd9d9000000)
  eden space 21182464K, 0% used [0x00007fd483b00000,0x00007fd483b00000,0x00007fd990900000)
  from space 587776K, 15% used [0x00007fd9b4080000,0x00007fd9b992f0c0,0x00007fd9d7e80000)
  to   space 581120K, 0% used [0x00007fd990900000,0x00007fd990900000,0x00007fd9b4080000)
 ParOldGen       total 15466496K, used 12779440K [0x00007fc9d9000000, 0x00007fcd89000000, 0x00007fd483b00000)
  object space 15466496K, 82% used [0x00007fc9d9000000,0x00007fcce4fec018,0x00007fcd89000000)
 Metaspace       used 98131K, capacity 99365K, committed 99584K, reserved 100352K
}
Event: 1473,622 GC heap before
{Heap before GC invocations=468 (full 13):
 PSYoungGen      total 21770240K, used 21273276K [0x00007fd483b00000, 0x00007fd9d9000000, 0x00007fd9d9000000)
  eden space 21182464K, 100% used [0x00007fd483b00000,0x00007fd990900000,0x00007fd990900000)
  from space 587776K, 15% used [0x00007fd9b4080000,0x00007fd9b992f0c0,0x00007fd9d7e80000)
  to   space 581120K, 0% used [0x00007fd990900000,0x00007fd990900000,0x00007fd9b4080000)
 ParOldGen       total 15466496K, used 12779440K [0x00007fc9d9000000, 0x00007fcd89000000, 0x00007fd483b00000)
  object space 15466496K, 82% used [0x00007fc9d9000000,0x00007fcce4fec018,0x00007fcd89000000)
 Metaspace       used 98131K, capacity 99365K, committed 99584K, reserved 100352K
Event: 1473,720 GC heap after
Heap after GC invocations=468 (full 13):
 PSYoungGen      total 21763584K, used 94971K [0x00007fd483b00000, 0x00007fd9d7380000, 0x00007fd9d9000000)
  eden space 21182464K, 0% used [0x00007fd483b00000,0x00007fd483b00000,0x00007fd990900000)
  from space 581120K, 16% used [0x00007fd990900000,0x00007fd9965befe8,0x00007fd9b4080000)
  to   space 569856K, 0% used [0x00007fd9b4700000,0x00007fd9b4700000,0x00007fd9d7380000)
 ParOldGen       total 15466496K, used 12804620K [0x00007fc9d9000000, 0x00007fcd89000000, 0x00007fd483b00000)
  object space 15466496K, 82% used [0x00007fc9d9000000,0x00007fcce68831c0,0x00007fcd89000000)
 Metaspace       used 98131K, capacity 99365K, committed 99584K, reserved 100352K
}
Event: 1476,814 GC heap before
{Heap before GC invocations=469 (full 13):
 PSYoungGen      total 21763584K, used 21277435K [0x00007fd483b00000, 0x00007fd9d7380000, 0x00007fd9d9000000)
  eden space 21182464K, 100% used [0x00007fd483b00000,0x00007fd990900000,0x00007fd990900000)
  from space 581120K, 16% used [0x00007fd990900000,0x00007fd9965befe8,0x00007fd9b4080000)
  to   space 569856K, 0% used [0x00007fd9b4700000,0x00007fd9b4700000,0x00007fd9d7380000)
 ParOldGen       total 15466496K, used 12804620K [0x00007fc9d9000000, 0x00007fcd89000000, 0x00007fd483b00000)
  object space 15466496K, 82% used [0x00007fc9d9000000,0x00007fcce68831c0,0x00007fcd89000000)
 Metaspace       used 98131K, capacity 99365K, committed 99584K, reserved 100352K
Event: 1476,937 GC heap after
Heap after GC invocations=469 (full 13):
 PSYoungGen      total 21756928K, used 157999K [0x00007fd483b00000, 0x00007fd9d5500000, 0x00007fd9d9000000)
  eden space 21218304K, 0% used [0x00007fd483b00000,0x00007fd483b00000,0x00007fd992c00000)
  from space 538624K, 29% used [0x00007fd9b4700000,0x00007fd9be14be88,0x00007fd9d5500000)
  to   space 545280K, 0% used [0x00007fd992c00000,0x00007fd992c00000,0x00007fd9b4080000)
 ParOldGen       total 15466496K, used 12843603K [0x00007fc9d9000000, 0x00007fcd89000000, 0x00007fd483b00000)
  object space 15466496K, 83% used [0x00007fc9d9000000,0x00007fcce8e94c30,0x00007fcd89000000)
 Metaspace       used 98131K, capacity 99365K, committed 99584K, reserved 100352K
}
Event: 1481,182 GC heap before
{Heap before GC invocations=470 (full 13):
 PSYoungGen      total 21756928K, used 21376303K [0x00007fd483b00000, 0x00007fd9d5500000, 0x00007fd9d9000000)
  eden space 21218304K, 100% used [0x00007fd483b00000,0x00007fd992c00000,0x00007fd992c00000)
  from space 538624K, 29% used [0x00007fd9b4700000,0x00007fd9be14be88,0x00007fd9d5500000)
  to   space 545280K, 0% used [0x00007fd992c00000,0x00007fd992c00000,0x00007fd9b4080000)
 ParOldGen       total 15466496K, used 12843603K [0x00007fc9d9000000, 0x00007fcd89000000, 0x00007fd483b00000)
  object space 15466496K, 83% used [0x00007fc9d9000000,0x00007fcce8e94c30,0x00007fcd89000000)
 Metaspace       used 98143K, capacity 99365K, committed 99584K, reserved 100352K
Event: 1481,382 GC heap after
Heap after GC invocations=470 (full 13):
 PSYoungGen      total 21763584K, used 122937K [0x00007fd483b00000, 0x00007fd9d7380000, 0x00007fd9d9000000)
  eden space 21218304K, 0% used [0x00007fd483b00000,0x00007fd483b00000,0x00007fd992c00000)
  from space 545280K, 22% used [0x00007fd992c00000,0x00007fd99a40e5d8,0x00007fd9b4080000)
  to   space 527360K, 0% used [0x00007fd9b7080000,0x00007fd9b7080000,0x00007fd9d7380000)
 ParOldGen       total 15466496K, used 12878048K [0x00007fc9d9000000, 0x00007fcd89000000, 0x00007fd483b00000)
  object space 15466496K, 83% used [0x00007fc9d9000000,0x00007fcceb038338,0x00007fcd89000000)
 Metaspace       used 98143K, capacity 99365K, committed 99584K, reserved 100352K
}
Event: 1485,011 GC heap before
{Heap before GC invocations=471 (full 13):
 PSYoungGen      total 21763584K, used 21341241K [0x00007fd483b00000, 0x00007fd9d7380000, 0x00007fd9d9000000)
  eden space 21218304K, 100% used [0x00007fd483b00000,0x00007fd992c00000,0x00007fd992c00000)
  from space 545280K, 22% used [0x00007fd992c00000,0x00007fd99a40e5d8,0x00007fd9b4080000)
  to   space 527360K, 0% used [0x00007fd9b7080000,0x00007fd9b7080000,0x00007fd9d7380000)
 ParOldGen       total 15466496K, used 12878048K [0x00007fc9d9000000, 0x00007fcd89000000, 0x00007fd483b00000)
  object space 15466496K, 83% used [0x00007fc9d9000000,0x00007fcceb038338,0x00007fcd89000000)
 Metaspace       used 98143K, capacity 99365K, committed 99584K, reserved 100352K
Event: 1485,180 GC heap after
Heap after GC invocations=471 (full 13):
 PSYoungGen      total 21810688K, used 86331K [0x00007fd483b00000, 0x00007fd9d6680000, 0x00007fd9d9000000)
  eden space 21296640K, 0% used [0x00007fd483b00000,0x00007fd483b00000,0x00007fd997880000)
  from space 514048K, 16% used [0x00007fd9b7080000,0x00007fd9bc4ceca8,0x00007fd9d6680000)
  to   space 515072K, 0% used [0x00007fd997880000,0x00007fd997880000,0x00007fd9b6f80000)
 ParOldGen       total 15466496K, used 12945529K [0x00007fc9d9000000, 0x00007fcd89000000, 0x00007fd483b00000)
  object space 15466496K, 83% used [0x00007fc9d9000000,0x00007fccef21e520,0x00007fcd89000000)
 Metaspace       used 98143K, capacity 99365K, committed 99584K, reserved 100352K
}
Event: 1488,714 GC heap before
{Heap before GC invocations=472 (full 13):
 PSYoungGen      total 21810688K, used 21382971K [0x00007fd483b00000, 0x00007fd9d6680000, 0x00007fd9d9000000)
  eden space 21296640K, 100% used [0x00007fd483b00000,0x00007fd997880000,0x00007fd997880000)
  from space 514048K, 16% used [0x00007fd9b7080000,0x00007fd9bc4ceca8,0x00007fd9d6680000)
  to   space 515072K, 0% used [0x00007fd997880000,0x00007fd997880000,0x00007fd9b6f80000)
 ParOldGen       total 15466496K, used 12945529K [0x00007fc9d9000000, 0x00007fcd89000000, 0x00007fd483b00000)
  object space 15466496K, 83% used [0x00007fc9d9000000,0x00007fccef21e520,0x00007fcd89000000)
 Metaspace       used 98143K, capacity 99365K, committed 99584K, reserved 100352K
Event: 1488,805 GC heap after
Heap after GC invocations=472 (full 13):
 PSYoungGen      total 21811712K, used 58648K [0x00007fd483b00000, 0x00007fd9d7f00000, 0x00007fd9d9000000)
  eden space 21296640K, 0% used [0x00007fd483b00000,0x00007fd483b00000,0x00007fd997880000)
  from space 515072K, 11% used [0x00007fd997880000,0x00007fd99b1c6250,0x00007fd9b6f80000)
  to   space 505856K, 0% used [0x00007fd9b9100000,0x00007fd9b9100000,0x00007fd9d7f00000)
 ParOldGen       total 15466496K, used 12974988K [0x00007fc9d9000000, 0x00007fcd89000000, 0x00007fd483b00000)
  object space 15466496K, 83% used [0x00007fc9d9000000,0x00007fccf0ee3198,0x00007fcd89000000)
 Metaspace       used 98143K, capacity 99365K, committed 99584K, reserved 100352K
}
Event: 1492,299 GC heap before
{Heap before GC invocations=473 (full 13):
 PSYoungGen      total 21811712K, used 21355288K [0x00007fd483b00000, 0x00007fd9d7f00000, 0x00007fd9d9000000)
  eden space 21296640K, 100% used [0x00007fd483b00000,0x00007fd997880000,0x00007fd997880000)
  from space 515072K, 11% used [0x00007fd997880000,0x00007fd99b1c6250,0x00007fd9b6f80000)
  to   space 505856K, 0% used [0x00007fd9b9100000,0x00007fd9b9100000,0x00007fd9d7f00000)
 ParOldGen       total 15466496K, used 12974988K [0x00007fc9d9000000, 0x00007fcd89000000, 0x00007fd483b00000)
  object space 15466496K, 83% used [0x00007fc9d9000000,0x00007fccf0ee3198,0x00007fcd89000000)
 Metaspace       used 98143K, capacity 99365K, committed 99584K, reserved 100352K
Event: 1492,505 GC heap after
Heap after GC invocations=473 (full 13):
 PSYoungGen      total 21786624K, used 371459K [0x00007fd483b00000, 0x00007fd9d9000000, 0x00007fd9d9000000)
  eden space 21280768K, 0% used [0x00007fd483b00000,0x00007fd483b00000,0x00007fd996900000)
  from space 505856K, 73% used [0x00007fd9b9100000,0x00007fd9cfbc0dd0,0x00007fd9d7f00000)
  to   space 544256K, 0% used [0x00007fd996900000,0x00007fd996900000,0x00007fd9b7c80000)
 ParOldGen       total 15466496K, used 13003023K [0x00007fc9d9000000, 0x00007fcd89000000, 0x00007fd483b00000)
  object space 15466496K, 84% used [0x00007fc9d9000000,0x00007fccf2a43f98,0x00007fcd89000000)
 Metaspace       used 98143K, capacity 99365K, committed 99584K, reserved 100352K
}
Event: 1496,137 GC heap before
{Heap before GC invocations=474 (full 13):
 PSYoungGen      total 21786624K, used 21652227K [0x00007fd483b00000, 0x00007fd9d9000000, 0x00007fd9d9000000)
  eden space 21280768K, 100% used [0x00007fd483b00000,0x00007fd996900000,0x00007fd996900000)
  from space 505856K, 73% used [0x00007fd9b9100000,0x00007fd9cfbc0dd0,0x00007fd9d7f00000)
  to   space 544256K, 0% used [0x00007fd996900000,0x00007fd996900000,0x00007fd9b7c80000)
 ParOldGen       total 15466496K, used 13003023K [0x00007fc9d9000000, 0x00007fcd89000000, 0x00007fd483b00000)
  object space 15466496K, 84% used [0x00007fc9d9000000,0x00007fccf2a43f98,0x00007fcd89000000)
 Metaspace       used 98143K, capacity 99365K, committed 99584K, reserved 100352K
Event: 1496,411 GC heap after
Heap after GC invocations=474 (full 13):
 PSYoungGen      total 21593088K, used 311995K [0x00007fd483b00000, 0x00007fd9d9000000, 0x00007fd9d9000000)
  eden space 21280768K, 0% used [0x00007fd483b00000,0x00007fd483b00000,0x00007fd996900000)
  from space 312320K, 99% used [0x00007fd996900000,0x00007fd9a99aec40,0x00007fd9a9a00000)
  to   space 551936K, 0% used [0x00007fd9b7500000,0x00007fd9b7500000,0x00007fd9d9000000)
 ParOldGen       total 15466496K, used 13145437K [0x00007fc9d9000000, 0x00007fcd89000000, 0x00007fd483b00000)
  object space 15466496K, 84% used [0x00007fc9d9000000,0x00007fccfb557410,0x00007fcd89000000)
 Metaspace       used 98143K, capacity 99365K, committed 99584K, reserved 100352K
}
Event: 1501,354 GC heap before
{Heap before GC invocations=475 (full 13):
 PSYoungGen      total 21593088K, used 21592763K [0x00007fd483b00000, 0x00007fd9d9000000, 0x00007fd9d9000000)
  eden space 21280768K, 100% used [0x00007fd483b00000,0x00007fd996900000,0x00007fd996900000)
  from space 312320K, 99% used [0x00007fd996900000,0x00007fd9a99aec40,0x00007fd9a9a00000)
  to   space 551936K, 0% used [0x00007fd9b7500000,0x00007fd9b7500000,0x00007fd9d9000000)
 ParOldGen       total 15466496K, used 13145437K [0x00007fc9d9000000, 0x00007fcd89000000, 0x00007fd483b00000)
  object space 15466496K, 84% used [0x00007fc9d9000000,0x00007fccfb557410,0x00007fcd89000000)
 Metaspace       used 98143K, capacity 99365K, committed 99584K, reserved 100352K
Event: 1501,579 GC heap after
Heap after GC invocations=475 (full 13):
 PSYoungGen      total 21819904K, used 21070K [0x00007fd483b00000, 0x00007fd9d9000000, 0x00007fd9d9000000)
  eden space 21267968K, 0% used [0x00007fd483b00000,0x00007fd483b00000,0x00007fd995c80000)
  from space 551936K, 3% used [0x00007fd9b7500000,0x00007fd9b89939e8,0x00007fd9d9000000)
  to   space 549376K, 0% used [0x00007fd995c80000,0x00007fd995c80000,0x00007fd9b7500000)
 ParOldGen       total 15466496K, used 13386599K [0x00007fc9d9000000, 0x00007fcd89000000, 0x00007fd483b00000)
  object space 15466496K, 86% used [0x00007fc9d9000000,0x00007fcd0a0d9ed0,0x00007fcd89000000)
 Metaspace       used 98143K, capacity 99365K, committed 99584K, reserved 100352K
}
Event: 1506,145 GC heap before
{Heap before GC invocations=476 (full 13):
 PSYoungGen      total 21819904K, used 21289038K [0x00007fd483b00000, 0x00007fd9d9000000, 0x00007fd9d9000000)
  eden space 21267968K, 100% used [0x00007fd483b00000,0x00007fd995c80000,0x00007fd995c80000)
  from space 551936K, 3% used [0x00007fd9b7500000,0x00007fd9b89939e8,0x00007fd9d9000000)
  to   space 549376K, 0% used [0x00007fd995c80000,0x00007fd995c80000,0x00007fd9b7500000)
 ParOldGen       total 15466496K, used 13386599K [0x00007fc9d9000000, 0x00007fcd89000000, 0x00007fd483b00000)
  object space 15466496K, 86% used [0x00007fc9d9000000,0x00007fcd0a0d9ed0,0x00007fcd89000000)
 Metaspace       used 98143K, capacity 99365K, committed 99584K, reserved 100352K
Event: 1506,289 GC heap after
Heap after GC invocations=476 (full 13):
 PSYoungGen      total 21384704K, used 116267K [0x00007fd483b00000, 0x00007fd9d6080000, 0x00007fd9d9000000)
  eden space 21267968K, 0% used [0x00007fd483b00000,0x00007fd483b00000,0x00007fd995c80000)
  from space 116736K, 99% used [0x00007fd995c80000,0x00007fd99ce0af40,0x00007fd99ce80000)
  to   space 526336K, 0% used [0x00007fd9b5e80000,0x00007fd9b5e80000,0x00007fd9d6080000)
 ParOldGen       total 15466496K, used 13388005K [0x00007fc9d9000000, 0x00007fcd89000000, 0x00007fd483b00000)
  object space 15466496K, 86% used [0x00007fc9d9000000,0x00007fcd0a239668,0x00007fcd89000000)
 Metaspace       used 98143K, capacity 99365K, committed 99584K, reserved 100352K
}
Event: 1510,348 GC heap before
{Heap before GC invocations=477 (full 13):
 PSYoungGen      total 21384704K, used 21384235K [0x00007fd483b00000, 0x00007fd9d6080000, 0x00007fd9d9000000)
  eden space 21267968K, 100% used [0x00007fd483b00000,0x00007fd995c80000,0x00007fd995c80000)
  from space 116736K, 99% used [0x00007fd995c80000,0x00007fd99ce0af40,0x00007fd99ce80000)
  to   space 526336K, 0% used [0x00007fd9b5e80000,0x00007fd9b5e80000,0x00007fd9d6080000)
 ParOldGen       total 15466496K, used 13388005K [0x00007fc9d9000000, 0x00007fcd89000000, 0x00007fd483b00000)
  object space 15466496K, 86% used [0x00007fc9d9000000,0x00007fcd0a239668,0x00007fcd89000000)
 Metaspace       used 98143K, capacity 99365K, committed 99584K, reserved 100352K
Event: 1510,467 GC heap after
Heap after GC invocations=477 (full 13):
 PSYoungGen      total 21804032K, used 39106K [0x00007fd483b00000, 0x00007fd9d9000000, 0x00007fd9d9000000)
  eden space 21277696K, 0% used [0x00007fd483b00000,0x00007fd483b00000,0x00007fd996600000)
  from space 526336K, 7% used [0x00007fd9b5e80000,0x00007fd9b84b0920,0x00007fd9d6080000)
  to   space 516608K, 0% used [0x00007fd996600000,0x00007fd996600000,0x00007fd9b5e80000)
 ParOldGen       total 15466496K, used 13429885K [0x00007fc9d9000000, 0x00007fcd89000000, 0x00007fd483b00000)
  object space 15466496K, 86% used [0x00007fc9d9000000,0x00007fcd0cb1f6d8,0x00007fcd89000000)
 Metaspace       used 98143K, capacity 99365K, committed 99584K, reserved 100352K
}
Event: 1515,663 GC heap before
{Heap before GC invocations=478 (full 13):
 PSYoungGen      total 21804032K, used 21316802K [0x00007fd483b00000, 0x00007fd9d9000000, 0x00007fd9d9000000)
  eden space 21277696K, 100% used [0x00007fd483b00000,0x00007fd996600000,0x00007fd996600000)
  from space 526336K, 7% used [0x00007fd9b5e80000,0x00007fd9b84b0920,0x00007fd9d6080000)
  to   space 516608K, 0% used [0x00007fd996600000,0x00007fd996600000,0x00007fd9b5e80000)
 ParOldGen       total 15466496K, used 13429885K [0x00007fc9d9000000, 0x00007fcd89000000, 0x00007fd483b00000)
  object space 15466496K, 86% used [0x00007fc9d9000000,0x00007fcd0cb1f6d8,0x00007fcd89000000)
 Metaspace       used 98143K, capacity 99365K, committed 99584K, reserved 100352K
Event: 1515,784 GC heap after
Heap after GC invocations=478 (full 13):
 PSYoungGen      total 21794304K, used 40047K [0x00007fd483b00000, 0x00007fd9d6d80000, 0x00007fd9d9000000)
  eden space 21277696K, 0% used [0x00007fd483b00000,0x00007fd483b00000,0x00007fd996600000)
  from space 516608K, 7% used [0x00007fd996600000,0x00007fd998d1bdf8,0x00007fd9b5e80000)
  to   space 503808K, 0% used [0x00007fd9b8180000,0x00007fd9b8180000,0x00007fd9d6d80000)
 ParOldGen       total 15466496K, used 13446531K [0x00007fc9d9000000, 0x00007fcd89000000, 0x00007fd483b00000)
  object space 15466496K, 86% used [0x00007fc9d9000000,0x00007fcd0db60d40,0x00007fcd89000000)
 Metaspace       used 98143K, capacity 99365K, committed 99584K, reserved 100352K
}
Event: 1520,723 GC heap before
{Heap before GC invocations=479 (full 13):
 PSYoungGen      total 21794304K, used 21317743K [0x00007fd483b00000, 0x00007fd9d6d80000, 0x00007fd9d9000000)
  eden space 21277696K, 100% used [0x00007fd483b00000,0x00007fd996600000,0x00007fd996600000)
  from space 516608K, 7% used [0x00007fd996600000,0x00007fd998d1bdf8,0x00007fd9b5e80000)
  to   space 503808K, 0% used [0x00007fd9b8180000,0x00007fd9b8180000,0x00007fd9d6d80000)
 ParOldGen       total 15466496K, used 13446531K [0x00007fc9d9000000, 0x00007fcd89000000, 0x00007fd483b00000)
  object space 15466496K, 86% used [0x00007fc9d9000000,0x00007fcd0db60d40,0x00007fcd89000000)
 Metaspace       used 98143K, capacity 99365K, committed 99584K, reserved 100352K
Event: 1520,796 GC heap after
Heap after GC invocations=479 (full 13):
 PSYoungGen      total 21827072K, used 94112K [0x00007fd483b00000, 0x00007fd9d5480000, 0x00007fd9d9000000)
  eden space 21348864K, 0% used [0x00007fd483b00000,0x00007fd483b00000,0x00007fd99ab80000)
  from space 478208K, 19% used [0x00007fd9b8180000,0x00007fd9bdd681a8,0x00007fd9d5480000)
  to   space 479744K, 0% used [0x00007fd99ab80000,0x00007fd99ab80000,0x00007fd9b8000000)
 ParOldGen       total 15466496K, used 13463505K [0x00007fc9d9000000, 0x00007fcd89000000, 0x00007fd483b00000)
  object space 15466496K, 87% used [0x00007fc9d9000000,0x00007fcd0ebf45b8,0x00007fcd89000000)
 Metaspace       used 98143K, capacity 99365K, committed 99584K, reserved 100352K
}
Event: 1525,444 GC heap before
{Heap before GC invocations=480 (full 13):
 PSYoungGen      total 21827072K, used 21442976K [0x00007fd483b00000, 0x00007fd9d5480000, 0x00007fd9d9000000)
  eden space 21348864K, 100% used [0x00007fd483b00000,0x00007fd99ab80000,0x00007fd99ab80000)
  from space 478208K, 19% used [0x00007fd9b8180000,0x00007fd9bdd681a8,0x00007fd9d5480000)
  to   space 479744K, 0% used [0x00007fd99ab80000,0x00007fd99ab80000,0x00007fd9b8000000)
 ParOldGen       total 15466496K, used 13463505K [0x00007fc9d9000000, 0x00007fcd89000000, 0x00007fd483b00000)
  object space 15466496K, 87% used [0x00007fc9d9000000,0x00007fcd0ebf45b8,0x00007fcd89000000)
 Metaspace       used 98143K, capacity 99365K, committed 99584K, reserved 100352K
Event: 1525,528 GC heap after
Heap after GC invocations=480 (full 13):
 PSYoungGen      total 21828608K, used 59926K [0x00007fd483b00000, 0x00007fd9d6e80000, 0x00007fd9d9000000)
  eden space 21348864K, 0% used [0x00007fd483b00000,0x00007fd483b00000,0x00007fd99ab80000)
  from space 479744K, 12% used [0x00007fd99ab80000,0x00007fd99e605a70,0x00007fd9b8000000)
  to   space 461824K, 0% used [0x00007fd9bab80000,0x00007fd9bab80000,0x00007fd9d6e80000)
 ParOldGen       total 15466496K, used 13529225K [0x00007fc9d9000000, 0x00007fcd89000000, 0x00007fd483b00000)
  object space 15466496K, 87% used [0x00007fc9d9000000,0x00007fcd12c22618,0x00007fcd89000000)
 Metaspace       used 98143K, capacity 99365K, committed 99584K, reserved 100352K
}
Event: 1530,063 GC heap before
{Heap before GC invocations=481 (full 13):
 PSYoungGen      total 21828608K, used 21408790K [0x00007fd483b00000, 0x00007fd9d6e80000, 0x00007fd9d9000000)
  eden space 21348864K, 100% used [0x00007fd483b00000,0x00007fd99ab80000,0x00007fd99ab80000)
  from space 479744K, 12% used [0x00007fd99ab80000,0x00007fd99e605a70,0x00007fd9b8000000)
  to   space 461824K, 0% used [0x00007fd9bab80000,0x00007fd9bab80000,0x00007fd9d6e80000)
 ParOldGen       total 15466496K, used 13529225K [0x00007fc9d9000000, 0x00007fcd89000000, 0x00007fd483b00000)
  object space 15466496K, 87% used [0x00007fc9d9000000,0x00007fcd12c22618,0x00007fcd89000000)
 Metaspace       used 98143K, capacity 99365K, committed 99584K, reserved 100352K
Event: 1530,156 GC heap after
Heap after GC invocations=481 (full 13):
 PSYoungGen      total 21876224K, used 31021K [0x00007fd483b00000, 0x00007fd9d6480000, 0x00007fd9d9000000)
  eden space 21424640K, 0% used [0x00007fd483b00000,0x00007fd483b00000,0x00007fd99f580000)
  from space 451584K, 6% used [0x00007fd9bab80000,0x00007fd9bc9cb458,0x00007fd9d6480000)
  to   space 448512K, 0% used [0x00007fd99f580000,0x00007fd99f580000,0x00007fd9bab80000)
 ParOldGen       total 15466496K, used 13562041K [0x00007fc9d9000000, 0x00007fcd89000000, 0x00007fd483b00000)
  object space 15466496K, 87% used [0x00007fc9d9000000,0x00007fcd14c2e648,0x00007fcd89000000)
 Metaspace       used 98143K, capacity 99365K, committed 99584K, reserved 100352K
}
Event: 1534,649 GC heap before
{Heap before GC invocations=482 (full 13):
 PSYoungGen      total 21876224K, used 21455661K [0x00007fd483b00000, 0x00007fd9d6480000, 0x00007fd9d9000000)
  eden space 21424640K, 100% used [0x00007fd483b00000,0x00007fd99f580000,0x00007fd99f580000)
  from space 451584K, 6% used [0x00007fd9bab80000,0x00007fd9bc9cb458,0x00007fd9d6480000)
  to   space 448512K, 0% used [0x00007fd99f580000,0x00007fd99f580000,0x00007fd9bab80000)
 ParOldGen       total 15466496K, used 13562041K [0x00007fc9d9000000, 0x00007fcd89000000, 0x00007fd483b00000)
  object space 15466496K, 87% used [0x00007fc9d9000000,0x00007fcd14c2e648,0x00007fcd89000000)
 Metaspace       used 98143K, capacity 99365K, committed 99584K, reserved 100352K
Event: 1534,731 GC heap after
Heap after GC invocations=482 (full 13):
 PSYoungGen      total 21873152K, used 33847K [0x00007fd483b00000, 0x00007fd9d6f00000, 0x00007fd9d9000000)
  eden space 21424640K, 0% used [0x00007fd483b00000,0x00007fd483b00000,0x00007fd99f580000)
  from space 448512K, 7% used [0x00007fd99f580000,0x00007fd9a168ded0,0x00007fd9bab80000)
  to   space 433152K, 0% used [0x00007fd9bc800000,0x00007fd9bc800000,0x00007fd9d6f00000)
 ParOldGen       total 15466496K, used 13594986K [0x00007fc9d9000000, 0x00007fcd89000000, 0x00007fd483b00000)
  object space 15466496K, 87% used [0x00007fc9d9000000,0x00007fcd16c5a888,0x00007fcd89000000)
 Metaspace       used 98143K, capacity 99365K, committed 99584K, reserved 100352K
}
Event: 1539,216 GC heap before
{Heap before GC invocations=483 (full 13):
 PSYoungGen      total 21873152K, used 21458487K [0x00007fd483b00000, 0x00007fd9d6f00000, 0x00007fd9d9000000)
  eden space 21424640K, 100% used [0x00007fd483b00000,0x00007fd99f580000,0x00007fd99f580000)
  from space 448512K, 7% used [0x00007fd99f580000,0x00007fd9a168ded0,0x00007fd9bab80000)
  to   space 433152K, 0% used [0x00007fd9bc800000,0x00007fd9bc800000,0x00007fd9d6f00000)
 ParOldGen       total 15466496K, used 13594986K [0x00007fc9d9000000, 0x00007fcd89000000, 0x00007fd483b00000)
  object space 15466496K, 87% used [0x00007fc9d9000000,0x00007fcd16c5a888,0x00007fcd89000000)
 Metaspace       used 98143K, capacity 99365K, committed 99584K, reserved 100352K
Event: 1539,303 GC heap after
Heap after GC invocations=483 (full 13):
 PSYoungGen      total 21906432K, used 19407K [0x00007fd483b00000, 0x00007fd9d6500000, 0x00007fd9d9000000)
  eden space 21483520K, 0% used [0x00007fd483b00000,0x00007fd483b00000,0x00007fd9a2f00000)
  from space 422912K, 4% used [0x00007fd9bc800000,0x00007fd9bdaf3cc0,0x00007fd9d6500000)
  to   space 418816K, 0% used [0x00007fd9a2f00000,0x00007fd9a2f00000,0x00007fd9bc800000)
 ParOldGen       total 15466496K, used 13611394K [0x00007fc9d9000000, 0x00007fcd89000000, 0x00007fd483b00000)
  object space 15466496K, 88% used [0x00007fc9d9000000,0x00007fcd17c608b8,0x00007fcd89000000)
 Metaspace       used 98143K, capacity 99365K, committed 99584K, reserved 100352K
}
Event: 1543,820 GC heap before
{Heap before GC invocations=484 (full 13):
 PSYoungGen      total 21906432K, used 21502927K [0x00007fd483b00000, 0x00007fd9d6500000, 0x00007fd9d9000000)
  eden space 21483520K, 100% used [0x00007fd483b00000,0x00007fd9a2f00000,0x00007fd9a2f00000)
  from space 422912K, 4% used [0x00007fd9bc800000,0x00007fd9bdaf3cc0,0x00007fd9d6500000)
  to   space 418816K, 0% used [0x00007fd9a2f00000,0x00007fd9a2f00000,0x00007fd9bc800000)
 ParOldGen       total 15466496K, used 13611394K [0x00007fc9d9000000, 0x00007fcd89000000, 0x00007fd483b00000)
  object space 15466496K, 88% used [0x00007fc9d9000000,0x00007fcd17c608b8,0x00007fcd89000000)
 Metaspace       used 98143K, capacity 99365K, committed 99584K, reserved 100352K
Event: 1543,920 GC heap after
Heap after GC invocations=484 (full 13):
 PSYoungGen      total 21902336K, used 18416K [0x00007fd483b00000, 0x00007fd9d6e00000, 0x00007fd9d9000000)
  eden space 21483520K, 0% used [0x00007fd483b00000,0x00007fd483b00000,0x00007fd9a2f00000)
  from space 418816K, 4% used [0x00007fd9a2f00000,0x00007fd9a40fc170,0x00007fd9bc800000)
  to   space 403456K, 0% used [0x00007fd9be400000,0x00007fd9be400000,0x00007fd9d6e00000)
 ParOldGen       total 15466496K, used 13615144K [0x00007fc9d9000000, 0x00007fcd89000000, 0x00007fd483b00000)
  object space 15466496K, 88% used [0x00007fc9d9000000,0x00007fcd1800a130,0x00007fcd89000000)
 Metaspace       used 98143K, capacity 99365K, committed 99584K, reserved 100352K
}
Event: 1548,441 GC heap before
{Heap before GC invocations=485 (full 13):
 PSYoungGen      total 21902336K, used 21501936K [0x00007fd483b00000, 0x00007fd9d6e00000, 0x00007fd9d9000000)
  eden space 21483520K, 100% used [0x00007fd483b00000,0x00007fd9a2f00000,0x00007fd9a2f00000)
  from space 418816K, 4% used [0x00007fd9a2f00000,0x00007fd9a40fc170,0x00007fd9bc800000)
  to   space 403456K, 0% used [0x00007fd9be400000,0x00007fd9be400000,0x00007fd9d6e00000)
 ParOldGen       total 15466496K, used 13615144K [0x00007fc9d9000000, 0x00007fcd89000000, 0x00007fd483b00000)
  object space 15466496K, 88% used [0x00007fc9d9000000,0x00007fcd1800a130,0x00007fcd89000000)
 Metaspace       used 98143K, capacity 99365K, committed 99584K, reserved 100352K
Event: 1548,540 GC heap after
Heap after GC invocations=485 (full 13):
 PSYoungGen      total 21933568K, used 22491K [0x00007fd483b00000, 0x00007fd9d6000000, 0x00007fd9d9000000)
  eden space 21544448K, 0% used [0x00007fd483b00000,0x00007fd483b00000,0x00007fd9a6a80000)
  from space 389120K, 5% used [0x00007fd9be400000,0x00007fd9bf9f6c00,0x00007fd9d6000000)
  to   space 386560K, 0% used [0x00007fd9a6a80000,0x00007fd9a6a80000,0x00007fd9be400000)
 ParOldGen       total 15466496K, used 13615958K [0x00007fc9d9000000, 0x00007fcd89000000, 0x00007fd483b00000)
  object space 15466496K, 88% used [0x00007fc9d9000000,0x00007fcd180d5af8,0x00007fcd89000000)
 Metaspace       used 98143K, capacity 99365K, committed 99584K, reserved 100352K
}
Event: 1553,006 GC heap before
{Heap before GC invocations=486 (full 13):
 PSYoungGen      total 21933568K, used 21566939K [0x00007fd483b00000, 0x00007fd9d6000000, 0x00007fd9d9000000)
  eden space 21544448K, 100% used [0x00007fd483b00000,0x00007fd9a6a80000,0x00007fd9a6a80000)
  from space 389120K, 5% used [0x00007fd9be400000,0x00007fd9bf9f6c00,0x00007fd9d6000000)
  to   space 386560K, 0% used [0x00007fd9a6a80000,0x00007fd9a6a80000,0x00007fd9be400000)
 ParOldGen       total 15466496K, used 13615958K [0x00007fc9d9000000, 0x00007fcd89000000, 0x00007fd483b00000)
  object space 15466496K, 88% used [0x00007fc9d9000000,0x00007fcd180d5af8,0x00007fcd89000000)
 Metaspace       used 98143K, capacity 99365K, committed 99584K, reserved 100352K
Event: 1553,112 GC heap after
Heap after GC invocations=486 (full 13):
 PSYoungGen      total 21931008K, used 101510K [0x00007fd483b00000, 0x00007fd9d5a80000, 0x00007fd9d9000000)
  eden space 21544448K, 0% used [0x00007fd483b00000,0x00007fd483b00000,0x00007fd9a6a80000)
  from space 386560K, 26% used [0x00007fd9a6a80000,0x00007fd9acda1870,0x00007fd9be400000)
  to   space 360448K, 0% used [0x00007fd9bfa80000,0x00007fd9bfa80000,0x00007fd9d5a80000)
 ParOldGen       total 15466496K, used 13615982K [0x00007fc9d9000000, 0x00007fcd89000000, 0x00007fd483b00000)
  object space 15466496K, 88% used [0x00007fc9d9000000,0x00007fcd180dbaf8,0x00007fcd89000000)
 Metaspace       used 98143K, capacity 99365K, committed 99584K, reserved 100352K
}
Event: 1557,196 GC heap before
{Heap before GC invocations=487 (full 13):
 PSYoungGen      total 21931008K, used 21645958K [0x00007fd483b00000, 0x00007fd9d5a80000, 0x00007fd9d9000000)
  eden space 21544448K, 100% used [0x00007fd483b00000,0x00007fd9a6a80000,0x00007fd9a6a80000)
  from space 386560K, 26% used [0x00007fd9a6a80000,0x00007fd9acda1870,0x00007fd9be400000)
  to   space 360448K, 0% used [0x00007fd9bfa80000,0x00007fd9bfa80000,0x00007fd9d5a80000)
 ParOldGen       total 15466496K, used 13615982K [0x00007fc9d9000000, 0x00007fcd89000000, 0x00007fd483b00000)
  object space 15466496K, 88% used [0x00007fc9d9000000,0x00007fcd180dbaf8,0x00007fcd89000000)
 Metaspace       used 98143K, capacity 99365K, committed 99584K, reserved 100352K
Event: 1557,274 GC heap after
Heap after GC invocations=487 (full 13):
 PSYoungGen      total 21966848K, used 31190K [0x00007fd483b00000, 0x00007fd9d5780000, 0x00007fd9d9000000)
  eden space 21609472K, 0% used [0x00007fd483b00000,0x00007fd483b00000,0x00007fd9aaa00000)
  from space 357376K, 8% used [0x00007fd9bfa80000,0x00007fd9c18f5ad8,0x00007fd9d5780000)
  to   space 344576K, 0% used [0x00007fd9aaa00000,0x00007fd9aaa00000,0x00007fd9bfa80000)
 ParOldGen       total 15466496K, used 13685354K [0x00007fc9d9000000, 0x00007fcd89000000, 0x00007fd483b00000)
  object space 15466496K, 88% used [0x00007fc9d9000000,0x00007fcd1c49aaf8,0x00007fcd89000000)
 Metaspace       used 98143K, capacity 99365K, committed 99584K, reserved 100352K
}
Event: 1561,215 GC heap before
{Heap before GC invocations=488 (full 13):
 PSYoungGen      total 21966848K, used 21640662K [0x00007fd483b00000, 0x00007fd9d5780000, 0x00007fd9d9000000)
  eden space 21609472K, 100% used [0x00007fd483b00000,0x00007fd9aaa00000,0x00007fd9aaa00000)
  from space 357376K, 8% used [0x00007fd9bfa80000,0x00007fd9c18f5ad8,0x00007fd9d5780000)
  to   space 344576K, 0% used [0x00007fd9aaa00000,0x00007fd9aaa00000,0x00007fd9bfa80000)
 ParOldGen       total 15466496K, used 13685354K [0x00007fc9d9000000, 0x00007fcd89000000, 0x00007fd483b00000)
  object space 15466496K, 88% used [0x00007fc9d9000000,0x00007fcd1c49aaf8,0x00007fcd89000000)
 Metaspace       used 98171K, capacity 99365K, committed 99584K, reserved 100352K
Event: 1561,312 GC heap after
Heap after GC invocations=488 (full 13):
 PSYoungGen      total 21954048K, used 56693K [0x00007fd483b00000, 0x00007fd9d5b80000, 0x00007fd9d9000000)
  eden space 21609472K, 0% used [0x00007fd483b00000,0x00007fd483b00000,0x00007fd9aaa00000)
  from space 344576K, 16% used [0x00007fd9aaa00000,0x00007fd9ae15d650,0x00007fd9bfa80000)
  to   space 324096K, 0% used [0x00007fd9c1f00000,0x00007fd9c1f00000,0x00007fd9d5b80000)
 ParOldGen       total 15466496K, used 13685550K [0x00007fc9d9000000, 0x00007fcd89000000, 0x00007fd483b00000)
  object space 15466496K, 88% used [0x00007fc9d9000000,0x00007fcd1c4cb990,0x00007fcd89000000)
 Metaspace       used 98171K, capacity 99365K, committed 99584K, reserved 100352K
}
Event: 1565,739 GC heap before
{Heap before GC invocations=489 (full 13):
 PSYoungGen      total 21954048K, used 21666165K [0x00007fd483b00000, 0x00007fd9d5b80000, 0x00007fd9d9000000)
  eden space 21609472K, 100% used [0x00007fd483b00000,0x00007fd9aaa00000,0x00007fd9aaa00000)
  from space 344576K, 16% used [0x00007fd9aaa00000,0x00007fd9ae15d650,0x00007fd9bfa80000)
  to   space 324096K, 0% used [0x00007fd9c1f00000,0x00007fd9c1f00000,0x00007fd9d5b80000)
 ParOldGen       total 15466496K, used 13685550K [0x00007fc9d9000000, 0x00007fcd89000000, 0x00007fd483b00000)
  object space 15466496K, 88% used [0x00007fc9d9000000,0x00007fcd1c4cb990,0x00007fcd89000000)
 Metaspace       used 98171K, capacity 99365K, committed 99584K, reserved 100352K
Event: 1565,831 GC heap after
Heap after GC invocations=489 (full 13):
 PSYoungGen      total 22004736K, used 23930K [0x00007fd483b00000, 0x00007fd9d6200000, 0x00007fd9d9000000)
  eden space 21680640K, 0% used [0x00007fd483b00000,0x00007fd483b00000,0x00007fd9aef80000)
  from space 324096K, 7% used [0x00007fd9c1f00000,0x00007fd9c365e850,0x00007fd9d5b80000)
  to   space 310784K, 0% used [0x00007fd9aef80000,0x00007fd9aef80000,0x00007fd9c1f00000)
 ParOldGen       total 15466496K, used 13719045K [0x00007fc9d9000000, 0x00007fcd89000000, 0x00007fd483b00000)
  object space 15466496K, 88% used [0x00007fc9d9000000,0x00007fcd1e581518,0x00007fcd89000000)
 Metaspace       used 98171K, capacity 99365K, committed 99584K, reserved 100352K
}
Event: 1570,260 GC heap before
{Heap before GC invocations=490 (full 13):
 PSYoungGen      total 22004736K, used 21704570K [0x00007fd483b00000, 0x00007fd9d6200000, 0x00007fd9d9000000)
  eden space 21680640K, 100% used [0x00007fd483b00000,0x00007fd9aef80000,0x00007fd9aef80000)
  from space 324096K, 7% used [0x00007fd9c1f00000,0x00007fd9c365e850,0x00007fd9d5b80000)
  to   space 310784K, 0% used [0x00007fd9aef80000,0x00007fd9aef80000,0x00007fd9c1f00000)
 ParOldGen       total 15466496K, used 13719045K [0x00007fc9d9000000, 0x00007fcd89000000, 0x00007fd483b00000)
  object space 15466496K, 88% used [0x00007fc9d9000000,0x00007fcd1e581518,0x00007fcd89000000)
 Metaspace       used 98171K, capacity 99365K, committed 99584K, reserved 100352K
Event: 1570,339 GC heap after
Heap after GC invocations=490 (full 13):
 PSYoungGen      total 21991424K, used 67987K [0x00007fd483b00000, 0x00007fd9d5900000, 0x00007fd9d9000000)
  eden space 21680640K, 0% used [0x00007fd483b00000,0x00007fd483b00000,0x00007fd9aef80000)
  from space 310784K, 21% used [0x00007fd9aef80000,0x00007fd9b31e4ce0,0x00007fd9c1f00000)
  to   space 289280K, 0% used [0x00007fd9c3e80000,0x00007fd9c3e80000,0x00007fd9d5900000)
 ParOldGen       total 15466496K, used 13719300K [0x00007fc9d9000000, 0x00007fcd89000000, 0x00007fd483b00000)
  object space 15466496K, 88% used [0x00007fc9d9000000,0x00007fcd1e5c1160,0x00007fcd89000000)
 Metaspace       used 98171K, capacity 99365K, committed 99584K, reserved 100352K
}
Event: 1574,588 GC heap before
{Heap before GC invocations=491 (full 13):
 PSYoungGen      total 21991424K, used 21748627K [0x00007fd483b00000, 0x00007fd9d5900000, 0x00007fd9d9000000)
  eden space 21680640K, 100% used [0x00007fd483b00000,0x00007fd9aef80000,0x00007fd9aef80000)
  from space 310784K, 21% used [0x00007fd9aef80000,0x00007fd9b31e4ce0,0x00007fd9c1f00000)
  to   space 289280K, 0% used [0x00007fd9c3e80000,0x00007fd9c3e80000,0x00007fd9d5900000)
 ParOldGen       total 15466496K, used 13719300K [0x00007fc9d9000000, 0x00007fcd89000000, 0x00007fd483b00000)
  object space 15466496K, 88% used [0x00007fc9d9000000,0x00007fcd1e5c1160,0x00007fcd89000000)
 Metaspace       used 98171K, capacity 99365K, committed 99584K, reserved 100352K
Event: 1574,665 GC heap after
Heap after GC invocations=491 (full 13):
 PSYoungGen      total 22038528K, used 80844K [0x00007fd483b00000, 0x00007fd9d5400000, 0x00007fd9d9000000)
  eden space 21754368K, 0% used [0x00007fd483b00000,0x00007fd483b00000,0x00007fd9b3780000)
  from space 284160K, 28% used [0x00007fd9c3e80000,0x00007fd9c8d73390,0x00007fd9d5400000)
  to   space 269312K, 0% used [0x00007fd9b3780000,0x00007fd9b3780000,0x00007fd9c3e80000)
 ParOldGen       total 15466496K, used 13785028K [0x00007fc9d9000000, 0x00007fcd89000000, 0x00007fd483b00000)
  object space 15466496K, 89% used [0x00007fc9d9000000,0x00007fcd225f11c0,0x00007fcd89000000)
 Metaspace       used 98171K, capacity 99365K, committed 99584K, reserved 100352K
}
Event: 1579,271 GC heap before
{Heap before GC invocations=492 (full 13):
 PSYoungGen      total 22038528K, used 21835212K [0x00007fd483b00000, 0x00007fd9d5400000, 0x00007fd9d9000000)
  eden space 21754368K, 100% used [0x00007fd483b00000,0x00007fd9b3780000,0x00007fd9b3780000)
  from space 284160K, 28% used [0x00007fd9c3e80000,0x00007fd9c8d73390,0x00007fd9d5400000)
  to   space 269312K, 0% used [0x00007fd9b3780000,0x00007fd9b3780000,0x00007fd9c3e80000)
 ParOldGen       total 15466496K, used 13785028K [0x00007fc9d9000000, 0x00007fcd89000000, 0x00007fd483b00000)
  object space 15466496K, 89% used [0x00007fc9d9000000,0x00007fcd225f11c0,0x00007fcd89000000)
 Metaspace       used 98171K, capacity 99365K, committed 99584K, reserved 100352K
Event: 1579,376 GC heap after
Heap after GC invocations=492 (full 13):
 PSYoungGen      total 22023680K, used 14976K [0x00007fd483b00000, 0x00007fd9d7180000, 0x00007fd9d9000000)
  eden space 21754368K, 0% used [0x00007fd483b00000,0x00007fd483b00000,0x00007fd9b3780000)
  from space 269312K, 5% used [0x00007fd9b3780000,0x00007fd9b4620150,0x00007fd9c3e80000)
  to   space 261120K, 0% used [0x00007fd9c7280000,0x00007fd9c7280000,0x00007fd9d7180000)
 ParOldGen       total 15466496K, used 13850636K [0x00007fc9d9000000, 0x00007fcd89000000, 0x00007fd483b00000)
  object space 15466496K, 89% used [0x00007fc9d9000000,0x00007fcd26603220,0x00007fcd89000000)
 Metaspace       used 98171K, capacity 99365K, committed 99584K, reserved 100352K
}
Event: 1583,648 GC heap before
{Heap before GC invocations=493 (full 13):
 PSYoungGen      total 22023680K, used 21769344K [0x00007fd483b00000, 0x00007fd9d7180000, 0x00007fd9d9000000)
  eden space 21754368K, 100% used [0x00007fd483b00000,0x00007fd9b3780000,0x00007fd9b3780000)
  from space 269312K, 5% used [0x00007fd9b3780000,0x00007fd9b4620150,0x00007fd9c3e80000)
  to   space 261120K, 0% used [0x00007fd9c7280000,0x00007fd9c7280000,0x00007fd9d7180000)
 ParOldGen       total 15466496K, used 13850636K [0x00007fc9d9000000, 0x00007fcd89000000, 0x00007fd483b00000)
  object space 15466496K, 89% used [0x00007fc9d9000000,0x00007fcd26603220,0x00007fcd89000000)
 Metaspace       used 98171K, capacity 99365K, committed 99584K, reserved 100352K
Event: 1583,763 GC heap after
Heap after GC invocations=493 (full 13):
 PSYoungGen      total 22088192K, used 23725K [0x00007fd483b00000, 0x00007fd9d7200000, 0x00007fd9d9000000)
  eden space 21827072K, 0% used [0x00007fd483b00000,0x00007fd483b00000,0x00007fd9b7e80000)
  from space 261120K, 9% used [0x00007fd9c7280000,0x00007fd9c89ab6b8,0x00007fd9d7180000)
  to   space 249856K, 0% used [0x00007fd9b7e80000,0x00007fd9b7e80000,0x00007fd9c7280000)
 ParOldGen       total 15466496K, used 13850652K [0x00007fc9d9000000, 0x00007fcd89000000, 0x00007fd483b00000)
  object space 15466496K, 89% used [0x00007fc9d9000000,0x00007fcd26607220,0x00007fcd89000000)
 Metaspace       used 98171K, capacity 99365K, committed 99584K, reserved 100352K
}
Event: 1587,890 GC heap before
{Heap before GC invocations=494 (full 13):
 PSYoungGen      total 22088192K, used 21850797K [0x00007fd483b00000, 0x00007fd9d7200000, 0x00007fd9d9000000)
  eden space 21827072K, 100% used [0x00007fd483b00000,0x00007fd9b7e80000,0x00007fd9b7e80000)
  from space 261120K, 9% used [0x00007fd9c7280000,0x00007fd9c89ab6b8,0x00007fd9d7180000)
  to   space 249856K, 0% used [0x00007fd9b7e80000,0x00007fd9b7e80000,0x00007fd9c7280000)
 ParOldGen       total 15466496K, used 13850652K [0x00007fc9d9000000, 0x00007fcd89000000, 0x00007fd483b00000)
  object space 15466496K, 89% used [0x00007fc9d9000000,0x00007fcd26607220,0x00007fcd89000000)
 Metaspace       used 98171K, capacity 99365K, committed 99584K, reserved 100352K
Event: 1588,035 GC heap after
Heap after GC invocations=494 (full 13):
 PSYoungGen      total 22076928K, used 33749K [0x00007fd483b00000, 0x00007fd9d6d00000, 0x00007fd9d9000000)
  eden space 21827072K, 0% used [0x00007fd483b00000,0x00007fd483b00000,0x00007fd9b7e80000)
  from space 249856K, 13% used [0x00007fd9b7e80000,0x00007fd9b9f75520,0x00007fd9c7280000)
  to   space 237568K, 0% used [0x00007fd9c8500000,0x00007fd9c8500000,0x00007fd9d6d00000)
 ParOldGen       total 15466496K, used 13852952K [0x00007fc9d9000000, 0x00007fcd89000000, 0x00007fd483b00000)
  object space 15466496K, 89% used [0x00007fc9d9000000,0x00007fcd26846190,0x00007fcd89000000)
 Metaspace       used 98171K, capacity 99365K, committed 99584K, reserved 100352K
}
Event: 1592,340 GC heap before
{Heap before GC invocations=495 (full 13):
 PSYoungGen      total 22076928K, used 21860821K [0x00007fd483b00000, 0x00007fd9d6d00000, 0x00007fd9d9000000)
  eden space 21827072K, 100% used [0x00007fd483b00000,0x00007fd9b7e80000,0x00007fd9b7e80000)
  from space 249856K, 13% used [0x00007fd9b7e80000,0x00007fd9b9f75520,0x00007fd9c7280000)
  to   space 237568K, 0% used [0x00007fd9c8500000,0x00007fd9c8500000,0x00007fd9d6d00000)
 ParOldGen       total 15466496K, used 13852952K [0x00007fc9d9000000, 0x00007fcd89000000, 0x00007fd483b00000)
  object space 15466496K, 89% used [0x00007fc9d9000000,0x00007fcd26846190,0x00007fcd89000000)
 Metaspace       used 98171K, capacity 99365K, committed 99584K, reserved 100352K
Event: 1592,473 GC heap after
Heap after GC invocations=495 (full 13):
 PSYoungGen      total 22106112K, used 21438K [0x00007fd483b00000, 0x00007fd9d7000000, 0x00007fd9d9000000)
  eden space 21868544K, 0% used [0x00007fd483b00000,0x00007fd483b00000,0x00007fd9ba700000)
  from space 237568K, 9% used [0x00007fd9c8500000,0x00007fd9c99ef8b0,0x00007fd9d6d00000)
  to   space 227328K, 0% used [0x00007fd9ba700000,0x00007fd9ba700000,0x00007fd9c8500000)
 ParOldGen       total 15466496K, used 13853194K [0x00007fc9d9000000, 0x00007fcd89000000, 0x00007fd483b00000)
  object space 15466496K, 89% used [0x00007fc9d9000000,0x00007fcd26882858,0x00007fcd89000000)
 Metaspace       used 98171K, capacity 99365K, committed 99584K, reserved 100352K
}
Event: 1596,929 GC heap before
{Heap before GC invocations=496 (full 13):
 PSYoungGen      total 22106112K, used 21889982K [0x00007fd483b00000, 0x00007fd9d7000000, 0x00007fd9d9000000)
  eden space 21868544K, 100% used [0x00007fd483b00000,0x00007fd9ba700000,0x00007fd9ba700000)
  from space 237568K, 9% used [0x00007fd9c8500000,0x00007fd9c99ef8b0,0x00007fd9d6d00000)
  to   space 227328K, 0% used [0x00007fd9ba700000,0x00007fd9ba700000,0x00007fd9c8500000)
 ParOldGen       total 15466496K, used 13853194K [0x00007fc9d9000000, 0x00007fcd89000000, 0x00007fd483b00000)
  object space 15466496K, 89% used [0x00007fc9d9000000,0x00007fcd26882858,0x00007fcd89000000)
 Metaspace       used 98171K, capacity 99365K, committed 99584K, reserved 100352K
Event: 1597,034 GC heap after
Heap after GC invocations=496 (full 13):
 PSYoungGen      total 22095872K, used 31364K [0x00007fd483b00000, 0x00007fd9d6e00000, 0x00007fd9d9000000)
  eden space 21868544K, 0% used [0x00007fd483b00000,0x00007fd483b00000,0x00007fd9ba700000)
  from space 227328K, 13% used [0x00007fd9ba700000,0x00007fd9bc5a1380,0x00007fd9c8500000)
  to   space 215040K, 0% used [0x00007fd9c9c00000,0x00007fd9c9c00000,0x00007fd9d6e00000)
 ParOldGen       total 15466496K, used 13853354K [0x00007fc9d9000000, 0x00007fcd89000000, 0x00007fd483b00000)
  object space 15466496K, 89% used [0x00007fc9d9000000,0x00007fcd268aa858,0x00007fcd89000000)
 Metaspace       used 98171K, capacity 99365K, committed 99584K, reserved 100352K
}
Event: 1601,286 GC heap before
{Heap before GC invocations=497 (full 13):
 PSYoungGen      total 22095872K, used 21899908K [0x00007fd483b00000, 0x00007fd9d6e00000, 0x00007fd9d9000000)
  eden space 21868544K, 100% used [0x00007fd483b00000,0x00007fd9ba700000,0x00007fd9ba700000)
  from space 227328K, 13% used [0x00007fd9ba700000,0x00007fd9bc5a1380,0x00007fd9c8500000)
  to   space 215040K, 0% used [0x00007fd9c9c00000,0x00007fd9c9c00000,0x00007fd9d6e00000)
 ParOldGen       total 15466496K, used 13853354K [0x00007fc9d9000000, 0x00007fcd89000000, 0x00007fd483b00000)
  object space 15466496K, 89% used [0x00007fc9d9000000,0x00007fcd268aa858,0x00007fcd89000000)
 Metaspace       used 98171K, capacity 99365K, committed 99584K, reserved 100352K
Event: 1601,396 GC heap after
Heap after GC invocations=497 (full 13):
 PSYoungGen      total 22127616K, used 13363K [0x00007fd483b00000, 0x00007fd9d7400000, 0x00007fd9d9000000)
  eden space 21912576K, 0% used [0x00007fd483b00000,0x00007fd483b00000,0x00007fd9bd200000)
  from space 215040K, 6% used [0x00007fd9c9c00000,0x00007fd9ca90cd80,0x00007fd9d6e00000)
  to   space 206848K, 0% used [0x00007fd9bd200000,0x00007fd9bd200000,0x00007fd9c9c00000)
 ParOldGen       total 15466496K, used 13856579K [0x00007fc9d9000000, 0x00007fcd89000000, 0x00007fd483b00000)
  object space 15466496K, 89% used [0x00007fc9d9000000,0x00007fcd26bd0fd8,0x00007fcd89000000)
 Metaspace       used 98171K, capacity 99365K, committed 99584K, reserved 100352K
}
Event: 1605,820 GC heap before
{Heap before GC invocations=498 (full 13):
 PSYoungGen      total 22127616K, used 21925939K [0x00007fd483b00000, 0x00007fd9d7400000, 0x00007fd9d9000000)
  eden space 21912576K, 100% used [0x00007fd483b00000,0x00007fd9bd200000,0x00007fd9bd200000)
  from space 215040K, 6% used [0x00007fd9c9c00000,0x00007fd9ca90cd80,0x00007fd9d6e00000)
  to   space 206848K, 0% used [0x00007fd9bd200000,0x00007fd9bd200000,0x00007fd9c9c00000)
 ParOldGen       total 15466496K, used 13856579K [0x00007fc9d9000000, 0x00007fcd89000000, 0x00007fd483b00000)
  object space 15466496K, 89% used [0x00007fc9d9000000,0x00007fcd26bd0fd8,0x00007fcd89000000)
 Metaspace       used 98171K, capacity 99365K, committed 99584K, reserved 100352K
Event: 1605,918 GC heap after
Heap after GC invocations=498 (full 13):
 PSYoungGen      total 22119424K, used 45388K [0x00007fd483b00000, 0x00007fd9d6c00000, 0x00007fd9d9000000)
  eden space 21912576K, 0% used [0x00007fd483b00000,0x00007fd483b00000,0x00007fd9bd200000)
  from space 206848K, 21% used [0x00007fd9bd200000,0x00007fd9bfe531c8,0x00007fd9c9c00000)
  to   space 192512K, 0% used [0x00007fd9cb000000,0x00007fd9cb000000,0x00007fd9d6c00000)
 ParOldGen       total 15466496K, used 13856731K [0x00007fc9d9000000, 0x00007fcd89000000, 0x00007fd483b00000)
  object space 15466496K, 89% used [0x00007fc9d9000000,0x00007fcd26bf6fd8,0x00007fcd89000000)
 Metaspace       used 98171K, capacity 99365K, committed 99584K, reserved 100352K
}
Event: 1610,153 GC heap before
{Heap before GC invocations=499 (full 13):
 PSYoungGen      total 22119424K, used 21957964K [0x00007fd483b00000, 0x00007fd9d6c00000, 0x00007fd9d9000000)
  eden space 21912576K, 100% used [0x00007fd483b00000,0x00007fd9bd200000,0x00007fd9bd200000)
  from space 206848K, 21% used [0x00007fd9bd200000,0x00007fd9bfe531c8,0x00007fd9c9c00000)
  to   space 192512K, 0% used [0x00007fd9cb000000,0x00007fd9cb000000,0x00007fd9d6c00000)
 ParOldGen       total 15466496K, used 13856731K [0x00007fc9d9000000, 0x00007fcd89000000, 0x00007fd483b00000)
  object space 15466496K, 89% used [0x00007fc9d9000000,0x00007fcd26bf6fd8,0x00007fcd89000000)
 Metaspace       used 98171K, capacity 99365K, committed 99584K, reserved 100352K
Event: 1610,271 GC heap after
Heap after GC invocations=499 (full 13):
 PSYoungGen      total 22148096K, used 17051K [0x00007fd483b00000, 0x00007fd9d7200000, 0x00007fd9d9000000)
  eden space 21955584K, 0% used [0x00007fd483b00000,0x00007fd483b00000,0x00007fd9bfc00000)
  from space 192512K, 8% used [0x00007fd9cb000000,0x00007fd9cc0a6d90,0x00007fd9d6c00000)
  to   space 184320K, 0% used [0x00007fd9bfc00000,0x00007fd9bfc00000,0x00007fd9cb000000)
 ParOldGen       total 15466496K, used 13857549K [0x00007fc9d9000000, 0x00007fcd89000000, 0x00007fd483b00000)
  object space 15466496K, 89% used [0x00007fc9d9000000,0x00007fcd26cc3548,0x00007fcd89000000)
 Metaspace       used 98171K, capacity 99365K, committed 99584K, reserved 100352K
}
Event: 1614,366 GC heap before
{Heap before GC invocations=500 (full 13):
 PSYoungGen      total 22148096K, used 21972635K [0x00007fd483b00000, 0x00007fd9d7200000, 0x00007fd9d9000000)
  eden space 21955584K, 100% used [0x00007fd483b00000,0x00007fd9bfc00000,0x00007fd9bfc00000)
  from space 192512K, 8% used [0x00007fd9cb000000,0x00007fd9cc0a6d90,0x00007fd9d6c00000)
  to   space 184320K, 0% used [0x00007fd9bfc00000,0x00007fd9bfc00000,0x00007fd9cb000000)
 ParOldGen       total 15466496K, used 13857549K [0x00007fc9d9000000, 0x00007fcd89000000, 0x00007fd483b00000)
  object space 15466496K, 89% used [0x00007fc9d9000000,0x00007fcd26cc3548,0x00007fcd89000000)
 Metaspace       used 98171K, capacity 99365K, committed 99584K, reserved 100352K
Event: 1614,481 GC heap after
Heap after GC invocations=500 (full 13):
 PSYoungGen      total 22139904K, used 20883K [0x00007fd483b00000, 0x00007fd9d7600000, 0x00007fd9d9000000)
  eden space 21955584K, 0% used [0x00007fd483b00000,0x00007fd483b00000,0x00007fd9bfc00000)
  from space 184320K, 11% used [0x00007fd9bfc00000,0x00007fd9c1064e20,0x00007fd9cb000000)
  to   space 175104K, 0% used [0x00007fd9ccb00000,0x00007fd9ccb00000,0x00007fd9d7600000)
 ParOldGen       total 15466496K, used 13857685K [0x00007fc9d9000000, 0x00007fcd89000000, 0x00007fd483b00000)
  object space 15466496K, 89% used [0x00007fc9d9000000,0x00007fcd26ce5548,0x00007fcd89000000)
 Metaspace       used 98171K, capacity 99365K, committed 99584K, reserved 100352K
}
Event: 1618,300 GC heap before
{Heap before GC invocations=501 (full 13):
 PSYoungGen      total 22139904K, used 21976467K [0x00007fd483b00000, 0x00007fd9d7600000, 0x00007fd9d9000000)
  eden space 21955584K, 100% used [0x00007fd483b00000,0x00007fd9bfc00000,0x00007fd9bfc00000)
  from space 184320K, 11% used [0x00007fd9bfc00000,0x00007fd9c1064e20,0x00007fd9cb000000)
  to   space 175104K, 0% used [0x00007fd9ccb00000,0x00007fd9ccb00000,0x00007fd9d7600000)
 ParOldGen       total 15466496K, used 13857685K [0x00007fc9d9000000, 0x00007fcd89000000, 0x00007fd483b00000)
  object space 15466496K, 89% used [0x00007fc9d9000000,0x00007fcd26ce5548,0x00007fcd89000000)
 Metaspace       used 98171K, capacity 99365K, committed 99584K, reserved 100352K
Event: 1618,389 GC heap after
Heap after GC invocations=501 (full 13):
 PSYoungGen      total 22176256K, used 20613K [0x00007fd483b00000, 0x00007fd9d7600000, 0x00007fd9d9000000)
  eden space 22001152K, 0% used [0x00007fd483b00000,0x00007fd483b00000,0x00007fd9c2880000)
  from space 175104K, 11% used [0x00007fd9ccb00000,0x00007fd9cdf21540,0x00007fd9d7600000)
  to   space 166400K, 0% used [0x00007fd9c2880000,0x00007fd9c2880000,0x00007fd9ccb00000)
 ParOldGen       total 15466496K, used 13858849K [0x00007fc9d9000000, 0x00007fcd89000000, 0x00007fd483b00000)
  object space 15466496K, 89% used [0x00007fc9d9000000,0x00007fcd26e08530,0x00007fcd89000000)
 Metaspace       used 98171K, capacity 99365K, committed 99584K, reserved 100352K
}
Event: 1622,422 GC heap before
{Heap before GC invocations=502 (full 13):
 PSYoungGen      total 22176256K, used 22021765K [0x00007fd483b00000, 0x00007fd9d7600000, 0x00007fd9d9000000)
  eden space 22001152K, 100% used [0x00007fd483b00000,0x00007fd9c2880000,0x00007fd9c2880000)
  from space 175104K, 11% used [0x00007fd9ccb00000,0x00007fd9cdf21540,0x00007fd9d7600000)
  to   space 166400K, 0% used [0x00007fd9c2880000,0x00007fd9c2880000,0x00007fd9ccb00000)
 ParOldGen       total 15466496K, used 13858849K [0x00007fc9d9000000, 0x00007fcd89000000, 0x00007fd483b00000)
  object space 15466496K, 89% used [0x00007fc9d9000000,0x00007fcd26e08530,0x00007fcd89000000)
 Metaspace       used 98171K, capacity 99365K, committed 99584K, reserved 100352K
Event: 1622,542 GC heap after
Heap after GC invocations=502 (full 13):
 PSYoungGen      total 22167552K, used 26312K [0x00007fd483b00000, 0x00007fd9d7480000, 0x00007fd9d9000000)
  eden space 22001152K, 0% used [0x00007fd483b00000,0x00007fd483b00000,0x00007fd9c2880000)
  from space 166400K, 15% used [0x00007fd9c2880000,0x00007fd9c42321f0,0x00007fd9ccb00000)
  to   space 156672K, 0% used [0x00007fd9cdb80000,0x00007fd9cdb80000,0x00007fd9d7480000)
 ParOldGen       total 15466496K, used 13858881K [0x00007fc9d9000000, 0x00007fcd89000000, 0x00007fd483b00000)
  object space 15466496K, 89% used [0x00007fc9d9000000,0x00007fcd26e10530,0x00007fcd89000000)
 Metaspace       used 98171K, capacity 99365K, committed 99584K, reserved 100352K
}
Event: 1626,717 GC heap before
{Heap before GC invocations=503 (full 13):
 PSYoungGen      total 22167552K, used 22027464K [0x00007fd483b00000, 0x00007fd9d7480000, 0x00007fd9d9000000)
  eden space 22001152K, 100% used [0x00007fd483b00000,0x00007fd9c2880000,0x00007fd9c2880000)
  from space 166400K, 15% used [0x00007fd9c2880000,0x00007fd9c42321f0,0x00007fd9ccb00000)
  to   space 156672K, 0% used [0x00007fd9cdb80000,0x00007fd9cdb80000,0x00007fd9d7480000)
 ParOldGen       total 15466496K, used 13858881K [0x00007fc9d9000000, 0x00007fcd89000000, 0x00007fd483b00000)
  object space 15466496K, 89% used [0x00007fc9d9000000,0x00007fcd26e10530,0x00007fcd89000000)
 Metaspace       used 98172K, capacity 99365K, committed 99584K, reserved 100352K
Event: 1626,819 GC heap after
Heap after GC invocations=503 (full 13):
 PSYoungGen      total 22192128K, used 37467K [0x00007fd483b00000, 0x00007fd9d7180000, 0x00007fd9d9000000)
  eden space 22038528K, 0% used [0x00007fd483b00000,0x00007fd483b00000,0x00007fd9c4d00000)
  from space 153600K, 24% used [0x00007fd9cdb80000,0x00007fd9d0016cf8,0x00007fd9d7180000)
  to   space 145920K, 0% used [0x00007fd9c4d00000,0x00007fd9c4d00000,0x00007fd9cdb80000)
 ParOldGen       total 15466496K, used 13859761K [0x00007fc9d9000000, 0x00007fcd89000000, 0x00007fd483b00000)
  object space 15466496K, 89% used [0x00007fc9d9000000,0x00007fcd26eec798,0x00007fcd89000000)
 Metaspace       used 98172K, capacity 99365K, committed 99584K, reserved 100352K
}
Event: 1630,793 GC heap before
{Heap before GC invocations=504 (full 13):
 PSYoungGen      total 22192128K, used 22075995K [0x00007fd483b00000, 0x00007fd9d7180000, 0x00007fd9d9000000)
  eden space 22038528K, 100% used [0x00007fd483b00000,0x00007fd9c4d00000,0x00007fd9c4d00000)
  from space 153600K, 24% used [0x00007fd9cdb80000,0x00007fd9d0016cf8,0x00007fd9d7180000)
  to   space 145920K, 0% used [0x00007fd9c4d00000,0x00007fd9c4d00000,0x00007fd9cdb80000)
 ParOldGen       total 15466496K, used 13859761K [0x00007fc9d9000000, 0x00007fcd89000000, 0x00007fd483b00000)
  object space 15466496K, 89% used [0x00007fc9d9000000,0x00007fcd26eec798,0x00007fcd89000000)
 Metaspace       used 98172K, capacity 99365K, committed 99584K, reserved 100352K
Event: 1630,914 GC heap after
Heap after GC invocations=504 (full 13):
 PSYoungGen      total 22184448K, used 25198K [0x00007fd483b00000, 0x00007fd9d7980000, 0x00007fd9d9000000)
  eden space 22038528K, 0% used [0x00007fd483b00000,0x00007fd483b00000,0x00007fd9c4d00000)
  from space 145920K, 17% used [0x00007fd9c4d00000,0x00007fd9c659b978,0x00007fd9cdb80000)
  to   space 138240K, 0% used [0x00007fd9cf280000,0x00007fd9cf280000,0x00007fd9d7980000)
 ParOldGen       total 15466496K, used 13859833K [0x00007fc9d9000000, 0x00007fcd89000000, 0x00007fd483b00000)
  object space 15466496K, 89% used [0x00007fc9d9000000,0x00007fcd26efe798,0x00007fcd89000000)
 Metaspace       used 98172K, capacity 99365K, committed 99584K, reserved 100352K
}
Event: 1634,768 GC heap before
{Heap before GC invocations=505 (full 13):
 PSYoungGen      total 22184448K, used 22063726K [0x00007fd483b00000, 0x00007fd9d7980000, 0x00007fd9d9000000)
  eden space 22038528K, 100% used [0x00007fd483b00000,0x00007fd9c4d00000,0x00007fd9c4d00000)
  from space 145920K, 17% used [0x00007fd9c4d00000,0x00007fd9c659b978,0x00007fd9cdb80000)
  to   space 138240K, 0% used [0x00007fd9cf280000,0x00007fd9cf280000,0x00007fd9d7980000)
 ParOldGen       total 15466496K, used 13859833K [0x00007fc9d9000000, 0x00007fcd89000000, 0x00007fd483b00000)
  object space 15466496K, 89% used [0x00007fc9d9000000,0x00007fcd26efe798,0x00007fcd89000000)
 Metaspace       used 98172K, capacity 99365K, committed 99584K, reserved 100352K
Event: 1634,850 GC heap after
Heap after GC invocations=505 (full 13):
 PSYoungGen      total 22215168K, used 30357K [0x00007fd483b00000, 0x00007fd9d7880000, 0x00007fd9d9000000)
  eden space 22077952K, 0% used [0x00007fd483b00000,0x00007fd483b00000,0x00007fd9c7380000)
  from space 137216K, 22% used [0x00007fd9cf280000,0x00007fd9d1025610,0x00007fd9d7880000)
  to   space 130048K, 0% used [0x00007fd9c7380000,0x00007fd9c7380000,0x00007fd9cf280000)
 ParOldGen       total 15466496K, used 13860256K [0x00007fc9d9000000, 0x00007fcd89000000, 0x00007fd483b00000)
  object space 15466496K, 89% used [0x00007fc9d9000000,0x00007fcd26f68120,0x00007fcd89000000)
 Metaspace       used 98172K, capacity 99365K, committed 99584K, reserved 100352K
}
Event: 1638,985 GC heap before
{Heap before GC invocations=506 (full 13):
 PSYoungGen      total 22215168K, used 22108309K [0x00007fd483b00000, 0x00007fd9d7880000, 0x00007fd9d9000000)
  eden space 22077952K, 100% used [0x00007fd483b00000,0x00007fd9c7380000,0x00007fd9c7380000)
  from space 137216K, 22% used [0x00007fd9cf280000,0x00007fd9d1025610,0x00007fd9d7880000)
  to   space 130048K, 0% used [0x00007fd9c7380000,0x00007fd9c7380000,0x00007fd9cf280000)
 ParOldGen       total 15466496K, used 13860256K [0x00007fc9d9000000, 0x00007fcd89000000, 0x00007fd483b00000)
  object space 15466496K, 89% used [0x00007fc9d9000000,0x00007fcd26f68120,0x00007fcd89000000)
 Metaspace       used 98172K, capacity 99365K, committed 99584K, reserved 100352K
Event: 1639,121 GC heap after
Heap after GC invocations=506 (full 13):
 PSYoungGen      total 22208000K, used 30506K [0x00007fd483b00000, 0x00007fd9d7900000, 0x00007fd9d9000000)
  eden space 22077952K, 0% used [0x00007fd483b00000,0x00007fd483b00000,0x00007fd9c7380000)
  from space 130048K, 23% used [0x00007fd9c7380000,0x00007fd9c914aa50,0x00007fd9cf280000)
  to   space 121856K, 0% used [0x00007fd9d0200000,0x00007fd9d0200000,0x00007fd9d7900000)
 ParOldGen       total 15466496K, used 13860312K [0x00007fc9d9000000, 0x00007fcd89000000, 0x00007fd483b00000)
  object space 15466496K, 89% used [0x00007fc9d9000000,0x00007fcd26f76120,0x00007fcd89000000)
 Metaspace       used 98172K, capacity 99365K, committed 99584K, reserved 100352K
}
Event: 1643,428 GC heap before
{Heap before GC invocations=507 (full 13):
 PSYoungGen      total 22208000K, used 22108458K [0x00007fd483b00000, 0x00007fd9d7900000, 0x00007fd9d9000000)
  eden space 22077952K, 100% used [0x00007fd483b00000,0x00007fd9c7380000,0x00007fd9c7380000)
  from space 130048K, 23% used [0x00007fd9c7380000,0x00007fd9c914aa50,0x00007fd9cf280000)
  to   space 121856K, 0% used [0x00007fd9d0200000,0x00007fd9d0200000,0x00007fd9d7900000)
 ParOldGen       total 15466496K, used 13860312K [0x00007fc9d9000000, 0x00007fcd89000000, 0x00007fd483b00000)
  object space 15466496K, 89% used [0x00007fc9d9000000,0x00007fcd26f76120,0x00007fcd89000000)
 Metaspace       used 98172K, capacity 99365K, committed 99584K, reserved 100352K
Event: 1643,548 GC heap after
Heap after GC invocations=507 (full 13):
 PSYoungGen      total 22231552K, used 33455K [0x00007fd483b00000, 0x00007fd9d7900000, 0x00007fd9d9000000)
  eden space 22109696K, 0% used [0x00007fd483b00000,0x00007fd483b00000,0x00007fd9c9280000)
  from space 121856K, 27% used [0x00007fd9d0200000,0x00007fd9d22abfb0,0x00007fd9d7900000)
  to   space 114176K, 0% used [0x00007fd9c9280000,0x00007fd9c9280000,0x00007fd9d0200000)
 ParOldGen       total 15466496K, used 13860352K [0x00007fc9d9000000, 0x00007fcd89000000, 0x00007fd483b00000)
  object space 15466496K, 89% used [0x00007fc9d9000000,0x00007fcd26f80120,0x00007fcd89000000)
 Metaspace       used 98172K, capacity 99365K, committed 99584K, reserved 100352K
}
Event: 1647,689 GC heap before
{Heap before GC invocations=508 (full 13):
 PSYoungGen      total 22231552K, used 22143151K [0x00007fd483b00000, 0x00007fd9d7900000, 0x00007fd9d9000000)
  eden space 22109696K, 100% used [0x00007fd483b00000,0x00007fd9c9280000,0x00007fd9c9280000)
  from space 121856K, 27% used [0x00007fd9d0200000,0x00007fd9d22abfb0,0x00007fd9d7900000)
  to   space 114176K, 0% used [0x00007fd9c9280000,0x00007fd9c9280000,0x00007fd9d0200000)
 ParOldGen       total 15466496K, used 13860352K [0x00007fc9d9000000, 0x00007fcd89000000, 0x00007fd483b00000)
  object space 15466496K, 89% used [0x00007fc9d9000000,0x00007fcd26f80120,0x00007fcd89000000)
 Metaspace       used 98172K, capacity 99365K, committed 99584K, reserved 100352K
Event: 1647,824 GC heap after
Heap after GC invocations=508 (full 13):
 PSYoungGen      total 22223872K, used 21577K [0x00007fd483b00000, 0x00007fd9d7e80000, 0x00007fd9d9000000)
  eden space 22109696K, 0% used [0x00007fd483b00000,0x00007fd483b00000,0x00007fd9c9280000)
  from space 114176K, 18% used [0x00007fd9c9280000,0x00007fd9ca792420,0x00007fd9d0200000)
  to   space 109056K, 0% used [0x00007fd9d1400000,0x00007fd9d1400000,0x00007fd9d7e80000)
 ParOldGen       total 15466496K, used 13860699K [0x00007fc9d9000000, 0x00007fcd89000000, 0x00007fd483b00000)
  object space 15466496K, 89% used [0x00007fc9d9000000,0x00007fcd26fd6e88,0x00007fcd89000000)
 Metaspace       used 98172K, capacity 99365K, committed 99584K, reserved 100352K
}
Event: 1652,033 GC heap before
{Heap before GC invocations=509 (full 13):
 PSYoungGen      total 22223872K, used 22131273K [0x00007fd483b00000, 0x00007fd9d7e80000, 0x00007fd9d9000000)
  eden space 22109696K, 100% used [0x00007fd483b00000,0x00007fd9c9280000,0x00007fd9c9280000)
  from space 114176K, 18% used [0x00007fd9c9280000,0x00007fd9ca792420,0x00007fd9d0200000)
  to   space 109056K, 0% used [0x00007fd9d1400000,0x00007fd9d1400000,0x00007fd9d7e80000)
 ParOldGen       total 15466496K, used 13860699K [0x00007fc9d9000000, 0x00007fcd89000000, 0x00007fd483b00000)
  object space 15466496K, 89% used [0x00007fc9d9000000,0x00007fcd26fd6e88,0x00007fcd89000000)
 Metaspace       used 98172K, capacity 99365K, committed 99584K, reserved 100352K
Event: 1652,140 GC heap after
Heap after GC invocations=509 (full 13):
 PSYoungGen      total 22245888K, used 14270K [0x00007fd483b00000, 0x00007fd9d8400000, 0x00007fd9d9000000)
  eden space 22136832K, 0% used [0x00007fd483b00000,0x00007fd483b00000,0x00007fd9cad00000)
  from space 109056K, 13% used [0x00007fd9d1400000,0x00007fd9d21ef888,0x00007fd9d7e80000)
  to   space 105472K, 0% used [0x00007fd9cad00000,0x00007fd9cad00000,0x00007fd9d1400000)
 ParOldGen       total 15466496K, used 13860827K [0x00007fc9d9000000, 0x00007fcd89000000, 0x00007fd483b00000)
  object space 15466496K, 89% used [0x00007fc9d9000000,0x00007fcd26ff6e88,0x00007fcd89000000)
 Metaspace       used 98172K, capacity 99365K, committed 99584K, reserved 100352K
}
Event: 1656,248 GC heap before
{Heap before GC invocations=510 (full 13):
 PSYoungGen      total 22245888K, used 22151102K [0x00007fd483b00000, 0x00007fd9d8400000, 0x00007fd9d9000000)
  eden space 22136832K, 100% used [0x00007fd483b00000,0x00007fd9cad00000,0x00007fd9cad00000)
  from space 109056K, 13% used [0x00007fd9d1400000,0x00007fd9d21ef888,0x00007fd9d7e80000)
  to   space 105472K, 0% used [0x00007fd9cad00000,0x00007fd9cad00000,0x00007fd9d1400000)
 ParOldGen       total 15466496K, used 13860827K [0x00007fc9d9000000, 0x00007fcd89000000, 0x00007fd483b00000)
  object space 15466496K, 89% used [0x00007fc9d9000000,0x00007fcd26ff6e88,0x00007fcd89000000)
 Metaspace       used 98172K, capacity 99365K, committed 99584K, reserved 100352K
Event: 1656,357 GC heap after
Heap after GC invocations=510 (full 13):
 PSYoungGen      total 22242304K, used 17877K [0x00007fd483b00000, 0x00007fd9d8380000, 0x00007fd9d9000000)
  eden space 22136832K, 0% used [0x00007fd483b00000,0x00007fd483b00000,0x00007fd9cad00000)
  from space 105472K, 16% used [0x00007fd9cad00000,0x00007fd9cbe75458,0x00007fd9d1400000)
  to   space 100864K, 0% used [0x00007fd9d2100000,0x00007fd9d2100000,0x00007fd9d8380000)
 ParOldGen       total 15466496K, used 13860955K [0x00007fc9d9000000, 0x00007fcd89000000, 0x00007fd483b00000)
  object space 15466496K, 89% used [0x00007fc9d9000000,0x00007fcd27016e88,0x00007fcd89000000)
 Metaspace       used 98172K, capacity 99365K, committed 99584K, reserved 100352K
}
Event: 1660,534 GC heap before
{Heap before GC invocations=511 (full 13):
 PSYoungGen      total 22242304K, used 22154709K [0x00007fd483b00000, 0x00007fd9d8380000, 0x00007fd9d9000000)
  eden space 22136832K, 100% used [0x00007fd483b00000,0x00007fd9cad00000,0x00007fd9cad00000)
  from space 105472K, 16% used [0x00007fd9cad00000,0x00007fd9cbe75458,0x00007fd9d1400000)
  to   space 100864K, 0% used [0x00007fd9d2100000,0x00007fd9d2100000,0x00007fd9d8380000)
 ParOldGen       total 15466496K, used 13860955K [0x00007fc9d9000000, 0x00007fcd89000000, 0x00007fd483b00000)
  object space 15466496K, 89% used [0x00007fc9d9000000,0x00007fcd27016e88,0x00007fcd89000000)
 Metaspace       used 98172K, capacity 99365K, committed 99584K, reserved 100352K
Event: 1660,606 GC heap after
Heap after GC invocations=511 (full 13):
 PSYoungGen      total 22259200K, used 36952K [0x00007fd483b00000, 0x00007fd9d8280000, 0x00007fd9d9000000)
  eden space 22159360K, 0% used [0x00007fd483b00000,0x00007fd483b00000,0x00007fd9cc300000)
  from space 99840K, 37% used [0x00007fd9d2100000,0x00007fd9d45162b0,0x00007fd9d8280000)
  to   space 96256K, 0% used [0x00007fd9cc300000,0x00007fd9cc300000,0x00007fd9d2100000)
 ParOldGen       total 15466496K, used 13860971K [0x00007fc9d9000000, 0x00007fcd89000000, 0x00007fd483b00000)
  object space 15466496K, 89% used [0x00007fc9d9000000,0x00007fcd2701ae88,0x00007fcd89000000)
 Metaspace       used 98172K, capacity 99365K, committed 99584K, reserved 100352K
}
Event: 1665,319 GC heap before
{Heap before GC invocations=512 (full 13):
 PSYoungGen      total 22259200K, used 22196312K [0x00007fd483b00000, 0x00007fd9d8280000, 0x00007fd9d9000000)
  eden space 22159360K, 100% used [0x00007fd483b00000,0x00007fd9cc300000,0x00007fd9cc300000)
  from space 99840K, 37% used [0x00007fd9d2100000,0x00007fd9d45162b0,0x00007fd9d8280000)
  to   space 96256K, 0% used [0x00007fd9cc300000,0x00007fd9cc300000,0x00007fd9d2100000)
 ParOldGen       total 15466496K, used 13860971K [0x00007fc9d9000000, 0x00007fcd89000000, 0x00007fd483b00000)
  object space 15466496K, 89% used [0x00007fc9d9000000,0x00007fcd2701ae88,0x00007fcd89000000)
 Metaspace       used 98173K, capacity 99365K, committed 99584K, reserved 100352K
Event: 1665,407 GC heap after
Heap after GC invocations=512 (full 13):
 PSYoungGen      total 22255616K, used 18407K [0x00007fd483b00000, 0x00007fd9d8480000, 0x00007fd9d9000000)
  eden space 22159360K, 0% used [0x00007fd483b00000,0x00007fd483b00000,0x00007fd9cc300000)
  from space 96256K, 19% used [0x00007fd9cc300000,0x00007fd9cd4f9e70,0x00007fd9d2100000)
  to   space 92160K, 0% used [0x00007fd9d2a80000,0x00007fd9d2a80000,0x00007fd9d8480000)
 ParOldGen       total 15466496K, used 13861411K [0x00007fc9d9000000, 0x00007fcd89000000, 0x00007fd483b00000)
  object space 15466496K, 89% used [0x00007fc9d9000000,0x00007fcd27088df8,0x00007fcd89000000)
 Metaspace       used 98173K, capacity 99365K, committed 99584K, reserved 100352K
}
Event: 1669,843 GC heap before
{Heap before GC invocations=513 (full 13):
 PSYoungGen      total 22255616K, used 22177767K [0x00007fd483b00000, 0x00007fd9d8480000, 0x00007fd9d9000000)
  eden space 22159360K, 100% used [0x00007fd483b00000,0x00007fd9cc300000,0x00007fd9cc300000)
  from space 96256K, 19% used [0x00007fd9cc300000,0x00007fd9cd4f9e70,0x00007fd9d2100000)
  to   space 92160K, 0% used [0x00007fd9d2a80000,0x00007fd9d2a80000,0x00007fd9d8480000)
 ParOldGen       total 15466496K, used 13861411K [0x00007fc9d9000000, 0x00007fcd89000000, 0x00007fd483b00000)
  object space 15466496K, 89% used [0x00007fc9d9000000,0x00007fcd27088df8,0x00007fcd89000000)
 Metaspace       used 98173K, capacity 99365K, committed 99584K, reserved 100352K
Event: 1669,943 GC heap after
Heap after GC invocations=513 (full 13):
 PSYoungGen      total 22268416K, used 11247K [0x00007fd483b00000, 0x00007fd9d8600000, 0x00007fd9d9000000)
  eden space 22176256K, 0% used [0x00007fd483b00000,0x00007fd483b00000,0x00007fd9cd380000)
  from space 92160K, 12% used [0x00007fd9d2a80000,0x00007fd9d357bde8,0x00007fd9d8480000)
  to   space 89088K, 0% used [0x00007fd9cd380000,0x00007fd9cd380000,0x00007fd9d2a80000)
 ParOldGen       total 15466496K, used 13861642K [0x00007fc9d9000000, 0x00007fcd89000000, 0x00007fd483b00000)
  object space 15466496K, 89% used [0x00007fc9d9000000,0x00007fcd270c2a20,0x00007fcd89000000)
 Metaspace       used 98173K, capacity 99365K, committed 99584K, reserved 100352K
}
Event: 1674,513 GC heap before
{Heap before GC invocations=514 (full 13):
 PSYoungGen      total 22268416K, used 22187503K [0x00007fd483b00000, 0x00007fd9d8600000, 0x00007fd9d9000000)
  eden space 22176256K, 100% used [0x00007fd483b00000,0x00007fd9cd380000,0x00007fd9cd380000)
  from space 92160K, 12% used [0x00007fd9d2a80000,0x00007fd9d357bde8,0x00007fd9d8480000)
  to   space 89088K, 0% used [0x00007fd9cd380000,0x00007fd9cd380000,0x00007fd9d2a80000)
 ParOldGen       total 15466496K, used 13861642K [0x00007fc9d9000000, 0x00007fcd89000000, 0x00007fd483b00000)
  object space 15466496K, 89% used [0x00007fc9d9000000,0x00007fcd270c2a20,0x00007fcd89000000)
 Metaspace       used 98173K, capacity 99365K, committed 99584K, reserved 100352K
Event: 1674,648 GC heap after
Heap after GC invocations=514 (full 13):
 PSYoungGen      total 22265344K, used 25709K [0x00007fd483b00000, 0x00007fd9d8300000, 0x00007fd9d9000000)
  eden space 22176256K, 0% used [0x00007fd483b00000,0x00007fd483b00000,0x00007fd9cd380000)
  from space 89088K, 28% used [0x00007fd9cd380000,0x00007fd9cec9b5f8,0x00007fd9d2a80000)
  to   space 83968K, 0% used [0x00007fd9d3100000,0x00007fd9d3100000,0x00007fd9d8300000)
 ParOldGen       total 15466496K, used 13861778K [0x00007fc9d9000000, 0x00007fcd89000000, 0x00007fd483b00000)
  object space 15466496K, 89% used [0x00007fc9d9000000,0x00007fcd270e4a20,0x00007fcd89000000)
 Metaspace       used 98173K, capacity 99365K, committed 99584K, reserved 100352K
}
Event: 1678,970 GC heap before
{Heap before GC invocations=515 (full 13):
 PSYoungGen      total 22265344K, used 22201965K [0x00007fd483b00000, 0x00007fd9d8300000, 0x00007fd9d9000000)
  eden space 22176256K, 100% used [0x00007fd483b00000,0x00007fd9cd380000,0x00007fd9cd380000)
  from space 89088K, 28% used [0x00007fd9cd380000,0x00007fd9cec9b5f8,0x00007fd9d2a80000)
  to   space 83968K, 0% used [0x00007fd9d3100000,0x00007fd9d3100000,0x00007fd9d8300000)
 ParOldGen       total 15466496K, used 13861778K [0x00007fc9d9000000, 0x00007fcd89000000, 0x00007fd483b00000)
  object space 15466496K, 89% used [0x00007fc9d9000000,0x00007fcd270e4a20,0x00007fcd89000000)
 Metaspace       used 98173K, capacity 99365K, committed 99584K, reserved 100352K
Event: 1679,095 GC heap after
Heap after GC invocations=515 (full 13):
 PSYoungGen      total 22276096K, used 20887K [0x00007fd483b00000, 0x00007fd9d8300000, 0x00007fd9d9000000)
  eden space 22192128K, 0% used [0x00007fd483b00000,0x00007fd483b00000,0x00007fd9ce300000)
  from space 83968K, 24% used [0x00007fd9d3100000,0x00007fd9d4565ce0,0x00007fd9d8300000)
  to   space 79872K, 0% used [0x00007fd9ce300000,0x00007fd9ce300000,0x00007fd9d3100000)
 ParOldGen       total 15466496K, used 13875650K [0x00007fc9d9000000, 0x00007fcd89000000, 0x00007fd483b00000)
  object space 15466496K, 89% used [0x00007fc9d9000000,0x00007fcd27e70ba0,0x00007fcd89000000)
 Metaspace       used 98173K, capacity 99365K, committed 99584K, reserved 100352K
}
Event: 1684,239 GC heap before
{Heap before GC invocations=516 (full 13):
 PSYoungGen      total 22276096K, used 22213015K [0x00007fd483b00000, 0x00007fd9d8300000, 0x00007fd9d9000000)
  eden space 22192128K, 100% used [0x00007fd483b00000,0x00007fd9ce300000,0x00007fd9ce300000)
  from space 83968K, 24% used [0x00007fd9d3100000,0x00007fd9d4565ce0,0x00007fd9d8300000)
  to   space 79872K, 0% used [0x00007fd9ce300000,0x00007fd9ce300000,0x00007fd9d3100000)
 ParOldGen       total 15466496K, used 13875650K [0x00007fc9d9000000, 0x00007fcd89000000, 0x00007fd483b00000)
  object space 15466496K, 89% used [0x00007fc9d9000000,0x00007fcd27e70ba0,0x00007fcd89000000)
 Metaspace       used 98174K, capacity 99365K, committed 99584K, reserved 100352K
Event: 1684,343 GC heap after
Heap after GC invocations=516 (full 13):
 PSYoungGen      total 22272000K, used 14061K [0x00007fd483b00000, 0x00007fd9d8600000, 0x00007fd9d9000000)
  eden space 22192128K, 0% used [0x00007fd483b00000,0x00007fd483b00000,0x00007fd9ce300000)
  from space 79872K, 17% used [0x00007fd9ce300000,0x00007fd9cf0bb558,0x00007fd9d3100000)
  to   space 76800K, 0% used [0x00007fd9d3b00000,0x00007fd9d3b00000,0x00007fd9d8600000)
 ParOldGen       total 15466496K, used 13876672K [0x00007fc9d9000000, 0x00007fcd89000000, 0x00007fd483b00000)
  object space 15466496K, 89% used [0x00007fc9d9000000,0x00007fcd27f70340,0x00007fcd89000000)
 Metaspace       used 98174K, capacity 99365K, committed 99584K, reserved 100352K
}
Event: 1689,674 GC heap before
{Heap before GC invocations=517 (full 13):
 PSYoungGen      total 22272000K, used 22206189K [0x00007fd483b00000, 0x00007fd9d8600000, 0x00007fd9d9000000)
  eden space 22192128K, 100% used [0x00007fd483b00000,0x00007fd9ce300000,0x00007fd9ce300000)
  from space 79872K, 17% used [0x00007fd9ce300000,0x00007fd9cf0bb558,0x00007fd9d3100000)
  to   space 76800K, 0% used [0x00007fd9d3b00000,0x00007fd9d3b00000,0x00007fd9d8600000)
 ParOldGen       total 15466496K, used 13876672K [0x00007fc9d9000000, 0x00007fcd89000000, 0x00007fd483b00000)
  object space 15466496K, 89% used [0x00007fc9d9000000,0x00007fcd27f70340,0x00007fcd89000000)
 Metaspace       used 98174K, capacity 99365K, committed 99584K, reserved 100352K
Event: 1689,817 GC heap after
Heap after GC invocations=517 (full 13):
 PSYoungGen      total 22283776K, used 7682K [0x00007fd483b00000, 0x00007fd9d8a00000, 0x00007fd9d9000000)
  eden space 22206976K, 0% used [0x00007fd483b00000,0x00007fd483b00000,0x00007fd9cf180000)
  from space 76800K, 10% used [0x00007fd9d3b00000,0x00007fd9d4280990,0x00007fd9d8600000)
  to   space 75264K, 0% used [0x00007fd9cf180000,0x00007fd9cf180000,0x00007fd9d3b00000)
 ParOldGen       total 15466496K, used 13878334K [0x00007fc9d9000000, 0x00007fcd89000000, 0x00007fd483b00000)
  object space 15466496K, 89% used [0x00007fc9d9000000,0x00007fcd2810faf8,0x00007fcd89000000)
 Metaspace       used 98174K, capacity 99365K, committed 99584K, reserved 100352K
}
Event: 1695,579 GC heap before
{Heap before GC invocations=518 (full 13):
 PSYoungGen      total 22283776K, used 22214658K [0x00007fd483b00000, 0x00007fd9d8a00000, 0x00007fd9d9000000)
  eden space 22206976K, 100% used [0x00007fd483b00000,0x00007fd9cf180000,0x00007fd9cf180000)
  from space 76800K, 10% used [0x00007fd9d3b00000,0x00007fd9d4280990,0x00007fd9d8600000)
  to   space 75264K, 0% used [0x00007fd9cf180000,0x00007fd9cf180000,0x00007fd9d3b00000)
 ParOldGen       total 15466496K, used 13878334K [0x00007fc9d9000000, 0x00007fcd89000000, 0x00007fd483b00000)
  object space 15466496K, 89% used [0x00007fc9d9000000,0x00007fcd2810faf8,0x00007fcd89000000)
 Metaspace       used 98174K, capacity 99365K, committed 99584K, reserved 100352K
Event: 1695,668 GC heap after
Heap after GC invocations=518 (full 13):
 PSYoungGen      total 22282240K, used 3650K [0x00007fd483b00000, 0x00007fd9d8b80000, 0x00007fd9d9000000)
  eden space 22206976K, 0% used [0x00007fd483b00000,0x00007fd483b00000,0x00007fd9cf180000)
  from space 75264K, 4% used [0x00007fd9cf180000,0x00007fd9cf510ac0,0x00007fd9d3b00000)
  to   space 73728K, 0% used [0x00007fd9d4380000,0x00007fd9d4380000,0x00007fd9d8b80000)
 ParOldGen       total 15466496K, used 13881874K [0x00007fc9d9000000, 0x00007fcd89000000, 0x00007fd483b00000)
  object space 15466496K, 89% used [0x00007fc9d9000000,0x00007fcd284848a0,0x00007fcd89000000)
 Metaspace       used 98174K, capacity 99365K, committed 99584K, reserved 100352K
}
Event: 1701,305 GC heap before
{Heap before GC invocations=519 (full 13):
 PSYoungGen      total 22282240K, used 22210626K [0x00007fd483b00000, 0x00007fd9d8b80000, 0x00007fd9d9000000)
  eden space 22206976K, 100% used [0x00007fd483b00000,0x00007fd9cf180000,0x00007fd9cf180000)
  from space 75264K, 4% used [0x00007fd9cf180000,0x00007fd9cf510ac0,0x00007fd9d3b00000)
  to   space 73728K, 0% used [0x00007fd9d4380000,0x00007fd9d4380000,0x00007fd9d8b80000)
 ParOldGen       total 15466496K, used 13881874K [0x00007fc9d9000000, 0x00007fcd89000000, 0x00007fd483b00000)
  object space 15466496K, 89% used [0x00007fc9d9000000,0x00007fcd284848a0,0x00007fcd89000000)
 Metaspace       used 98175K, capacity 99365K, committed 99584K, reserved 100352K
Event: 1701,419 GC heap after
Heap after GC invocations=519 (full 13):
 PSYoungGen      total 22288896K, used 15221K [0x00007fd483b00000, 0x00007fd9d8680000, 0x00007fd9d9000000)
  eden space 22220288K, 0% used [0x00007fd483b00000,0x00007fd483b00000,0x00007fd9cfe80000)
  from space 68608K, 22% used [0x00007fd9d4380000,0x00007fd9d525d638,0x00007fd9d8680000)
  to   space 69632K, 0% used [0x00007fd9cfe80000,0x00007fd9cfe80000,0x00007fd9d4280000)
 ParOldGen       total 15466496K, used 13881906K [0x00007fc9d9000000, 0x00007fcd89000000, 0x00007fd483b00000)
  object space 15466496K, 89% used [0x00007fc9d9000000,0x00007fcd2848c8a0,0x00007fcd89000000)
 Metaspace       used 98175K, capacity 99365K, committed 99584K, reserved 100352K
}
Event: 1708,510 GC heap before
{Heap before GC invocations=520 (full 13):
 PSYoungGen      total 22288896K, used 22235509K [0x00007fd483b00000, 0x00007fd9d8680000, 0x00007fd9d9000000)
  eden space 22220288K, 100% used [0x00007fd483b00000,0x00007fd9cfe80000,0x00007fd9cfe80000)
  from space 68608K, 22% used [0x00007fd9d4380000,0x00007fd9d525d638,0x00007fd9d8680000)
  to   space 69632K, 0% used [0x00007fd9cfe80000,0x00007fd9cfe80000,0x00007fd9d4280000)
 ParOldGen       total 15466496K, used 13881906K [0x00007fc9d9000000, 0x00007fcd89000000, 0x00007fd483b00000)
  object space 15466496K, 89% used [0x00007fc9d9000000,0x00007fcd2848c8a0,0x00007fcd89000000)
 Metaspace       used 98175K, capacity 99365K, committed 99584K, reserved 100352K
Event: 1708,589 GC heap after
Heap after GC invocations=520 (full 13):
 PSYoungGen      total 22289920K, used 32329K [0x00007fd483b00000, 0x00007fd9d9000000, 0x00007fd9d9000000)
  eden space 22220288K, 0% used [0x00007fd483b00000,0x00007fd483b00000,0x00007fd9cfe80000)
  from space 69632K, 46% used [0x00007fd9cfe80000,0x00007fd9d1e125b8,0x00007fd9d4280000)
  to   space 69120K, 0% used [0x00007fd9d4c80000,0x00007fd9d4c80000,0x00007fd9d9000000)
 ParOldGen       total 15466496K, used 13884130K [0x00007fc9d9000000, 0x00007fcd89000000, 0x00007fd483b00000)
  object space 15466496K, 89% used [0x00007fc9d9000000,0x00007fcd286b8940,0x00007fcd89000000)
 Metaspace       used 98175K, capacity 99365K, committed 99584K, reserved 100352K
}

