# JRE version: OpenJDK Runtime Environment (8.0_252-b09) (build 1.8.0_252-b09)
# Java VM: OpenJDK 64-Bit Server VM (25.252-b09 mixed mode linux-amd64 )
Heap:
 PSYoungGen      total 119304704K, used 33578908K [0x00007fb546580000, 0x00007fdff1000000, 0x00007fdff1000000)
  eden space 59652608K, 0% used [0x00007fb546580000,0x00007fb546580000,0x00007fc37f400000)
  from space 59652096K, 56% used [0x00007fd1b8200000,0x00007fd9b99e7050,0x00007fdff1000000)
  to   space 59652096K, 0% used [0x00007fc37f400000,0x00007fc37f400000,0x00007fd1b8200000)
 ParOldGen       total 135676416K, used 135676258K [0x00007f5ff1000000, 0x00007f804a080000, 0x00007fb546580000)
  object space 135676416K, 99% used [0x00007f5ff1000000,0x00007f804a058bb0,0x00007f804a080000)
 Metaspace       used 106961K, capacity 108226K, committed 108288K, reserved 108544K
GC Heap History (250 events):
Event: 9317,289 GC heap after
Heap after GC invocations=643 (full 12):
 PSYoungGen      total 177732096K, used 916618K [0x00007fb546580000, 0x00007fdff0d80000, 0x00007fdff1000000)
  eden space 176815104K, 0% used [0x00007fb546580000,0x00007fb546580000,0x00007fdf6e480000)
  from space 916992K, 99% used [0x00007fdf6e480000,0x00007fdfa63a2be0,0x00007fdfa6400000)
  to   space 1069568K, 0% used [0x00007fdfaf900000,0x00007fdfaf900000,0x00007fdff0d80000)
 ParOldGen       total 8192512K, used 3402633K [0x00007f5ff1000000, 0x00007f61e5080000, 0x00007fb546580000)
  object space 8192512K, 41% used [0x00007f5ff1000000,0x00007f60c0ae2440,0x00007f61e5080000)
 Metaspace       used 106564K, capacity 107828K, committed 108032K, reserved 108544K
}
Event: 9334,216 GC heap before
{Heap before GC invocations=644 (full 12):
 PSYoungGen      total 177732096K, used 177731722K [0x00007fb546580000, 0x00007fdff0d80000, 0x00007fdff1000000)
  eden space 176815104K, 100% used [0x00007fb546580000,0x00007fdf6e480000,0x00007fdf6e480000)
  from space 916992K, 99% used [0x00007fdf6e480000,0x00007fdfa63a2be0,0x00007fdfa6400000)
  to   space 1069568K, 0% used [0x00007fdfaf900000,0x00007fdfaf900000,0x00007fdff0d80000)
 ParOldGen       total 8192512K, used 3402633K [0x00007f5ff1000000, 0x00007f61e5080000, 0x00007fb546580000)
  object space 8192512K, 41% used [0x00007f5ff1000000,0x00007f60c0ae2440,0x00007f61e5080000)
 Metaspace       used 106564K, capacity 107828K, committed 108032K, reserved 108544K
Event: 9334,717 GC heap after
Heap after GC invocations=644 (full 12):
 PSYoungGen      total 177886720K, used 916890K [0x00007fb546580000, 0x00007fdff1000000, 0x00007fdff1000000)
  eden space 176817152K, 0% used [0x00007fb546580000,0x00007fb546580000,0x00007fdf6e680000)
  from space 1069568K, 85% used [0x00007fdfaf900000,0x00007fdfe78668b0,0x00007fdff0d80000)
  to   space 1067520K, 0% used [0x00007fdf6e680000,0x00007fdf6e680000,0x00007fdfaf900000)
 ParOldGen       total 8192512K, used 3402753K [0x00007f5ff1000000, 0x00007f61e5080000, 0x00007fb546580000)
  object space 8192512K, 41% used [0x00007f5ff1000000,0x00007f60c0b00440,0x00007f61e5080000)
 Metaspace       used 106564K, capacity 107828K, committed 108032K, reserved 108544K
}
Event: 9351,788 GC heap before
{Heap before GC invocations=645 (full 12):
 PSYoungGen      total 177886720K, used 177734042K [0x00007fb546580000, 0x00007fdff1000000, 0x00007fdff1000000)
  eden space 176817152K, 100% used [0x00007fb546580000,0x00007fdf6e680000,0x00007fdf6e680000)
  from space 1069568K, 85% used [0x00007fdfaf900000,0x00007fdfe78668b0,0x00007fdff0d80000)
  to   space 1067520K, 0% used [0x00007fdf6e680000,0x00007fdf6e680000,0x00007fdfaf900000)
 ParOldGen       total 8192512K, used 3402753K [0x00007f5ff1000000, 0x00007f61e5080000, 0x00007fb546580000)
  object space 8192512K, 41% used [0x00007f5ff1000000,0x00007f60c0b00440,0x00007f61e5080000)
 Metaspace       used 106564K, capacity 107828K, committed 108032K, reserved 108544K
Event: 9352,413 GC heap after
Heap after GC invocations=645 (full 12):
 PSYoungGen      total 177884672K, used 895561K [0x00007fb546580000, 0x00007fdff0f00000, 0x00007fdff1000000)
  eden space 176817152K, 0% used [0x00007fb546580000,0x00007fb546580000,0x00007fdf6e680000)
  from space 1067520K, 83% used [0x00007fdf6e680000,0x00007fdfa51127c0,0x00007fdfaf900000)
  to   space 1068032K, 0% used [0x00007fdfafc00000,0x00007fdfafc00000,0x00007fdff0f00000)
 ParOldGen       total 8192512K, used 3402841K [0x00007f5ff1000000, 0x00007f61e5080000, 0x00007fb546580000)
  object space 8192512K, 41% used [0x00007f5ff1000000,0x00007f60c0b16440,0x00007f61e5080000)
 Metaspace       used 106564K, capacity 107828K, committed 108032K, reserved 108544K
}
Event: 9370,072 GC heap before
{Heap before GC invocations=646 (full 12):
 PSYoungGen      total 177884672K, used 177712713K [0x00007fb546580000, 0x00007fdff0f00000, 0x00007fdff1000000)
  eden space 176817152K, 100% used [0x00007fb546580000,0x00007fdf6e680000,0x00007fdf6e680000)
  from space 1067520K, 83% used [0x00007fdf6e680000,0x00007fdfa51127c0,0x00007fdfaf900000)
  to   space 1068032K, 0% used [0x00007fdfafc00000,0x00007fdfafc00000,0x00007fdff0f00000)
 ParOldGen       total 8192512K, used 3402841K [0x00007f5ff1000000, 0x00007f61e5080000, 0x00007fb546580000)
  object space 8192512K, 41% used [0x00007f5ff1000000,0x00007f60c0b16440,0x00007f61e5080000)
 Metaspace       used 106564K, capacity 107828K, committed 108032K, reserved 108544K
Event: 9370,517 GC heap after
Heap after GC invocations=646 (full 12):
 PSYoungGen      total 177876480K, used 852010K [0x00007fb546580000, 0x00007fdff1000000, 0x00007fdff1000000)
  eden space 176808448K, 0% used [0x00007fb546580000,0x00007fb546580000,0x00007fdf6de00000)
  from space 1068032K, 79% used [0x00007fdfafc00000,0x00007fdfe3c0a970,0x00007fdff0f00000)
  to   space 1074176K, 0% used [0x00007fdf6de00000,0x00007fdf6de00000,0x00007fdfaf700000)
 ParOldGen       total 8192512K, used 3402921K [0x00007f5ff1000000, 0x00007f61e5080000, 0x00007fb546580000)
  object space 8192512K, 41% used [0x00007f5ff1000000,0x00007f60c0b2a440,0x00007f61e5080000)
 Metaspace       used 106564K, capacity 107828K, committed 108032K, reserved 108544K
}
Event: 9387,215 GC heap before
{Heap before GC invocations=647 (full 12):
 PSYoungGen      total 177876480K, used 177660458K [0x00007fb546580000, 0x00007fdff1000000, 0x00007fdff1000000)
  eden space 176808448K, 100% used [0x00007fb546580000,0x00007fdf6de00000,0x00007fdf6de00000)
  from space 1068032K, 79% used [0x00007fdfafc00000,0x00007fdfe3c0a970,0x00007fdff0f00000)
  to   space 1074176K, 0% used [0x00007fdf6de00000,0x00007fdf6de00000,0x00007fdfaf700000)
 ParOldGen       total 8192512K, used 3402921K [0x00007f5ff1000000, 0x00007f61e5080000, 0x00007fb546580000)
  object space 8192512K, 41% used [0x00007f5ff1000000,0x00007f60c0b2a440,0x00007f61e5080000)
 Metaspace       used 106564K, capacity 107828K, committed 108032K, reserved 108544K
Event: 9387,539 GC heap after
Heap after GC invocations=647 (full 12):
 PSYoungGen      total 177654784K, used 846316K [0x00007fb546580000, 0x00007fdff1000000, 0x00007fdff1000000)
  eden space 176808448K, 0% used [0x00007fb546580000,0x00007fb546580000,0x00007fdf6de00000)
  from space 846336K, 99% used [0x00007fdf6de00000,0x00007fdfa187b1d8,0x00007fdfa1880000)
  to   space 1077760K, 0% used [0x00007fdfaf380000,0x00007fdfaf380000,0x00007fdff1000000)
 ParOldGen       total 8192512K, used 3403009K [0x00007f5ff1000000, 0x00007f61e5080000, 0x00007fb546580000)
  object space 8192512K, 41% used [0x00007f5ff1000000,0x00007f60c0b40440,0x00007f61e5080000)
 Metaspace       used 106564K, capacity 107828K, committed 108032K, reserved 108544K
}
Event: 9403,830 GC heap before
{Heap before GC invocations=648 (full 12):
 PSYoungGen      total 177654784K, used 177654764K [0x00007fb546580000, 0x00007fdff1000000, 0x00007fdff1000000)
  eden space 176808448K, 100% used [0x00007fb546580000,0x00007fdf6de00000,0x00007fdf6de00000)
  from space 846336K, 99% used [0x00007fdf6de00000,0x00007fdfa187b1d8,0x00007fdfa1880000)
  to   space 1077760K, 0% used [0x00007fdfaf380000,0x00007fdfaf380000,0x00007fdff1000000)
 ParOldGen       total 8192512K, used 3403009K [0x00007f5ff1000000, 0x00007f61e5080000, 0x00007fb546580000)
  object space 8192512K, 41% used [0x00007f5ff1000000,0x00007f60c0b40440,0x00007f61e5080000)
 Metaspace       used 106564K, capacity 107828K, committed 108032K, reserved 108544K
Event: 9404,580 GC heap after
Heap after GC invocations=648 (full 12):
 PSYoungGen      total 177867776K, used 988120K [0x00007fb546580000, 0x00007fdff1000000, 0x00007fdff1000000)
  eden space 176790016K, 0% used [0x00007fb546580000,0x00007fb546580000,0x00007fdf6cc00000)
  from space 1077760K, 91% used [0x00007fdfaf380000,0x00007fdfeb876028,0x00007fdff1000000)
  to   space 1083392K, 0% used [0x00007fdf6cc00000,0x00007fdf6cc00000,0x00007fdfaee00000)
 ParOldGen       total 8192512K, used 3403129K [0x00007f5ff1000000, 0x00007f61e5080000, 0x00007fb546580000)
  object space 8192512K, 41% used [0x00007f5ff1000000,0x00007f60c0b5e440,0x00007f61e5080000)
 Metaspace       used 106564K, capacity 107828K, committed 108032K, reserved 108544K
}
Event: 9421,549 GC heap before
{Heap before GC invocations=649 (full 12):
 PSYoungGen      total 177867776K, used 177778136K [0x00007fb546580000, 0x00007fdff1000000, 0x00007fdff1000000)
  eden space 176790016K, 100% used [0x00007fb546580000,0x00007fdf6cc00000,0x00007fdf6cc00000)
  from space 1077760K, 91% used [0x00007fdfaf380000,0x00007fdfeb876028,0x00007fdff1000000)
  to   space 1083392K, 0% used [0x00007fdf6cc00000,0x00007fdf6cc00000,0x00007fdfaee00000)
 ParOldGen       total 8192512K, used 3403129K [0x00007f5ff1000000, 0x00007f61e5080000, 0x00007fb546580000)
  object space 8192512K, 41% used [0x00007f5ff1000000,0x00007f60c0b5e440,0x00007f61e5080000)
 Metaspace       used 106564K, capacity 107828K, committed 108032K, reserved 108544K
Event: 9421,845 GC heap after
Heap after GC invocations=649 (full 12):
 PSYoungGen      total 177632768K, used 842310K [0x00007fb546580000, 0x00007fdff1000000, 0x00007fdff1000000)
  eden space 176790016K, 0% used [0x00007fb546580000,0x00007fb546580000,0x00007fdf6cc00000)
  from space 842752K, 99% used [0x00007fdf6cc00000,0x00007fdfa0291818,0x00007fdfa0300000)
  to   space 1085440K, 0% used [0x00007fdfaec00000,0x00007fdfaec00000,0x00007fdff1000000)
 ParOldGen       total 8192512K, used 3403217K [0x00007f5ff1000000, 0x00007f61e5080000, 0x00007fb546580000)
  object space 8192512K, 41% used [0x00007f5ff1000000,0x00007f60c0b74440,0x00007f61e5080000)
 Metaspace       used 106564K, capacity 107828K, committed 108032K, reserved 108544K
}
Event: 9439,104 GC heap before
{Heap before GC invocations=650 (full 12):
 PSYoungGen      total 177632768K, used 177632326K [0x00007fb546580000, 0x00007fdff1000000, 0x00007fdff1000000)
  eden space 176790016K, 100% used [0x00007fb546580000,0x00007fdf6cc00000,0x00007fdf6cc00000)
  from space 842752K, 99% used [0x00007fdf6cc00000,0x00007fdfa0291818,0x00007fdfa0300000)
  to   space 1085440K, 0% used [0x00007fdfaec00000,0x00007fdfaec00000,0x00007fdff1000000)
 ParOldGen       total 8192512K, used 3411213K [0x00007f5ff1000000, 0x00007f61e5080000, 0x00007fb546580000)
  object space 8192512K, 41% used [0x00007f5ff1000000,0x00007f60c13436b8,0x00007f61e5080000)
 Metaspace       used 106564K, capacity 107828K, committed 108032K, reserved 108544K
Event: 9439,585 GC heap after
Heap after GC invocations=650 (full 12):
 PSYoungGen      total 177879552K, used 886287K [0x00007fb546580000, 0x00007fdff1000000, 0x00007fdff1000000)
  eden space 176794112K, 0% used [0x00007fb546580000,0x00007fb546580000,0x00007fdf6d000000)
  from space 1085440K, 81% used [0x00007fdfaec00000,0x00007fdfe4d83dd0,0x00007fdff1000000)
  to   space 1077248K, 0% used [0x00007fdf6d000000,0x00007fdf6d000000,0x00007fdfaec00000)
 ParOldGen       total 8192512K, used 3411285K [0x00007f5ff1000000, 0x00007f61e5080000, 0x00007fb546580000)
  object space 8192512K, 41% used [0x00007f5ff1000000,0x00007f60c13556b8,0x00007f61e5080000)
 Metaspace       used 106564K, capacity 107828K, committed 108032K, reserved 108544K
}
Event: 9456,008 GC heap before
{Heap before GC invocations=651 (full 12):
 PSYoungGen      total 177879552K, used 177680399K [0x00007fb546580000, 0x00007fdff1000000, 0x00007fdff1000000)
  eden space 176794112K, 100% used [0x00007fb546580000,0x00007fdf6d000000,0x00007fdf6d000000)
  from space 1085440K, 81% used [0x00007fdfaec00000,0x00007fdfe4d83dd0,0x00007fdff1000000)
  to   space 1077248K, 0% used [0x00007fdf6d000000,0x00007fdf6d000000,0x00007fdfaec00000)
 ParOldGen       total 8192512K, used 3411286K [0x00007f5ff1000000, 0x00007f61e5080000, 0x00007fb546580000)
  object space 8192512K, 41% used [0x00007f5ff1000000,0x00007f60c1355a30,0x00007f61e5080000)
 Metaspace       used 106564K, capacity 107828K, committed 108032K, reserved 108544K
Event: 9456,499 GC heap after
Heap after GC invocations=651 (full 12):
 PSYoungGen      total 177697280K, used 902684K [0x00007fb546580000, 0x00007fdfef200000, 0x00007fdff1000000)
  eden space 176794112K, 0% used [0x00007fb546580000,0x00007fb546580000,0x00007fdf6d000000)
  from space 903168K, 99% used [0x00007fdf6d000000,0x00007fdfa41873d8,0x00007fdfa4200000)
  to   space 1065984K, 0% used [0x00007fdfae100000,0x00007fdfae100000,0x00007fdfef200000)
 ParOldGen       total 8192512K, used 3411390K [0x00007f5ff1000000, 0x00007f61e5080000, 0x00007fb546580000)
  object space 8192512K, 41% used [0x00007f5ff1000000,0x00007f60c136fa30,0x00007f61e5080000)
 Metaspace       used 106564K, capacity 107828K, committed 108032K, reserved 108544K
}
Event: 9473,408 GC heap before
{Heap before GC invocations=652 (full 12):
 PSYoungGen      total 177697280K, used 177696796K [0x00007fb546580000, 0x00007fdfef200000, 0x00007fdff1000000)
  eden space 176794112K, 100% used [0x00007fb546580000,0x00007fdf6d000000,0x00007fdf6d000000)
  from space 903168K, 99% used [0x00007fdf6d000000,0x00007fdfa41873d8,0x00007fdfa4200000)
  to   space 1065984K, 0% used [0x00007fdfae100000,0x00007fdfae100000,0x00007fdfef200000)
 ParOldGen       total 8192512K, used 3411390K [0x00007f5ff1000000, 0x00007f61e5080000, 0x00007fb546580000)
  object space 8192512K, 41% used [0x00007f5ff1000000,0x00007f60c136fa30,0x00007f61e5080000)
 Metaspace       used 106564K, capacity 107828K, committed 108032K, reserved 108544K
Event: 9473,730 GC heap after
Heap after GC invocations=652 (full 12):
 PSYoungGen      total 177850880K, used 785008K [0x00007fb546580000, 0x00007fdff1000000, 0x00007fdff1000000)
  eden space 176784896K, 0% used [0x00007fb546580000,0x00007fb546580000,0x00007fdf6c700000)
  from space 1065984K, 73% used [0x00007fdfae100000,0x00007fdfddf9c3f0,0x00007fdfef200000)
  to   space 1075200K, 0% used [0x00007fdf6c700000,0x00007fdf6c700000,0x00007fdfae100000)
 ParOldGen       total 8192512K, used 3411486K [0x00007f5ff1000000, 0x00007f61e5080000, 0x00007fb546580000)
  object space 8192512K, 41% used [0x00007f5ff1000000,0x00007f60c1387a30,0x00007f61e5080000)
 Metaspace       used 106564K, capacity 107828K, committed 108032K, reserved 108544K
}
Event: 9490,423 GC heap before
{Heap before GC invocations=653 (full 12):
 PSYoungGen      total 177850880K, used 177569904K [0x00007fb546580000, 0x00007fdff1000000, 0x00007fdff1000000)
  eden space 176784896K, 100% used [0x00007fb546580000,0x00007fdf6c700000,0x00007fdf6c700000)
  from space 1065984K, 73% used [0x00007fdfae100000,0x00007fdfddf9c3f0,0x00007fdfef200000)
  to   space 1075200K, 0% used [0x00007fdf6c700000,0x00007fdf6c700000,0x00007fdfae100000)
 ParOldGen       total 8192512K, used 3411486K [0x00007f5ff1000000, 0x00007f61e5080000, 0x00007fb546580000)
  object space 8192512K, 41% used [0x00007f5ff1000000,0x00007f60c1387a30,0x00007f61e5080000)
 Metaspace       used 106564K, capacity 107828K, committed 108032K, reserved 108544K
Event: 9490,928 GC heap after
Heap after GC invocations=653 (full 12):
 PSYoungGen      total 177860096K, used 943374K [0x00007fb546580000, 0x00007fdff1000000, 0x00007fdff1000000)
  eden space 176784896K, 0% used [0x00007fb546580000,0x00007fb546580000,0x00007fdf6c700000)
  from space 1075200K, 87% used [0x00007fdf6c700000,0x00007fdfa6043b00,0x00007fdfae100000)
  to   space 1071616K, 0% used [0x00007fdfaf980000,0x00007fdfaf980000,0x00007fdff1000000)
 ParOldGen       total 8192512K, used 3413190K [0x00007f5ff1000000, 0x00007f61e5080000, 0x00007fb546580000)
  object space 8192512K, 41% used [0x00007f5ff1000000,0x00007f60c1531a30,0x00007f61e5080000)
 Metaspace       used 106564K, capacity 107828K, committed 108032K, reserved 108544K
}
Event: 9508,302 GC heap before
{Heap before GC invocations=654 (full 12):
 PSYoungGen      total 177860096K, used 177728270K [0x00007fb546580000, 0x00007fdff1000000, 0x00007fdff1000000)
  eden space 176784896K, 100% used [0x00007fb546580000,0x00007fdf6c700000,0x00007fdf6c700000)
  from space 1075200K, 87% used [0x00007fdf6c700000,0x00007fdfa6043b00,0x00007fdfae100000)
  to   space 1071616K, 0% used [0x00007fdfaf980000,0x00007fdfaf980000,0x00007fdff1000000)
 ParOldGen       total 8192512K, used 3413190K [0x00007f5ff1000000, 0x00007f61e5080000, 0x00007fb546580000)
  object space 8192512K, 41% used [0x00007f5ff1000000,0x00007f60c1531a30,0x00007f61e5080000)
 Metaspace       used 106564K, capacity 107828K, committed 108032K, reserved 108544K
Event: 9508,595 GC heap after
Heap after GC invocations=654 (full 12):
 PSYoungGen      total 177862656K, used 862122K [0x00007fb546580000, 0x00007fdfefd80000, 0x00007fdff1000000)
  eden space 176809984K, 0% used [0x00007fb546580000,0x00007fb546580000,0x00007fdf6df80000)
  from space 1052672K, 81% used [0x00007fdfaf980000,0x00007fdfe436a920,0x00007fdfefd80000)
  to   space 1063936K, 0% used [0x00007fdf6df80000,0x00007fdf6df80000,0x00007fdfaee80000)
 ParOldGen       total 8192512K, used 3417574K [0x00007f5ff1000000, 0x00007f61e5080000, 0x00007fb546580000)
  object space 8192512K, 41% used [0x00007f5ff1000000,0x00007f60c1979a30,0x00007f61e5080000)
 Metaspace       used 106564K, capacity 107828K, committed 108032K, reserved 108544K
}
Event: 9525,687 GC heap before
{Heap before GC invocations=655 (full 12):
 PSYoungGen      total 177862656K, used 177672106K [0x00007fb546580000, 0x00007fdfefd80000, 0x00007fdff1000000)
  eden space 176809984K, 100% used [0x00007fb546580000,0x00007fdf6df80000,0x00007fdf6df80000)
  from space 1052672K, 81% used [0x00007fdfaf980000,0x00007fdfe436a920,0x00007fdfefd80000)
  to   space 1063936K, 0% used [0x00007fdf6df80000,0x00007fdf6df80000,0x00007fdfaee80000)
 ParOldGen       total 8192512K, used 3417574K [0x00007f5ff1000000, 0x00007f61e5080000, 0x00007fb546580000)
  object space 8192512K, 41% used [0x00007f5ff1000000,0x00007f60c1979a30,0x00007f61e5080000)
 Metaspace       used 106564K, capacity 107828K, committed 108032K, reserved 108544K
Event: 9526,145 GC heap after
Heap after GC invocations=655 (full 12):
 PSYoungGen      total 177873920K, used 904257K [0x00007fb546580000, 0x00007fdfefe00000, 0x00007fdff1000000)
  eden space 176809984K, 0% used [0x00007fb546580000,0x00007fb546580000,0x00007fdf6df80000)
  from space 1063936K, 84% used [0x00007fdf6df80000,0x00007fdfa52907e0,0x00007fdfaee80000)
  to   space 1049088K, 0% used [0x00007fdfafd80000,0x00007fdfafd80000,0x00007fdfefe00000)
 ParOldGen       total 8192512K, used 3417694K [0x00007f5ff1000000, 0x00007f61e5080000, 0x00007fb546580000)
  object space 8192512K, 41% used [0x00007f5ff1000000,0x00007f60c1997a30,0x00007f61e5080000)
 Metaspace       used 106564K, capacity 107828K, committed 108032K, reserved 108544K
}
Event: 9542,406 GC heap before
{Heap before GC invocations=656 (full 12):
 PSYoungGen      total 177873920K, used 177714241K [0x00007fb546580000, 0x00007fdfefe00000, 0x00007fdff1000000)
  eden space 176809984K, 100% used [0x00007fb546580000,0x00007fdf6df80000,0x00007fdf6df80000)
  from space 1063936K, 84% used [0x00007fdf6df80000,0x00007fdfa52907e0,0x00007fdfaee80000)
  to   space 1049088K, 0% used [0x00007fdfafd80000,0x00007fdfafd80000,0x00007fdfefe00000)
 ParOldGen       total 8192512K, used 3417694K [0x00007f5ff1000000, 0x00007f61e5080000, 0x00007fb546580000)
  object space 8192512K, 41% used [0x00007f5ff1000000,0x00007f60c1997a30,0x00007f61e5080000)
 Metaspace       used 106564K, capacity 107828K, committed 108032K, reserved 108544K
Event: 9542,807 GC heap after
Heap after GC invocations=656 (full 12):
 PSYoungGen      total 177879040K, used 875786K [0x00007fb546580000, 0x00007fdfef080000, 0x00007fdff1000000)
  eden space 176843776K, 0% used [0x00007fb546580000,0x00007fb546580000,0x00007fdf70080000)
  from space 1035264K, 84% used [0x00007fdfafd80000,0x00007fdfe54c28d8,0x00007fdfef080000)
  to   space 1040384K, 0% used [0x00007fdf70080000,0x00007fdf70080000,0x00007fdfaf880000)
 ParOldGen       total 8192512K, used 3417814K [0x00007f5ff1000000, 0x00007f61e5080000, 0x00007fb546580000)
  object space 8192512K, 41% used [0x00007f5ff1000000,0x00007f60c19b5a30,0x00007f61e5080000)
 Metaspace       used 106564K, capacity 107828K, committed 108032K, reserved 108544K
}
Event: 9559,453 GC heap before
{Heap before GC invocations=657 (full 12):
 PSYoungGen      total 177879040K, used 177719562K [0x00007fb546580000, 0x00007fdfef080000, 0x00007fdff1000000)
  eden space 176843776K, 100% used [0x00007fb546580000,0x00007fdf70080000,0x00007fdf70080000)
  from space 1035264K, 84% used [0x00007fdfafd80000,0x00007fdfe54c28d8,0x00007fdfef080000)
  to   space 1040384K, 0% used [0x00007fdf70080000,0x00007fdf70080000,0x00007fdfaf880000)
 ParOldGen       total 8192512K, used 3417814K [0x00007f5ff1000000, 0x00007f61e5080000, 0x00007fb546580000)
  object space 8192512K, 41% used [0x00007f5ff1000000,0x00007f60c19b5a30,0x00007f61e5080000)
 Metaspace       used 106564K, capacity 107828K, committed 108032K, reserved 108544K
Event: 9559,889 GC heap after
Heap after GC invocations=657 (full 12):
 PSYoungGen      total 177884160K, used 863346K [0x00007fb546580000, 0x00007fdff0800000, 0x00007fdff1000000)
  eden space 176843776K, 0% used [0x00007fb546580000,0x00007fb546580000,0x00007fdf70080000)
  from space 1040384K, 82% used [0x00007fdf70080000,0x00007fdfa4b9cac8,0x00007fdfaf880000)
  to   space 1033728K, 0% used [0x00007fdfb1680000,0x00007fdfb1680000,0x00007fdff0800000)
 ParOldGen       total 8192512K, used 3417902K [0x00007f5ff1000000, 0x00007f61e5080000, 0x00007fb546580000)
  object space 8192512K, 41% used [0x00007f5ff1000000,0x00007f60c19cba30,0x00007f61e5080000)
 Metaspace       used 106564K, capacity 107828K, committed 108032K, reserved 108544K
}
Event: 9576,602 GC heap before
{Heap before GC invocations=658 (full 12):
 PSYoungGen      total 177884160K, used 177707122K [0x00007fb546580000, 0x00007fdff0800000, 0x00007fdff1000000)
  eden space 176843776K, 100% used [0x00007fb546580000,0x00007fdf70080000,0x00007fdf70080000)
  from space 1040384K, 82% used [0x00007fdf70080000,0x00007fdfa4b9cac8,0x00007fdfaf880000)
  to   space 1033728K, 0% used [0x00007fdfb1680000,0x00007fdfb1680000,0x00007fdff0800000)
 ParOldGen       total 8192512K, used 3417902K [0x00007f5ff1000000, 0x00007f61e5080000, 0x00007fb546580000)
  object space 8192512K, 41% used [0x00007f5ff1000000,0x00007f60c19cba30,0x00007f61e5080000)
 Metaspace       used 106564K, capacity 107828K, committed 108032K, reserved 108544K
Event: 9577,016 GC heap after
Heap after GC invocations=658 (full 12):
 PSYoungGen      total 177901568K, used 965704K [0x00007fb546580000, 0x00007fdff1000000, 0x00007fdff1000000)
  eden space 176867840K, 0% used [0x00007fb546580000,0x00007fb546580000,0x00007fdf71800000)
  from space 1033728K, 93% used [0x00007fdfb1680000,0x00007fdfec5923a8,0x00007fdff0800000)
  to   space 1044480K, 0% used [0x00007fdf71800000,0x00007fdf71800000,0x00007fdfb1400000)
 ParOldGen       total 8192512K, used 3418030K [0x00007f5ff1000000, 0x00007f61e5080000, 0x00007fb546580000)
  object space 8192512K, 41% used [0x00007f5ff1000000,0x00007f60c19eba30,0x00007f61e5080000)
 Metaspace       used 106564K, capacity 107828K, committed 108032K, reserved 108544K
}
Event: 9594,237 GC heap before
{Heap before GC invocations=659 (full 12):
 PSYoungGen      total 177901568K, used 177833544K [0x00007fb546580000, 0x00007fdff1000000, 0x00007fdff1000000)
  eden space 176867840K, 100% used [0x00007fb546580000,0x00007fdf71800000,0x00007fdf71800000)
  from space 1033728K, 93% used [0x00007fdfb1680000,0x00007fdfec5923a8,0x00007fdff0800000)
  to   space 1044480K, 0% used [0x00007fdf71800000,0x00007fdf71800000,0x00007fdfb1400000)
 ParOldGen       total 8192512K, used 3418030K [0x00007f5ff1000000, 0x00007f61e5080000, 0x00007fb546580000)
  object space 8192512K, 41% used [0x00007f5ff1000000,0x00007f60c19eba30,0x00007f61e5080000)
 Metaspace       used 106564K, capacity 107828K, committed 108032K, reserved 108544K
Event: 9594,564 GC heap after
Heap after GC invocations=659 (full 12):
 PSYoungGen      total 177760768K, used 892533K [0x00007fb546580000, 0x00007fdff0480000, 0x00007fdff1000000)
  eden space 176867840K, 0% used [0x00007fb546580000,0x00007fb546580000,0x00007fdf71800000)
  from space 892928K, 99% used [0x00007fdf71800000,0x00007fdfa7f9d448,0x00007fdfa8000000)
  to   space 1033216K, 0% used [0x00007fdfb1380000,0x00007fdfb1380000,0x00007fdff0480000)
 ParOldGen       total 8192512K, used 3418134K [0x00007f5ff1000000, 0x00007f61e5080000, 0x00007fb546580000)
  object space 8192512K, 41% used [0x00007f5ff1000000,0x00007f60c1a05a30,0x00007f61e5080000)
 Metaspace       used 106564K, capacity 107828K, committed 108032K, reserved 108544K
}
Event: 9611,507 GC heap before
{Heap before GC invocations=660 (full 12):
 PSYoungGen      total 177760768K, used 177760373K [0x00007fb546580000, 0x00007fdff0480000, 0x00007fdff1000000)
  eden space 176867840K, 100% used [0x00007fb546580000,0x00007fdf71800000,0x00007fdf71800000)
  from space 892928K, 99% used [0x00007fdf71800000,0x00007fdfa7f9d448,0x00007fdfa8000000)
  to   space 1033216K, 0% used [0x00007fdfb1380000,0x00007fdfb1380000,0x00007fdff0480000)
 ParOldGen       total 8192512K, used 3418134K [0x00007f5ff1000000, 0x00007f61e5080000, 0x00007fb546580000)
  object space 8192512K, 41% used [0x00007f5ff1000000,0x00007f60c1a05a30,0x00007f61e5080000)
 Metaspace       used 106564K, capacity 107828K, committed 108032K, reserved 108544K
Event: 9611,878 GC heap after
Heap after GC invocations=660 (full 12):
 PSYoungGen      total 177921024K, used 885068K [0x00007fb546580000, 0x00007fdff1000000, 0x00007fdff1000000)
  eden space 176887808K, 0% used [0x00007fb546580000,0x00007fb546580000,0x00007fdf72b80000)
  from space 1033216K, 85% used [0x00007fdfb1380000,0x00007fdfe73d3088,0x00007fdff0480000)
  to   space 1024000K, 0% used [0x00007fdf72b80000,0x00007fdf72b80000,0x00007fdfb1380000)
 ParOldGen       total 8192512K, used 3418238K [0x00007f5ff1000000, 0x00007f61e5080000, 0x00007fb546580000)
  object space 8192512K, 41% used [0x00007f5ff1000000,0x00007f60c1a1fa30,0x00007f61e5080000)
 Metaspace       used 106564K, capacity 107828K, committed 108032K, reserved 108544K
}
Event: 9628,118 GC heap before
{Heap before GC invocations=661 (full 12):
 PSYoungGen      total 177921024K, used 177772876K [0x00007fb546580000, 0x00007fdff1000000, 0x00007fdff1000000)
  eden space 176887808K, 100% used [0x00007fb546580000,0x00007fdf72b80000,0x00007fdf72b80000)
  from space 1033216K, 85% used [0x00007fdfb1380000,0x00007fdfe73d3088,0x00007fdff0480000)
  to   space 1024000K, 0% used [0x00007fdf72b80000,0x00007fdf72b80000,0x00007fdfb1380000)
 ParOldGen       total 8192512K, used 3418238K [0x00007f5ff1000000, 0x00007f61e5080000, 0x00007fb546580000)
  object space 8192512K, 41% used [0x00007f5ff1000000,0x00007f60c1a1fa30,0x00007f61e5080000)
 Metaspace       used 106564K, capacity 107828K, committed 108032K, reserved 108544K
Event: 9628,760 GC heap after
Heap after GC invocations=661 (full 12):
 PSYoungGen      total 177911808K, used 950344K [0x00007fb546580000, 0x00007fdff1000000, 0x00007fdff1000000)
  eden space 176887808K, 0% used [0x00007fb546580000,0x00007fb546580000,0x00007fdf72b80000)
  from space 1024000K, 92% used [0x00007fdf72b80000,0x00007fdfacb920c8,0x00007fdfb1380000)
  to   space 1029120K, 0% used [0x00007fdfb2300000,0x00007fdfb2300000,0x00007fdff1000000)
 ParOldGen       total 8192512K, used 3418342K [0x00007f5ff1000000, 0x00007f61e5080000, 0x00007fb546580000)
  object space 8192512K, 41% used [0x00007f5ff1000000,0x00007f60c1a39a30,0x00007f61e5080000)
 Metaspace       used 106564K, capacity 107828K, committed 108032K, reserved 108544K
}
Event: 9645,909 GC heap before
{Heap before GC invocations=662 (full 12):
 PSYoungGen      total 177911808K, used 177838152K [0x00007fb546580000, 0x00007fdff1000000, 0x00007fdff1000000)
  eden space 176887808K, 100% used [0x00007fb546580000,0x00007fdf72b80000,0x00007fdf72b80000)
  from space 1024000K, 92% used [0x00007fdf72b80000,0x00007fdfacb920c8,0x00007fdfb1380000)
  to   space 1029120K, 0% used [0x00007fdfb2300000,0x00007fdfb2300000,0x00007fdff1000000)
 ParOldGen       total 8192512K, used 3418342K [0x00007f5ff1000000, 0x00007f61e5080000, 0x00007fb546580000)
  object space 8192512K, 41% used [0x00007f5ff1000000,0x00007f60c1a39a30,0x00007f61e5080000)
 Metaspace       used 106564K, capacity 107828K, committed 108032K, reserved 108544K
Event: 9646,190 GC heap after
Heap after GC invocations=662 (full 12):
 PSYoungGen      total 177916416K, used 901138K [0x00007fb546580000, 0x00007fdff0000000, 0x00007fdff1000000)
  eden space 176903680K, 0% used [0x00007fb546580000,0x00007fb546580000,0x00007fdf73b00000)
  from space 1012736K, 88% used [0x00007fdfb2300000,0x00007fdfe9304938,0x00007fdff0000000)
  to   space 1018368K, 0% used [0x00007fdf73b00000,0x00007fdf73b00000,0x00007fdfb1d80000)
 ParOldGen       total 8192512K, used 3418430K [0x00007f5ff1000000, 0x00007f61e5080000, 0x00007fb546580000)
  object space 8192512K, 41% used [0x00007f5ff1000000,0x00007f60c1a4fa30,0x00007f61e5080000)
 Metaspace       used 106564K, capacity 107828K, committed 108032K, reserved 108544K
}
Event: 9663,616 GC heap before
{Heap before GC invocations=663 (full 12):
 PSYoungGen      total 177916416K, used 177804818K [0x00007fb546580000, 0x00007fdff0000000, 0x00007fdff1000000)
  eden space 176903680K, 100% used [0x00007fb546580000,0x00007fdf73b00000,0x00007fdf73b00000)
  from space 1012736K, 88% used [0x00007fdfb2300000,0x00007fdfe9304938,0x00007fdff0000000)
  to   space 1018368K, 0% used [0x00007fdf73b00000,0x00007fdf73b00000,0x00007fdfb1d80000)
 ParOldGen       total 8192512K, used 3428472K [0x00007f5ff1000000, 0x00007f61e5080000, 0x00007fb546580000)
  object space 8192512K, 41% used [0x00007f5ff1000000,0x00007f60c241e030,0x00007f61e5080000)
 Metaspace       used 106564K, capacity 107828K, committed 108032K, reserved 108544K
Event: 9663,914 GC heap after
Heap after GC invocations=663 (full 12):
 PSYoungGen      total 177922048K, used 834710K [0x00007fb546580000, 0x00007fdff1000000, 0x00007fdff1000000)
  eden space 176903680K, 0% used [0x00007fb546580000,0x00007fb546580000,0x00007fdf73b00000)
  from space 1018368K, 81% used [0x00007fdf73b00000,0x00007fdfa6a25b70,0x00007fdfb1d80000)
  to   space 1019904K, 0% used [0x00007fdfb2c00000,0x00007fdfb2c00000,0x00007fdff1000000)
 ParOldGen       total 8192512K, used 3428576K [0x00007f5ff1000000, 0x00007f61e5080000, 0x00007fb546580000)
  object space 8192512K, 41% used [0x00007f5ff1000000,0x00007f60c2438030,0x00007f61e5080000)
 Metaspace       used 106564K, capacity 107828K, committed 108032K, reserved 108544K
}
Event: 9680,766 GC heap before
{Heap before GC invocations=664 (full 12):
 PSYoungGen      total 177922048K, used 177738390K [0x00007fb546580000, 0x00007fdff1000000, 0x00007fdff1000000)
  eden space 176903680K, 100% used [0x00007fb546580000,0x00007fdf73b00000,0x00007fdf73b00000)
  from space 1018368K, 81% used [0x00007fdf73b00000,0x00007fdfa6a25b70,0x00007fdfb1d80000)
  to   space 1019904K, 0% used [0x00007fdfb2c00000,0x00007fdfb2c00000,0x00007fdff1000000)
 ParOldGen       total 8192512K, used 3429376K [0x00007f5ff1000000, 0x00007f61e5080000, 0x00007fb546580000)
  object space 8192512K, 41% used [0x00007f5ff1000000,0x00007f60c2500268,0x00007f61e5080000)
 Metaspace       used 106564K, capacity 107828K, committed 108032K, reserved 108544K
Event: 9681,136 GC heap after
Heap after GC invocations=664 (full 12):
 PSYoungGen      total 177932800K, used 937870K [0x00007fb546580000, 0x00007fdff1000000, 0x00007fdff1000000)
  eden space 176912896K, 0% used [0x00007fb546580000,0x00007fb546580000,0x00007fdf74400000)
  from space 1019904K, 91% used [0x00007fdfb2c00000,0x00007fdfebfe39f0,0x00007fdff1000000)
  to   space 1021952K, 0% used [0x00007fdf74400000,0x00007fdf74400000,0x00007fdfb2a00000)
 ParOldGen       total 8192512K, used 3429496K [0x00007f5ff1000000, 0x00007f61e5080000, 0x00007fb546580000)
  object space 8192512K, 41% used [0x00007f5ff1000000,0x00007f60c251e268,0x00007f61e5080000)
 Metaspace       used 106564K, capacity 107828K, committed 108032K, reserved 108544K
}
Event: 9697,695 GC heap before
{Heap before GC invocations=665 (full 12):
 PSYoungGen      total 177932800K, used 177850766K [0x00007fb546580000, 0x00007fdff1000000, 0x00007fdff1000000)
  eden space 176912896K, 100% used [0x00007fb546580000,0x00007fdf74400000,0x00007fdf74400000)
  from space 1019904K, 91% used [0x00007fdfb2c00000,0x00007fdfebfe39f0,0x00007fdff1000000)
  to   space 1021952K, 0% used [0x00007fdf74400000,0x00007fdf74400000,0x00007fdfb2a00000)
 ParOldGen       total 8192512K, used 3429496K [0x00007f5ff1000000, 0x00007f61e5080000, 0x00007fb546580000)
  object space 8192512K, 41% used [0x00007f5ff1000000,0x00007f60c251e268,0x00007f61e5080000)
 Metaspace       used 106564K, capacity 107828K, committed 108032K, reserved 108544K
Event: 9698,217 GC heap after
Heap after GC invocations=665 (full 12):
 PSYoungGen      total 177865216K, used 952084K [0x00007fb546580000, 0x00007fdff1000000, 0x00007fdff1000000)
  eden space 176912896K, 0% used [0x00007fb546580000,0x00007fb546580000,0x00007fdf74400000)
  from space 952320K, 99% used [0x00007fdf74400000,0x00007fdfae5c5240,0x00007fdfae600000)
  to   space 1027584K, 0% used [0x00007fdfb2480000,0x00007fdfb2480000,0x00007fdff1000000)
 ParOldGen       total 8192512K, used 3437200K [0x00007f5ff1000000, 0x00007f61e5080000, 0x00007fb546580000)
  object space 8192512K, 41% used [0x00007f5ff1000000,0x00007f60c2ca4268,0x00007f61e5080000)
 Metaspace       used 106564K, capacity 107828K, committed 108032K, reserved 108544K
}
Event: 9714,870 GC heap before
{Heap before GC invocations=666 (full 12):
 PSYoungGen      total 177865216K, used 177864980K [0x00007fb546580000, 0x00007fdff1000000, 0x00007fdff1000000)
  eden space 176912896K, 100% used [0x00007fb546580000,0x00007fdf74400000,0x00007fdf74400000)
  from space 952320K, 99% used [0x00007fdf74400000,0x00007fdfae5c5240,0x00007fdfae600000)
  to   space 1027584K, 0% used [0x00007fdfb2480000,0x00007fdfb2480000,0x00007fdff1000000)
 ParOldGen       total 8192512K, used 3437200K [0x00007f5ff1000000, 0x00007f61e5080000, 0x00007fb546580000)
  object space 8192512K, 41% used [0x00007f5ff1000000,0x00007f60c2ca4268,0x00007f61e5080000)
 Metaspace       used 106564K, capacity 107828K, committed 108032K, reserved 108544K
Event: 9715,381 GC heap after
Heap after GC invocations=666 (full 12):
 PSYoungGen      total 177935360K, used 923244K [0x00007fb546580000, 0x00007fdff1000000, 0x00007fdff1000000)
  eden space 176907776K, 0% used [0x00007fb546580000,0x00007fb546580000,0x00007fdf73f00000)
  from space 1027584K, 89% used [0x00007fdfb2480000,0x00007fdfeaa1b290,0x00007fdff1000000)
  to   space 1021440K, 0% used [0x00007fdf73f00000,0x00007fdf73f00000,0x00007fdfb2480000)
 ParOldGen       total 8192512K, used 3437312K [0x00007f5ff1000000, 0x00007f61e5080000, 0x00007fb546580000)
  object space 8192512K, 41% used [0x00007f5ff1000000,0x00007f60c2cc0268,0x00007f61e5080000)
 Metaspace       used 106564K, capacity 107828K, committed 108032K, reserved 108544K
}
Event: 9732,953 GC heap before
{Heap before GC invocations=667 (full 12):
 PSYoungGen      total 177935360K, used 177831020K [0x00007fb546580000, 0x00007fdff1000000, 0x00007fdff1000000)
  eden space 176907776K, 100% used [0x00007fb546580000,0x00007fdf73f00000,0x00007fdf73f00000)
  from space 1027584K, 89% used [0x00007fdfb2480000,0x00007fdfeaa1b290,0x00007fdff1000000)
  to   space 1021440K, 0% used [0x00007fdf73f00000,0x00007fdf73f00000,0x00007fdfb2480000)
 ParOldGen       total 8192512K, used 3437312K [0x00007f5ff1000000, 0x00007f61e5080000, 0x00007fb546580000)
  object space 8192512K, 41% used [0x00007f5ff1000000,0x00007f60c2cc0268,0x00007f61e5080000)
 Metaspace       used 106564K, capacity 107828K, committed 108032K, reserved 108544K
Event: 9733,309 GC heap after
Heap after GC invocations=667 (full 12):
 PSYoungGen      total 177802752K, used 894584K [0x00007fb546580000, 0x00007fdfef900000, 0x00007fdff1000000)
  eden space 176907776K, 0% used [0x00007fb546580000,0x00007fb546580000,0x00007fdf73f00000)
  from space 894976K, 99% used [0x00007fdf73f00000,0x00007fdfaa89e140,0x00007fdfaa900000)
  to   space 1012736K, 0% used [0x00007fdfb1c00000,0x00007fdfb1c00000,0x00007fdfef900000)
 ParOldGen       total 8192512K, used 3437408K [0x00007f5ff1000000, 0x00007f61e5080000, 0x00007fb546580000)
  object space 8192512K, 41% used [0x00007f5ff1000000,0x00007f60c2cd8268,0x00007f61e5080000)
 Metaspace       used 106564K, capacity 107828K, committed 108032K, reserved 108544K
}
Event: 9750,682 GC heap before
{Heap before GC invocations=668 (full 12):
 PSYoungGen      total 177802752K, used 177802360K [0x00007fb546580000, 0x00007fdfef900000, 0x00007fdff1000000)
  eden space 176907776K, 100% used [0x00007fb546580000,0x00007fdf73f00000,0x00007fdf73f00000)
  from space 894976K, 99% used [0x00007fdf73f00000,0x00007fdfaa89e140,0x00007fdfaa900000)
  to   space 1012736K, 0% used [0x00007fdfb1c00000,0x00007fdfb1c00000,0x00007fdfef900000)
 ParOldGen       total 8192512K, used 3437408K [0x00007f5ff1000000, 0x00007f61e5080000, 0x00007fb546580000)
  object space 8192512K, 41% used [0x00007f5ff1000000,0x00007f60c2cd8268,0x00007f61e5080000)
 Metaspace       used 106564K, capacity 107828K, committed 108032K, reserved 108544K
Event: 9751,180 GC heap after
Heap after GC invocations=668 (full 12):
 PSYoungGen      total 177929728K, used 903651K [0x00007fb546580000, 0x00007fdff1000000, 0x00007fdff1000000)
  eden space 176916992K, 0% used [0x00007fb546580000,0x00007fb546580000,0x00007fdf74800000)
  from space 1012736K, 89% used [0x00007fdfb1c00000,0x00007fdfe8e78da0,0x00007fdfef900000)
  to   space 1003520K, 0% used [0x00007fdf74800000,0x00007fdf74800000,0x00007fdfb1c00000)
 ParOldGen       total 8192512K, used 3437528K [0x00007f5ff1000000, 0x00007f61e5080000, 0x00007fb546580000)
  object space 8192512K, 41% used [0x00007f5ff1000000,0x00007f60c2cf6268,0x00007f61e5080000)
 Metaspace       used 106564K, capacity 107828K, committed 108032K, reserved 108544K
}
Event: 9767,659 GC heap before
{Heap before GC invocations=669 (full 12):
 PSYoungGen      total 177929728K, used 177818779K [0x00007fb546580000, 0x00007fdff1000000, 0x00007fdff1000000)
  eden space 176916992K, 99% used [0x00007fb546580000,0x00007fdf7462e0a0,0x00007fdf74800000)
  from space 1012736K, 89% used [0x00007fdfb1c00000,0x00007fdfe8e78da0,0x00007fdfef900000)
  to   space 1003520K, 0% used [0x00007fdf74800000,0x00007fdf74800000,0x00007fdfb1c00000)
 ParOldGen       total 8192512K, used 3437528K [0x00007f5ff1000000, 0x00007f61e5080000, 0x00007fb546580000)
  object space 8192512K, 41% used [0x00007f5ff1000000,0x00007f60c2cf6268,0x00007f61e5080000)
 Metaspace       used 106564K, capacity 107828K, committed 108032K, reserved 108544K
Event: 9767,998 GC heap after
Heap after GC invocations=669 (full 12):
 PSYoungGen      total 177920512K, used 890869K [0x00007fb546580000, 0x00007fdfefa00000, 0x00007fdff1000000)
  eden space 176916992K, 0% used [0x00007fb546580000,0x00007fb546580000,0x00007fdf74800000)
  from space 1003520K, 88% used [0x00007fdf74800000,0x00007fdfaadfd710,0x00007fdfb1c00000)
  to   space 996864K, 0% used [0x00007fdfb2c80000,0x00007fdfb2c80000,0x00007fdfefa00000)
 ParOldGen       total 8192512K, used 3437616K [0x00007f5ff1000000, 0x00007f61e5080000, 0x00007fb546580000)
  object space 8192512K, 41% used [0x00007f5ff1000000,0x00007f60c2d0c268,0x00007f61e5080000)
 Metaspace       used 106564K, capacity 107828K, committed 108032K, reserved 108544K
}
Event: 9784,471 GC heap before
{Heap before GC invocations=670 (full 12):
 PSYoungGen      total 177920512K, used 177807861K [0x00007fb546580000, 0x00007fdfefa00000, 0x00007fdff1000000)
  eden space 176916992K, 100% used [0x00007fb546580000,0x00007fdf74800000,0x00007fdf74800000)
  from space 1003520K, 88% used [0x00007fdf74800000,0x00007fdfaadfd710,0x00007fdfb1c00000)
  to   space 996864K, 0% used [0x00007fdfb2c80000,0x00007fdfb2c80000,0x00007fdfefa00000)
 ParOldGen       total 8192512K, used 3486345K [0x00007f5ff1000000, 0x00007f61e5080000, 0x00007fb546580000)
  object space 8192512K, 42% used [0x00007f5ff1000000,0x00007f60c5ca24d8,0x00007f61e5080000)
 Metaspace       used 106564K, capacity 107828K, committed 108032K, reserved 108544K
Event: 9784,985 GC heap after
Heap after GC invocations=670 (full 12):
 PSYoungGen      total 177939968K, used 866415K [0x00007fb546580000, 0x00007fdff0480000, 0x00007fdff1000000)
  eden space 176943104K, 0% used [0x00007fb546580000,0x00007fb546580000,0x00007fdf76180000)
  from space 996864K, 86% used [0x00007fdfb2c80000,0x00007fdfe7a9be08,0x00007fdfefa00000)
  to   space 994304K, 0% used [0x00007fdf76180000,0x00007fdf76180000,0x00007fdfb2c80000)
 ParOldGen       total 8192512K, used 3486457K [0x00007f5ff1000000, 0x00007f61e5080000, 0x00007fb546580000)
  object space 8192512K, 42% used [0x00007f5ff1000000,0x00007f60c5cbe4d8,0x00007f61e5080000)
 Metaspace       used 106564K, capacity 107828K, committed 108032K, reserved 108544K
}
Event: 9801,866 GC heap before
{Heap before GC invocations=671 (full 12):
 PSYoungGen      total 177939968K, used 177809519K [0x00007fb546580000, 0x00007fdff0480000, 0x00007fdff1000000)
  eden space 176943104K, 100% used [0x00007fb546580000,0x00007fdf76180000,0x00007fdf76180000)
  from space 996864K, 86% used [0x00007fdfb2c80000,0x00007fdfe7a9be08,0x00007fdfefa00000)
  to   space 994304K, 0% used [0x00007fdf76180000,0x00007fdf76180000,0x00007fdfb2c80000)
 ParOldGen       total 8192512K, used 3486954K [0x00007f5ff1000000, 0x00007f61e5080000, 0x00007fb546580000)
  object space 8192512K, 42% used [0x00007f5ff1000000,0x00007f60c5d3a940,0x00007f61e5080000)
 Metaspace       used 106564K, capacity 107828K, committed 108032K, reserved 108544K
Event: 9802,341 GC heap after
Heap after GC invocations=671 (full 12):
 PSYoungGen      total 177937408K, used 958585K [0x00007fb546580000, 0x00007fdff1000000, 0x00007fdff1000000)
  eden space 176943104K, 0% used [0x00007fb546580000,0x00007fb546580000,0x00007fdf76180000)
  from space 994304K, 96% used [0x00007fdf76180000,0x00007fdfb099e608,0x00007fdfb2c80000)
  to   space 1006080K, 0% used [0x00007fdfb3980000,0x00007fdfb3980000,0x00007fdff1000000)
 ParOldGen       total 8192512K, used 3487050K [0x00007f5ff1000000, 0x00007f61e5080000, 0x00007fb546580000)
  object space 8192512K, 42% used [0x00007f5ff1000000,0x00007f60c5d52940,0x00007f61e5080000)
 Metaspace       used 106564K, capacity 107828K, committed 108032K, reserved 108544K
}
Event: 9819,455 GC heap before
{Heap before GC invocations=672 (full 12):
 PSYoungGen      total 177937408K, used 177901689K [0x00007fb546580000, 0x00007fdff1000000, 0x00007fdff1000000)
  eden space 176943104K, 100% used [0x00007fb546580000,0x00007fdf76180000,0x00007fdf76180000)
  from space 994304K, 96% used [0x00007fdf76180000,0x00007fdfb099e608,0x00007fdfb2c80000)
  to   space 1006080K, 0% used [0x00007fdfb3980000,0x00007fdfb3980000,0x00007fdff1000000)
 ParOldGen       total 8192512K, used 3487050K [0x00007f5ff1000000, 0x00007f61e5080000, 0x00007fb546580000)
  object space 8192512K, 42% used [0x00007f5ff1000000,0x00007f60c5d52940,0x00007f61e5080000)
 Metaspace       used 106564K, capacity 107828K, committed 108032K, reserved 108544K
Event: 9820,012 GC heap after
Heap after GC invocations=672 (full 12):
 PSYoungGen      total 177893376K, used 1006055K [0x00007fb546580000, 0x00007fdff1000000, 0x00007fdff1000000)
  eden space 176887296K, 0% used [0x00007fb546580000,0x00007fb546580000,0x00007fdf72b00000)
  from space 1006080K, 99% used [0x00007fdfb3980000,0x00007fdff0ff9e28,0x00007fdff1000000)
  to   space 1034752K, 0% used [0x00007fdf72b00000,0x00007fdf72b00000,0x00007fdfb1d80000)
 ParOldGen       total 8192512K, used 3493285K [0x00007f5ff1000000, 0x00007f61e5080000, 0x00007fb546580000)
  object space 8192512K, 42% used [0x00007f5ff1000000,0x00007f60c63694f8,0x00007f61e5080000)
 Metaspace       used 106564K, capacity 107828K, committed 108032K, reserved 108544K
}
Event: 9836,713 GC heap before
{Heap before GC invocations=673 (full 12):
 PSYoungGen      total 177893376K, used 177893351K [0x00007fb546580000, 0x00007fdff1000000, 0x00007fdff1000000)
  eden space 176887296K, 100% used [0x00007fb546580000,0x00007fdf72b00000,0x00007fdf72b00000)
  from space 1006080K, 99% used [0x00007fdfb3980000,0x00007fdff0ff9e28,0x00007fdff1000000)
  to   space 1034752K, 0% used [0x00007fdf72b00000,0x00007fdf72b00000,0x00007fdfb1d80000)
 ParOldGen       total 8192512K, used 3502761K [0x00007f5ff1000000, 0x00007f61e5080000, 0x00007fb546580000)
  object space 8192512K, 42% used [0x00007f5ff1000000,0x00007f60c6caa658,0x00007f61e5080000)
 Metaspace       used 106564K, capacity 107828K, committed 108032K, reserved 108544K
Event: 9837,227 GC heap after
Heap after GC invocations=673 (full 12):
 PSYoungGen      total 177922048K, used 916347K [0x00007fb546580000, 0x00007fdff1000000, 0x00007fdff1000000)
  eden space 176887296K, 0% used [0x00007fb546580000,0x00007fb546580000,0x00007fdf72b00000)
  from space 1034752K, 88% used [0x00007fdf72b00000,0x00007fdfaa9deea0,0x00007fdfb1d80000)
  to   space 1023488K, 0% used [0x00007fdfb2880000,0x00007fdfb2880000,0x00007fdff1000000)
 ParOldGen       total 8192512K, used 3502857K [0x00007f5ff1000000, 0x00007f61e5080000, 0x00007fb546580000)
  object space 8192512K, 42% used [0x00007f5ff1000000,0x00007f60c6cc2658,0x00007f61e5080000)
 Metaspace       used 106564K, capacity 107828K, committed 108032K, reserved 108544K
}
Event: 9854,140 GC heap before
{Heap before GC invocations=674 (full 12):
 PSYoungGen      total 177922048K, used 177803643K [0x00007fb546580000, 0x00007fdff1000000, 0x00007fdff1000000)
  eden space 176887296K, 100% used [0x00007fb546580000,0x00007fdf72b00000,0x00007fdf72b00000)
  from space 1034752K, 88% used [0x00007fdf72b00000,0x00007fdfaa9deea0,0x00007fdfb1d80000)
  to   space 1023488K, 0% used [0x00007fdfb2880000,0x00007fdfb2880000,0x00007fdff1000000)
 ParOldGen       total 8192512K, used 3503851K [0x00007f5ff1000000, 0x00007f61e5080000, 0x00007fb546580000)
  object space 8192512K, 42% used [0x00007f5ff1000000,0x00007f60c6dbadf8,0x00007f61e5080000)
 Metaspace       used 106564K, capacity 107828K, committed 108032K, reserved 108544K
Event: 9854,610 GC heap after
Heap after GC invocations=674 (full 12):
 PSYoungGen      total 177910784K, used 945801K [0x00007fb546580000, 0x00007fdff0500000, 0x00007fdff1000000)
  eden space 176898560K, 0% used [0x00007fb546580000,0x00007fb546580000,0x00007fdf73600000)
  from space 1012224K, 93% used [0x00007fdfb2880000,0x00007fdfec4227b0,0x00007fdff0500000)
  to   space 1023488K, 0% used [0x00007fdf73600000,0x00007fdf73600000,0x00007fdfb1d80000)
 ParOldGen       total 8192512K, used 3503851K [0x00007f5ff1000000, 0x00007f61e5080000, 0x00007fb546580000)
  object space 8192512K, 42% used [0x00007f5ff1000000,0x00007f60c6dbadf8,0x00007f61e5080000)
 Metaspace       used 106564K, capacity 107828K, committed 108032K, reserved 108544K
}
Event: 9871,341 GC heap before
{Heap before GC invocations=675 (full 12):
 PSYoungGen      total 177910784K, used 177844361K [0x00007fb546580000, 0x00007fdff0500000, 0x00007fdff1000000)
  eden space 176898560K, 100% used [0x00007fb546580000,0x00007fdf73600000,0x00007fdf73600000)
  from space 1012224K, 93% used [0x00007fdfb2880000,0x00007fdfec4227b0,0x00007fdff0500000)
  to   space 1023488K, 0% used [0x00007fdf73600000,0x00007fdf73600000,0x00007fdfb1d80000)
 ParOldGen       total 8192512K, used 3503851K [0x00007f5ff1000000, 0x00007f61e5080000, 0x00007fb546580000)
  object space 8192512K, 42% used [0x00007f5ff1000000,0x00007f60c6dbadf8,0x00007f61e5080000)
 Metaspace       used 106564K, capacity 107828K, committed 108032K, reserved 108544K
Event: 9871,747 GC heap after
Heap after GC invocations=675 (full 12):
 PSYoungGen      total 177922048K, used 938093K [0x00007fb546580000, 0x00007fdff1000000, 0x00007fdff1000000)
  eden space 176898560K, 0% used [0x00007fb546580000,0x00007fb546580000,0x00007fdf73600000)
  from space 1023488K, 91% used [0x00007fdf73600000,0x00007fdfaca1b490,0x00007fdfb1d80000)
  to   space 1019392K, 0% used [0x00007fdfb2c80000,0x00007fdfb2c80000,0x00007fdff1000000)
 ParOldGen       total 8192512K, used 3503939K [0x00007f5ff1000000, 0x00007f61e5080000, 0x00007fb546580000)
  object space 8192512K, 42% used [0x00007f5ff1000000,0x00007f60c6dd0df8,0x00007f61e5080000)
 Metaspace       used 106564K, capacity 107828K, committed 108032K, reserved 108544K
}
Event: 9888,978 GC heap before
{Heap before GC invocations=676 (full 12):
 PSYoungGen      total 177922048K, used 177836653K [0x00007fb546580000, 0x00007fdff1000000, 0x00007fdff1000000)
  eden space 176898560K, 100% used [0x00007fb546580000,0x00007fdf73600000,0x00007fdf73600000)
  from space 1023488K, 91% used [0x00007fdf73600000,0x00007fdfaca1b490,0x00007fdfb1d80000)
  to   space 1019392K, 0% used [0x00007fdfb2c80000,0x00007fdfb2c80000,0x00007fdff1000000)
 ParOldGen       total 8192512K, used 3556657K [0x00007f5ff1000000, 0x00007f61e5080000, 0x00007fb546580000)
  object space 8192512K, 43% used [0x00007f5ff1000000,0x00007f60ca14c510,0x00007f61e5080000)
 Metaspace       used 106564K, capacity 107828K, committed 108032K, reserved 108544K
Event: 9889,291 GC heap after
Heap after GC invocations=676 (full 12):
 PSYoungGen      total 177916928K, used 902364K [0x00007fb546580000, 0x00007fdff0000000, 0x00007fdff1000000)
  eden space 176913920K, 0% used [0x00007fb546580000,0x00007fb546580000,0x00007fdf74500000)
  from space 1003008K, 89% used [0x00007fdfb2c80000,0x00007fdfe9db7130,0x00007fdff0000000)
  to   space 1013248K, 0% used [0x00007fdf74500000,0x00007fdf74500000,0x00007fdfb2280000)
 ParOldGen       total 8192512K, used 3556729K [0x00007f5ff1000000, 0x00007f61e5080000, 0x00007fb546580000)
  object space 8192512K, 43% used [0x00007f5ff1000000,0x00007f60ca15e510,0x00007f61e5080000)
 Metaspace       used 106564K, capacity 107828K, committed 108032K, reserved 108544K
}
Event: 9906,540 GC heap before
{Heap before GC invocations=677 (full 12):
 PSYoungGen      total 177916928K, used 177816284K [0x00007fb546580000, 0x00007fdff0000000, 0x00007fdff1000000)
  eden space 176913920K, 100% used [0x00007fb546580000,0x00007fdf74500000,0x00007fdf74500000)
  from space 1003008K, 89% used [0x00007fdfb2c80000,0x00007fdfe9db7130,0x00007fdff0000000)
  to   space 1013248K, 0% used [0x00007fdf74500000,0x00007fdf74500000,0x00007fdfb2280000)
 ParOldGen       total 8192512K, used 3634500K [0x00007f5ff1000000, 0x00007f61e5080000, 0x00007fb546580000)
  object space 8192512K, 44% used [0x00007f5ff1000000,0x00007f60ced51188,0x00007f61e5080000)
 Metaspace       used 106564K, capacity 107828K, committed 108032K, reserved 108544K
Event: 9907,044 GC heap after
Heap after GC invocations=677 (full 12):
 PSYoungGen      total 177927168K, used 951181K [0x00007fb546580000, 0x00007fdff1000000, 0x00007fdff1000000)
  eden space 176913920K, 0% used [0x00007fb546580000,0x00007fb546580000,0x00007fdf74500000)
  from space 1013248K, 93% used [0x00007fdf74500000,0x00007fdfae5e36a0,0x00007fdfb2280000)
  to   space 1015296K, 0% used [0x00007fdfb3080000,0x00007fdfb3080000,0x00007fdff1000000)
 ParOldGen       total 8192512K, used 3634604K [0x00007f5ff1000000, 0x00007f61e5080000, 0x00007fb546580000)
  object space 8192512K, 44% used [0x00007f5ff1000000,0x00007f60ced6b188,0x00007f61e5080000)
 Metaspace       used 106564K, capacity 107828K, committed 108032K, reserved 108544K
}
Event: 9924,051 GC heap before
{Heap before GC invocations=678 (full 12):
 PSYoungGen      total 177927168K, used 177865101K [0x00007fb546580000, 0x00007fdff1000000, 0x00007fdff1000000)
  eden space 176913920K, 100% used [0x00007fb546580000,0x00007fdf74500000,0x00007fdf74500000)
  from space 1013248K, 93% used [0x00007fdf74500000,0x00007fdfae5e36a0,0x00007fdfb2280000)
  to   space 1015296K, 0% used [0x00007fdfb3080000,0x00007fdfb3080000,0x00007fdff1000000)
 ParOldGen       total 8192512K, used 3636238K [0x00007f5ff1000000, 0x00007f61e5080000, 0x00007fb546580000)
  object space 8192512K, 44% used [0x00007f5ff1000000,0x00007f60cef038f0,0x00007f61e5080000)
 Metaspace       used 106564K, capacity 107828K, committed 108032K, reserved 108544K
Event: 9924,343 GC heap after
Heap after GC invocations=678 (full 12):
 PSYoungGen      total 177933312K, used 907515K [0x00007fb546580000, 0x00007fdff0600000, 0x00007fdff1000000)
  eden space 176928256K, 0% used [0x00007fb546580000,0x00007fb546580000,0x00007fdf75300000)
  from space 1005056K, 90% used [0x00007fdfb3080000,0x00007fdfea6becf8,0x00007fdff0600000)
  to   space 1009152K, 0% used [0x00007fdf75300000,0x00007fdf75300000,0x00007fdfb2c80000)
 ParOldGen       total 8192512K, used 3642358K [0x00007f5ff1000000, 0x00007f61e5080000, 0x00007fb546580000)
  object space 8192512K, 44% used [0x00007f5ff1000000,0x00007f60cf4fd8f0,0x00007f61e5080000)
 Metaspace       used 106564K, capacity 107828K, committed 108032K, reserved 108544K
}
Event: 9941,743 GC heap before
{Heap before GC invocations=679 (full 12):
 PSYoungGen      total 177933312K, used 177835771K [0x00007fb546580000, 0x00007fdff0600000, 0x00007fdff1000000)
  eden space 176928256K, 100% used [0x00007fb546580000,0x00007fdf75300000,0x00007fdf75300000)
  from space 1005056K, 90% used [0x00007fdfb3080000,0x00007fdfea6becf8,0x00007fdff0600000)
  to   space 1009152K, 0% used [0x00007fdf75300000,0x00007fdf75300000,0x00007fdfb2c80000)
 ParOldGen       total 8192512K, used 3642358K [0x00007f5ff1000000, 0x00007f61e5080000, 0x00007fb546580000)
  object space 8192512K, 44% used [0x00007f5ff1000000,0x00007f60cf4fd8f0,0x00007f61e5080000)
 Metaspace       used 106564K, capacity 107828K, committed 108032K, reserved 108544K
Event: 9942,131 GC heap after
Heap after GC invocations=679 (full 12):
 PSYoungGen      total 177937408K, used 915647K [0x00007fb546580000, 0x00007fdff0500000, 0x00007fdff1000000)
  eden space 176928256K, 0% used [0x00007fb546580000,0x00007fb546580000,0x00007fdf75300000)
  from space 1009152K, 90% used [0x00007fdf75300000,0x00007fdfad12ff68,0x00007fdfb2c80000)
  to   space 1001472K, 0% used [0x00007fdfb3300000,0x00007fdfb3300000,0x00007fdff0500000)
 ParOldGen       total 8192512K, used 3644086K [0x00007f5ff1000000, 0x00007f61e5080000, 0x00007fb546580000)
  object space 8192512K, 44% used [0x00007f5ff1000000,0x00007f60cf6ad8f0,0x00007f61e5080000)
 Metaspace       used 106564K, capacity 107828K, committed 108032K, reserved 108544K
}
Event: 9959,105 GC heap before
{Heap before GC invocations=680 (full 12):
 PSYoungGen      total 177937408K, used 177843903K [0x00007fb546580000, 0x00007fdff0500000, 0x00007fdff1000000)
  eden space 176928256K, 100% used [0x00007fb546580000,0x00007fdf75300000,0x00007fdf75300000)
  from space 1009152K, 90% used [0x00007fdf75300000,0x00007fdfad12ff68,0x00007fdfb2c80000)
  to   space 1001472K, 0% used [0x00007fdfb3300000,0x00007fdfb3300000,0x00007fdff0500000)
 ParOldGen       total 8192512K, used 3644086K [0x00007f5ff1000000, 0x00007f61e5080000, 0x00007fb546580000)
  object space 8192512K, 44% used [0x00007f5ff1000000,0x00007f60cf6ad8f0,0x00007f61e5080000)
 Metaspace       used 106564K, capacity 107828K, committed 108032K, reserved 108544K
Event: 9959,480 GC heap after
Heap after GC invocations=680 (full 12):
 PSYoungGen      total 177927680K, used 980293K [0x00007fb546580000, 0x00007fdff1000000, 0x00007fdff1000000)
  eden space 176926208K, 0% used [0x00007fb546580000,0x00007fb546580000,0x00007fdf75100000)
  from space 1001472K, 97% used [0x00007fdfb3300000,0x00007fdfef0514a0,0x00007fdff0500000)
  to   space 1015296K, 0% used [0x00007fdf75100000,0x00007fdf75100000,0x00007fdfb3080000)
 ParOldGen       total 8192512K, used 3644174K [0x00007f5ff1000000, 0x00007f61e5080000, 0x00007fb546580000)
  object space 8192512K, 44% used [0x00007f5ff1000000,0x00007f60cf6c38f0,0x00007f61e5080000)
 Metaspace       used 106564K, capacity 107828K, committed 108032K, reserved 108544K
}
Event: 9976,333 GC heap before
{Heap before GC invocations=681 (full 12):
 PSYoungGen      total 177927680K, used 177906501K [0x00007fb546580000, 0x00007fdff1000000, 0x00007fdff1000000)
  eden space 176926208K, 100% used [0x00007fb546580000,0x00007fdf75100000,0x00007fdf75100000)
  from space 1001472K, 97% used [0x00007fdfb3300000,0x00007fdfef0514a0,0x00007fdff0500000)
  to   space 1015296K, 0% used [0x00007fdf75100000,0x00007fdf75100000,0x00007fdfb3080000)
 ParOldGen       total 8192512K, used 3667956K [0x00007f5ff1000000, 0x00007f61e5080000, 0x00007fb546580000)
  object space 8192512K, 44% used [0x00007f5ff1000000,0x00007f60d0dfd250,0x00007f61e5080000)
 Metaspace       used 106564K, capacity 107828K, committed 108032K, reserved 108544K
Event: 9976,718 GC heap after
Heap after GC invocations=681 (full 12):
 PSYoungGen      total 177941504K, used 944847K [0x00007fb546580000, 0x00007fdff1000000, 0x00007fdff1000000)
  eden space 176926208K, 0% used [0x00007fb546580000,0x00007fb546580000,0x00007fdf75100000)
  from space 1015296K, 93% used [0x00007fdf75100000,0x00007fdfaebb3e50,0x00007fdfb3080000)
  to   space 1012736K, 0% used [0x00007fdfb3300000,0x00007fdfb3300000,0x00007fdff1000000)
 ParOldGen       total 8192512K, used 3668052K [0x00007f5ff1000000, 0x00007f61e5080000, 0x00007fb546580000)
  object space 8192512K, 44% used [0x00007f5ff1000000,0x00007f60d0e15250,0x00007f61e5080000)
 Metaspace       used 106564K, capacity 107828K, committed 108032K, reserved 108544K
}
Event: 9993,244 GC heap before
{Heap before GC invocations=682 (full 12):
 PSYoungGen      total 177941504K, used 177871055K [0x00007fb546580000, 0x00007fdff1000000, 0x00007fdff1000000)
  eden space 176926208K, 100% used [0x00007fb546580000,0x00007fdf75100000,0x00007fdf75100000)
  from space 1015296K, 93% used [0x00007fdf75100000,0x00007fdfaebb3e50,0x00007fdfb3080000)
  to   space 1012736K, 0% used [0x00007fdfb3300000,0x00007fdfb3300000,0x00007fdff1000000)
 ParOldGen       total 8192512K, used 3671441K [0x00007f5ff1000000, 0x00007f61e5080000, 0x00007fb546580000)
  object space 8192512K, 44% used [0x00007f5ff1000000,0x00007f60d1164410,0x00007f61e5080000)
 Metaspace       used 106564K, capacity 107828K, committed 108032K, reserved 108544K
Event: 9993,678 GC heap after
Heap after GC invocations=682 (full 12):
 PSYoungGen      total 177927680K, used 973575K [0x00007fb546580000, 0x00007fdff1000000, 0x00007fdff1000000)
  eden space 176914944K, 0% used [0x00007fb546580000,0x00007fb546580000,0x00007fdf74600000)
  from space 1012736K, 96% used [0x00007fdfb3300000,0x00007fdfee9c1d18,0x00007fdff1000000)
  to   space 1020928K, 0% used [0x00007fdf74600000,0x00007fdf74600000,0x00007fdfb2b00000)
 ParOldGen       total 8192512K, used 3671521K [0x00007f5ff1000000, 0x00007f61e5080000, 0x00007fb546580000)
  object space 8192512K, 44% used [0x00007f5ff1000000,0x00007f60d1178410,0x00007f61e5080000)
 Metaspace       used 106564K, capacity 107828K, committed 108032K, reserved 108544K
}
Event: 10010,769 GC heap before
{Heap before GC invocations=683 (full 12):
 PSYoungGen      total 177927680K, used 177888519K [0x00007fb546580000, 0x00007fdff1000000, 0x00007fdff1000000)
  eden space 176914944K, 100% used [0x00007fb546580000,0x00007fdf74600000,0x00007fdf74600000)
  from space 1012736K, 96% used [0x00007fdfb3300000,0x00007fdfee9c1d18,0x00007fdff1000000)
  to   space 1020928K, 0% used [0x00007fdf74600000,0x00007fdf74600000,0x00007fdfb2b00000)
 ParOldGen       total 8192512K, used 3682929K [0x00007f5ff1000000, 0x00007f61e5080000, 0x00007fb546580000)
  object space 8192512K, 44% used [0x00007f5ff1000000,0x00007f60d1c9c530,0x00007f61e5080000)
 Metaspace       used 106564K, capacity 107828K, committed 108032K, reserved 108544K
Event: 10011,374 GC heap after
Heap after GC invocations=683 (full 12):
 PSYoungGen      total 177914880K, used 999865K [0x00007fb546580000, 0x00007fdff1000000, 0x00007fdff1000000)
  eden space 176914944K, 0% used [0x00007fb546580000,0x00007fb546580000,0x00007fdf74600000)
  from space 999936K, 99% used [0x00007fdf74600000,0x00007fdfb166e538,0x00007fdfb1680000)
  to   space 1036800K, 0% used [0x00007fdfb1b80000,0x00007fdfb1b80000,0x00007fdff1000000)
 ParOldGen       total 8192512K, used 3683017K [0x00007f5ff1000000, 0x00007f61e5080000, 0x00007fb546580000)
  object space 8192512K, 44% used [0x00007f5ff1000000,0x00007f60d1cb2530,0x00007f61e5080000)
 Metaspace       used 106564K, capacity 107828K, committed 108032K, reserved 108544K
}
Event: 10028,956 GC heap before
{Heap before GC invocations=684 (full 12):
 PSYoungGen      total 177914880K, used 177914809K [0x00007fb546580000, 0x00007fdff1000000, 0x00007fdff1000000)
  eden space 176914944K, 100% used [0x00007fb546580000,0x00007fdf74600000,0x00007fdf74600000)
  from space 999936K, 99% used [0x00007fdf74600000,0x00007fdfb166e538,0x00007fdfb1680000)
  to   space 1036800K, 0% used [0x00007fdfb1b80000,0x00007fdfb1b80000,0x00007fdff1000000)
 ParOldGen       total 8192512K, used 3691113K [0x00007f5ff1000000, 0x00007f61e5080000, 0x00007fb546580000)
  object space 8192512K, 45% used [0x00007f5ff1000000,0x00007f60d249a428,0x00007f61e5080000)
 Metaspace       used 106564K, capacity 107828K, committed 108032K, reserved 108544K
Event: 10029,331 GC heap after
Heap after GC invocations=684 (full 12):
 PSYoungGen      total 177907712K, used 982493K [0x00007fb546580000, 0x00007fdff1000000, 0x00007fdff1000000)
  eden space 176870912K, 0% used [0x00007fb546580000,0x00007fb546580000,0x00007fdf71b00000)
  from space 1036800K, 94% used [0x00007fdfb1b80000,0x00007fdfedaf76f0,0x00007fdff1000000)
  to   space 1042944K, 0% used [0x00007fdf71b00000,0x00007fdf71b00000,0x00007fdfb1580000)
 ParOldGen       total 8192512K, used 3691185K [0x00007f5ff1000000, 0x00007f61e5080000, 0x00007fb546580000)
  object space 8192512K, 45% used [0x00007f5ff1000000,0x00007f60d24ac428,0x00007f61e5080000)
 Metaspace       used 106564K, capacity 107828K, committed 108032K, reserved 108544K
}
Event: 10046,033 GC heap before
{Heap before GC invocations=685 (full 12):
 PSYoungGen      total 177907712K, used 177853405K [0x00007fb546580000, 0x00007fdff1000000, 0x00007fdff1000000)
  eden space 176870912K, 100% used [0x00007fb546580000,0x00007fdf71b00000,0x00007fdf71b00000)
  from space 1036800K, 94% used [0x00007fdfb1b80000,0x00007fdfedaf76f0,0x00007fdff1000000)
  to   space 1042944K, 0% used [0x00007fdf71b00000,0x00007fdf71b00000,0x00007fdfb1580000)
 ParOldGen       total 8192512K, used 3693928K [0x00007f5ff1000000, 0x00007f61e5080000, 0x00007fb546580000)
  object space 8192512K, 45% used [0x00007f5ff1000000,0x00007f60d275a3c8,0x00007f61e5080000)
 Metaspace       used 106564K, capacity 107828K, committed 108032K, reserved 108544K
Event: 10046,319 GC heap after
Heap after GC invocations=685 (full 12):
 PSYoungGen      total 177913856K, used 968492K [0x00007fb546580000, 0x00007fdff1000000, 0x00007fdff1000000)
  eden space 176870912K, 0% used [0x00007fb546580000,0x00007fb546580000,0x00007fdf71b00000)
  from space 1042944K, 92% used [0x00007fdf71b00000,0x00007fdfacccb030,0x00007fdfb1580000)
  to   space 1041920K, 0% used [0x00007fdfb1680000,0x00007fdfb1680000,0x00007fdff1000000)
 ParOldGen       total 8192512K, used 3711456K [0x00007f5ff1000000, 0x00007f61e5080000, 0x00007fb546580000)
  object space 8192512K, 45% used [0x00007f5ff1000000,0x00007f60d38783c8,0x00007f61e5080000)
 Metaspace       used 106564K, capacity 107828K, committed 108032K, reserved 108544K
}
Event: 10063,078 GC heap before
{Heap before GC invocations=686 (full 12):
 PSYoungGen      total 177913856K, used 177839404K [0x00007fb546580000, 0x00007fdff1000000, 0x00007fdff1000000)
  eden space 176870912K, 100% used [0x00007fb546580000,0x00007fdf71b00000,0x00007fdf71b00000)
  from space 1042944K, 92% used [0x00007fdf71b00000,0x00007fdfacccb030,0x00007fdfb1580000)
  to   space 1041920K, 0% used [0x00007fdfb1680000,0x00007fdfb1680000,0x00007fdff1000000)
 ParOldGen       total 8192512K, used 3746181K [0x00007f5ff1000000, 0x00007f61e5080000, 0x00007fb546580000)
  object space 8192512K, 45% used [0x00007f5ff1000000,0x00007f60d5a61510,0x00007f61e5080000)
 Metaspace       used 106564K, capacity 107828K, committed 108032K, reserved 108544K
Event: 10063,352 GC heap after
Heap after GC invocations=686 (full 12):
 PSYoungGen      total 177902592K, used 920832K [0x00007fb546580000, 0x00007fdff0500000, 0x00007fdff1000000)
  eden space 176871936K, 0% used [0x00007fb546580000,0x00007fb546580000,0x00007fdf71c00000)
  from space 1030656K, 89% used [0x00007fdfb1680000,0x00007fdfe99c0360,0x00007fdff0500000)
  to   space 1036800K, 0% used [0x00007fdf71c00000,0x00007fdf71c00000,0x00007fdfb1080000)
 ParOldGen       total 8192512K, used 3746877K [0x00007f5ff1000000, 0x00007f61e5080000, 0x00007fb546580000)
  object space 8192512K, 45% used [0x00007f5ff1000000,0x00007f60d5b0f510,0x00007f61e5080000)
 Metaspace       used 106564K, capacity 107828K, committed 108032K, reserved 108544K
}
Event: 10079,913 GC heap before
{Heap before GC invocations=687 (full 12):
 PSYoungGen      total 177902592K, used 177792768K [0x00007fb546580000, 0x00007fdff0500000, 0x00007fdff1000000)
  eden space 176871936K, 100% used [0x00007fb546580000,0x00007fdf71c00000,0x00007fdf71c00000)
  from space 1030656K, 89% used [0x00007fdfb1680000,0x00007fdfe99c0360,0x00007fdff0500000)
  to   space 1036800K, 0% used [0x00007fdf71c00000,0x00007fdf71c00000,0x00007fdfb1080000)
 ParOldGen       total 8192512K, used 3747902K [0x00007f5ff1000000, 0x00007f61e5080000, 0x00007fb546580000)
  object space 8192512K, 45% used [0x00007f5ff1000000,0x00007f60d5c0f888,0x00007f61e5080000)
 Metaspace       used 106564K, capacity 107828K, committed 108032K, reserved 108544K
Event: 10080,285 GC heap after
Heap after GC invocations=687 (full 12):
 PSYoungGen      total 177876992K, used 1005006K [0x00007fb546580000, 0x00007fdff1000000, 0x00007fdff1000000)
  eden space 176871936K, 0% used [0x00007fb546580000,0x00007fb546580000,0x00007fdf71c00000)
  from space 1005056K, 99% used [0x00007fdf71c00000,0x00007fdfaf1738e0,0x00007fdfaf180000)
  to   space 1050112K, 0% used [0x00007fdfb0e80000,0x00007fdfb0e80000,0x00007fdff1000000)
 ParOldGen       total 8192512K, used 3748190K [0x00007f5ff1000000, 0x00007f61e5080000, 0x00007fb546580000)
  object space 8192512K, 45% used [0x00007f5ff1000000,0x00007f60d5c57888,0x00007f61e5080000)
 Metaspace       used 106564K, capacity 107828K, committed 108032K, reserved 108544K
}
Event: 10097,480 GC heap before
{Heap before GC invocations=688 (full 12):
 PSYoungGen      total 177876992K, used 177876942K [0x00007fb546580000, 0x00007fdff1000000, 0x00007fdff1000000)
  eden space 176871936K, 100% used [0x00007fb546580000,0x00007fdf71c00000,0x00007fdf71c00000)
  from space 1005056K, 99% used [0x00007fdf71c00000,0x00007fdfaf1738e0,0x00007fdfaf180000)
  to   space 1050112K, 0% used [0x00007fdfb0e80000,0x00007fdfb0e80000,0x00007fdff1000000)
 ParOldGen       total 8192512K, used 3748190K [0x00007f5ff1000000, 0x00007f61e5080000, 0x00007fb546580000)
  object space 8192512K, 45% used [0x00007f5ff1000000,0x00007f60d5c57888,0x00007f61e5080000)
 Metaspace       used 106564K, capacity 107828K, committed 108032K, reserved 108544K
Event: 10097,851 GC heap after
Heap after GC invocations=688 (full 12):
 PSYoungGen      total 177912832K, used 928430K [0x00007fb546580000, 0x00007fdff1000000, 0x00007fdff1000000)
  eden space 176862720K, 0% used [0x00007fb546580000,0x00007fb546580000,0x00007fdf71300000)
  from space 1050112K, 88% used [0x00007fdfb0e80000,0x00007fdfe992b8c0,0x00007fdff1000000)
  to   space 1043968K, 0% used [0x00007fdf71300000,0x00007fdf71300000,0x00007fdfb0e80000)
 ParOldGen       total 8192512K, used 3749126K [0x00007f5ff1000000, 0x00007f61e5080000, 0x00007fb546580000)
  object space 8192512K, 45% used [0x00007f5ff1000000,0x00007f60d5d41888,0x00007f61e5080000)
 Metaspace       used 106564K, capacity 107828K, committed 108032K, reserved 108544K
}
Event: 10114,896 GC heap before
{Heap before GC invocations=689 (full 12):
 PSYoungGen      total 177912832K, used 177791150K [0x00007fb546580000, 0x00007fdff1000000, 0x00007fdff1000000)
  eden space 176862720K, 100% used [0x00007fb546580000,0x00007fdf71300000,0x00007fdf71300000)
  from space 1050112K, 88% used [0x00007fdfb0e80000,0x00007fdfe992b8c0,0x00007fdff1000000)
  to   space 1043968K, 0% used [0x00007fdf71300000,0x00007fdf71300000,0x00007fdfb0e80000)
 ParOldGen       total 8192512K, used 3749126K [0x00007f5ff1000000, 0x00007f61e5080000, 0x00007fb546580000)
  object space 8192512K, 45% used [0x00007f5ff1000000,0x00007f60d5d41888,0x00007f61e5080000)
 Metaspace       used 106564K, capacity 107828K, committed 108032K, reserved 108544K
Event: 10115,227 GC heap after
Heap after GC invocations=689 (full 12):
 PSYoungGen      total 177906688K, used 989905K [0x00007fb546580000, 0x00007fdff1000000, 0x00007fdff1000000)
  eden space 176862720K, 0% used [0x00007fb546580000,0x00007fb546580000,0x00007fdf71300000)
  from space 1043968K, 94% used [0x00007fdf71300000,0x00007fdfad9b47d0,0x00007fdfb0e80000)
  to   space 1049600K, 0% used [0x00007fdfb0f00000,0x00007fdfb0f00000,0x00007fdff1000000)
 ParOldGen       total 8192512K, used 3752230K [0x00007f5ff1000000, 0x00007f61e5080000, 0x00007fb546580000)
  object space 8192512K, 45% used [0x00007f5ff1000000,0x00007f60d6049888,0x00007f61e5080000)
 Metaspace       used 106564K, capacity 107828K, committed 108032K, reserved 108544K
}
Event: 10132,421 GC heap before
{Heap before GC invocations=690 (full 12):
 PSYoungGen      total 177906688K, used 177852625K [0x00007fb546580000, 0x00007fdff1000000, 0x00007fdff1000000)
  eden space 176862720K, 100% used [0x00007fb546580000,0x00007fdf71300000,0x00007fdf71300000)
  from space 1043968K, 94% used [0x00007fdf71300000,0x00007fdfad9b47d0,0x00007fdfb0e80000)
  to   space 1049600K, 0% used [0x00007fdfb0f00000,0x00007fdfb0f00000,0x00007fdff1000000)
 ParOldGen       total 8192512K, used 3752230K [0x00007f5ff1000000, 0x00007f61e5080000, 0x00007fb546580000)
  object space 8192512K, 45% used [0x00007f5ff1000000,0x00007f60d6049888,0x00007f61e5080000)
 Metaspace       used 106564K, capacity 107828K, committed 108032K, reserved 108544K
Event: 10132,700 GC heap after
Heap after GC invocations=690 (full 12):
 PSYoungGen      total 177902080K, used 945460K [0x00007fb546580000, 0x00007fdff0580000, 0x00007fdff1000000)
  eden space 176863232K, 0% used [0x00007fb546580000,0x00007fb546580000,0x00007fdf71380000)
  from space 1038848K, 91% used [0x00007fdfb0f00000,0x00007fdfeaa4d0b0,0x00007fdff0580000)
  to   space 1041408K, 0% used [0x00007fdf71380000,0x00007fdf71380000,0x00007fdfb0c80000)
 ParOldGen       total 8192512K, used 3752342K [0x00007f5ff1000000, 0x00007f61e5080000, 0x00007fb546580000)
  object space 8192512K, 45% used [0x00007f5ff1000000,0x00007f60d6065888,0x00007f61e5080000)
 Metaspace       used 106564K, capacity 107828K, committed 108032K, reserved 108544K
}
Event: 10149,564 GC heap before
{Heap before GC invocations=691 (full 12):
 PSYoungGen      total 177902080K, used 177808692K [0x00007fb546580000, 0x00007fdff0580000, 0x00007fdff1000000)
  eden space 176863232K, 100% used [0x00007fb546580000,0x00007fdf71380000,0x00007fdf71380000)
  from space 1038848K, 91% used [0x00007fdfb0f00000,0x00007fdfeaa4d0b0,0x00007fdff0580000)
  to   space 1041408K, 0% used [0x00007fdf71380000,0x00007fdf71380000,0x00007fdfb0c80000)
 ParOldGen       total 8192512K, used 3752342K [0x00007f5ff1000000, 0x00007f61e5080000, 0x00007fb546580000)
  object space 8192512K, 45% used [0x00007f5ff1000000,0x00007f60d6065888,0x00007f61e5080000)
 Metaspace       used 106564K, capacity 107828K, committed 108032K, reserved 108544K
Event: 10149,894 GC heap after
Heap after GC invocations=691 (full 12):
 PSYoungGen      total 177904640K, used 952113K [0x00007fb546580000, 0x00007fdff0180000, 0x00007fdff1000000)
  eden space 176863232K, 0% used [0x00007fb546580000,0x00007fb546580000,0x00007fdf71380000)
  from space 1041408K, 91% used [0x00007fdf71380000,0x00007fdfab54c6c0,0x00007fdfb0c80000)
  to   space 1032704K, 0% used [0x00007fdfb1100000,0x00007fdfb1100000,0x00007fdff0180000)
 ParOldGen       total 8192512K, used 3763262K [0x00007f5ff1000000, 0x00007f61e5080000, 0x00007fb546580000)
  object space 8192512K, 45% used [0x00007f5ff1000000,0x00007f60d6b0f888,0x00007f61e5080000)
 Metaspace       used 106564K, capacity 107828K, committed 108032K, reserved 108544K
}
Event: 10167,049 GC heap before
{Heap before GC invocations=692 (full 12):
 PSYoungGen      total 177904640K, used 177815345K [0x00007fb546580000, 0x00007fdff0180000, 0x00007fdff1000000)
  eden space 176863232K, 100% used [0x00007fb546580000,0x00007fdf71380000,0x00007fdf71380000)
  from space 1041408K, 91% used [0x00007fdf71380000,0x00007fdfab54c6c0,0x00007fdfb0c80000)
  to   space 1032704K, 0% used [0x00007fdfb1100000,0x00007fdfb1100000,0x00007fdff0180000)
 ParOldGen       total 8192512K, used 3763262K [0x00007f5ff1000000, 0x00007f61e5080000, 0x00007fb546580000)
  object space 8192512K, 45% used [0x00007f5ff1000000,0x00007f60d6b0f888,0x00007f61e5080000)
 Metaspace       used 106564K, capacity 107828K, committed 108032K, reserved 108544K
Event: 10167,353 GC heap after
Heap after GC invocations=692 (full 12):
 PSYoungGen      total 177909248K, used 938491K [0x00007fb546580000, 0x00007fdfefb80000, 0x00007fdff1000000)
  eden space 176882688K, 0% used [0x00007fb546580000,0x00007fb546580000,0x00007fdf72680000)
  from space 1026560K, 91% used [0x00007fdfb1100000,0x00007fdfea57efd0,0x00007fdfefb80000)
  to   space 1026560K, 0% used [0x00007fdf72680000,0x00007fdf72680000,0x00007fdfb1100000)
 ParOldGen       total 8192512K, used 3786542K [0x00007f5ff1000000, 0x00007f61e5080000, 0x00007fb546580000)
  object space 8192512K, 46% used [0x00007f5ff1000000,0x00007f60d81cb888,0x00007f61e5080000)
 Metaspace       used 106564K, capacity 107828K, committed 108032K, reserved 108544K
}
Event: 10184,693 GC heap before
{Heap before GC invocations=693 (full 12):
 PSYoungGen      total 177909248K, used 177821179K [0x00007fb546580000, 0x00007fdfefb80000, 0x00007fdff1000000)
  eden space 176882688K, 100% used [0x00007fb546580000,0x00007fdf72680000,0x00007fdf72680000)
  from space 1026560K, 91% used [0x00007fdfb1100000,0x00007fdfea57efd0,0x00007fdfefb80000)
  to   space 1026560K, 0% used [0x00007fdf72680000,0x00007fdf72680000,0x00007fdfb1100000)
 ParOldGen       total 8192512K, used 3799166K [0x00007f5ff1000000, 0x00007f61e5080000, 0x00007fb546580000)
  object space 8192512K, 46% used [0x00007f5ff1000000,0x00007f60d8e1f920,0x00007f61e5080000)
 Metaspace       used 106564K, capacity 107828K, committed 108032K, reserved 108544K
Event: 10185,241 GC heap after
Heap after GC invocations=693 (full 12):
 PSYoungGen      total 177909248K, used 933674K [0x00007fb546580000, 0x00007fdff0700000, 0x00007fdff1000000)
  eden space 176882688K, 0% used [0x00007fb546580000,0x00007fb546580000,0x00007fdf72680000)
  from space 1026560K, 90% used [0x00007fdf72680000,0x00007fdfab64a9f0,0x00007fdfb1100000)
  to   space 1021952K, 0% used [0x00007fdfb2100000,0x00007fdfb2100000,0x00007fdff0700000)
 ParOldGen       total 8192512K, used 3804190K [0x00007f5ff1000000, 0x00007f61e5080000, 0x00007fb546580000)
  object space 8192512K, 46% used [0x00007f5ff1000000,0x00007f60d9307920,0x00007f61e5080000)
 Metaspace       used 106564K, capacity 107828K, committed 108032K, reserved 108544K
}
Event: 10201,917 GC heap before
{Heap before GC invocations=694 (full 12):
 PSYoungGen      total 177909248K, used 177816362K [0x00007fb546580000, 0x00007fdff0700000, 0x00007fdff1000000)
  eden space 176882688K, 100% used [0x00007fb546580000,0x00007fdf72680000,0x00007fdf72680000)
  from space 1026560K, 90% used [0x00007fdf72680000,0x00007fdfab64a9f0,0x00007fdfb1100000)
  to   space 1021952K, 0% used [0x00007fdfb2100000,0x00007fdfb2100000,0x00007fdff0700000)
 ParOldGen       total 8192512K, used 3859240K [0x00007f5ff1000000, 0x00007f61e5080000, 0x00007fb546580000)
  object space 8192512K, 47% used [0x00007f5ff1000000,0x00007f60dc8ca040,0x00007f61e5080000)
 Metaspace       used 106564K, capacity 107828K, committed 108032K, reserved 108544K
Event: 10202,230 GC heap after
Heap after GC invocations=694 (full 12):
 PSYoungGen      total 177925632K, used 931382K [0x00007fb546580000, 0x00007fdff0280000, 0x00007fdff1000000)
  eden space 176908288K, 0% used [0x00007fb546580000,0x00007fb546580000,0x00007fdf73f80000)
  from space 1017344K, 91% used [0x00007fdfb2100000,0x00007fdfeae8d9e8,0x00007fdff0280000)
  to   space 1017344K, 0% used [0x00007fdf73f80000,0x00007fdf73f80000,0x00007fdfb2100000)
 ParOldGen       total 8192512K, used 3859320K [0x00007f5ff1000000, 0x00007f61e5080000, 0x00007fb546580000)
  object space 8192512K, 47% used [0x00007f5ff1000000,0x00007f60dc8de040,0x00007f61e5080000)
 Metaspace       used 106564K, capacity 107828K, committed 108032K, reserved 108544K
}
Event: 10219,532 GC heap before
{Heap before GC invocations=695 (full 12):
 PSYoungGen      total 177925632K, used 177839670K [0x00007fb546580000, 0x00007fdff0280000, 0x00007fdff1000000)
  eden space 176908288K, 100% used [0x00007fb546580000,0x00007fdf73f80000,0x00007fdf73f80000)
  from space 1017344K, 91% used [0x00007fdfb2100000,0x00007fdfeae8d9e8,0x00007fdff0280000)
  to   space 1017344K, 0% used [0x00007fdf73f80000,0x00007fdf73f80000,0x00007fdfb2100000)
 ParOldGen       total 8192512K, used 3859699K [0x00007f5ff1000000, 0x00007f61e5080000, 0x00007fb546580000)
  object space 8192512K, 47% used [0x00007f5ff1000000,0x00007f60dc93cdb8,0x00007f61e5080000)
 Metaspace       used 106564K, capacity 107828K, committed 108032K, reserved 108544K
Event: 10219,868 GC heap after
Heap after GC invocations=695 (full 12):
 PSYoungGen      total 177925632K, used 919090K [0x00007fb546580000, 0x00007fdff0c00000, 0x00007fdff1000000)
  eden space 176908288K, 0% used [0x00007fb546580000,0x00007fb546580000,0x00007fdf73f80000)
  from space 1017344K, 90% used [0x00007fdf73f80000,0x00007fdfac10caa0,0x00007fdfb2100000)
  to   space 1015296K, 0% used [0x00007fdfb2c80000,0x00007fdfb2c80000,0x00007fdff0c00000)
 ParOldGen       total 8192512K, used 3859779K [0x00007f5ff1000000, 0x00007f61e5080000, 0x00007fb546580000)
  object space 8192512K, 47% used [0x00007f5ff1000000,0x00007f60dc950db8,0x00007f61e5080000)
 Metaspace       used 106564K, capacity 107828K, committed 108032K, reserved 108544K
}
Event: 10236,976 GC heap before
{Heap before GC invocations=696 (full 12):
 PSYoungGen      total 177925632K, used 177827378K [0x00007fb546580000, 0x00007fdff0c00000, 0x00007fdff1000000)
  eden space 176908288K, 100% used [0x00007fb546580000,0x00007fdf73f80000,0x00007fdf73f80000)
  from space 1017344K, 90% used [0x00007fdf73f80000,0x00007fdfac10caa0,0x00007fdfb2100000)
  to   space 1015296K, 0% used [0x00007fdfb2c80000,0x00007fdfb2c80000,0x00007fdff0c00000)
 ParOldGen       total 8192512K, used 3862726K [0x00007f5ff1000000, 0x00007f61e5080000, 0x00007fb546580000)
  object space 8192512K, 47% used [0x00007f5ff1000000,0x00007f60dcc31a58,0x00007f61e5080000)
 Metaspace       used 106564K, capacity 107828K, committed 108032K, reserved 108544K
Event: 10237,589 GC heap after
Heap after GC invocations=696 (full 12):
 PSYoungGen      total 177916928K, used 997274K [0x00007fb546580000, 0x00007fdff1000000, 0x00007fdff1000000)
  eden space 176901632K, 0% used [0x00007fb546580000,0x00007fb546580000,0x00007fdf73900000)
  from space 1015296K, 98% used [0x00007fdfb2c80000,0x00007fdfefa66be8,0x00007fdff0c00000)
  to   space 1027584K, 0% used [0x00007fdf73900000,0x00007fdf73900000,0x00007fdfb2480000)
 ParOldGen       total 8192512K, used 3872646K [0x00007f5ff1000000, 0x00007f61e5080000, 0x00007fb546580000)
  object space 8192512K, 47% used [0x00007f5ff1000000,0x00007f60dd5e1a58,0x00007f61e5080000)
 Metaspace       used 106564K, capacity 107828K, committed 108032K, reserved 108544K
}
Event: 10255,068 GC heap before
{Heap before GC invocations=697 (full 12):
 PSYoungGen      total 177916928K, used 177898906K [0x00007fb546580000, 0x00007fdff1000000, 0x00007fdff1000000)
  eden space 176901632K, 100% used [0x00007fb546580000,0x00007fdf73900000,0x00007fdf73900000)
  from space 1015296K, 98% used [0x00007fdfb2c80000,0x00007fdfefa66be8,0x00007fdff0c00000)
  to   space 1027584K, 0% used [0x00007fdf73900000,0x00007fdf73900000,0x00007fdfb2480000)
 ParOldGen       total 8192512K, used 3875956K [0x00007f5ff1000000, 0x00007f61e5080000, 0x00007fb546580000)
  object space 8192512K, 47% used [0x00007f5ff1000000,0x00007f60dd91d398,0x00007f61e5080000)
 Metaspace       used 106564K, capacity 107828K, committed 108032K, reserved 108544K
Event: 10255,435 GC heap after
Heap after GC invocations=697 (full 12):
 PSYoungGen      total 177758208K, used 856572K [0x00007fb546580000, 0x00007fdff1000000, 0x00007fdff1000000)
  eden space 176901632K, 0% used [0x00007fb546580000,0x00007fb546580000,0x00007fdf73900000)
  from space 856576K, 99% used [0x00007fdf73900000,0x00007fdfa7d7f0d8,0x00007fdfa7d80000)
  to   space 1035776K, 0% used [0x00007fdfb1c80000,0x00007fdfb1c80000,0x00007fdff1000000)
 ParOldGen       total 8192512K, used 3880124K [0x00007f5ff1000000, 0x00007f61e5080000, 0x00007fb546580000)
  object space 8192512K, 47% used [0x00007f5ff1000000,0x00007f60ddd2f398,0x00007f61e5080000)
 Metaspace       used 106564K, capacity 107828K, committed 108032K, reserved 108544K
}
Event: 10272,435 GC heap before
{Heap before GC invocations=698 (full 12):
 PSYoungGen      total 177758208K, used 177758204K [0x00007fb546580000, 0x00007fdff1000000, 0x00007fdff1000000)
  eden space 176901632K, 100% used [0x00007fb546580000,0x00007fdf73900000,0x00007fdf73900000)
  from space 856576K, 99% used [0x00007fdf73900000,0x00007fdfa7d7f0d8,0x00007fdfa7d80000)
  to   space 1035776K, 0% used [0x00007fdfb1c80000,0x00007fdfb1c80000,0x00007fdff1000000)
 ParOldGen       total 8192512K, used 3880307K [0x00007f5ff1000000, 0x00007f61e5080000, 0x00007fb546580000)
  object space 8192512K, 47% used [0x00007f5ff1000000,0x00007f60ddd5ce88,0x00007f61e5080000)
 Metaspace       used 106564K, capacity 107828K, committed 108032K, reserved 108544K
Event: 10272,808 GC heap after
Heap after GC invocations=698 (full 12):
 PSYoungGen      total 177927680K, used 923667K [0x00007fb546580000, 0x00007fdff1000000, 0x00007fdff1000000)
  eden space 176891904K, 0% used [0x00007fb546580000,0x00007fb546580000,0x00007fdf72f80000)
  from space 1035776K, 89% used [0x00007fdfb1c80000,0x00007fdfea284d70,0x00007fdff1000000)
  to   space 1029120K, 0% used [0x00007fdf72f80000,0x00007fdf72f80000,0x00007fdfb1c80000)
 ParOldGen       total 8192512K, used 3890715K [0x00007f5ff1000000, 0x00007f61e5080000, 0x00007fb546580000)
  object space 8192512K, 47% used [0x00007f5ff1000000,0x00007f60de786e88,0x00007f61e5080000)
 Metaspace       used 106564K, capacity 107828K, committed 108032K, reserved 108544K
}
Event: 10289,401 GC heap before
{Heap before GC invocations=699 (full 12):
 PSYoungGen      total 177927680K, used 177815571K [0x00007fb546580000, 0x00007fdff1000000, 0x00007fdff1000000)
  eden space 176891904K, 100% used [0x00007fb546580000,0x00007fdf72f80000,0x00007fdf72f80000)
  from space 1035776K, 89% used [0x00007fdfb1c80000,0x00007fdfea284d70,0x00007fdff1000000)
  to   space 1029120K, 0% used [0x00007fdf72f80000,0x00007fdf72f80000,0x00007fdfb1c80000)
 ParOldGen       total 8192512K, used 3892903K [0x00007f5ff1000000, 0x00007f61e5080000, 0x00007fb546580000)
  object space 8192512K, 47% used [0x00007f5ff1000000,0x00007f60de9a9e08,0x00007f61e5080000)
 Metaspace       used 106564K, capacity 107828K, committed 108032K, reserved 108544K
Event: 10290,155 GC heap after
Heap after GC invocations=699 (full 12):
 PSYoungGen      total 177833984K, used 941858K [0x00007fb546580000, 0x00007fdfefa80000, 0x00007fdff1000000)
  eden space 176891904K, 0% used [0x00007fb546580000,0x00007fb546580000,0x00007fdf72f80000)
  from space 942080K, 99% used [0x00007fdf72f80000,0x00007fdfac7488a8,0x00007fdfac780000)
  to   space 1021440K, 0% used [0x00007fdfb1500000,0x00007fdfb1500000,0x00007fdfefa80000)
 ParOldGen       total 8192512K, used 3896687K [0x00007f5ff1000000, 0x00007f61e5080000, 0x00007fb546580000)
  object space 8192512K, 47% used [0x00007f5ff1000000,0x00007f60ded5be08,0x00007f61e5080000)
 Metaspace       used 106564K, capacity 107828K, committed 108032K, reserved 108544K
}
Event: 10307,068 GC heap before
{Heap before GC invocations=700 (full 12):
 PSYoungGen      total 177833984K, used 177833762K [0x00007fb546580000, 0x00007fdfefa80000, 0x00007fdff1000000)
  eden space 176891904K, 100% used [0x00007fb546580000,0x00007fdf72f80000,0x00007fdf72f80000)
  from space 942080K, 99% used [0x00007fdf72f80000,0x00007fdfac7488a8,0x00007fdfac780000)
  to   space 1021440K, 0% used [0x00007fdfb1500000,0x00007fdfb1500000,0x00007fdfefa80000)
 ParOldGen       total 8192512K, used 3898017K [0x00007f5ff1000000, 0x00007f61e5080000, 0x00007fb546580000)
  object space 8192512K, 47% used [0x00007f5ff1000000,0x00007f60deea8568,0x00007f61e5080000)
 Metaspace       used 106564K, capacity 107828K, committed 108032K, reserved 108544K
Event: 10307,558 GC heap after
Heap after GC invocations=700 (full 12):
 PSYoungGen      total 177905152K, used 842720K [0x00007fb546580000, 0x00007fdff1000000, 0x00007fdff1000000)
  eden space 176883712K, 0% used [0x00007fb546580000,0x00007fb546580000,0x00007fdf72780000)
  from space 1021440K, 82% used [0x00007fdfb1500000,0x00007fdfe4bf81c8,0x00007fdfefa80000)
  to   space 1029632K, 0% used [0x00007fdf72780000,0x00007fdf72780000,0x00007fdfb1500000)
 ParOldGen       total 8192512K, used 3901457K [0x00007f5ff1000000, 0x00007f61e5080000, 0x00007fb546580000)
  object space 8192512K, 47% used [0x00007f5ff1000000,0x00007f60df204568,0x00007f61e5080000)
 Metaspace       used 106564K, capacity 107828K, committed 108032K, reserved 108544K
}
Event: 10324,936 GC heap before
{Heap before GC invocations=701 (full 12):
 PSYoungGen      total 177905152K, used 177726432K [0x00007fb546580000, 0x00007fdff1000000, 0x00007fdff1000000)
  eden space 176883712K, 100% used [0x00007fb546580000,0x00007fdf72780000,0x00007fdf72780000)
  from space 1021440K, 82% used [0x00007fdfb1500000,0x00007fdfe4bf81c8,0x00007fdfefa80000)
  to   space 1029632K, 0% used [0x00007fdf72780000,0x00007fdf72780000,0x00007fdfb1500000)
 ParOldGen       total 8192512K, used 3901457K [0x00007f5ff1000000, 0x00007f61e5080000, 0x00007fb546580000)
  object space 8192512K, 47% used [0x00007f5ff1000000,0x00007f60df204568,0x00007f61e5080000)
 Metaspace       used 106564K, capacity 107828K, committed 108032K, reserved 108544K
Event: 10325,340 GC heap after
Heap after GC invocations=701 (full 12):
 PSYoungGen      total 177913344K, used 940206K [0x00007fb546580000, 0x00007fdff0c00000, 0x00007fdff1000000)
  eden space 176883712K, 0% used [0x00007fb546580000,0x00007fb546580000,0x00007fdf72780000)
  from space 1029632K, 91% used [0x00007fdf72780000,0x00007fdfabdabb08,0x00007fdfb1500000)
  to   space 1023488K, 0% used [0x00007fdfb2480000,0x00007fdfb2480000,0x00007fdff0c00000)
 ParOldGen       total 8192512K, used 3911169K [0x00007f5ff1000000, 0x00007f61e5080000, 0x00007fb546580000)
  object space 8192512K, 47% used [0x00007f5ff1000000,0x00007f60dfb80580,0x00007f61e5080000)
 Metaspace       used 106564K, capacity 107828K, committed 108032K, reserved 108544K
}
Event: 10341,895 GC heap before
{Heap before GC invocations=702 (full 12):
 PSYoungGen      total 177913344K, used 177823918K [0x00007fb546580000, 0x00007fdff0c00000, 0x00007fdff1000000)
  eden space 176883712K, 100% used [0x00007fb546580000,0x00007fdf72780000,0x00007fdf72780000)
  from space 1029632K, 91% used [0x00007fdf72780000,0x00007fdfabdabb08,0x00007fdfb1500000)
  to   space 1023488K, 0% used [0x00007fdfb2480000,0x00007fdfb2480000,0x00007fdff0c00000)
 ParOldGen       total 8192512K, used 3911169K [0x00007f5ff1000000, 0x00007f61e5080000, 0x00007fb546580000)
  object space 8192512K, 47% used [0x00007f5ff1000000,0x00007f60dfb80580,0x00007f61e5080000)
 Metaspace       used 106564K, capacity 107828K, committed 108032K, reserved 108544K
Event: 10342,269 GC heap after
Heap after GC invocations=702 (full 12):
 PSYoungGen      total 177916928K, used 900954K [0x00007fb546580000, 0x00007fdff0200000, 0x00007fdff1000000)
  eden space 176903680K, 0% used [0x00007fb546580000,0x00007fb546580000,0x00007fdf73b00000)
  from space 1013248K, 88% used [0x00007fdfb2480000,0x00007fdfe9456a30,0x00007fdff0200000)
  to   space 1019392K, 0% used [0x00007fdf73b00000,0x00007fdf73b00000,0x00007fdfb1e80000)
 ParOldGen       total 8192512K, used 3912817K [0x00007f5ff1000000, 0x00007f61e5080000, 0x00007fb546580000)
  object space 8192512K, 47% used [0x00007f5ff1000000,0x00007f60dfd1c580,0x00007f61e5080000)
 Metaspace       used 106564K, capacity 107828K, committed 108032K, reserved 108544K
}
Event: 10358,847 GC heap before
{Heap before GC invocations=703 (full 12):
 PSYoungGen      total 177916928K, used 177804634K [0x00007fb546580000, 0x00007fdff0200000, 0x00007fdff1000000)
  eden space 176903680K, 100% used [0x00007fb546580000,0x00007fdf73b00000,0x00007fdf73b00000)
  from space 1013248K, 88% used [0x00007fdfb2480000,0x00007fdfe9456a30,0x00007fdff0200000)
  to   space 1019392K, 0% used [0x00007fdf73b00000,0x00007fdf73b00000,0x00007fdfb1e80000)
 ParOldGen       total 8192512K, used 3912817K [0x00007f5ff1000000, 0x00007f61e5080000, 0x00007fb546580000)
  object space 8192512K, 47% used [0x00007f5ff1000000,0x00007f60dfd1c580,0x00007f61e5080000)
 Metaspace       used 106564K, capacity 107828K, committed 108032K, reserved 108544K
Event: 10359,243 GC heap after
Heap after GC invocations=703 (full 12):
 PSYoungGen      total 177923072K, used 863426K [0x00007fb546580000, 0x00007fdff1000000, 0x00007fdff1000000)
  eden space 176903680K, 0% used [0x00007fb546580000,0x00007fb546580000,0x00007fdf73b00000)
  from space 1019392K, 84% used [0x00007fdf73b00000,0x00007fdfa8630bc0,0x00007fdfb1e80000)
  to   space 1020928K, 0% used [0x00007fdfb2b00000,0x00007fdfb2b00000,0x00007fdff1000000)
 ParOldGen       total 8192512K, used 3914425K [0x00007f5ff1000000, 0x00007f61e5080000, 0x00007fb546580000)
  object space 8192512K, 47% used [0x00007f5ff1000000,0x00007f60dfeae580,0x00007f61e5080000)
 Metaspace       used 106564K, capacity 107828K, committed 108032K, reserved 108544K
}
Event: 10376,451 GC heap before
{Heap before GC invocations=704 (full 12):
 PSYoungGen      total 177923072K, used 177767106K [0x00007fb546580000, 0x00007fdff1000000, 0x00007fdff1000000)
  eden space 176903680K, 100% used [0x00007fb546580000,0x00007fdf73b00000,0x00007fdf73b00000)
  from space 1019392K, 84% used [0x00007fdf73b00000,0x00007fdfa8630bc0,0x00007fdfb1e80000)
  to   space 1020928K, 0% used [0x00007fdfb2b00000,0x00007fdfb2b00000,0x00007fdff1000000)
 ParOldGen       total 8192512K, used 3914425K [0x00007f5ff1000000, 0x00007f61e5080000, 0x00007fb546580000)
  object space 8192512K, 47% used [0x00007f5ff1000000,0x00007f60dfeae580,0x00007f61e5080000)
 Metaspace       used 106564K, capacity 107828K, committed 108032K, reserved 108544K
Event: 10376,698 GC heap after
Heap after GC invocations=704 (full 12):
 PSYoungGen      total 177933824K, used 876200K [0x00007fb546580000, 0x00007fdff0c80000, 0x00007fdff1000000)
  eden space 176916480K, 0% used [0x00007fb546580000,0x00007fb546580000,0x00007fdf74780000)
  from space 1017344K, 86% used [0x00007fdfb2b00000,0x00007fdfe82aa138,0x00007fdff0c80000)
  to   space 1018368K, 0% used [0x00007fdf74780000,0x00007fdf74780000,0x00007fdfb2a00000)
 ParOldGen       total 8192512K, used 3914521K [0x00007f5ff1000000, 0x00007f61e5080000, 0x00007fb546580000)
  object space 8192512K, 47% used [0x00007f5ff1000000,0x00007f60dfec6580,0x00007f61e5080000)
 Metaspace       used 106564K, capacity 107828K, committed 108032K, reserved 108544K
}
Event: 10393,842 GC heap before
{Heap before GC invocations=705 (full 12):
 PSYoungGen      total 177933824K, used 177792680K [0x00007fb546580000, 0x00007fdff0c80000, 0x00007fdff1000000)
  eden space 176916480K, 100% used [0x00007fb546580000,0x00007fdf74780000,0x00007fdf74780000)
  from space 1017344K, 86% used [0x00007fdfb2b00000,0x00007fdfe82aa138,0x00007fdff0c80000)
  to   space 1018368K, 0% used [0x00007fdf74780000,0x00007fdf74780000,0x00007fdfb2a00000)
 ParOldGen       total 8192512K, used 3914521K [0x00007f5ff1000000, 0x00007f61e5080000, 0x00007fb546580000)
  object space 8192512K, 47% used [0x00007f5ff1000000,0x00007f60dfec6580,0x00007f61e5080000)
 Metaspace       used 106564K, capacity 107828K, committed 108032K, reserved 108544K
Event: 10394,155 GC heap after
Heap after GC invocations=705 (full 12):
 PSYoungGen      total 177825280K, used 908701K [0x00007fb546580000, 0x00007fdff0000000, 0x00007fdff1000000)
  eden space 176916480K, 0% used [0x00007fb546580000,0x00007fb546580000,0x00007fdf74780000)
  from space 908800K, 99% used [0x00007fdf74780000,0x00007fdfabee75b0,0x00007fdfabf00000)
  to   space 1009664K, 0% used [0x00007fdfb2600000,0x00007fdfb2600000,0x00007fdff0000000)
 ParOldGen       total 8192512K, used 3914617K [0x00007f5ff1000000, 0x00007f61e5080000, 0x00007fb546580000)
  object space 8192512K, 47% used [0x00007f5ff1000000,0x00007f60dfede580,0x00007f61e5080000)
 Metaspace       used 106564K, capacity 107828K, committed 108032K, reserved 108544K
}
Event: 10410,953 GC heap before
{Heap before GC invocations=706 (full 12):
 PSYoungGen      total 177825280K, used 177825181K [0x00007fb546580000, 0x00007fdff0000000, 0x00007fdff1000000)
  eden space 176916480K, 100% used [0x00007fb546580000,0x00007fdf74780000,0x00007fdf74780000)
  from space 908800K, 99% used [0x00007fdf74780000,0x00007fdfabee75b0,0x00007fdfabf00000)
  to   space 1009664K, 0% used [0x00007fdfb2600000,0x00007fdfb2600000,0x00007fdff0000000)
 ParOldGen       total 8192512K, used 3914617K [0x00007f5ff1000000, 0x00007f61e5080000, 0x00007fb546580000)
  object space 8192512K, 47% used [0x00007f5ff1000000,0x00007f60dfede580,0x00007f61e5080000)
 Metaspace       used 106564K, capacity 107828K, committed 108032K, reserved 108544K
Event: 10411,464 GC heap after
Heap after GC invocations=706 (full 12):
 PSYoungGen      total 177935872K, used 890616K [0x00007fb546580000, 0x00007fdff1000000, 0x00007fdff1000000)
  eden space 176926208K, 0% used [0x00007fb546580000,0x00007fb546580000,0x00007fdf75100000)
  from space 1009664K, 88% used [0x00007fdfb2600000,0x00007fdfe8bbe2e8,0x00007fdff0000000)
  to   space 1004544K, 0% used [0x00007fdf75100000,0x00007fdf75100000,0x00007fdfb2600000)
 ParOldGen       total 8192512K, used 3914697K [0x00007f5ff1000000, 0x00007f61e5080000, 0x00007fb546580000)
  object space 8192512K, 47% used [0x00007f5ff1000000,0x00007f60dfef2580,0x00007f61e5080000)
 Metaspace       used 106564K, capacity 107828K, committed 108032K, reserved 108544K
}
Event: 10428,000 GC heap before
{Heap before GC invocations=707 (full 12):
 PSYoungGen      total 177935872K, used 177816824K [0x00007fb546580000, 0x00007fdff1000000, 0x00007fdff1000000)
  eden space 176926208K, 100% used [0x00007fb546580000,0x00007fdf75100000,0x00007fdf75100000)
  from space 1009664K, 88% used [0x00007fdfb2600000,0x00007fdfe8bbe2e8,0x00007fdff0000000)
  to   space 1004544K, 0% used [0x00007fdf75100000,0x00007fdf75100000,0x00007fdfb2600000)
 ParOldGen       total 8192512K, used 3914697K [0x00007f5ff1000000, 0x00007f61e5080000, 0x00007fb546580000)
  object space 8192512K, 47% used [0x00007f5ff1000000,0x00007f60dfef2580,0x00007f61e5080000)
 Metaspace       used 106564K, capacity 107828K, committed 108032K, reserved 108544K
Event: 10428,362 GC heap after
Heap after GC invocations=707 (full 12):
 PSYoungGen      total 177930752K, used 947550K [0x00007fb546580000, 0x00007fdff1000000, 0x00007fdff1000000)
  eden space 176926208K, 0% used [0x00007fb546580000,0x00007fb546580000,0x00007fdf75100000)
  from space 1004544K, 94% used [0x00007fdf75100000,0x00007fdfaee579b0,0x00007fdfb2600000)
  to   space 1008128K, 0% used [0x00007fdfb3780000,0x00007fdfb3780000,0x00007fdff1000000)
 ParOldGen       total 8192512K, used 3914825K [0x00007f5ff1000000, 0x00007f61e5080000, 0x00007fb546580000)
  object space 8192512K, 47% used [0x00007f5ff1000000,0x00007f60dff12580,0x00007f61e5080000)
 Metaspace       used 106564K, capacity 107828K, committed 108032K, reserved 108544K
}
Event: 10444,887 GC heap before
{Heap before GC invocations=708 (full 12):
 PSYoungGen      total 177930752K, used 177873758K [0x00007fb546580000, 0x00007fdff1000000, 0x00007fdff1000000)
  eden space 176926208K, 100% used [0x00007fb546580000,0x00007fdf75100000,0x00007fdf75100000)
  from space 1004544K, 94% used [0x00007fdf75100000,0x00007fdfaee579b0,0x00007fdfb2600000)
  to   space 1008128K, 0% used [0x00007fdfb3780000,0x00007fdfb3780000,0x00007fdff1000000)
 ParOldGen       total 8192512K, used 3914825K [0x00007f5ff1000000, 0x00007f61e5080000, 0x00007fb546580000)
  object space 8192512K, 47% used [0x00007f5ff1000000,0x00007f60dff12580,0x00007f61e5080000)
 Metaspace       used 106564K, capacity 107828K, committed 108032K, reserved 108544K
Event: 10445,218 GC heap after
Heap after GC invocations=708 (full 12):
 PSYoungGen      total 177949184K, used 866226K [0x00007fb546580000, 0x00007fdff1000000, 0x00007fdff1000000)
  eden space 176941056K, 0% used [0x00007fb546580000,0x00007fb546580000,0x00007fdf75f80000)
  from space 1008128K, 85% used [0x00007fdfb3780000,0x00007fdfe856c9a0,0x00007fdff1000000)
  to   space 1007616K, 0% used [0x00007fdf75f80000,0x00007fdf75f80000,0x00007fdfb3780000)
 ParOldGen       total 8192512K, used 3920337K [0x00007f5ff1000000, 0x00007f61e5080000, 0x00007fb546580000)
  object space 8192512K, 47% used [0x00007f5ff1000000,0x00007f60e0474580,0x00007f61e5080000)
 Metaspace       used 106564K, capacity 107828K, committed 108032K, reserved 108544K
}
Event: 10461,797 GC heap before
{Heap before GC invocations=709 (full 12):
 PSYoungGen      total 177949184K, used 177807282K [0x00007fb546580000, 0x00007fdff1000000, 0x00007fdff1000000)
  eden space 176941056K, 100% used [0x00007fb546580000,0x00007fdf75f80000,0x00007fdf75f80000)
  from space 1008128K, 85% used [0x00007fdfb3780000,0x00007fdfe856c9a0,0x00007fdff1000000)
  to   space 1007616K, 0% used [0x00007fdf75f80000,0x00007fdf75f80000,0x00007fdfb3780000)
 ParOldGen       total 8192512K, used 3920337K [0x00007f5ff1000000, 0x00007f61e5080000, 0x00007fb546580000)
  object space 8192512K, 47% used [0x00007f5ff1000000,0x00007f60e0474580,0x00007f61e5080000)
 Metaspace       used 106564K, capacity 107828K, committed 108032K, reserved 108544K
Event: 10462,098 GC heap after
Heap after GC invocations=709 (full 12):
 PSYoungGen      total 177779712K, used 838341K [0x00007fb546580000, 0x00007fdff1000000, 0x00007fdff1000000)
  eden space 176941056K, 0% used [0x00007fb546580000,0x00007fb546580000,0x00007fdf75f80000)
  from space 838656K, 99% used [0x00007fdf75f80000,0x00007fdfa92317e8,0x00007fdfa9280000)
  to   space 1010688K, 0% used [0x00007fdfb3500000,0x00007fdfb3500000,0x00007fdff1000000)
 ParOldGen       total 8192512K, used 3932329K [0x00007f5ff1000000, 0x00007f61e5080000, 0x00007fb546580000)
  object space 8192512K, 47% used [0x00007f5ff1000000,0x00007f60e102a580,0x00007f61e5080000)
 Metaspace       used 106564K, capacity 107828K, committed 108032K, reserved 108544K
}
Event: 10479,021 GC heap before
{Heap before GC invocations=710 (full 12):
 PSYoungGen      total 177779712K, used 177779397K [0x00007fb546580000, 0x00007fdff1000000, 0x00007fdff1000000)
  eden space 176941056K, 100% used [0x00007fb546580000,0x00007fdf75f80000,0x00007fdf75f80000)
  from space 838656K, 99% used [0x00007fdf75f80000,0x00007fdfa92317e8,0x00007fdfa9280000)
  to   space 1010688K, 0% used [0x00007fdfb3500000,0x00007fdfb3500000,0x00007fdff1000000)
 ParOldGen       total 8192512K, used 3932329K [0x00007f5ff1000000, 0x00007f61e5080000, 0x00007fb546580000)
  object space 8192512K, 47% used [0x00007f5ff1000000,0x00007f60e102a580,0x00007f61e5080000)
 Metaspace       used 106564K, capacity 107828K, committed 108032K, reserved 108544K
Event: 10479,480 GC heap after
Heap after GC invocations=710 (full 12):
 PSYoungGen      total 177951744K, used 917693K [0x00007fb546580000, 0x00007fdff1000000, 0x00007fdff1000000)
  eden space 176941056K, 0% used [0x00007fb546580000,0x00007fb546580000,0x00007fdf75f80000)
  from space 1010688K, 90% used [0x00007fdfb3500000,0x00007fdfeb52f7f8,0x00007fdff1000000)
  to   space 1005056K, 0% used [0x00007fdf75f80000,0x00007fdf75f80000,0x00007fdfb3500000)
 ParOldGen       total 8192512K, used 3932865K [0x00007f5ff1000000, 0x00007f61e5080000, 0x00007fb546580000)
  object space 8192512K, 48% used [0x00007f5ff1000000,0x00007f60e10b0580,0x00007f61e5080000)
 Metaspace       used 106564K, capacity 107828K, committed 108032K, reserved 108544K
}
Event: 10496,121 GC heap before
{Heap before GC invocations=711 (full 12):
 PSYoungGen      total 177951744K, used 177858749K [0x00007fb546580000, 0x00007fdff1000000, 0x00007fdff1000000)
  eden space 176941056K, 100% used [0x00007fb546580000,0x00007fdf75f80000,0x00007fdf75f80000)
  from space 1010688K, 90% used [0x00007fdfb3500000,0x00007fdfeb52f7f8,0x00007fdff1000000)
  to   space 1005056K, 0% used [0x00007fdf75f80000,0x00007fdf75f80000,0x00007fdfb3500000)
 ParOldGen       total 8192512K, used 3932865K [0x00007f5ff1000000, 0x00007f61e5080000, 0x00007fb546580000)
  object space 8192512K, 48% used [0x00007f5ff1000000,0x00007f60e10b0580,0x00007f61e5080000)
 Metaspace       used 106564K, capacity 107828K, committed 108032K, reserved 108544K
Event: 10496,445 GC heap after
Heap after GC invocations=711 (full 12):
 PSYoungGen      total 177946112K, used 839870K [0x00007fb546580000, 0x00007fdff0c80000, 0x00007fdff1000000)
  eden space 176941056K, 0% used [0x00007fb546580000,0x00007fb546580000,0x00007fdf75f80000)
  from space 1005056K, 83% used [0x00007fdf75f80000,0x00007fdfa93afbf8,0x00007fdfb3500000)
  to   space 1006080K, 0% used [0x00007fdfb3600000,0x00007fdfb3600000,0x00007fdff0c80000)
 ParOldGen       total 8192512K, used 3933409K [0x00007f5ff1000000, 0x00007f61e5080000, 0x00007fb546580000)
  object space 8192512K, 48% used [0x00007f5ff1000000,0x00007f60e1138580,0x00007f61e5080000)
 Metaspace       used 106564K, capacity 107828K, committed 108032K, reserved 108544K
}
Event: 10513,792 GC heap before
{Heap before GC invocations=712 (full 12):
 PSYoungGen      total 177946112K, used 177780926K [0x00007fb546580000, 0x00007fdff0c80000, 0x00007fdff1000000)
  eden space 176941056K, 100% used [0x00007fb546580000,0x00007fdf75f80000,0x00007fdf75f80000)
  from space 1005056K, 83% used [0x00007fdf75f80000,0x00007fdfa93afbf8,0x00007fdfb3500000)
  to   space 1006080K, 0% used [0x00007fdfb3600000,0x00007fdfb3600000,0x00007fdff0c80000)
 ParOldGen       total 8192512K, used 3933409K [0x00007f5ff1000000, 0x00007f61e5080000, 0x00007fb546580000)
  object space 8192512K, 48% used [0x00007f5ff1000000,0x00007f60e1138580,0x00007f61e5080000)
 Metaspace       used 106581K, capacity 107832K, committed 108032K, reserved 108544K
Event: 10514,155 GC heap after
Heap after GC invocations=712 (full 12):
 PSYoungGen      total 177938944K, used 903753K [0x00007fb546580000, 0x00007fdff0000000, 0x00007fdff1000000)
  eden space 176945664K, 0% used [0x00007fb546580000,0x00007fb546580000,0x00007fdf76400000)
  from space 993280K, 90% used [0x00007fdfb3600000,0x00007fdfea8924f8,0x00007fdff0000000)
  to   space 997376K, 0% used [0x00007fdf76400000,0x00007fdf76400000,0x00007fdfb3200000)
 ParOldGen       total 8192512K, used 3937513K [0x00007f5ff1000000, 0x00007f61e5080000, 0x00007fb546580000)
  object space 8192512K, 48% used [0x00007f5ff1000000,0x00007f60e153a580,0x00007f61e5080000)
 Metaspace       used 106581K, capacity 107832K, committed 108032K, reserved 108544K
}
Event: 10531,555 GC heap before
{Heap before GC invocations=713 (full 12):
 PSYoungGen      total 177938944K, used 177849417K [0x00007fb546580000, 0x00007fdff0000000, 0x00007fdff1000000)
  eden space 176945664K, 100% used [0x00007fb546580000,0x00007fdf76400000,0x00007fdf76400000)
  from space 993280K, 90% used [0x00007fdfb3600000,0x00007fdfea8924f8,0x00007fdff0000000)
  to   space 997376K, 0% used [0x00007fdf76400000,0x00007fdf76400000,0x00007fdfb3200000)
 ParOldGen       total 8192512K, used 3937513K [0x00007f5ff1000000, 0x00007f61e5080000, 0x00007fb546580000)
  object space 8192512K, 48% used [0x00007f5ff1000000,0x00007f60e153a580,0x00007f61e5080000)
 Metaspace       used 106581K, capacity 107832K, committed 108032K, reserved 108544K
Event: 10531,885 GC heap after
Heap after GC invocations=713 (full 12):
 PSYoungGen      total 177943040K, used 815209K [0x00007fb546580000, 0x00007fdff1000000, 0x00007fdff1000000)
  eden space 176945664K, 0% used [0x00007fb546580000,0x00007fb546580000,0x00007fdf76400000)
  from space 997376K, 81% used [0x00007fdf76400000,0x00007fdfa801a700,0x00007fdfb3200000)
  to   space 1001984K, 0% used [0x00007fdfb3d80000,0x00007fdfb3d80000,0x00007fdff1000000)
 ParOldGen       total 8192512K, used 3937633K [0x00007f5ff1000000, 0x00007f61e5080000, 0x00007fb546580000)
  object space 8192512K, 48% used [0x00007f5ff1000000,0x00007f60e1558580,0x00007f61e5080000)
 Metaspace       used 106581K, capacity 107832K, committed 108032K, reserved 108544K
}
Event: 10549,874 GC heap before
{Heap before GC invocations=714 (full 12):
 PSYoungGen      total 177943040K, used 177760873K [0x00007fb546580000, 0x00007fdff1000000, 0x00007fdff1000000)
  eden space 176945664K, 100% used [0x00007fb546580000,0x00007fdf76400000,0x00007fdf76400000)
  from space 997376K, 81% used [0x00007fdf76400000,0x00007fdfa801a700,0x00007fdfb3200000)
  to   space 1001984K, 0% used [0x00007fdfb3d80000,0x00007fdfb3d80000,0x00007fdff1000000)
 ParOldGen       total 8192512K, used 3937633K [0x00007f5ff1000000, 0x00007f61e5080000, 0x00007fb546580000)
  object space 8192512K, 48% used [0x00007f5ff1000000,0x00007f60e1558580,0x00007f61e5080000)
 Metaspace       used 106581K, capacity 107832K, committed 108032K, reserved 108544K
Event: 10550,205 GC heap after
Heap after GC invocations=714 (full 12):
 PSYoungGen      total 177952768K, used 818065K [0x00007fb546580000, 0x00007fdff1000000, 0x00007fdff1000000)
  eden space 176950784K, 0% used [0x00007fb546580000,0x00007fb546580000,0x00007fdf76900000)
  from space 1001984K, 81% used [0x00007fdfb3d80000,0x00007fdfe5c64668,0x00007fdff1000000)
  to   space 1003008K, 0% used [0x00007fdf76900000,0x00007fdf76900000,0x00007fdfb3c80000)
 ParOldGen       total 8192512K, used 3939233K [0x00007f5ff1000000, 0x00007f61e5080000, 0x00007fb546580000)
  object space 8192512K, 48% used [0x00007f5ff1000000,0x00007f60e16e8580,0x00007f61e5080000)
 Metaspace       used 106581K, capacity 107832K, committed 108032K, reserved 108544K
}
Event: 10566,847 GC heap before
{Heap before GC invocations=715 (full 12):
 PSYoungGen      total 177952768K, used 177768849K [0x00007fb546580000, 0x00007fdff1000000, 0x00007fdff1000000)
  eden space 176950784K, 100% used [0x00007fb546580000,0x00007fdf76900000,0x00007fdf76900000)
  from space 1001984K, 81% used [0x00007fdfb3d80000,0x00007fdfe5c64668,0x00007fdff1000000)
  to   space 1003008K, 0% used [0x00007fdf76900000,0x00007fdf76900000,0x00007fdfb3c80000)
 ParOldGen       total 8192512K, used 3939233K [0x00007f5ff1000000, 0x00007f61e5080000, 0x00007fb546580000)
  object space 8192512K, 48% used [0x00007f5ff1000000,0x00007f60e16e8580,0x00007f61e5080000)
 Metaspace       used 106581K, capacity 107832K, committed 108032K, reserved 108544K
Event: 10567,193 GC heap after
Heap after GC invocations=715 (full 12):
 PSYoungGen      total 177804800K, used 853529K [0x00007fb546580000, 0x00007fdff0400000, 0x00007fdff1000000)
  eden space 176950784K, 0% used [0x00007fb546580000,0x00007fb546580000,0x00007fdf76900000)
  from space 854016K, 99% used [0x00007fdf76900000,0x00007fdfaaa864a8,0x00007fdfaab00000)
  to   space 996352K, 0% used [0x00007fdfb3700000,0x00007fdfb3700000,0x00007fdff0400000)
 ParOldGen       total 8192512K, used 3943289K [0x00007f5ff1000000, 0x00007f61e5080000, 0x00007fb546580000)
  object space 8192512K, 48% used [0x00007f5ff1000000,0x00007f60e1ade580,0x00007f61e5080000)
 Metaspace       used 106581K, capacity 107832K, committed 108032K, reserved 108544K
}
Event: 10583,325 GC heap before
{Heap before GC invocations=716 (full 12):
 PSYoungGen      total 177804800K, used 177804313K [0x00007fb546580000, 0x00007fdff0400000, 0x00007fdff1000000)
  eden space 176950784K, 100% used [0x00007fb546580000,0x00007fdf76900000,0x00007fdf76900000)
  from space 854016K, 99% used [0x00007fdf76900000,0x00007fdfaaa864a8,0x00007fdfaab00000)
  to   space 996352K, 0% used [0x00007fdfb3700000,0x00007fdfb3700000,0x00007fdff0400000)
 ParOldGen       total 8192512K, used 3943289K [0x00007f5ff1000000, 0x00007f61e5080000, 0x00007fb546580000)
  object space 8192512K, 48% used [0x00007f5ff1000000,0x00007f60e1ade580,0x00007f61e5080000)
 Metaspace       used 106581K, capacity 107832K, committed 108032K, reserved 108544K
Event: 10583,897 GC heap after
Heap after GC invocations=716 (full 12):
 PSYoungGen      total 177950208K, used 905691K [0x00007fb546580000, 0x00007fdff1000000, 0x00007fdff1000000)
  eden space 176953856K, 0% used [0x00007fb546580000,0x00007fb546580000,0x00007fdf76c00000)
  from space 996352K, 90% used [0x00007fdfb3700000,0x00007fdfeab76f50,0x00007fdff0400000)
  to   space 994304K, 0% used [0x00007fdf76c00000,0x00007fdf76c00000,0x00007fdfb3700000)
 ParOldGen       total 8192512K, used 3943377K [0x00007f5ff1000000, 0x00007f61e5080000, 0x00007fb546580000)
  object space 8192512K, 48% used [0x00007f5ff1000000,0x00007f60e1af4580,0x00007f61e5080000)
 Metaspace       used 106581K, capacity 107832K, committed 108032K, reserved 108544K
}
Event: 10600,491 GC heap before
{Heap before GC invocations=717 (full 12):
 PSYoungGen      total 177950208K, used 177859547K [0x00007fb546580000, 0x00007fdff1000000, 0x00007fdff1000000)
  eden space 176953856K, 100% used [0x00007fb546580000,0x00007fdf76c00000,0x00007fdf76c00000)
  from space 996352K, 90% used [0x00007fdfb3700000,0x00007fdfeab76f50,0x00007fdff0400000)
  to   space 994304K, 0% used [0x00007fdf76c00000,0x00007fdf76c00000,0x00007fdfb3700000)
 ParOldGen       total 8192512K, used 3943377K [0x00007f5ff1000000, 0x00007f61e5080000, 0x00007fb546580000)
  object space 8192512K, 48% used [0x00007f5ff1000000,0x00007f60e1af4580,0x00007f61e5080000)
 Metaspace       used 106581K, capacity 107832K, committed 108032K, reserved 108544K
Event: 10600,833 GC heap after
Heap after GC invocations=717 (full 12):
 PSYoungGen      total 177948160K, used 881411K [0x00007fb546580000, 0x00007fdfef900000, 0x00007fdff1000000)
  eden space 176953856K, 0% used [0x00007fb546580000,0x00007fb546580000,0x00007fdf76c00000)
  from space 994304K, 88% used [0x00007fdf76c00000,0x00007fdfac8c0d40,0x00007fdfb3700000)
  to   space 983552K, 0% used [0x00007fdfb3880000,0x00007fdfb3880000,0x00007fdfef900000)
 ParOldGen       total 8192512K, used 3943505K [0x00007f5ff1000000, 0x00007f61e5080000, 0x00007fb546580000)
  object space 8192512K, 48% used [0x00007f5ff1000000,0x00007f60e1b14580,0x00007f61e5080000)
 Metaspace       used 106581K, capacity 107832K, committed 108032K, reserved 108544K
}
Event: 10617,957 GC heap before
{Heap before GC invocations=718 (full 12):
 PSYoungGen      total 177948160K, used 177835267K [0x00007fb546580000, 0x00007fdfef900000, 0x00007fdff1000000)
  eden space 176953856K, 100% used [0x00007fb546580000,0x00007fdf76c00000,0x00007fdf76c00000)
  from space 994304K, 88% used [0x00007fdf76c00000,0x00007fdfac8c0d40,0x00007fdfb3700000)
  to   space 983552K, 0% used [0x00007fdfb3880000,0x00007fdfb3880000,0x00007fdfef900000)
 ParOldGen       total 8192512K, used 3943505K [0x00007f5ff1000000, 0x00007f61e5080000, 0x00007fb546580000)
  object space 8192512K, 48% used [0x00007f5ff1000000,0x00007f60e1b14580,0x00007f61e5080000)
 Metaspace       used 106582K, capacity 107832K, committed 108032K, reserved 108544K
Event: 10618,205 GC heap after
Heap after GC invocations=718 (full 12):
 PSYoungGen      total 177949184K, used 819745K [0x00007fb546580000, 0x00007fdff0680000, 0x00007fdff1000000)
  eden space 176965632K, 0% used [0x00007fb546580000,0x00007fb546580000,0x00007fdf77780000)
  from space 983552K, 83% used [0x00007fdfb3880000,0x00007fdfe5908748,0x00007fdfef900000)
  to   space 984064K, 0% used [0x00007fdf77780000,0x00007fdf77780000,0x00007fdfb3880000)
 ParOldGen       total 8192512K, used 3943577K [0x00007f5ff1000000, 0x00007f61e5080000, 0x00007fb546580000)
  object space 8192512K, 48% used [0x00007f5ff1000000,0x00007f60e1b26580,0x00007f61e5080000)
 Metaspace       used 106582K, capacity 107832K, committed 108032K, reserved 108544K
}
Event: 10635,410 GC heap before
{Heap before GC invocations=719 (full 12):
 PSYoungGen      total 177949184K, used 177785377K [0x00007fb546580000, 0x00007fdff0680000, 0x00007fdff1000000)
  eden space 176965632K, 100% used [0x00007fb546580000,0x00007fdf77780000,0x00007fdf77780000)
  from space 983552K, 83% used [0x00007fdfb3880000,0x00007fdfe5908748,0x00007fdfef900000)
  to   space 984064K, 0% used [0x00007fdf77780000,0x00007fdf77780000,0x00007fdfb3880000)
 ParOldGen       total 8192512K, used 3946825K [0x00007f5ff1000000, 0x00007f61e5080000, 0x00007fb546580000)
  object space 8192512K, 48% used [0x00007f5ff1000000,0x00007f60e1e52580,0x00007f61e5080000)
 Metaspace       used 106582K, capacity 107832K, committed 108032K, reserved 108544K
Event: 10635,860 GC heap after
Heap after GC invocations=719 (full 12):
 PSYoungGen      total 177949696K, used 806272K [0x00007fb546580000, 0x00007fdff1000000, 0x00007fdff1000000)
  eden space 176965632K, 0% used [0x00007fb546580000,0x00007fb546580000,0x00007fdf77780000)
  from space 984064K, 81% used [0x00007fdf77780000,0x00007fdfa8ae02d0,0x00007fdfb3880000)
  to   space 985600K, 0% used [0x00007fdfb4d80000,0x00007fdfb4d80000,0x00007fdff1000000)
 ParOldGen       total 8192512K, used 3946921K [0x00007f5ff1000000, 0x00007f61e5080000, 0x00007fb546580000)
  object space 8192512K, 48% used [0x00007f5ff1000000,0x00007f60e1e6a580,0x00007f61e5080000)
 Metaspace       used 106582K, capacity 107832K, committed 108032K, reserved 108544K
}
Event: 10655,582 GC heap before
{Heap before GC invocations=720 (full 12):
 PSYoungGen      total 177949696K, used 177771904K [0x00007fb546580000, 0x00007fdff1000000, 0x00007fdff1000000)
  eden space 176965632K, 100% used [0x00007fb546580000,0x00007fdf77780000,0x00007fdf77780000)
  from space 984064K, 81% used [0x00007fdf77780000,0x00007fdfa8ae02d0,0x00007fdfb3880000)
  to   space 985600K, 0% used [0x00007fdfb4d80000,0x00007fdfb4d80000,0x00007fdff1000000)
 ParOldGen       total 8192512K, used 3946922K [0x00007f5ff1000000, 0x00007f61e5080000, 0x00007fb546580000)
  object space 8192512K, 48% used [0x00007f5ff1000000,0x00007f60e1e6aa60,0x00007f61e5080000)
 Metaspace       used 106582K, capacity 107832K, committed 108032K, reserved 108544K
Event: 10655,869 GC heap after
Heap after GC invocations=720 (full 12):
 PSYoungGen      total 177968128K, used 791670K [0x00007fb546580000, 0x00007fdff1000000, 0x00007fdff1000000)
  eden space 176982528K, 0% used [0x00007fb546580000,0x00007fb546580000,0x00007fdf78800000)
  from space 985600K, 80% used [0x00007fdfb4d80000,0x00007fdfe529dbf8,0x00007fdff1000000)
  to   space 987136K, 0% used [0x00007fdf78800000,0x00007fdf78800000,0x00007fdfb4c00000)
 ParOldGen       total 8192512K, used 3947034K [0x00007f5ff1000000, 0x00007f61e5080000, 0x00007fb546580000)
  object space 8192512K, 48% used [0x00007f5ff1000000,0x00007f60e1e86a60,0x00007f61e5080000)
 Metaspace       used 106582K, capacity 107832K, committed 108032K, reserved 108544K
}
Event: 10672,223 GC heap before
{Heap before GC invocations=721 (full 12):
 PSYoungGen      total 177968128K, used 177774198K [0x00007fb546580000, 0x00007fdff1000000, 0x00007fdff1000000)
  eden space 176982528K, 100% used [0x00007fb546580000,0x00007fdf78800000,0x00007fdf78800000)
  from space 985600K, 80% used [0x00007fdfb4d80000,0x00007fdfe529dbf8,0x00007fdff1000000)
  to   space 987136K, 0% used [0x00007fdf78800000,0x00007fdf78800000,0x00007fdfb4c00000)
 ParOldGen       total 8192512K, used 3947034K [0x00007f5ff1000000, 0x00007f61e5080000, 0x00007fb546580000)
  object space 8192512K, 48% used [0x00007f5ff1000000,0x00007f60e1e86a60,0x00007f61e5080000)
 Metaspace       used 106582K, capacity 107832K, committed 108032K, reserved 108544K
Event: 10672,714 GC heap after
Heap after GC invocations=721 (full 12):
 PSYoungGen      total 177837568K, used 854731K [0x00007fb546580000, 0x00007fdfefb80000, 0x00007fdff1000000)
  eden space 176982528K, 0% used [0x00007fb546580000,0x00007fb546580000,0x00007fdf78800000)
  from space 855040K, 99% used [0x00007fdf78800000,0x00007fdfacab2c98,0x00007fdfacb00000)
  to   space 975872K, 0% used [0x00007fdfb4280000,0x00007fdfb4280000,0x00007fdfefb80000)
 ParOldGen       total 8192512K, used 3947122K [0x00007f5ff1000000, 0x00007f61e5080000, 0x00007fb546580000)
  object space 8192512K, 48% used [0x00007f5ff1000000,0x00007f60e1e9ca60,0x00007f61e5080000)
 Metaspace       used 106582K, capacity 107832K, committed 108032K, reserved 108544K
}
Event: 10691,091 GC heap before
{Heap before GC invocations=722 (full 12):
 PSYoungGen      total 177837568K, used 177837259K [0x00007fb546580000, 0x00007fdfefb80000, 0x00007fdff1000000)
  eden space 176982528K, 100% used [0x00007fb546580000,0x00007fdf78800000,0x00007fdf78800000)
  from space 855040K, 99% used [0x00007fdf78800000,0x00007fdfacab2c98,0x00007fdfacb00000)
  to   space 975872K, 0% used [0x00007fdfb4280000,0x00007fdfb4280000,0x00007fdfefb80000)
 ParOldGen       total 8192512K, used 3947122K [0x00007f5ff1000000, 0x00007f61e5080000, 0x00007fb546580000)
  object space 8192512K, 48% used [0x00007f5ff1000000,0x00007f60e1e9ca60,0x00007f61e5080000)
 Metaspace       used 106583K, capacity 107832K, committed 108032K, reserved 108544K
Event: 10691,302 GC heap after
Heap after GC invocations=722 (full 12):
 PSYoungGen      total 177961472K, used 803804K [0x00007fb546580000, 0x00007fdff1000000, 0x00007fdff1000000)
  eden space 176985600K, 0% used [0x00007fb546580000,0x00007fb546580000,0x00007fdf78b00000)
  from space 975872K, 82% used [0x00007fdfb4280000,0x00007fdfe5377058,0x00007fdfefb80000)
  to   space 974336K, 0% used [0x00007fdf78b00000,0x00007fdf78b00000,0x00007fdfb4280000)
 ParOldGen       total 8192512K, used 3947202K [0x00007f5ff1000000, 0x00007f61e5080000, 0x00007fb546580000)
  object space 8192512K, 48% used [0x00007f5ff1000000,0x00007f60e1eb0a60,0x00007f61e5080000)
 Metaspace       used 106583K, capacity 107832K, committed 108032K, reserved 108544K
}
Event: 10708,760 GC heap before
{Heap before GC invocations=723 (full 12):
 PSYoungGen      total 177961472K, used 177789404K [0x00007fb546580000, 0x00007fdff1000000, 0x00007fdff1000000)
  eden space 176985600K, 100% used [0x00007fb546580000,0x00007fdf78b00000,0x00007fdf78b00000)
  from space 975872K, 82% used [0x00007fdfb4280000,0x00007fdfe5377058,0x00007fdfefb80000)
  to   space 974336K, 0% used [0x00007fdf78b00000,0x00007fdf78b00000,0x00007fdfb4280000)
 ParOldGen       total 8192512K, used 3947202K [0x00007f5ff1000000, 0x00007f61e5080000, 0x00007fb546580000)
  object space 8192512K, 48% used [0x00007f5ff1000000,0x00007f60e1eb0a60,0x00007f61e5080000)
 Metaspace       used 106584K, capacity 107832K, committed 108032K, reserved 108544K
Event: 10709,024 GC heap after
Heap after GC invocations=723 (full 12):
 PSYoungGen      total 177959936K, used 787807K [0x00007fb546580000, 0x00007fdff0d80000, 0x00007fdff1000000)
  eden space 176985600K, 0% used [0x00007fb546580000,0x00007fb546580000,0x00007fdf78b00000)
  from space 974336K, 80% used [0x00007fdf78b00000,0x00007fdfa8c57fb0,0x00007fdfb4280000)
  to   space 973824K, 0% used [0x00007fdfb5680000,0x00007fdfb5680000,0x00007fdff0d80000)
 ParOldGen       total 8192512K, used 3947290K [0x00007f5ff1000000, 0x00007f61e5080000, 0x00007fb546580000)
  object space 8192512K, 48% used [0x00007f5ff1000000,0x00007f60e1ec6a60,0x00007f61e5080000)
 Metaspace       used 106584K, capacity 107832K, committed 108032K, reserved 108544K
}
Event: 10736,561 GC heap before
{Heap before GC invocations=724 (full 12):
 PSYoungGen      total 177959936K, used 177773407K [0x00007fb546580000, 0x00007fdff0d80000, 0x00007fdff1000000)
  eden space 176985600K, 100% used [0x00007fb546580000,0x00007fdf78b00000,0x00007fdf78b00000)
  from space 974336K, 80% used [0x00007fdf78b00000,0x00007fdfa8c57fb0,0x00007fdfb4280000)
  to   space 973824K, 0% used [0x00007fdfb5680000,0x00007fdfb5680000,0x00007fdff0d80000)
 ParOldGen       total 8192512K, used 3947290K [0x00007f5ff1000000, 0x00007f61e5080000, 0x00007fb546580000)
  object space 8192512K, 48% used [0x00007f5ff1000000,0x00007f60e1ec6a60,0x00007f61e5080000)
 Metaspace       used 106584K, capacity 107832K, committed 108032K, reserved 108544K
Event: 10736,818 GC heap after
Heap after GC invocations=724 (full 12):
 PSYoungGen      total 177978880K, used 766515K [0x00007fb546580000, 0x00007fdff1000000, 0x00007fdff1000000)
  eden space 177005056K, 0% used [0x00007fb546580000,0x00007fb546580000,0x00007fdf79e00000)
  from space 973824K, 78% used [0x00007fdfb5680000,0x00007fdfe430ce48,0x00007fdff0d80000)
  to   space 975360K, 0% used [0x00007fdf79e00000,0x00007fdf79e00000,0x00007fdfb5680000)
 ParOldGen       total 8192512K, used 3947362K [0x00007f5ff1000000, 0x00007f61e5080000, 0x00007fb546580000)
  object space 8192512K, 48% used [0x00007f5ff1000000,0x00007f60e1ed8a60,0x00007f61e5080000)
 Metaspace       used 106584K, capacity 107832K, committed 108032K, reserved 108544K
}
Event: 10755,416 GC heap before
{Heap before GC invocations=725 (full 12):
 PSYoungGen      total 177978880K, used 177771571K [0x00007fb546580000, 0x00007fdff1000000, 0x00007fdff1000000)
  eden space 177005056K, 100% used [0x00007fb546580000,0x00007fdf79e00000,0x00007fdf79e00000)
  from space 973824K, 78% used [0x00007fdfb5680000,0x00007fdfe430ce48,0x00007fdff0d80000)
  to   space 975360K, 0% used [0x00007fdf79e00000,0x00007fdf79e00000,0x00007fdfb5680000)
 ParOldGen       total 8192512K, used 3949244K [0x00007f5ff1000000, 0x00007f61e5080000, 0x00007fb546580000)
  object space 8192512K, 48% used [0x00007f5ff1000000,0x00007f60e20af160,0x00007f61e5080000)
 Metaspace       used 106585K, capacity 107832K, committed 108032K, reserved 108544K
Event: 10755,857 GC heap after
Heap after GC invocations=725 (full 12):
 PSYoungGen      total 177804288K, used 798885K [0x00007fb546580000, 0x00007fdff0480000, 0x00007fdff1000000)
  eden space 177005056K, 0% used [0x00007fb546580000,0x00007fb546580000,0x00007fdf79e00000)
  from space 799232K, 99% used [0x00007fdf79e00000,0x00007fdfaaa297c8,0x00007fdfaaa80000)
  to   space 968704K, 0% used [0x00007fdfb5280000,0x00007fdfb5280000,0x00007fdff0480000)
 ParOldGen       total 8192512K, used 3949316K [0x00007f5ff1000000, 0x00007f61e5080000, 0x00007fb546580000)
  object space 8192512K, 48% used [0x00007f5ff1000000,0x00007f60e20c1160,0x00007f61e5080000)
 Metaspace       used 106585K, capacity 107832K, committed 108032K, reserved 108544K
}
Event: 10775,074 GC heap before
{Heap before GC invocations=726 (full 12):
 PSYoungGen      total 177804288K, used 177803941K [0x00007fb546580000, 0x00007fdff0480000, 0x00007fdff1000000)
  eden space 177005056K, 100% used [0x00007fb546580000,0x00007fdf79e00000,0x00007fdf79e00000)
  from space 799232K, 99% used [0x00007fdf79e00000,0x00007fdfaaa297c8,0x00007fdfaaa80000)
  to   space 968704K, 0% used [0x00007fdfb5280000,0x00007fdfb5280000,0x00007fdff0480000)
 ParOldGen       total 8192512K, used 3950243K [0x00007f5ff1000000, 0x00007f61e5080000, 0x00007fb546580000)
  object space 8192512K, 48% used [0x00007f5ff1000000,0x00007f60e21a8c30,0x00007f61e5080000)
 Metaspace       used 106585K, capacity 107832K, committed 108032K, reserved 108544K
Event: 10775,353 GC heap after
Heap after GC invocations=726 (full 12):
 PSYoungGen      total 177976320K, used 758789K [0x00007fb546580000, 0x00007fdff1000000, 0x00007fdff1000000)
  eden space 177007616K, 0% used [0x00007fb546580000,0x00007fb546580000,0x00007fdf7a080000)
  from space 968704K, 78% used [0x00007fdfb5280000,0x00007fdfe37816d8,0x00007fdff0480000)
  to   space 968704K, 0% used [0x00007fdf7a080000,0x00007fdf7a080000,0x00007fdfb5280000)
 ParOldGen       total 8192512K, used 3962939K [0x00007f5ff1000000, 0x00007f61e5080000, 0x00007fb546580000)
  object space 8192512K, 48% used [0x00007f5ff1000000,0x00007f60e2e0eeb8,0x00007f61e5080000)
 Metaspace       used 106585K, capacity 107832K, committed 108032K, reserved 108544K
}
Event: 10802,957 GC heap before
{Heap before GC invocations=727 (full 12):
 PSYoungGen      total 177976320K, used 177766405K [0x00007fb546580000, 0x00007fdff1000000, 0x00007fdff1000000)
  eden space 177007616K, 100% used [0x00007fb546580000,0x00007fdf7a080000,0x00007fdf7a080000)
  from space 968704K, 78% used [0x00007fdfb5280000,0x00007fdfe37816d8,0x00007fdff0480000)
  to   space 968704K, 0% used [0x00007fdf7a080000,0x00007fdf7a080000,0x00007fdfb5280000)
 ParOldGen       total 8192512K, used 3962939K [0x00007f5ff1000000, 0x00007f61e5080000, 0x00007fb546580000)
  object space 8192512K, 48% used [0x00007f5ff1000000,0x00007f60e2e0eeb8,0x00007f61e5080000)
 Metaspace       used 106585K, capacity 107832K, committed 108032K, reserved 108544K
Event: 10803,245 GC heap after
Heap after GC invocations=727 (full 12):
 PSYoungGen      total 177976320K, used 702946K [0x00007fb546580000, 0x00007fdff1000000, 0x00007fdff1000000)
  eden space 177007616K, 0% used [0x00007fb546580000,0x00007fb546580000,0x00007fdf7a080000)
  from space 968704K, 72% used [0x00007fdf7a080000,0x00007fdfa4ef8810,0x00007fdfb5280000)
  to   space 976384K, 0% used [0x00007fdfb5680000,0x00007fdfb5680000,0x00007fdff1000000)
 ParOldGen       total 8192512K, used 3963131K [0x00007f5ff1000000, 0x00007f61e5080000, 0x00007fb546580000)
  object space 8192512K, 48% used [0x00007f5ff1000000,0x00007f60e2e3eeb8,0x00007f61e5080000)
 Metaspace       used 106585K, capacity 107832K, committed 108032K, reserved 108544K
}
Event: 10812,163 GC heap before
{Heap before GC invocations=728 (full 12):
 PSYoungGen      total 177976320K, used 31745780K [0x00007fb546580000, 0x00007fdff1000000, 0x00007fdff1000000)
  eden space 177007616K, 17% used [0x00007fb546580000,0x00007fbcad0c4858,0x00007fdf7a080000)
  from space 968704K, 72% used [0x00007fdf7a080000,0x00007fdfa4ef8810,0x00007fdfb5280000)
  to   space 976384K, 0% used [0x00007fdfb5680000,0x00007fdfb5680000,0x00007fdff1000000)
 ParOldGen       total 8192512K, used 3963131K [0x00007f5ff1000000, 0x00007f61e5080000, 0x00007fb546580000)
  object space 8192512K, 48% used [0x00007f5ff1000000,0x00007f60e2e3eeb8,0x00007f61e5080000)
 Metaspace       used 106585K, capacity 107832K, committed 108032K, reserved 108544K
Event: 10812,373 GC heap after
Heap after GC invocations=728 (full 12):
 PSYoungGen      total 177961984K, used 666226K [0x00007fb546580000, 0x00007fdff1000000, 0x00007fdff1000000)
  eden space 176985600K, 0% used [0x00007fb546580000,0x00007fb546580000,0x00007fdf78b00000)
  from space 976384K, 68% used [0x00007fdfb5680000,0x00007fdfde11cba8,0x00007fdff1000000)
  to   space 985600K, 0% used [0x00007fdf78b00000,0x00007fdf78b00000,0x00007fdfb4d80000)
 ParOldGen       total 8192512K, used 3963227K [0x00007f5ff1000000, 0x00007f61e5080000, 0x00007fb546580000)
  object space 8192512K, 48% used [0x00007f5ff1000000,0x00007f60e2e56eb8,0x00007f61e5080000)
 Metaspace       used 106585K, capacity 107832K, committed 108032K, reserved 108544K
}
Event: 10812,373 GC heap before
{Heap before GC invocations=729 (full 13):
 PSYoungGen      total 177961984K, used 666226K [0x00007fb546580000, 0x00007fdff1000000, 0x00007fdff1000000)
  eden space 176985600K, 0% used [0x00007fb546580000,0x00007fb546580000,0x00007fdf78b00000)
  from space 976384K, 68% used [0x00007fdfb5680000,0x00007fdfde11cba8,0x00007fdff1000000)
  to   space 985600K, 0% used [0x00007fdf78b00000,0x00007fdf78b00000,0x00007fdfb4d80000)
 ParOldGen       total 8192512K, used 3963227K [0x00007f5ff1000000, 0x00007f61e5080000, 0x00007fb546580000)
  object space 8192512K, 48% used [0x00007f5ff1000000,0x00007f60e2e56eb8,0x00007f61e5080000)
 Metaspace       used 106585K, capacity 107832K, committed 108032K, reserved 108544K
Event: 10814,910 GC heap after
Heap after GC invocations=729 (full 13):
 PSYoungGen      total 177961984K, used 0K [0x00007fb546580000, 0x00007fdff1000000, 0x00007fdff1000000)
  eden space 176985600K, 0% used [0x00007fb546580000,0x00007fb546580000,0x00007fdf78b00000)
  from space 976384K, 0% used [0x00007fdfb5680000,0x00007fdfb5680000,0x00007fdff1000000)
  to   space 985600K, 0% used [0x00007fdf78b00000,0x00007fdf78b00000,0x00007fdfb4d80000)
 ParOldGen       total 8192512K, used 2341605K [0x00007f5ff1000000, 0x00007f61e5080000, 0x00007fb546580000)
  object space 8192512K, 28% used [0x00007f5ff1000000,0x00007f607feb9548,0x00007f61e5080000)
 Metaspace       used 106585K, capacity 107832K, committed 108032K, reserved 108544K
}
Event: 10863,094 GC heap before
{Heap before GC invocations=730 (full 13):
 PSYoungGen      total 177961984K, used 176985600K [0x00007fb546580000, 0x00007fdff1000000, 0x00007fdff1000000)
  eden space 176985600K, 100% used [0x00007fb546580000,0x00007fdf78b00000,0x00007fdf78b00000)
  from space 976384K, 0% used [0x00007fdfb5680000,0x00007fdfb5680000,0x00007fdff1000000)
  to   space 985600K, 0% used [0x00007fdf78b00000,0x00007fdf78b00000,0x00007fdfb4d80000)
 ParOldGen       total 8192512K, used 2341605K [0x00007f5ff1000000, 0x00007f61e5080000, 0x00007fb546580000)
  object space 8192512K, 28% used [0x00007f5ff1000000,0x00007f607feb9548,0x00007f61e5080000)
 Metaspace       used 106586K, capacity 107832K, committed 108032K, reserved 108544K
Event: 10863,433 GC heap after
Heap after GC invocations=730 (full 13):
 PSYoungGen      total 177643008K, used 657376K [0x00007fb546580000, 0x00007fdff1000000, 0x00007fdff1000000)
  eden space 176985600K, 0% used [0x00007fb546580000,0x00007fb546580000,0x00007fdf78b00000)
  from space 657408K, 99% used [0x00007fdf78b00000,0x00007fdfa0cf82e0,0x00007fdfa0d00000)
  to   space 991744K, 0% used [0x00007fdfb4780000,0x00007fdfb4780000,0x00007fdff1000000)
 ParOldGen       total 8192512K, used 2341605K [0x00007f5ff1000000, 0x00007f61e5080000, 0x00007fb546580000)
  object space 8192512K, 28% used [0x00007f5ff1000000,0x00007f607feb9548,0x00007f61e5080000)
 Metaspace       used 106586K, capacity 107832K, committed 108032K, reserved 108544K
}
Event: 10885,088 GC heap before
{Heap before GC invocations=731 (full 13):
 PSYoungGen      total 177643008K, used 177642976K [0x00007fb546580000, 0x00007fdff1000000, 0x00007fdff1000000)
  eden space 176985600K, 100% used [0x00007fb546580000,0x00007fdf78b00000,0x00007fdf78b00000)
  from space 657408K, 99% used [0x00007fdf78b00000,0x00007fdfa0cf82e0,0x00007fdfa0d00000)
  to   space 991744K, 0% used [0x00007fdfb4780000,0x00007fdfb4780000,0x00007fdff1000000)
 ParOldGen       total 8192512K, used 2341605K [0x00007f5ff1000000, 0x00007f61e5080000, 0x00007fb546580000)
  object space 8192512K, 28% used [0x00007f5ff1000000,0x00007f607feb9548,0x00007f61e5080000)
 Metaspace       used 106587K, capacity 107832K, committed 108032K, reserved 108544K
Event: 10885,363 GC heap after
Heap after GC invocations=731 (full 13):
 PSYoungGen      total 177934336K, used 576327K [0x00007fb546580000, 0x00007fdff1000000, 0x00007fdff1000000)
  eden space 176942592K, 0% used [0x00007fb546580000,0x00007fb546580000,0x00007fdf76100000)
  from space 991744K, 58% used [0x00007fdfb4780000,0x00007fdfd7a51c08,0x00007fdff1000000)
  to   space 1007104K, 0% used [0x00007fdf76100000,0x00007fdf76100000,0x00007fdfb3880000)
 ParOldGen       total 8192512K, used 2341613K [0x00007f5ff1000000, 0x00007f61e5080000, 0x00007fb546580000)
  object space 8192512K, 28% used [0x00007f5ff1000000,0x00007f607febb548,0x00007f61e5080000)
 Metaspace       used 106587K, capacity 107832K, committed 108032K, reserved 108544K
}
Event: 10904,309 GC heap before
{Heap before GC invocations=732 (full 13):
 PSYoungGen      total 177934336K, used 177518919K [0x00007fb546580000, 0x00007fdff1000000, 0x00007fdff1000000)
  eden space 176942592K, 100% used [0x00007fb546580000,0x00007fdf76100000,0x00007fdf76100000)
  from space 991744K, 58% used [0x00007fdfb4780000,0x00007fdfd7a51c08,0x00007fdff1000000)
  to   space 1007104K, 0% used [0x00007fdf76100000,0x00007fdf76100000,0x00007fdfb3880000)
 ParOldGen       total 8192512K, used 2341613K [0x00007f5ff1000000, 0x00007f61e5080000, 0x00007fb546580000)
  object space 8192512K, 28% used [0x00007f5ff1000000,0x00007f607febb548,0x00007f61e5080000)
 Metaspace       used 106587K, capacity 107832K, committed 108032K, reserved 108544K
Event: 10904,513 GC heap after
Heap after GC invocations=732 (full 13):
 PSYoungGen      total 177525760K, used 582791K [0x00007fb546580000, 0x00007fdff1000000, 0x00007fdff1000000)
  eden space 176942592K, 0% used [0x00007fb546580000,0x00007fb546580000,0x00007fdf76100000)
  from space 583168K, 99% used [0x00007fdf76100000,0x00007fdf99a21e48,0x00007fdf99a80000)
  to   space 1013760K, 0% used [0x00007fdfb3200000,0x00007fdfb3200000,0x00007fdff1000000)
 ParOldGen       total 8192512K, used 2341613K [0x00007f5ff1000000, 0x00007f61e5080000, 0x00007fb546580000)
  object space 8192512K, 28% used [0x00007f5ff1000000,0x00007f607febb548,0x00007f61e5080000)
 Metaspace       used 106587K, capacity 107832K, committed 108032K, reserved 108544K
}
Event: 11003,277 GC heap before
{Heap before GC invocations=733 (full 13):
 PSYoungGen      total 177525760K, used 177525383K [0x00007fb546580000, 0x00007fdff1000000, 0x00007fdff1000000)
  eden space 176942592K, 100% used [0x00007fb546580000,0x00007fdf76100000,0x00007fdf76100000)
  from space 583168K, 99% used [0x00007fdf76100000,0x00007fdf99a21e48,0x00007fdf99a80000)
  to   space 1013760K, 0% used [0x00007fdfb3200000,0x00007fdfb3200000,0x00007fdff1000000)
 ParOldGen       total 8192512K, used 2341613K [0x00007f5ff1000000, 0x00007f61e5080000, 0x00007fb546580000)
  object space 8192512K, 28% used [0x00007f5ff1000000,0x00007f607febb548,0x00007f61e5080000)
 Metaspace       used 106591K, capacity 107832K, committed 108032K, reserved 108544K
Event: 11003,419 GC heap after
Heap after GC invocations=733 (full 13):
 PSYoungGen      total 177913344K, used 505360K [0x00007fb546580000, 0x00007fdff1000000, 0x00007fdff1000000)
  eden space 176899584K, 0% used [0x00007fb546580000,0x00007fb546580000,0x00007fdf73700000)
  from space 1013760K, 49% used [0x00007fdfb3200000,0x00007fdfd1f840a0,0x00007fdff1000000)
  to   space 1028608K, 0% used [0x00007fdf73700000,0x00007fdf73700000,0x00007fdfb2380000)
 ParOldGen       total 8192512K, used 2341613K [0x00007f5ff1000000, 0x00007f61e5080000, 0x00007fb546580000)
  object space 8192512K, 28% used [0x00007f5ff1000000,0x00007f607febb548,0x00007f61e5080000)
 Metaspace       used 106591K, capacity 107832K, committed 108032K, reserved 108544K
}
Event: 11022,109 GC heap before
{Heap before GC invocations=734 (full 13):
 PSYoungGen      total 177913344K, used 177404944K [0x00007fb546580000, 0x00007fdff1000000, 0x00007fdff1000000)
  eden space 176899584K, 100% used [0x00007fb546580000,0x00007fdf73700000,0x00007fdf73700000)
  from space 1013760K, 49% used [0x00007fdfb3200000,0x00007fdfd1f840a0,0x00007fdff1000000)
  to   space 1028608K, 0% used [0x00007fdf73700000,0x00007fdf73700000,0x00007fdfb2380000)
 ParOldGen       total 8192512K, used 2341613K [0x00007f5ff1000000, 0x00007f61e5080000, 0x00007fb546580000)
  object space 8192512K, 28% used [0x00007f5ff1000000,0x00007f607febb548,0x00007f61e5080000)
 Metaspace       used 106592K, capacity 107832K, committed 108032K, reserved 108544K
Event: 11022,312 GC heap after
Heap after GC invocations=734 (full 13):
 PSYoungGen      total 177392640K, used 492643K [0x00007fb546580000, 0x00007fdff1000000, 0x00007fdff1000000)
  eden space 176899584K, 0% used [0x00007fb546580000,0x00007fb546580000,0x00007fdf73700000)
  from space 493056K, 99% used [0x00007fdf73700000,0x00007fdf91818d68,0x00007fdf91880000)
  to   space 1037312K, 0% used [0x00007fdfb1b00000,0x00007fdfb1b00000,0x00007fdff1000000)
 ParOldGen       total 8192512K, used 2341613K [0x00007f5ff1000000, 0x00007f61e5080000, 0x00007fb546580000)
  object space 8192512K, 28% used [0x00007f5ff1000000,0x00007f607febb548,0x00007f61e5080000)
 Metaspace       used 106592K, capacity 107832K, committed 108032K, reserved 108544K
}
Event: 11053,155 GC heap before
{Heap before GC invocations=735 (full 13):
 PSYoungGen      total 177392640K, used 177392227K [0x00007fb546580000, 0x00007fdff1000000, 0x00007fdff1000000)
  eden space 176899584K, 100% used [0x00007fb546580000,0x00007fdf73700000,0x00007fdf73700000)
  from space 493056K, 99% used [0x00007fdf73700000,0x00007fdf91818d68,0x00007fdf91880000)
  to   space 1037312K, 0% used [0x00007fdfb1b00000,0x00007fdfb1b00000,0x00007fdff1000000)
 ParOldGen       total 8192512K, used 2341613K [0x00007f5ff1000000, 0x00007f61e5080000, 0x00007fb546580000)
  object space 8192512K, 28% used [0x00007f5ff1000000,0x00007f607febb548,0x00007f61e5080000)
 Metaspace       used 106593K, capacity 107832K, committed 108032K, reserved 108544K
Event: 11053,285 GC heap after
Heap after GC invocations=735 (full 13):
 PSYoungGen      total 177891840K, used 420669K [0x00007fb546580000, 0x00007fdff1000000, 0x00007fdff1000000)
  eden space 176854528K, 0% used [0x00007fb546580000,0x00007fb546580000,0x00007fdf70b00000)
  from space 1037312K, 40% used [0x00007fdfb1b00000,0x00007fdfcb5cf6b8,0x00007fdff1000000)
  to   space 1051136K, 0% used [0x00007fdf70b00000,0x00007fdf70b00000,0x00007fdfb0d80000)
 ParOldGen       total 8192512K, used 2341613K [0x00007f5ff1000000, 0x00007f61e5080000, 0x00007fb546580000)
  object space 8192512K, 28% used [0x00007f5ff1000000,0x00007f607febb548,0x00007f61e5080000)
 Metaspace       used 106593K, capacity 107832K, committed 108032K, reserved 108544K
}
Event: 11122,243 GC heap before
{Heap before GC invocations=736 (full 13):
 PSYoungGen      total 177891840K, used 177275197K [0x00007fb546580000, 0x00007fdff1000000, 0x00007fdff1000000)
  eden space 176854528K, 100% used [0x00007fb546580000,0x00007fdf70b00000,0x00007fdf70b00000)
  from space 1037312K, 40% used [0x00007fdfb1b00000,0x00007fdfcb5cf6b8,0x00007fdff1000000)
  to   space 1051136K, 0% used [0x00007fdf70b00000,0x00007fdf70b00000,0x00007fdfb0d80000)
 ParOldGen       total 8192512K, used 2341613K [0x00007f5ff1000000, 0x00007f61e5080000, 0x00007fb546580000)
  object space 8192512K, 28% used [0x00007f5ff1000000,0x00007f607febb548,0x00007f61e5080000)
 Metaspace       used 106593K, capacity 107832K, committed 108032K, reserved 108544K
Event: 11122,450 GC heap after
Heap after GC invocations=736 (full 13):
 PSYoungGen      total 177272832K, used 417900K [0x00007fb546580000, 0x00007fdff1000000, 0x00007fdff1000000)
  eden space 176854528K, 0% used [0x00007fb546580000,0x00007fb546580000,0x00007fdf70b00000)
  from space 418304K, 99% used [0x00007fdf70b00000,0x00007fdf8a31b358,0x00007fdf8a380000)
  to   space 1056256K, 0% used [0x00007fdfb0880000,0x00007fdfb0880000,0x00007fdff1000000)
 ParOldGen       total 8192512K, used 2341613K [0x00007f5ff1000000, 0x00007f61e5080000, 0x00007fb546580000)
  object space 8192512K, 28% used [0x00007f5ff1000000,0x00007f607febb548,0x00007f61e5080000)
 Metaspace       used 106593K, capacity 107832K, committed 108032K, reserved 108544K
}
Event: 11147,171 GC heap before
{Heap before GC invocations=737 (full 13):
 PSYoungGen      total 177272832K, used 177272428K [0x00007fb546580000, 0x00007fdff1000000, 0x00007fdff1000000)
  eden space 176854528K, 100% used [0x00007fb546580000,0x00007fdf70b00000,0x00007fdf70b00000)
  from space 418304K, 99% used [0x00007fdf70b00000,0x00007fdf8a31b358,0x00007fdf8a380000)
  to   space 1056256K, 0% used [0x00007fdfb0880000,0x00007fdfb0880000,0x00007fdff1000000)
 ParOldGen       total 8192512K, used 2341613K [0x00007f5ff1000000, 0x00007f61e5080000, 0x00007fb546580000)
  object space 8192512K, 28% used [0x00007f5ff1000000,0x00007f607febb548,0x00007f61e5080000)
 Metaspace       used 106593K, capacity 107832K, committed 108032K, reserved 108544K
Event: 11147,417 GC heap after
Heap after GC invocations=737 (full 13):
 PSYoungGen      total 177906176K, used 439637K [0x00007fb546580000, 0x00007fdff1000000, 0x00007fdff1000000)
  eden space 176849920K, 0% used [0x00007fb546580000,0x00007fb546580000,0x00007fdf70680000)
  from space 1056256K, 41% used [0x00007fdfb0880000,0x00007fdfcb5d56f8,0x00007fdff1000000)
  to   space 1050624K, 0% used [0x00007fdf70680000,0x00007fdf70680000,0x00007fdfb0880000)
 ParOldGen       total 8192512K, used 2341613K [0x00007f5ff1000000, 0x00007f61e5080000, 0x00007fb546580000)
  object space 8192512K, 28% used [0x00007f5ff1000000,0x00007f607febb548,0x00007f61e5080000)
 Metaspace       used 106593K, capacity 107832K, committed 108032K, reserved 108544K
}
Event: 11178,074 GC heap before
{Heap before GC invocations=738 (full 13):
 PSYoungGen      total 177906176K, used 177289557K [0x00007fb546580000, 0x00007fdff1000000, 0x00007fdff1000000)
  eden space 176849920K, 100% used [0x00007fb546580000,0x00007fdf70680000,0x00007fdf70680000)
  from space 1056256K, 41% used [0x00007fdfb0880000,0x00007fdfcb5d56f8,0x00007fdff1000000)
  to   space 1050624K, 0% used [0x00007fdf70680000,0x00007fdf70680000,0x00007fdfb0880000)
 ParOldGen       total 8192512K, used 2341613K [0x00007f5ff1000000, 0x00007f61e5080000, 0x00007fb546580000)
  object space 8192512K, 28% used [0x00007f5ff1000000,0x00007f607febb548,0x00007f61e5080000)
 Metaspace       used 106593K, capacity 107832K, committed 108032K, reserved 108544K
Event: 11178,375 GC heap after
Heap after GC invocations=738 (full 13):
 PSYoungGen      total 177247744K, used 397545K [0x00007fb546580000, 0x00007fdff0380000, 0x00007fdff1000000)
  eden space 176849920K, 0% used [0x00007fb546580000,0x00007fb546580000,0x00007fdf70680000)
  from space 397824K, 99% used [0x00007fdf70680000,0x00007fdf88aba750,0x00007fdf88b00000)
  to   space 1047040K, 0% used [0x00007fdfb0500000,0x00007fdfb0500000,0x00007fdff0380000)
 ParOldGen       total 8192512K, used 2341613K [0x00007f5ff1000000, 0x00007f61e5080000, 0x00007fb546580000)
  object space 8192512K, 28% used [0x00007f5ff1000000,0x00007f607febb548,0x00007f61e5080000)
 Metaspace       used 106593K, capacity 107832K, committed 108032K, reserved 108544K
}
Event: 11202,811 GC heap before
{Heap before GC invocations=739 (full 13):
 PSYoungGen      total 177247744K, used 177247465K [0x00007fb546580000, 0x00007fdff0380000, 0x00007fdff1000000)
  eden space 176849920K, 100% used [0x00007fb546580000,0x00007fdf70680000,0x00007fdf70680000)
  from space 397824K, 99% used [0x00007fdf70680000,0x00007fdf88aba750,0x00007fdf88b00000)
  to   space 1047040K, 0% used [0x00007fdfb0500000,0x00007fdfb0500000,0x00007fdff0380000)
 ParOldGen       total 8192512K, used 2341613K [0x00007f5ff1000000, 0x00007f61e5080000, 0x00007fb546580000)
  object space 8192512K, 28% used [0x00007f5ff1000000,0x00007f607febb548,0x00007f61e5080000)
 Metaspace       used 106595K, capacity 107832K, committed 108032K, reserved 108544K
Event: 11202,878 GC heap after
Heap after GC invocations=739 (full 13):
 PSYoungGen      total 177897984K, used 349102K [0x00007fb546580000, 0x00007fdff1000000, 0x00007fdff1000000)
  eden space 176850944K, 0% used [0x00007fb546580000,0x00007fb546580000,0x00007fdf70780000)
  from space 1047040K, 33% used [0x00007fdfb0500000,0x00007fdfc59eb840,0x00007fdff0380000)
  to   space 1046016K, 0% used [0x00007fdf70780000,0x00007fdf70780000,0x00007fdfb0500000)
 ParOldGen       total 8192512K, used 2341613K [0x00007f5ff1000000, 0x00007f61e5080000, 0x00007fb546580000)
  object space 8192512K, 28% used [0x00007f5ff1000000,0x00007f607febb548,0x00007f61e5080000)
 Metaspace       used 106595K, capacity 107832K, committed 108032K, reserved 108544K
}
Event: 11324,818 GC heap before
{Heap before GC invocations=740 (full 13):
 PSYoungGen      total 177897984K, used 177200046K [0x00007fb546580000, 0x00007fdff1000000, 0x00007fdff1000000)
  eden space 176850944K, 100% used [0x00007fb546580000,0x00007fdf70780000,0x00007fdf70780000)
  from space 1047040K, 33% used [0x00007fdfb0500000,0x00007fdfc59eb840,0x00007fdff0380000)
  to   space 1046016K, 0% used [0x00007fdf70780000,0x00007fdf70780000,0x00007fdfb0500000)
 ParOldGen       total 8192512K, used 2341613K [0x00007f5ff1000000, 0x00007f61e5080000, 0x00007fb546580000)
  object space 8192512K, 28% used [0x00007f5ff1000000,0x00007f607febb548,0x00007f61e5080000)
 Metaspace       used 106909K, capacity 108221K, committed 108288K, reserved 108544K
Event: 11328,517 GC heap after
Heap after GC invocations=740 (full 13):
 PSYoungGen      total 177896960K, used 1046009K [0x00007fb546580000, 0x00007fdff1000000, 0x00007fdff1000000)
  eden space 176850944K, 0% used [0x00007fb546580000,0x00007fb546580000,0x00007fdf70780000)
  from space 1046016K, 99% used [0x00007fdf70780000,0x00007fdfb04fe4f0,0x00007fdfb0500000)
  to   space 1059840K, 0% used [0x00007fdfb0500000,0x00007fdfb0500000,0x00007fdff1000000)
 ParOldGen       total 9151488K, used 9144723K [0x00007f5ff1000000, 0x00007f621f900000, 0x00007fb546580000)
  object space 9151488K, 99% used [0x00007f5ff1000000,0x00007f621f264f50,0x00007f621f900000)
 Metaspace       used 106909K, capacity 108221K, committed 108288K, reserved 108544K
}
Event: 11328,517 GC heap before
{Heap before GC invocations=741 (full 14):
 PSYoungGen      total 177896960K, used 1046009K [0x00007fb546580000, 0x00007fdff1000000, 0x00007fdff1000000)
  eden space 176850944K, 0% used [0x00007fb546580000,0x00007fb546580000,0x00007fdf70780000)
  from space 1046016K, 99% used [0x00007fdf70780000,0x00007fdfb04fe4f0,0x00007fdfb0500000)
  to   space 1059840K, 0% used [0x00007fdfb0500000,0x00007fdfb0500000,0x00007fdff1000000)
 ParOldGen       total 9151488K, used 9144723K [0x00007f5ff1000000, 0x00007f621f900000, 0x00007fb546580000)
  object space 9151488K, 99% used [0x00007f5ff1000000,0x00007f621f264f50,0x00007f621f900000)
 Metaspace       used 106909K, capacity 108221K, committed 108288K, reserved 108544K
Event: 11337,705 GC heap after
Heap after GC invocations=741 (full 14):
 PSYoungGen      total 177896960K, used 0K [0x00007fb546580000, 0x00007fdff1000000, 0x00007fdff1000000)
  eden space 176850944K, 0% used [0x00007fb546580000,0x00007fb546580000,0x00007fdf70780000)
  from space 1046016K, 0% used [0x00007fdf70780000,0x00007fdf70780000,0x00007fdfb0500000)
  to   space 1059840K, 0% used [0x00007fdfb0500000,0x00007fdfb0500000,0x00007fdff1000000)
 ParOldGen       total 14777344K, used 7671987K [0x00007f5ff1000000, 0x00007f6376f00000, 0x00007fb546580000)
  object space 14777344K, 51% used [0x00007f5ff1000000,0x00007f61c542cd60,0x00007f6376f00000)
 Metaspace       used 106909K, capacity 108221K, committed 108288K, reserved 108544K
}
Event: 11387,180 GC heap before
{Heap before GC invocations=742 (full 14):
 PSYoungGen      total 177896960K, used 176739780K [0x00007fb546580000, 0x00007fdff1000000, 0x00007fdff1000000)
  eden space 176850944K, 99% used [0x00007fb546580000,0x00007fdf69af11d8,0x00007fdf70780000)
  from space 1046016K, 0% used [0x00007fdf70780000,0x00007fdf70780000,0x00007fdfb0500000)
  to   space 1059840K, 0% used [0x00007fdfb0500000,0x00007fdfb0500000,0x00007fdff1000000)
 ParOldGen       total 14777344K, used 7671987K [0x00007f5ff1000000, 0x00007f6376f00000, 0x00007fb546580000)
  object space 14777344K, 51% used [0x00007f5ff1000000,0x00007f61c542cd60,0x00007f6376f00000)
 Metaspace       used 106924K, capacity 108221K, committed 108288K, reserved 108544K
Event: 11393,645 GC heap after
Heap after GC invocations=742 (full 14):
 PSYoungGen      total 162728448K, used 1059840K [0x00007fb546580000, 0x00007fdff1000000, 0x00007fdff1000000)
  eden space 161668608K, 0% used [0x00007fb546580000,0x00007fb546580000,0x00007fdbd1d00000)
  from space 1059840K, 100% used [0x00007fdfb0500000,0x00007fdff1000000,0x00007fdff1000000)
  to   space 8644096K, 0% used [0x00007fdbd1d00000,0x00007fdbd1d00000,0x00007fdde1680000)
 ParOldGen       total 21955072K, used 21951804K [0x00007f5ff1000000, 0x00007f652d080000, 0x00007fb546580000)
  object space 21955072K, 99% used [0x00007f5ff1000000,0x00007f652cd4f080,0x00007f652d080000)
 Metaspace       used 106924K, capacity 108221K, committed 108288K, reserved 108544K
}
Event: 11393,645 GC heap before
{Heap before GC invocations=743 (full 15):
 PSYoungGen      total 162728448K, used 1059840K [0x00007fb546580000, 0x00007fdff1000000, 0x00007fdff1000000)
  eden space 161668608K, 0% used [0x00007fb546580000,0x00007fb546580000,0x00007fdbd1d00000)
  from space 1059840K, 100% used [0x00007fdfb0500000,0x00007fdff1000000,0x00007fdff1000000)
  to   space 8644096K, 0% used [0x00007fdbd1d00000,0x00007fdbd1d00000,0x00007fdde1680000)
 ParOldGen       total 21955072K, used 21951804K [0x00007f5ff1000000, 0x00007f652d080000, 0x00007fb546580000)
  object space 21955072K, 99% used [0x00007f5ff1000000,0x00007f652cd4f080,0x00007f652d080000)
 Metaspace       used 106924K, capacity 108221K, committed 108288K, reserved 108544K
Event: 11415,161 GC heap after
Heap after GC invocations=743 (full 15):
 PSYoungGen      total 162728448K, used 0K [0x00007fb546580000, 0x00007fdff1000000, 0x00007fdff1000000)
  eden space 161668608K, 0% used [0x00007fb546580000,0x00007fb546580000,0x00007fdbd1d00000)
  from space 1059840K, 0% used [0x00007fdfb0500000,0x00007fdfb0500000,0x00007fdff1000000)
  to   space 8644096K, 0% used [0x00007fdbd1d00000,0x00007fdbd1d00000,0x00007fdde1680000)
 ParOldGen       total 34068992K, used 21244707K [0x00007f5ff1000000, 0x00007f6810680000, 0x00007fb546580000)
  object space 34068992K, 62% used [0x00007f5ff1000000,0x00007f6501ac8dc0,0x00007f6810680000)
 Metaspace       used 106924K, capacity 108221K, committed 108288K, reserved 108544K
}
Event: 11464,032 GC heap before
{Heap before GC invocations=744 (full 15):
 PSYoungGen      total 162728448K, used 161653833K [0x00007fb546580000, 0x00007fdff1000000, 0x00007fdff1000000)
  eden space 161668608K, 99% used [0x00007fb546580000,0x00007fdbd0e924f0,0x00007fdbd1d00000)
  from space 1059840K, 0% used [0x00007fdfb0500000,0x00007fdfb0500000,0x00007fdff1000000)
  to   space 8644096K, 0% used [0x00007fdbd1d00000,0x00007fdbd1d00000,0x00007fdde1680000)
 ParOldGen       total 34068992K, used 21244707K [0x00007f5ff1000000, 0x00007f6810680000, 0x00007fb546580000)
  object space 34068992K, 62% used [0x00007f5ff1000000,0x00007f6501ac8dc0,0x00007f6810680000)
 Metaspace       used 106928K, capacity 108226K, committed 108288K, reserved 108544K
Event: 11469,357 GC heap after
Heap after GC invocations=744 (full 15):
 PSYoungGen      total 170312704K, used 8644064K [0x00007fb546580000, 0x00007fdff1000000, 0x00007fdff1000000)
  eden space 161668608K, 0% used [0x00007fb546580000,0x00007fb546580000,0x00007fdbd1d00000)
  from space 8644096K, 99% used [0x00007fdbd1d00000,0x00007fdde1678030,0x00007fdde1680000)
  to   space 8644096K, 0% used [0x00007fdde1680000,0x00007fdde1680000,0x00007fdff1000000)
 ParOldGen       total 34068992K, used 32245898K [0x00007f5ff1000000, 0x00007f6810680000, 0x00007fb546580000)
  object space 34068992K, 94% used [0x00007f5ff1000000,0x00007f67a1222b80,0x00007f6810680000)
 Metaspace       used 106928K, capacity 108226K, committed 108288K, reserved 108544K
}
Event: 11469,357 GC heap before
{Heap before GC invocations=745 (full 16):
 PSYoungGen      total 170312704K, used 8644064K [0x00007fb546580000, 0x00007fdff1000000, 0x00007fdff1000000)
  eden space 161668608K, 0% used [0x00007fb546580000,0x00007fb546580000,0x00007fdbd1d00000)
  from space 8644096K, 99% used [0x00007fdbd1d00000,0x00007fdde1678030,0x00007fdde1680000)
  to   space 8644096K, 0% used [0x00007fdde1680000,0x00007fdde1680000,0x00007fdff1000000)
 ParOldGen       total 34068992K, used 32245898K [0x00007f5ff1000000, 0x00007f6810680000, 0x00007fb546580000)
  object space 34068992K, 94% used [0x00007f5ff1000000,0x00007f67a1222b80,0x00007f6810680000)
 Metaspace       used 106928K, capacity 108226K, committed 108288K, reserved 108544K
Event: 11506,402 GC heap after
Heap after GC invocations=745 (full 16):
 PSYoungGen      total 170312704K, used 2370591K [0x00007fb546580000, 0x00007fdff1000000, 0x00007fdff1000000)
  eden space 161668608K, 0% used [0x00007fb546580000,0x00007fb546580000,0x00007fdbd1d00000)
  from space 8644096K, 27% used [0x00007fdbd1d00000,0x00007fdc62807fb8,0x00007fdde1680000)
  to   space 8644096K, 0% used [0x00007fdde1680000,0x00007fdde1680000,0x00007fdff1000000)
 ParOldGen       total 50646528K, used 34068734K [0x00007f5ff1000000, 0x00007f6c04380000, 0x00007fb546580000)
  object space 50646528K, 67% used [0x00007f5ff1000000,0x00007f681063f9d8,0x00007f6c04380000)
 Metaspace       used 106928K, capacity 108226K, committed 108288K, reserved 108544K
}
Event: 11546,625 GC heap before
{Heap before GC invocations=746 (full 16):
 PSYoungGen      total 170312704K, used 164039199K [0x00007fb546580000, 0x00007fdff1000000, 0x00007fdff1000000)
  eden space 161668608K, 100% used [0x00007fb546580000,0x00007fdbd1d00000,0x00007fdbd1d00000)
  from space 8644096K, 27% used [0x00007fdbd1d00000,0x00007fdc62807fb8,0x00007fdde1680000)
  to   space 8644096K, 0% used [0x00007fdde1680000,0x00007fdde1680000,0x00007fdff1000000)
 ParOldGen       total 50646528K, used 34068734K [0x00007f5ff1000000, 0x00007f6c04380000, 0x00007fb546580000)
  object space 50646528K, 67% used [0x00007f5ff1000000,0x00007f681063f9d8,0x00007f6c04380000)
 Metaspace       used 106943K, capacity 108226K, committed 108288K, reserved 108544K
Event: 11557,407 GC heap after
Heap after GC invocations=746 (full 16):
 PSYoungGen      total 143048704K, used 8644064K [0x00007fb546580000, 0x00007fdff1000000, 0x00007fdff1000000)
  eden space 134404608K, 0% used [0x00007fb546580000,0x00007fb546580000,0x00007fd551c00000)
  from space 8644096K, 99% used [0x00007fdde1680000,0x00007fdff0ff80d8,0x00007fdff1000000)
  to   space 22276096K, 0% used [0x00007fd551c00000,0x00007fd551c00000,0x00007fdaa1600000)
 ParOldGen       total 54018560K, used 54017015K [0x00007f5ff1000000, 0x00007f6cd2080000, 0x00007fb546580000)
  object space 54018560K, 99% used [0x00007f5ff1000000,0x00007f6cd1efdf78,0x00007f6cd2080000)
 Metaspace       used 106943K, capacity 108226K, committed 108288K, reserved 108544K
}
Event: 11557,407 GC heap before
{Heap before GC invocations=747 (full 17):
 PSYoungGen      total 143048704K, used 8644064K [0x00007fb546580000, 0x00007fdff1000000, 0x00007fdff1000000)
  eden space 134404608K, 0% used [0x00007fb546580000,0x00007fb546580000,0x00007fd551c00000)
  from space 8644096K, 99% used [0x00007fdde1680000,0x00007fdff0ff80d8,0x00007fdff1000000)
  to   space 22276096K, 0% used [0x00007fd551c00000,0x00007fd551c00000,0x00007fdaa1600000)
 ParOldGen       total 54018560K, used 54017015K [0x00007f5ff1000000, 0x00007f6cd2080000, 0x00007fb546580000)
  object space 54018560K, 99% used [0x00007f5ff1000000,0x00007f6cd1efdf78,0x00007f6cd2080000)
 Metaspace       used 106943K, capacity 108226K, committed 108288K, reserved 108544K
Event: 11595,395 GC heap after
Heap after GC invocations=747 (full 17):
 PSYoungGen      total 143048704K, used 0K [0x00007fb546580000, 0x00007fdff1000000, 0x00007fdff1000000)
  eden space 134404608K, 0% used [0x00007fb546580000,0x00007fb546580000,0x00007fd551c00000)
  from space 8644096K, 0% used [0x00007fdde1680000,0x00007fdde1680000,0x00007fdff1000000)
  to   space 22276096K, 0% used [0x00007fd551c00000,0x00007fd551c00000,0x00007fdaa1600000)
 ParOldGen       total 75263488K, used 51989683K [0x00007f5ff1000000, 0x00007f71e2b80000, 0x00007fb546580000)
  object space 75263488K, 69% used [0x00007f5ff1000000,0x00007f6c5632cce8,0x00007f71e2b80000)
 Metaspace       used 106943K, capacity 108226K, committed 108288K, reserved 108544K
}
Event: 11627,426 GC heap before
{Heap before GC invocations=748 (full 17):
 PSYoungGen      total 143048704K, used 134404608K [0x00007fb546580000, 0x00007fdff1000000, 0x00007fdff1000000)
  eden space 134404608K, 100% used [0x00007fb546580000,0x00007fd551c00000,0x00007fd551c00000)
  from space 8644096K, 0% used [0x00007fdde1680000,0x00007fdde1680000,0x00007fdff1000000)
  to   space 22276096K, 0% used [0x00007fd551c00000,0x00007fd551c00000,0x00007fdaa1600000)
 ParOldGen       total 75263488K, used 51989683K [0x00007f5ff1000000, 0x00007f71e2b80000, 0x00007fb546580000)
  object space 75263488K, 69% used [0x00007f5ff1000000,0x00007f6c5632cce8,0x00007f71e2b80000)
 Metaspace       used 106947K, capacity 108226K, committed 108288K, reserved 108544K
Event: 11632,944 GC heap after
Heap after GC invocations=748 (full 17):
 PSYoungGen      total 156680704K, used 22276081K [0x00007fb546580000, 0x00007fdff1000000, 0x00007fdff1000000)
  eden space 134404608K, 0% used [0x00007fb546580000,0x00007fb546580000,0x00007fd551c00000)
  from space 22276096K, 99% used [0x00007fd551c00000,0x00007fdaa15fc428,0x00007fdaa1600000)
  to   space 22276096K, 0% used [0x00007fdaa1600000,0x00007fdaa1600000,0x00007fdff1000000)
 ParOldGen       total 75263488K, used 52156033K [0x00007f5ff1000000, 0x00007f71e2b80000, 0x00007fb546580000)
  object space 75263488K, 69% used [0x00007f5ff1000000,0x00007f6c605a04a8,0x00007f71e2b80000)
 Metaspace       used 106947K, capacity 108226K, committed 108288K, reserved 108544K
}
Event: 11662,296 GC heap before
{Heap before GC invocations=749 (full 17):
 PSYoungGen      total 156680704K, used 156680689K [0x00007fb546580000, 0x00007fdff1000000, 0x00007fdff1000000)
  eden space 134404608K, 100% used [0x00007fb546580000,0x00007fd551c00000,0x00007fd551c00000)
  from space 22276096K, 99% used [0x00007fd551c00000,0x00007fdaa15fc428,0x00007fdaa1600000)
  to   space 22276096K, 0% used [0x00007fdaa1600000,0x00007fdaa1600000,0x00007fdff1000000)
 ParOldGen       total 75263488K, used 52156033K [0x00007f5ff1000000, 0x00007f71e2b80000, 0x00007fb546580000)
  object space 75263488K, 69% used [0x00007f5ff1000000,0x00007f6c605a04a8,0x00007f71e2b80000)
 Metaspace       used 106947K, capacity 108226K, committed 108288K, reserved 108544K
Event: 11676,805 GC heap after
Heap after GC invocations=749 (full 17):
 PSYoungGen      total 124830208K, used 22276064K [0x00007fb546580000, 0x00007fdff1000000, 0x00007fdff1000000)
  eden space 102554112K, 0% used [0x00007fb546580000,0x00007fb546580000,0x00007fcdb9c00000)
  from space 22276096K, 99% used [0x00007fdaa1600000,0x00007fdff0ff83a0,0x00007fdff1000000)
  to   space 38201344K, 0% used [0x00007fcdb9c00000,0x00007fcdb9c00000,0x00007fd6d5600000)
 ParOldGen       total 75263488K, used 74759690K [0x00007f5ff1000000, 0x00007f71e2b80000, 0x00007fb546580000)
  object space 75263488K, 99% used [0x00007f5ff1000000,0x00007f71c3f82958,0x00007f71e2b80000)
 Metaspace       used 106947K, capacity 108226K, committed 108288K, reserved 108544K
}
Event: 11676,805 GC heap before
{Heap before GC invocations=750 (full 18):
 PSYoungGen      total 124830208K, used 22276064K [0x00007fb546580000, 0x00007fdff1000000, 0x00007fdff1000000)
  eden space 102554112K, 0% used [0x00007fb546580000,0x00007fb546580000,0x00007fcdb9c00000)
  from space 22276096K, 99% used [0x00007fdaa1600000,0x00007fdff0ff83a0,0x00007fdff1000000)
  to   space 38201344K, 0% used [0x00007fcdb9c00000,0x00007fcdb9c00000,0x00007fd6d5600000)
 ParOldGen       total 75263488K, used 74759690K [0x00007f5ff1000000, 0x00007f71e2b80000, 0x00007fb546580000)
  object space 75263488K, 99% used [0x00007f5ff1000000,0x00007f71c3f82958,0x00007f71e2b80000)
 Metaspace       used 106947K, capacity 108226K, committed 108288K, reserved 108544K
Event: 11750,428 GC heap after
Heap after GC invocations=750 (full 18):
 PSYoungGen      total 124830208K, used 18404598K [0x00007fb546580000, 0x00007fdff1000000, 0x00007fdff1000000)
  eden space 102554112K, 0% used [0x00007fb546580000,0x00007fb546580000,0x00007fcdb9c00000)
  from space 22276096K, 82% used [0x00007fdaa1600000,0x00007fdf04b3d8d0,0x00007fdff1000000)
  to   space 38201344K, 0% used [0x00007fcdb9c00000,0x00007fcdb9c00000,0x00007fd6d5600000)
 ParOldGen       total 104986112K, used 75263164K [0x00007f5ff1000000, 0x00007f78f8d80000, 0x00007fb546580000)
  object space 104986112K, 71% used [0x00007f5ff1000000,0x00007f71e2b2f120,0x00007f78f8d80000)
 Metaspace       used 106947K, capacity 108226K, committed 108288K, reserved 108544K
}
Event: 11772,854 GC heap before
{Heap before GC invocations=751 (full 18):
 PSYoungGen      total 124830208K, used 120958710K [0x00007fb546580000, 0x00007fdff1000000, 0x00007fdff1000000)
  eden space 102554112K, 100% used [0x00007fb546580000,0x00007fcdb9c00000,0x00007fcdb9c00000)
  from space 22276096K, 82% used [0x00007fdaa1600000,0x00007fdf04b3d8d0,0x00007fdff1000000)
  to   space 38201344K, 0% used [0x00007fcdb9c00000,0x00007fcdb9c00000,0x00007fd6d5600000)
 ParOldGen       total 104986112K, used 75263164K [0x00007f5ff1000000, 0x00007f78f8d80000, 0x00007fb546580000)
  object space 104986112K, 71% used [0x00007f5ff1000000,0x00007f71e2b2f120,0x00007f78f8d80000)
 Metaspace       used 106947K, capacity 108226K, committed 108288K, reserved 108544K
Event: 11783,343 GC heap after
Heap after GC invocations=751 (full 18):
 PSYoungGen      total 139188224K, used 36634017K [0x00007fb546580000, 0x00007fdff1000000, 0x00007fdff1000000)
  eden space 102554112K, 0% used [0x00007fb546580000,0x00007fb546580000,0x00007fcdb9c00000)
  from space 36634112K, 99% used [0x00007fcdb9c00000,0x00007fd675b684a8,0x00007fd675b80000)
  to   space 39768576K, 0% used [0x00007fd675b80000,0x00007fd675b80000,0x00007fdff1000000)
 ParOldGen       total 104986112K, used 75263164K [0x00007f5ff1000000, 0x00007f78f8d80000, 0x00007fb546580000)
  object space 104986112K, 71% used [0x00007f5ff1000000,0x00007f71e2b2f120,0x00007f78f8d80000)
 Metaspace       used 106947K, capacity 108226K, committed 108288K, reserved 108544K
}
Event: 11808,342 GC heap before
{Heap before GC invocations=752 (full 18):
 PSYoungGen      total 139188224K, used 139188129K [0x00007fb546580000, 0x00007fdff1000000, 0x00007fdff1000000)
  eden space 102554112K, 100% used [0x00007fb546580000,0x00007fcdb9c00000,0x00007fcdb9c00000)
  from space 36634112K, 99% used [0x00007fcdb9c00000,0x00007fd675b684a8,0x00007fd675b80000)
  to   space 39768576K, 0% used [0x00007fd675b80000,0x00007fd675b80000,0x00007fdff1000000)
 ParOldGen       total 104986112K, used 75263164K [0x00007f5ff1000000, 0x00007f78f8d80000, 0x00007fb546580000)
  object space 104986112K, 71% used [0x00007f5ff1000000,0x00007f71e2b2f120,0x00007f78f8d80000)
 Metaspace       used 106948K, capacity 108226K, committed 108288K, reserved 108544K
Event: 11820,534 GC heap after
Heap after GC invocations=752 (full 18):
 PSYoungGen      total 109190144K, used 39768561K [0x00007fb546580000, 0x00007fdff1000000, 0x00007fdff1000000)
  eden space 69421568K, 0% used [0x00007fb546580000,0x00007fb546580000,0x00007fc5d3800000)
  from space 39768576K, 99% used [0x00007fd675b80000,0x00007fdff0ffc6a8,0x00007fdff1000000)
  to   space 54767616K, 0% used [0x00007fc5d3800000,0x00007fc5d3800000,0x00007fd2e2400000)
 ParOldGen       total 104986112K, used 85393379K [0x00007f5ff1000000, 0x00007f78f8d80000, 0x00007fb546580000)
  object space 104986112K, 81% used [0x00007f5ff1000000,0x00007f744cff8e38,0x00007f78f8d80000)
 Metaspace       used 106948K, capacity 108226K, committed 108288K, reserved 108544K
}
Event: 11820,534 GC heap before
{Heap before GC invocations=753 (full 19):
 PSYoungGen      total 109190144K, used 39768561K [0x00007fb546580000, 0x00007fdff1000000, 0x00007fdff1000000)
  eden space 69421568K, 0% used [0x00007fb546580000,0x00007fb546580000,0x00007fc5d3800000)
  from space 39768576K, 99% used [0x00007fd675b80000,0x00007fdff0ffc6a8,0x00007fdff1000000)
  to   space 54767616K, 0% used [0x00007fc5d3800000,0x00007fc5d3800000,0x00007fd2e2400000)
 ParOldGen       total 104986112K, used 85393379K [0x00007f5ff1000000, 0x00007f78f8d80000, 0x00007fb546580000)
  object space 104986112K, 81% used [0x00007f5ff1000000,0x00007f744cff8e38,0x00007f78f8d80000)
 Metaspace       used 106948K, capacity 108226K, committed 108288K, reserved 108544K
Event: 11900,574 GC heap after
Heap after GC invocations=753 (full 19):
 PSYoungGen      total 109190144K, used 19279948K [0x00007fb546580000, 0x00007fdff1000000, 0x00007fdff1000000)
  eden space 69421568K, 0% used [0x00007fb546580000,0x00007fb546580000,0x00007fc5d3800000)
  from space 39768576K, 48% used [0x00007fd675b80000,0x00007fdb0e793120,0x00007fdff1000000)
  to   space 54767616K, 0% used [0x00007fc5d3800000,0x00007fc5d3800000,0x00007fd2e2400000)
 ParOldGen       total 135676416K, used 104985620K [0x00007f5ff1000000, 0x00007f804a080000, 0x00007fb546580000)
  object space 135676416K, 77% used [0x00007f5ff1000000,0x00007f78f8d05088,0x00007f804a080000)
 Metaspace       used 106948K, capacity 108226K, committed 108288K, reserved 108544K
}
Event: 11922,504 GC heap before
{Heap before GC invocations=754 (full 19):
 PSYoungGen      total 109190144K, used 88699752K [0x00007fb546580000, 0x00007fdff1000000, 0x00007fdff1000000)
  eden space 69421568K, 99% used [0x00007fb546580000,0x00007fc5d3647238,0x00007fc5d3800000)
  from space 39768576K, 48% used [0x00007fd675b80000,0x00007fdb0e793120,0x00007fdff1000000)
  to   space 54767616K, 0% used [0x00007fc5d3800000,0x00007fc5d3800000,0x00007fd2e2400000)
 ParOldGen       total 135676416K, used 104985620K [0x00007f5ff1000000, 0x00007f804a080000, 0x00007fb546580000)
  object space 135676416K, 77% used [0x00007f5ff1000000,0x00007f78f8d05088,0x00007f804a080000)
 Metaspace       used 106948K, capacity 108226K, committed 108288K, reserved 108544K
Event: 11930,790 GC heap after
Heap after GC invocations=754 (full 19):
 PSYoungGen      total 124189184K, used 20240673K [0x00007fb546580000, 0x00007fdf8d500000, 0x00007fdff1000000)
  eden space 69421568K, 0% used [0x00007fb546580000,0x00007fb546580000,0x00007fc5d3800000)
  from space 54767616K, 36% used [0x00007fc5d3800000,0x00007fcaa6e48588,0x00007fd2e2400000)
  to   space 51911168K, 0% used [0x00007fd32ce80000,0x00007fd32ce80000,0x00007fdf8d500000)
 ParOldGen       total 135676416K, used 104985620K [0x00007f5ff1000000, 0x00007f804a080000, 0x00007fb546580000)
  object space 135676416K, 77% used [0x00007f5ff1000000,0x00007f78f8d05088,0x00007f804a080000)
 Metaspace       used 106948K, capacity 108226K, committed 108288K, reserved 108544K
}
Event: 11953,586 GC heap before
{Heap before GC invocations=755 (full 19):
 PSYoungGen      total 124189184K, used 89662241K [0x00007fb546580000, 0x00007fdf8d500000, 0x00007fdff1000000)
  eden space 69421568K, 100% used [0x00007fb546580000,0x00007fc5d3800000,0x00007fc5d3800000)
  from space 54767616K, 36% used [0x00007fc5d3800000,0x00007fcaa6e48588,0x00007fd2e2400000)
  to   space 51911168K, 0% used [0x00007fd32ce80000,0x00007fd32ce80000,0x00007fdf8d500000)
 ParOldGen       total 135676416K, used 104985620K [0x00007f5ff1000000, 0x00007f804a080000, 0x00007fb546580000)
  object space 135676416K, 77% used [0x00007f5ff1000000,0x00007f78f8d05088,0x00007f804a080000)
 Metaspace       used 106949K, capacity 108226K, committed 108288K, reserved 108544K
Event: 11957,308 GC heap after
Heap after GC invocations=755 (full 19):
 PSYoungGen      total 117707776K, used 20245537K [0x00007fb546580000, 0x00007fde01b80000, 0x00007fdff1000000)
  eden space 72278016K, 0% used [0x00007fb546580000,0x00007fb546580000,0x00007fc681d80000)
  from space 45429760K, 44% used [0x00007fd32ce80000,0x00007fd8009885b8,0x00007fde01b80000)
  to   space 49282048K, 0% used [0x00007fc681d80000,0x00007fc681d80000,0x00007fd241c80000)
 ParOldGen       total 135676416K, used 104985620K [0x00007f5ff1000000, 0x00007f804a080000, 0x00007fb546580000)
  object space 135676416K, 77% used [0x00007f5ff1000000,0x00007f78f8d05088,0x00007f804a080000)
 Metaspace       used 106949K, capacity 108226K, committed 108288K, reserved 108544K
}
Event: 11981,480 GC heap before
{Heap before GC invocations=756 (full 19):
 PSYoungGen      total 117707776K, used 92523553K [0x00007fb546580000, 0x00007fde01b80000, 0x00007fdff1000000)
  eden space 72278016K, 100% used [0x00007fb546580000,0x00007fc681d80000,0x00007fc681d80000)
  from space 45429760K, 44% used [0x00007fd32ce80000,0x00007fd8009885b8,0x00007fde01b80000)
  to   space 49282048K, 0% used [0x00007fc681d80000,0x00007fc681d80000,0x00007fd241c80000)
 ParOldGen       total 135676416K, used 104985620K [0x00007f5ff1000000, 0x00007f804a080000, 0x00007fb546580000)
  object space 135676416K, 77% used [0x00007f5ff1000000,0x00007f78f8d05088,0x00007f804a080000)
 Metaspace       used 106949K, capacity 108226K, committed 108288K, reserved 108544K
Event: 11984,635 GC heap after
Heap after GC invocations=756 (full 19):
 PSYoungGen      total 121560064K, used 19916641K [0x00007fb546580000, 0x00007fddbd400000, 0x00007fdff1000000)
  eden space 72278016K, 0% used [0x00007fb546580000,0x00007fb546580000,0x00007fc681d80000)
  from space 49282048K, 40% used [0x00007fc681d80000,0x00007fcb41758558,0x00007fd241c80000)
  to   space 46740480K, 0% used [0x00007fd298700000,0x00007fd298700000,0x00007fddbd400000)
 ParOldGen       total 135676416K, used 104985620K [0x00007f5ff1000000, 0x00007f804a080000, 0x00007fb546580000)
  object space 135676416K, 77% used [0x00007f5ff1000000,0x00007f78f8d05088,0x00007f804a080000)
 Metaspace       used 106949K, capacity 108226K, committed 108288K, reserved 108544K
}
Event: 12008,952 GC heap before
{Heap before GC invocations=757 (full 19):
 PSYoungGen      total 121560064K, used 92194657K [0x00007fb546580000, 0x00007fddbd400000, 0x00007fdff1000000)
  eden space 72278016K, 100% used [0x00007fb546580000,0x00007fc681d80000,0x00007fc681d80000)
  from space 49282048K, 40% used [0x00007fc681d80000,0x00007fcb41758558,0x00007fd241c80000)
  to   space 46740480K, 0% used [0x00007fd298700000,0x00007fd298700000,0x00007fddbd400000)
 ParOldGen       total 135676416K, used 104985620K [0x00007f5ff1000000, 0x00007f804a080000, 0x00007fb546580000)
  object space 135676416K, 77% used [0x00007f5ff1000000,0x00007f78f8d05088,0x00007f804a080000)
 Metaspace       used 106949K, capacity 108226K, committed 108288K, reserved 108544K
Event: 12013,177 GC heap after
Heap after GC invocations=757 (full 19):
 PSYoungGen      total 118766080K, used 20454113K [0x00007fb546580000, 0x00007fdcbac80000, 0x00007fdff1000000)
  eden space 76260352K, 0% used [0x00007fb546580000,0x00007fb546580000,0x00007fc774e80000)
  from space 42505728K, 48% used [0x00007fd298700000,0x00007fd778db85b8,0x00007fdcbac80000)
  to   space 44612608K, 0% used [0x00007fc774e80000,0x00007fc774e80000,0x00007fd217d80000)
 ParOldGen       total 135676416K, used 104985620K [0x00007f5ff1000000, 0x00007f804a080000, 0x00007fb546580000)
  object space 135676416K, 77% used [0x00007f5ff1000000,0x00007f78f8d05088,0x00007f804a080000)
 Metaspace       used 106949K, capacity 108226K, committed 108288K, reserved 108544K
}
Event: 12039,593 GC heap before
{Heap before GC invocations=758 (full 19):
 PSYoungGen      total 118766080K, used 96714465K [0x00007fb546580000, 0x00007fdcbac80000, 0x00007fdff1000000)
  eden space 76260352K, 100% used [0x00007fb546580000,0x00007fc774e80000,0x00007fc774e80000)
  from space 42505728K, 48% used [0x00007fd298700000,0x00007fd778db85b8,0x00007fdcbac80000)
  to   space 44612608K, 0% used [0x00007fc774e80000,0x00007fc774e80000,0x00007fd217d80000)
 ParOldGen       total 135676416K, used 104985620K [0x00007f5ff1000000, 0x00007f804a080000, 0x00007fb546580000)
  object space 135676416K, 77% used [0x00007f5ff1000000,0x00007f78f8d05088,0x00007f804a080000)
 Metaspace       used 106949K, capacity 108226K, committed 108288K, reserved 108544K
Event: 12043,453 GC heap after
Heap after GC invocations=758 (full 19):
 PSYoungGen      total 120872960K, used 20851009K [0x00007fb546580000, 0x00007fdcd9d00000, 0x00007fdff1000000)
  eden space 76260352K, 0% used [0x00007fb546580000,0x00007fb546580000,0x00007fc774e80000)
  from space 44612608K, 46% used [0x00007fc774e80000,0x00007fcc6d8d0570,0x00007fd217d80000)
  to   space 42794496K, 0% used [0x00007fd2a5d80000,0x00007fd2a5d80000,0x00007fdcd9d00000)
 ParOldGen       total 135676416K, used 104985620K [0x00007f5ff1000000, 0x00007f804a080000, 0x00007fb546580000)
  object space 135676416K, 77% used [0x00007f5ff1000000,0x00007f78f8d05088,0x00007f804a080000)
 Metaspace       used 106949K, capacity 108226K, committed 108288K, reserved 108544K
}
Event: 12069,294 GC heap before
{Heap before GC invocations=759 (full 19):
 PSYoungGen      total 120872960K, used 97111361K [0x00007fb546580000, 0x00007fdcd9d00000, 0x00007fdff1000000)
  eden space 76260352K, 100% used [0x00007fb546580000,0x00007fc774e80000,0x00007fc774e80000)
  from space 44612608K, 46% used [0x00007fc774e80000,0x00007fcc6d8d0570,0x00007fd217d80000)
  to   space 42794496K, 0% used [0x00007fd2a5d80000,0x00007fd2a5d80000,0x00007fdcd9d00000)
 ParOldGen       total 135676416K, used 104985620K [0x00007f5ff1000000, 0x00007f804a080000, 0x00007fb546580000)
  object space 135676416K, 77% used [0x00007f5ff1000000,0x00007f78f8d05088,0x00007f804a080000)
 Metaspace       used 106949K, capacity 108226K, committed 108288K, reserved 108544K
Event: 12073,054 GC heap after
Heap after GC invocations=759 (full 19):
 PSYoungGen      total 120736768K, used 22251841K [0x00007fb546580000, 0x00007fdc47000000, 0x00007fdff1000000)
  eden space 80347648K, 0% used [0x00007fb546580000,0x00007fb546580000,0x00007fc86e600000)
  from space 40389120K, 55% used [0x00007fd2a5d80000,0x00007fd7f3fd05e8,0x00007fdc47000000)
  to   space 41620480K, 0% used [0x00007fc86e600000,0x00007fc86e600000,0x00007fd25ab00000)
 ParOldGen       total 135676416K, used 104985620K [0x00007f5ff1000000, 0x00007f804a080000, 0x00007fb546580000)
  object space 135676416K, 77% used [0x00007f5ff1000000,0x00007f78f8d05088,0x00007f804a080000)
 Metaspace       used 106949K, capacity 108226K, committed 108288K, reserved 108544K
}
Event: 12100,533 GC heap before
{Heap before GC invocations=760 (full 19):
 PSYoungGen      total 120736768K, used 102599489K [0x00007fb546580000, 0x00007fdc47000000, 0x00007fdff1000000)
  eden space 80347648K, 100% used [0x00007fb546580000,0x00007fc86e600000,0x00007fc86e600000)
  from space 40389120K, 55% used [0x00007fd2a5d80000,0x00007fd7f3fd05e8,0x00007fdc47000000)
  to   space 41620480K, 0% used [0x00007fc86e600000,0x00007fc86e600000,0x00007fd25ab00000)
 ParOldGen       total 135676416K, used 104985620K [0x00007f5ff1000000, 0x00007f804a080000, 0x00007fb546580000)
  object space 135676416K, 77% used [0x00007f5ff1000000,0x00007f78f8d05088,0x00007f804a080000)
 Metaspace       used 106949K, capacity 108226K, committed 108288K, reserved 108544K
Event: 12104,595 GC heap after
Heap after GC invocations=760 (full 19):
 PSYoungGen      total 121968128K, used 23745345K [0x00007fb546580000, 0x00007fdd04580000, 0x00007fdff1000000)
  eden space 80347648K, 0% used [0x00007fb546580000,0x00007fb546580000,0x00007fc86e600000)
  from space 41620480K, 57% used [0x00007fc86e600000,0x00007fce17ad0540,0x00007fd25ab00000)
  to   space 41028096K, 0% used [0x00007fd33c300000,0x00007fd33c300000,0x00007fdd04580000)
 ParOldGen       total 135676416K, used 104985620K [0x00007f5ff1000000, 0x00007f804a080000, 0x00007fb546580000)
  object space 135676416K, 77% used [0x00007f5ff1000000,0x00007f78f8d05088,0x00007f804a080000)
 Metaspace       used 106949K, capacity 108226K, committed 108288K, reserved 108544K
}
Event: 12131,043 GC heap before
{Heap before GC invocations=761 (full 19):
 PSYoungGen      total 121968128K, used 104092993K [0x00007fb546580000, 0x00007fdd04580000, 0x00007fdff1000000)
  eden space 80347648K, 100% used [0x00007fb546580000,0x00007fc86e600000,0x00007fc86e600000)
  from space 41620480K, 57% used [0x00007fc86e600000,0x00007fce17ad0540,0x00007fd25ab00000)
  to   space 41028096K, 0% used [0x00007fd33c300000,0x00007fd33c300000,0x00007fdd04580000)
 ParOldGen       total 135676416K, used 104985620K [0x00007f5ff1000000, 0x00007f804a080000, 0x00007fb546580000)
  object space 135676416K, 77% used [0x00007f5ff1000000,0x00007f78f8d05088,0x00007f804a080000)
 Metaspace       used 106949K, capacity 108226K, committed 108288K, reserved 108544K
Event: 12136,170 GC heap after
Heap after GC invocations=761 (full 19):
 PSYoungGen      total 125320704K, used 26431777K [0x00007fb546580000, 0x00007fdd39880000, 0x00007fdff1000000)
  eden space 84292608K, 0% used [0x00007fb546580000,0x00007fb546580000,0x00007fc95f280000)
  from space 41028096K, 64% used [0x00007fd33c300000,0x00007fd9897485b8,0x00007fdd04580000)
  to   space 41370112K, 0% used [0x00007fc95f280000,0x00007fc95f280000,0x00007fd33c300000)
 ParOldGen       total 135676416K, used 104985620K [0x00007f5ff1000000, 0x00007f804a080000, 0x00007fb546580000)
  object space 135676416K, 77% used [0x00007f5ff1000000,0x00007f78f8d05088,0x00007f804a080000)
 Metaspace       used 106949K, capacity 108226K, committed 108288K, reserved 108544K
}
Event: 12161,910 GC heap before
{Heap before GC invocations=762 (full 19):
 PSYoungGen      total 125320704K, used 110724385K [0x00007fb546580000, 0x00007fdd39880000, 0x00007fdff1000000)
  eden space 84292608K, 100% used [0x00007fb546580000,0x00007fc95f280000,0x00007fc95f280000)
  from space 41028096K, 64% used [0x00007fd33c300000,0x00007fd9897485b8,0x00007fdd04580000)
  to   space 41370112K, 0% used [0x00007fc95f280000,0x00007fc95f280000,0x00007fd33c300000)
 ParOldGen       total 135676416K, used 104985620K [0x00007f5ff1000000, 0x00007f804a080000, 0x00007fb546580000)
  object space 135676416K, 77% used [0x00007f5ff1000000,0x00007f78f8d05088,0x00007f804a080000)
 Metaspace       used 106949K, capacity 108226K, committed 108288K, reserved 108544K
Event: 12167,063 GC heap after
Heap after GC invocations=762 (full 19):
 PSYoungGen      total 125662720K, used 31175201K [0x00007fb546580000, 0x00007fdf27c80000, 0x00007fdff1000000)
  eden space 84292608K, 0% used [0x00007fb546580000,0x00007fb546580000,0x00007fc95f280000)
  from space 41370112K, 75% used [0x00007fc95f280000,0x00007fd0cdf08588,0x00007fd33c300000)
  to   space 43252224K, 0% used [0x00007fd4d7e00000,0x00007fd4d7e00000,0x00007fdf27c80000)
 ParOldGen       total 135676416K, used 104985620K [0x00007f5ff1000000, 0x00007f804a080000, 0x00007fb546580000)
  object space 135676416K, 77% used [0x00007f5ff1000000,0x00007f78f8d05088,0x00007f804a080000)
 Metaspace       used 106949K, capacity 108226K, committed 108288K, reserved 108544K
}
Event: 12190,025 GC heap before
{Heap before GC invocations=763 (full 19):
 PSYoungGen      total 125662720K, used 115467809K [0x00007fb546580000, 0x00007fdf27c80000, 0x00007fdff1000000)
  eden space 84292608K, 100% used [0x00007fb546580000,0x00007fc95f280000,0x00007fc95f280000)
  from space 41370112K, 75% used [0x00007fc95f280000,0x00007fd0cdf08588,0x00007fd33c300000)
  to   space 43252224K, 0% used [0x00007fd4d7e00000,0x00007fd4d7e00000,0x00007fdf27c80000)
 ParOldGen       total 135676416K, used 104985620K [0x00007f5ff1000000, 0x00007f804a080000, 0x00007fb546580000)
  object space 135676416K, 77% used [0x00007f5ff1000000,0x00007f78f8d05088,0x00007f804a080000)
 Metaspace       used 106949K, capacity 108226K, committed 108288K, reserved 108544K
Event: 12196,551 GC heap after
Heap after GC invocations=763 (full 19):
 PSYoungGen      total 129443328K, used 35392321K [0x00007fb546580000, 0x00007fdff1000000, 0x00007fdff1000000)
  eden space 86191104K, 0% used [0x00007fb546580000,0x00007fb546580000,0x00007fc9d3080000)
  from space 43252224K, 81% used [0x00007fd4d7e00000,0x00007fdd480d0498,0x00007fdf27c80000)
  to   space 46216704K, 0% used [0x00007fc9d3080000,0x00007fc9d3080000,0x00007fd4d7e00000)
 ParOldGen       total 135676416K, used 104985620K [0x00007f5ff1000000, 0x00007f804a080000, 0x00007fb546580000)
  object space 135676416K, 77% used [0x00007f5ff1000000,0x00007f78f8d05088,0x00007f804a080000)
 Metaspace       used 106949K, capacity 108226K, committed 108288K, reserved 108544K
}
Event: 12220,408 GC heap before
{Heap before GC invocations=764 (full 19):
 PSYoungGen      total 129443328K, used 121583425K [0x00007fb546580000, 0x00007fdff1000000, 0x00007fdff1000000)
  eden space 86191104K, 100% used [0x00007fb546580000,0x00007fc9d3080000,0x00007fc9d3080000)
  from space 43252224K, 81% used [0x00007fd4d7e00000,0x00007fdd480d0498,0x00007fdf27c80000)
  to   space 46216704K, 0% used [0x00007fc9d3080000,0x00007fc9d3080000,0x00007fd4d7e00000)
 ParOldGen       total 135676416K, used 104985620K [0x00007f5ff1000000, 0x00007f804a080000, 0x00007fb546580000)
  object space 135676416K, 77% used [0x00007f5ff1000000,0x00007f78f8d05088,0x00007f804a080000)
 Metaspace       used 106949K, capacity 108226K, committed 108288K, reserved 108544K
Event: 12228,430 GC heap after
Heap after GC invocations=764 (full 19):
 PSYoungGen      total 128069632K, used 41878209K [0x00007fb546580000, 0x00007fdff1000000, 0x00007fdff1000000)
  eden space 86191104K, 0% used [0x00007fb546580000,0x00007fb546580000,0x00007fc9d3080000)
  from space 41878528K, 99% used [0x00007fc9d3080000,0x00007fd3cf130480,0x00007fd3cf180000)
  to   space 50887168K, 0% used [0x00007fd3cf180000,0x00007fd3cf180000,0x00007fdff1000000)
 ParOldGen       total 135676416K, used 104985620K [0x00007f5ff1000000, 0x00007f804a080000, 0x00007fb546580000)
  object space 135676416K, 77% used [0x00007f5ff1000000,0x00007f78f8d05088,0x00007f804a080000)
 Metaspace       used 106949K, capacity 108226K, committed 108288K, reserved 108544K
}
Event: 12250,651 GC heap before
{Heap before GC invocations=765 (full 19):
 PSYoungGen      total 128069632K, used 128069313K [0x00007fb546580000, 0x00007fdff1000000, 0x00007fdff1000000)
  eden space 86191104K, 100% used [0x00007fb546580000,0x00007fc9d3080000,0x00007fc9d3080000)
  from space 41878528K, 99% used [0x00007fc9d3080000,0x00007fd3cf130480,0x00007fd3cf180000)
  to   space 50887168K, 0% used [0x00007fd3cf180000,0x00007fd3cf180000,0x00007fdff1000000)
 ParOldGen       total 135676416K, used 104985620K [0x00007f5ff1000000, 0x00007f804a080000, 0x00007fb546580000)
  object space 135676416K, 77% used [0x00007f5ff1000000,0x00007f78f8d05088,0x00007f804a080000)
 Metaspace       used 106961K, capacity 108226K, committed 108288K, reserved 108544K
Event: 12259,471 GC heap after
Heap after GC invocations=765 (full 19):
 PSYoungGen      total 117874688K, used 45566881K [0x00007fb546580000, 0x00007fdff1000000, 0x00007fdff1000000)
  eden space 66987520K, 0% used [0x00007fb546580000,0x00007fb546580000,0x00007fc53ef00000)
  from space 50887168K, 89% used [0x00007fd3cf180000,0x00007fdeac468480,0x00007fdff1000000)
  to   space 55984640K, 0% used [0x00007fc53ef00000,0x00007fc53ef00000,0x00007fd297f80000)
 ParOldGen       total 135676416K, used 108656997K [0x00007f5ff1000000, 0x00007f804a080000, 0x00007fb546580000)
  object space 135676416K, 80% used [0x00007f5ff1000000,0x00007f79d8e594a8,0x00007f804a080000)
 Metaspace       used 106961K, capacity 108226K, committed 108288K, reserved 108544K
}
Event: 12276,286 GC heap before
{Heap before GC invocations=766 (full 19):
 PSYoungGen      total 117874688K, used 112460194K [0x00007fb546580000, 0x00007fdff1000000, 0x00007fdff1000000)
  eden space 66987520K, 99% used [0x00007fb546580000,0x00007fc539300468,0x00007fc53ef00000)
  from space 50887168K, 89% used [0x00007fd3cf180000,0x00007fdeac468480,0x00007fdff1000000)
  to   space 55984640K, 0% used [0x00007fc53ef00000,0x00007fc53ef00000,0x00007fd297f80000)
 ParOldGen       total 135676416K, used 108656997K [0x00007f5ff1000000, 0x00007f804a080000, 0x00007fb546580000)
  object space 135676416K, 80% used [0x00007f5ff1000000,0x00007f79d8e594a8,0x00007f804a080000)
 Metaspace       used 106961K, capacity 108226K, committed 108288K, reserved 108544K
Event: 12284,845 GC heap after
Heap after GC invocations=766 (full 19):
 PSYoungGen      total 118495232K, used 51507409K [0x00007fb546580000, 0x00007fdff1000000, 0x00007fdff1000000)
  eden space 66987520K, 0% used [0x00007fb546580000,0x00007fb546580000,0x00007fc53ef00000)
  from space 51507712K, 99% used [0x00007fc53ef00000,0x00007fd186b34490,0x00007fd186b80000)
  to   space 59652096K, 0% used [0x00007fd1b8200000,0x00007fd1b8200000,0x00007fdff1000000)
 ParOldGen       total 135676416K, used 110183976K [0x00007f5ff1000000, 0x00007f804a080000, 0x00007fb546580000)
  object space 135676416K, 81% used [0x00007f5ff1000000,0x00007f7a3618a290,0x00007f804a080000)
 Metaspace       used 106961K, capacity 108226K, committed 108288K, reserved 108544K
}
Event: 12300,943 GC heap before
{Heap before GC invocations=767 (full 19):
 PSYoungGen      total 118495232K, used 118494929K [0x00007fb546580000, 0x00007fdff1000000, 0x00007fdff1000000)
  eden space 66987520K, 100% used [0x00007fb546580000,0x00007fc53ef00000,0x00007fc53ef00000)
  from space 51507712K, 99% used [0x00007fc53ef00000,0x00007fd186b34490,0x00007fd186b80000)
  to   space 59652096K, 0% used [0x00007fd1b8200000,0x00007fd1b8200000,0x00007fdff1000000)
 ParOldGen       total 135676416K, used 110183976K [0x00007f5ff1000000, 0x00007f804a080000, 0x00007fb546580000)
  object space 135676416K, 81% used [0x00007f5ff1000000,0x00007f7a3618a290,0x00007f804a080000)
 Metaspace       used 106961K, capacity 108226K, committed 108288K, reserved 108544K
Event: 12314,469 GC heap after
Heap after GC invocations=767 (full 19):
 PSYoungGen      total 119304704K, used 46301600K [0x00007fb546580000, 0x00007fdff1000000, 0x00007fdff1000000)
  eden space 59652608K, 0% used [0x00007fb546580000,0x00007fb546580000,0x00007fc37f400000)
  from space 59652096K, 77% used [0x00007fd1b8200000,0x00007fdcc22682f8,0x00007fdff1000000)
  to   space 59652096K, 0% used [0x00007fc37f400000,0x00007fc37f400000,0x00007fd1b8200000)
 ParOldGen       total 135676416K, used 123235766K [0x00007f5ff1000000, 0x00007f804a080000, 0x00007fb546580000)
  object space 135676416K, 90% used [0x00007f5ff1000000,0x00007f7d52b6dbc0,0x00007f804a080000)
 Metaspace       used 106961K, capacity 108226K, committed 108288K, reserved 108544K
}
Event: 12314,469 GC heap before
{Heap before GC invocations=768 (full 20):
 PSYoungGen      total 119304704K, used 46301600K [0x00007fb546580000, 0x00007fdff1000000, 0x00007fdff1000000)
  eden space 59652608K, 0% used [0x00007fb546580000,0x00007fb546580000,0x00007fc37f400000)
  from space 59652096K, 77% used [0x00007fd1b8200000,0x00007fdcc22682f8,0x00007fdff1000000)
  to   space 59652096K, 0% used [0x00007fc37f400000,0x00007fc37f400000,0x00007fd1b8200000)
 ParOldGen       total 135676416K, used 123235766K [0x00007f5ff1000000, 0x00007f804a080000, 0x00007fb546580000)
  object space 135676416K, 90% used [0x00007f5ff1000000,0x00007f7d52b6dbc0,0x00007f804a080000)
 Metaspace       used 106961K, capacity 108226K, committed 108288K, reserved 108544K

