# JRE version: OpenJDK Runtime Environment (8.0_252-b09) (build 1.8.0_252-b09)
# Java VM: OpenJDK 64-Bit Server VM (25.252-b09 mixed mode linux-amd64 )
Heap:
 PSYoungGen      total 22285312K, used 10751749K [0x00007ef767b00000, 0x00007efcbd000000, 0x00007efcbd000000)
  eden space 22201344K, 48% used [0x00007ef767b00000,0x00007ef9f5f2fff8,0x00007efcb2c00000)
  from space 83968K, 38% used [0x00007efcb2c00000,0x00007efcb4b91680,0x00007efcb7e00000)
  to   space 79872K, 0% used [0x00007efcb8200000,0x00007efcb8200000,0x00007efcbd000000)
 ParOldGen       total 19119616K, used 14281334K [0x00007eecbd000000, 0x00007ef14bf80000, 0x00007ef767b00000)
  object space 19119616K, 74% used [0x00007eecbd000000,0x00007ef024a9da78,0x00007ef14bf80000)
 Metaspace       used 101993K, capacity 103302K, committed 103680K, reserved 104448K
GC Heap History (250 events):
Event: 106547,412 GC heap before
{Heap before GC invocations=2282 (full 92):
 PSYoungGen      total 21329408K, used 697314K [0x00007ef767b00000, 0x00007efcbd000000, 0x00007efcbd000000)
  eden space 20433920K, 0% used [0x00007ef767b00000,0x00007ef767b00000,0x00007efc46e00000)
  from space 895488K, 77% used [0x00007efc86580000,0x00007efcb0e78a70,0x00007efcbd000000)
  to   space 967680K, 0% used [0x00007efc46e00000,0x00007efc46e00000,0x00007efc81f00000)
 ParOldGen       total 17680384K, used 17418487K [0x00007eecbd000000, 0x00007ef0f4200000, 0x00007ef767b00000)
  object space 17680384K, 98% used [0x00007eecbd000000,0x00007ef0e423dd98,0x00007ef0f4200000)
 Metaspace       used 101593K, capacity 102945K, committed 103168K, reserved 104448K
Event: 106548,725 GC heap after
Heap after GC invocations=2282 (full 92):
 PSYoungGen      total 21329408K, used 0K [0x00007ef767b00000, 0x00007efcbd000000, 0x00007efcbd000000)
  eden space 20433920K, 0% used [0x00007ef767b00000,0x00007ef767b00000,0x00007efc46e00000)
  from space 895488K, 0% used [0x00007efc86580000,0x00007efc86580000,0x00007efcbd000000)
  to   space 967680K, 0% used [0x00007efc46e00000,0x00007efc46e00000,0x00007efc81f00000)
 ParOldGen       total 16787456K, used 7305635K [0x00007eecbd000000, 0x00007ef0bda00000, 0x00007ef767b00000)
  object space 16787456K, 43% used [0x00007eecbd000000,0x00007eee7ae68c08,0x00007ef0bda00000)
 Metaspace       used 101593K, capacity 102945K, committed 103168K, reserved 104448K
}
Event: 106550,792 GC heap before
{Heap before GC invocations=2283 (full 92):
 PSYoungGen      total 21329408K, used 20433920K [0x00007ef767b00000, 0x00007efcbd000000, 0x00007efcbd000000)
  eden space 20433920K, 100% used [0x00007ef767b00000,0x00007efc46e00000,0x00007efc46e00000)
  from space 895488K, 0% used [0x00007efc86580000,0x00007efc86580000,0x00007efcbd000000)
  to   space 967680K, 0% used [0x00007efc46e00000,0x00007efc46e00000,0x00007efc81f00000)
 ParOldGen       total 16787456K, used 7305635K [0x00007eecbd000000, 0x00007ef0bda00000, 0x00007ef767b00000)
  object space 16787456K, 43% used [0x00007eecbd000000,0x00007eee7ae68c08,0x00007ef0bda00000)
 Metaspace       used 101593K, capacity 102945K, committed 103168K, reserved 104448K
Event: 106550,948 GC heap after
Heap after GC invocations=2283 (full 92):
 PSYoungGen      total 21041152K, used 607038K [0x00007ef767b00000, 0x00007efcbd000000, 0x00007efcbd000000)
  eden space 20433920K, 0% used [0x00007ef767b00000,0x00007ef767b00000,0x00007efc46e00000)
  from space 607232K, 99% used [0x00007efc46e00000,0x00007efc6becf9b8,0x00007efc6bf00000)
  to   space 990208K, 0% used [0x00007efc80900000,0x00007efc80900000,0x00007efcbd000000)
 ParOldGen       total 16787456K, used 7305635K [0x00007eecbd000000, 0x00007ef0bda00000, 0x00007ef767b00000)
  object space 16787456K, 43% used [0x00007eecbd000000,0x00007eee7ae68c08,0x00007ef0bda00000)
 Metaspace       used 101593K, capacity 102945K, committed 103168K, reserved 104448K
}
Event: 106552,979 GC heap before
{Heap before GC invocations=2284 (full 92):
 PSYoungGen      total 21041152K, used 21040958K [0x00007ef767b00000, 0x00007efcbd000000, 0x00007efcbd000000)
  eden space 20433920K, 100% used [0x00007ef767b00000,0x00007efc46e00000,0x00007efc46e00000)
  from space 607232K, 99% used [0x00007efc46e00000,0x00007efc6becf9b8,0x00007efc6bf00000)
  to   space 990208K, 0% used [0x00007efc80900000,0x00007efc80900000,0x00007efcbd000000)
 ParOldGen       total 16787456K, used 7305635K [0x00007eecbd000000, 0x00007ef0bda00000, 0x00007ef767b00000)
  object space 16787456K, 43% used [0x00007eecbd000000,0x00007eee7ae68c08,0x00007ef0bda00000)
 Metaspace       used 101593K, capacity 102945K, committed 103168K, reserved 104448K
Event: 106553,235 GC heap after
Heap after GC invocations=2284 (full 92):
 PSYoungGen      total 21339136K, used 622951K [0x00007ef767b00000, 0x00007efcbd000000, 0x00007efcbd000000)
  eden space 20348928K, 0% used [0x00007ef767b00000,0x00007ef767b00000,0x00007efc41b00000)
  from space 990208K, 62% used [0x00007efc80900000,0x00007efca6959f68,0x00007efcbd000000)
  to   space 1010176K, 0% used [0x00007efc41b00000,0x00007efc41b00000,0x00007efc7f580000)
 ParOldGen       total 16787456K, used 7763763K [0x00007eecbd000000, 0x00007ef0bda00000, 0x00007ef767b00000)
  object space 16787456K, 46% used [0x00007eecbd000000,0x00007eee96dcce40,0x00007ef0bda00000)
 Metaspace       used 101593K, capacity 102945K, committed 103168K, reserved 104448K
}
Event: 106555,238 GC heap before
{Heap before GC invocations=2285 (full 92):
 PSYoungGen      total 21339136K, used 20971879K [0x00007ef767b00000, 0x00007efcbd000000, 0x00007efcbd000000)
  eden space 20348928K, 100% used [0x00007ef767b00000,0x00007efc41b00000,0x00007efc41b00000)
  from space 990208K, 62% used [0x00007efc80900000,0x00007efca6959f68,0x00007efcbd000000)
  to   space 1010176K, 0% used [0x00007efc41b00000,0x00007efc41b00000,0x00007efc7f580000)
 ParOldGen       total 16787456K, used 7763763K [0x00007eecbd000000, 0x00007ef0bda00000, 0x00007ef767b00000)
  object space 16787456K, 46% used [0x00007eecbd000000,0x00007eee96dcce40,0x00007ef0bda00000)
 Metaspace       used 101593K, capacity 102945K, committed 103168K, reserved 104448K
Event: 106555,328 GC heap after
Heap after GC invocations=2285 (full 92):
 PSYoungGen      total 21359104K, used 96875K [0x00007ef767b00000, 0x00007efcbd000000, 0x00007efcbd000000)
  eden space 20348928K, 0% used [0x00007ef767b00000,0x00007ef767b00000,0x00007efc41b00000)
  from space 1010176K, 9% used [0x00007efc41b00000,0x00007efc4799acc0,0x00007efc7f580000)
  to   space 1009664K, 0% used [0x00007efc7f600000,0x00007efc7f600000,0x00007efcbd000000)
 ParOldGen       total 16787456K, used 8271276K [0x00007eecbd000000, 0x00007ef0bda00000, 0x00007ef767b00000)
  object space 16787456K, 49% used [0x00007eecbd000000,0x00007eeeb5d6b2a8,0x00007ef0bda00000)
 Metaspace       used 101593K, capacity 102945K, committed 103168K, reserved 104448K
}
Event: 106557,288 GC heap before
{Heap before GC invocations=2286 (full 92):
 PSYoungGen      total 21359104K, used 20445803K [0x00007ef767b00000, 0x00007efcbd000000, 0x00007efcbd000000)
  eden space 20348928K, 100% used [0x00007ef767b00000,0x00007efc41b00000,0x00007efc41b00000)
  from space 1010176K, 9% used [0x00007efc41b00000,0x00007efc4799acc0,0x00007efc7f580000)
  to   space 1009664K, 0% used [0x00007efc7f600000,0x00007efc7f600000,0x00007efcbd000000)
 ParOldGen       total 16787456K, used 8271276K [0x00007eecbd000000, 0x00007ef0bda00000, 0x00007ef767b00000)
  object space 16787456K, 49% used [0x00007eecbd000000,0x00007eeeb5d6b2a8,0x00007ef0bda00000)
 Metaspace       used 101593K, capacity 102945K, committed 103168K, reserved 104448K
Event: 106557,330 GC heap after
Heap after GC invocations=2286 (full 92):
 PSYoungGen      total 21337088K, used 104614K [0x00007ef767b00000, 0x00007efcbba80000, 0x00007efcbd000000)
  eden space 20349440K, 0% used [0x00007ef767b00000,0x00007ef767b00000,0x00007efc41b80000)
  from space 987648K, 10% used [0x00007efc7f600000,0x00007efc85c29950,0x00007efcbba80000)
  to   space 998912K, 0% used [0x00007efc41b80000,0x00007efc41b80000,0x00007efc7eb00000)
 ParOldGen       total 16787456K, used 8271284K [0x00007eecbd000000, 0x00007ef0bda00000, 0x00007ef767b00000)
  object space 16787456K, 49% used [0x00007eecbd000000,0x00007eeeb5d6d2a8,0x00007ef0bda00000)
 Metaspace       used 101593K, capacity 102945K, committed 103168K, reserved 104448K
}
Event: 106559,298 GC heap before
{Heap before GC invocations=2287 (full 92):
 PSYoungGen      total 21337088K, used 20454054K [0x00007ef767b00000, 0x00007efcbba80000, 0x00007efcbd000000)
  eden space 20349440K, 100% used [0x00007ef767b00000,0x00007efc41b80000,0x00007efc41b80000)
  from space 987648K, 10% used [0x00007efc7f600000,0x00007efc85c29950,0x00007efcbba80000)
  to   space 998912K, 0% used [0x00007efc41b80000,0x00007efc41b80000,0x00007efc7eb00000)
 ParOldGen       total 16787456K, used 8271284K [0x00007eecbd000000, 0x00007ef0bda00000, 0x00007ef767b00000)
  object space 16787456K, 49% used [0x00007eecbd000000,0x00007eeeb5d6d2a8,0x00007ef0bda00000)
 Metaspace       used 101593K, capacity 102945K, committed 103168K, reserved 104448K
Event: 106559,354 GC heap after
Heap after GC invocations=2287 (full 92):
 PSYoungGen      total 21348352K, used 149256K [0x00007ef767b00000, 0x00007efcbaa00000, 0x00007efcbd000000)
  eden space 20349440K, 0% used [0x00007ef767b00000,0x00007ef767b00000,0x00007efc41b80000)
  from space 998912K, 14% used [0x00007efc41b80000,0x00007efc4ad42240,0x00007efc7eb00000)
  to   space 973824K, 0% used [0x00007efc7f300000,0x00007efc7f300000,0x00007efcbaa00000)
 ParOldGen       total 16787456K, used 8276167K [0x00007eecbd000000, 0x00007ef0bda00000, 0x00007ef767b00000)
  object space 16787456K, 49% used [0x00007eecbd000000,0x00007eeeb6231dd8,0x00007ef0bda00000)
 Metaspace       used 101593K, capacity 102945K, committed 103168K, reserved 104448K
}
Event: 106561,343 GC heap before
{Heap before GC invocations=2288 (full 92):
 PSYoungGen      total 21348352K, used 20498696K [0x00007ef767b00000, 0x00007efcbaa00000, 0x00007efcbd000000)
  eden space 20349440K, 100% used [0x00007ef767b00000,0x00007efc41b80000,0x00007efc41b80000)
  from space 998912K, 14% used [0x00007efc41b80000,0x00007efc4ad42240,0x00007efc7eb00000)
  to   space 973824K, 0% used [0x00007efc7f300000,0x00007efc7f300000,0x00007efcbaa00000)
 ParOldGen       total 16787456K, used 8276167K [0x00007eecbd000000, 0x00007ef0bda00000, 0x00007ef767b00000)
  object space 16787456K, 49% used [0x00007eecbd000000,0x00007eeeb6231dd8,0x00007ef0bda00000)
 Metaspace       used 101593K, capacity 102945K, committed 103168K, reserved 104448K
Event: 106561,434 GC heap after
Heap after GC invocations=2288 (full 92):
 PSYoungGen      total 21278720K, used 374904K [0x00007ef767b00000, 0x00007efcb5080000, 0x00007efcbd000000)
  eden space 20396544K, 0% used [0x00007ef767b00000,0x00007ef767b00000,0x00007efc44980000)
  from space 882176K, 42% used [0x00007efc7f300000,0x00007efc9611e018,0x00007efcb5080000)
  to   space 921088K, 0% used [0x00007efc44980000,0x00007efc44980000,0x00007efc7cd00000)
 ParOldGen       total 16787456K, used 8356009K [0x00007eecbd000000, 0x00007ef0bda00000, 0x00007ef767b00000)
  object space 16787456K, 49% used [0x00007eecbd000000,0x00007eeebb02a4a8,0x00007ef0bda00000)
 Metaspace       used 101593K, capacity 102945K, committed 103168K, reserved 104448K
}
Event: 106563,425 GC heap before
{Heap before GC invocations=2289 (full 92):
 PSYoungGen      total 21278720K, used 20771448K [0x00007ef767b00000, 0x00007efcb5080000, 0x00007efcbd000000)
  eden space 20396544K, 100% used [0x00007ef767b00000,0x00007efc44980000,0x00007efc44980000)
  from space 882176K, 42% used [0x00007efc7f300000,0x00007efc9611e018,0x00007efcb5080000)
  to   space 921088K, 0% used [0x00007efc44980000,0x00007efc44980000,0x00007efc7cd00000)
 ParOldGen       total 16787456K, used 8356009K [0x00007eecbd000000, 0x00007ef0bda00000, 0x00007ef767b00000)
  object space 16787456K, 49% used [0x00007eecbd000000,0x00007eeebb02a4a8,0x00007ef0bda00000)
 Metaspace       used 101593K, capacity 102945K, committed 103168K, reserved 104448K
Event: 106563,538 GC heap after
Heap after GC invocations=2289 (full 92):
 PSYoungGen      total 21317632K, used 281389K [0x00007ef767b00000, 0x00007efcb9e00000, 0x00007efcbd000000)
  eden space 20396544K, 0% used [0x00007ef767b00000,0x00007ef767b00000,0x00007efc44980000)
  from space 921088K, 30% used [0x00007efc44980000,0x00007efc55c4b6c8,0x00007efc7cd00000)
  to   space 876032K, 0% used [0x00007efc84680000,0x00007efc84680000,0x00007efcb9e00000)
 ParOldGen       total 16787456K, used 8623147K [0x00007eecbd000000, 0x00007ef0bda00000, 0x00007ef767b00000)
  object space 16787456K, 51% used [0x00007eecbd000000,0x00007eeecb50ac08,0x00007ef0bda00000)
 Metaspace       used 101593K, capacity 102945K, committed 103168K, reserved 104448K
}
Event: 106565,566 GC heap before
{Heap before GC invocations=2290 (full 92):
 PSYoungGen      total 21317632K, used 20677933K [0x00007ef767b00000, 0x00007efcb9e00000, 0x00007efcbd000000)
  eden space 20396544K, 100% used [0x00007ef767b00000,0x00007efc44980000,0x00007efc44980000)
  from space 921088K, 30% used [0x00007efc44980000,0x00007efc55c4b6c8,0x00007efc7cd00000)
  to   space 876032K, 0% used [0x00007efc84680000,0x00007efc84680000,0x00007efcb9e00000)
 ParOldGen       total 16787456K, used 8623147K [0x00007eecbd000000, 0x00007ef0bda00000, 0x00007ef767b00000)
  object space 16787456K, 51% used [0x00007eecbd000000,0x00007eeecb50ac08,0x00007ef0bda00000)
 Metaspace       used 101593K, capacity 102945K, committed 103168K, reserved 104448K
Event: 106565,712 GC heap after
Heap after GC invocations=2290 (full 92):
 PSYoungGen      total 21222912K, used 852774K [0x00007ef767b00000, 0x00007efcbd000000, 0x00007efcbd000000)
  eden space 20346880K, 0% used [0x00007ef767b00000,0x00007ef767b00000,0x00007efc41900000)
  from space 876032K, 97% used [0x00007efc84680000,0x00007efcb87499b8,0x00007efcb9e00000)
  to   space 1011200K, 0% used [0x00007efc41900000,0x00007efc41900000,0x00007efc7f480000)
 ParOldGen       total 16787456K, used 8703176K [0x00007eecbd000000, 0x00007ef0bda00000, 0x00007ef767b00000)
  object space 16787456K, 51% used [0x00007eecbd000000,0x00007eeed03323e0,0x00007ef0bda00000)
 Metaspace       used 101593K, capacity 102945K, committed 103168K, reserved 104448K
}
Event: 106567,700 GC heap before
{Heap before GC invocations=2291 (full 92):
 PSYoungGen      total 21222912K, used 21199654K [0x00007ef767b00000, 0x00007efcbd000000, 0x00007efcbd000000)
  eden space 20346880K, 100% used [0x00007ef767b00000,0x00007efc41900000,0x00007efc41900000)
  from space 876032K, 97% used [0x00007efc84680000,0x00007efcb87499b8,0x00007efcb9e00000)
  to   space 1011200K, 0% used [0x00007efc41900000,0x00007efc41900000,0x00007efc7f480000)
 ParOldGen       total 16787456K, used 8703176K [0x00007eecbd000000, 0x00007ef0bda00000, 0x00007ef767b00000)
  object space 16787456K, 51% used [0x00007eecbd000000,0x00007eeed03323e0,0x00007ef0bda00000)
 Metaspace       used 101593K, capacity 102945K, committed 103168K, reserved 104448K
Event: 106567,875 GC heap after
Heap after GC invocations=2291 (full 92):
 PSYoungGen      total 21358080K, used 457986K [0x00007ef767b00000, 0x00007efcbd000000, 0x00007efcbd000000)
  eden space 20346880K, 0% used [0x00007ef767b00000,0x00007ef767b00000,0x00007efc41900000)
  from space 1011200K, 45% used [0x00007efc41900000,0x00007efc5d840bf8,0x00007efc7f480000)
  to   space 972800K, 0% used [0x00007efc81a00000,0x00007efc81a00000,0x00007efcbd000000)
 ParOldGen       total 16787456K, used 9409714K [0x00007eecbd000000, 0x00007ef0bda00000, 0x00007ef767b00000)
  object space 16787456K, 56% used [0x00007eecbd000000,0x00007eeefb52c8c8,0x00007ef0bda00000)
 Metaspace       used 101593K, capacity 102945K, committed 103168K, reserved 104448K
}
Event: 106569,847 GC heap before
{Heap before GC invocations=2292 (full 92):
 PSYoungGen      total 21358080K, used 20804866K [0x00007ef767b00000, 0x00007efcbd000000, 0x00007efcbd000000)
  eden space 20346880K, 100% used [0x00007ef767b00000,0x00007efc41900000,0x00007efc41900000)
  from space 1011200K, 45% used [0x00007efc41900000,0x00007efc5d840bf8,0x00007efc7f480000)
  to   space 972800K, 0% used [0x00007efc81a00000,0x00007efc81a00000,0x00007efcbd000000)
 ParOldGen       total 16787456K, used 9409714K [0x00007eecbd000000, 0x00007ef0bda00000, 0x00007ef767b00000)
  object space 16787456K, 56% used [0x00007eecbd000000,0x00007eeefb52c8c8,0x00007ef0bda00000)
 Metaspace       used 101593K, capacity 102945K, committed 103168K, reserved 104448K
Event: 106570,043 GC heap after
Heap after GC invocations=2292 (full 92):
 PSYoungGen      total 21196800K, used 825037K [0x00007ef767b00000, 0x00007efcbd000000, 0x00007efcbd000000)
  eden space 20224000K, 0% used [0x00007ef767b00000,0x00007ef767b00000,0x00007efc3a100000)
  from space 972800K, 84% used [0x00007efc81a00000,0x00007efcb3fb37b0,0x00007efcbd000000)
  to   space 1072640K, 0% used [0x00007efc3a100000,0x00007efc3a100000,0x00007efc7b880000)
 ParOldGen       total 16787456K, used 9673559K [0x00007eecbd000000, 0x00007ef0bda00000, 0x00007ef767b00000)
  object space 16787456K, 57% used [0x00007eecbd000000,0x00007eef0b6d5ee8,0x00007ef0bda00000)
 Metaspace       used 101593K, capacity 102945K, committed 103168K, reserved 104448K
}
Event: 106572,030 GC heap before
{Heap before GC invocations=2293 (full 92):
 PSYoungGen      total 21196800K, used 21049037K [0x00007ef767b00000, 0x00007efcbd000000, 0x00007efcbd000000)
  eden space 20224000K, 100% used [0x00007ef767b00000,0x00007efc3a100000,0x00007efc3a100000)
  from space 972800K, 84% used [0x00007efc81a00000,0x00007efcb3fb37b0,0x00007efcbd000000)
  to   space 1072640K, 0% used [0x00007efc3a100000,0x00007efc3a100000,0x00007efc7b880000)
 ParOldGen       total 16787456K, used 9673559K [0x00007eecbd000000, 0x00007ef0bda00000, 0x00007ef767b00000)
  object space 16787456K, 57% used [0x00007eecbd000000,0x00007eef0b6d5ee8,0x00007ef0bda00000)
 Metaspace       used 101593K, capacity 102945K, committed 103168K, reserved 104448K
Event: 106572,180 GC heap after
Heap after GC invocations=2293 (full 92):
 PSYoungGen      total 21296640K, used 438457K [0x00007ef767b00000, 0x00007efcbb880000, 0x00007efcbd000000)
  eden space 20224000K, 0% used [0x00007ef767b00000,0x00007ef767b00000,0x00007efc3a100000)
  from space 1072640K, 40% used [0x00007efc3a100000,0x00007efc54d2e7f8,0x00007efc7b880000)
  to   space 1010688K, 0% used [0x00007efc7dd80000,0x00007efc7dd80000,0x00007efcbb880000)
 ParOldGen       total 16787456K, used 10379290K [0x00007eecbd000000, 0x00007ef0bda00000, 0x00007ef767b00000)
  object space 16787456K, 61% used [0x00007eecbd000000,0x00007eef36806950,0x00007ef0bda00000)
 Metaspace       used 101593K, capacity 102945K, committed 103168K, reserved 104448K
}
Event: 106574,160 GC heap before
{Heap before GC invocations=2294 (full 92):
 PSYoungGen      total 21296640K, used 20662457K [0x00007ef767b00000, 0x00007efcbb880000, 0x00007efcbd000000)
  eden space 20224000K, 100% used [0x00007ef767b00000,0x00007efc3a100000,0x00007efc3a100000)
  from space 1072640K, 40% used [0x00007efc3a100000,0x00007efc54d2e7f8,0x00007efc7b880000)
  to   space 1010688K, 0% used [0x00007efc7dd80000,0x00007efc7dd80000,0x00007efcbb880000)
 ParOldGen       total 16787456K, used 10379290K [0x00007eecbd000000, 0x00007ef0bda00000, 0x00007ef767b00000)
  object space 16787456K, 61% used [0x00007eecbd000000,0x00007eef36806950,0x00007ef0bda00000)
 Metaspace       used 101593K, capacity 102945K, committed 103168K, reserved 104448K
Event: 106574,304 GC heap after
Heap after GC invocations=2294 (full 92):
 PSYoungGen      total 21179392K, used 839693K [0x00007ef767b00000, 0x00007efcbd000000, 0x00007efcbd000000)
  eden space 20168704K, 0% used [0x00007ef767b00000,0x00007ef767b00000,0x00007efc36b00000)
  from space 1010688K, 83% used [0x00007efc7dd80000,0x00007efcb1183708,0x00007efcbb880000)
  to   space 1100288K, 0% used [0x00007efc36b00000,0x00007efc36b00000,0x00007efc79d80000)
 ParOldGen       total 16787456K, used 10637730K [0x00007eecbd000000, 0x00007ef0bda00000, 0x00007ef767b00000)
  object space 16787456K, 63% used [0x00007eecbd000000,0x00007eef46468bb0,0x00007ef0bda00000)
 Metaspace       used 101593K, capacity 102945K, committed 103168K, reserved 104448K
}
Event: 106576,242 GC heap before
{Heap before GC invocations=2295 (full 92):
 PSYoungGen      total 21179392K, used 21008397K [0x00007ef767b00000, 0x00007efcbd000000, 0x00007efcbd000000)
  eden space 20168704K, 100% used [0x00007ef767b00000,0x00007efc36b00000,0x00007efc36b00000)
  from space 1010688K, 83% used [0x00007efc7dd80000,0x00007efcb1183708,0x00007efcbb880000)
  to   space 1100288K, 0% used [0x00007efc36b00000,0x00007efc36b00000,0x00007efc79d80000)
 ParOldGen       total 16787456K, used 10637730K [0x00007eecbd000000, 0x00007ef0bda00000, 0x00007ef767b00000)
  object space 16787456K, 63% used [0x00007eecbd000000,0x00007eef46468bb0,0x00007ef0bda00000)
 Metaspace       used 101593K, capacity 102945K, committed 103168K, reserved 104448K
Event: 106576,390 GC heap after
Heap after GC invocations=2295 (full 92):
 PSYoungGen      total 21268992K, used 415686K [0x00007ef767b00000, 0x00007efcbc580000, 0x00007efcbd000000)
  eden space 20168704K, 0% used [0x00007ef767b00000,0x00007ef767b00000,0x00007efc36b00000)
  from space 1100288K, 37% used [0x00007efc36b00000,0x00007efc500f1b98,0x00007efc79d80000)
  to   space 1050112K, 0% used [0x00007efc7c400000,0x00007efc7c400000,0x00007efcbc580000)
 ParOldGen       total 16787456K, used 11293543K [0x00007eecbd000000, 0x00007ef0bda00000, 0x00007ef767b00000)
  object space 16787456K, 67% used [0x00007eecbd000000,0x00007eef6e4d9de0,0x00007ef0bda00000)
 Metaspace       used 101593K, capacity 102945K, committed 103168K, reserved 104448K
}
Event: 106578,316 GC heap before
{Heap before GC invocations=2296 (full 92):
 PSYoungGen      total 21268992K, used 20584390K [0x00007ef767b00000, 0x00007efcbc580000, 0x00007efcbd000000)
  eden space 20168704K, 100% used [0x00007ef767b00000,0x00007efc36b00000,0x00007efc36b00000)
  from space 1100288K, 37% used [0x00007efc36b00000,0x00007efc500f1b98,0x00007efc79d80000)
  to   space 1050112K, 0% used [0x00007efc7c400000,0x00007efc7c400000,0x00007efcbc580000)
 ParOldGen       total 16787456K, used 11293543K [0x00007eecbd000000, 0x00007ef0bda00000, 0x00007ef767b00000)
  object space 16787456K, 67% used [0x00007eecbd000000,0x00007eef6e4d9de0,0x00007ef0bda00000)
 Metaspace       used 101593K, capacity 102945K, committed 103168K, reserved 104448K
Event: 106578,410 GC heap after
Heap after GC invocations=2296 (full 92):
 PSYoungGen      total 21172224K, used 307495K [0x00007ef767b00000, 0x00007efcb6700000, 0x00007efcbd000000)
  eden space 20218880K, 0% used [0x00007ef767b00000,0x00007ef767b00000,0x00007efc39c00000)
  from space 953344K, 32% used [0x00007efc7c400000,0x00007efc8f049f40,0x00007efcb6700000)
  to   space 1021440K, 0% used [0x00007efc39c00000,0x00007efc39c00000,0x00007efc78180000)
 ParOldGen       total 16787456K, used 11582303K [0x00007eecbd000000, 0x00007ef0bda00000, 0x00007ef767b00000)
  object space 16787456K, 68% used [0x00007eecbd000000,0x00007eef7fed7eb8,0x00007ef0bda00000)
 Metaspace       used 101593K, capacity 102945K, committed 103168K, reserved 104448K
}
Event: 106580,355 GC heap before
{Heap before GC invocations=2297 (full 92):
 PSYoungGen      total 21172224K, used 20526375K [0x00007ef767b00000, 0x00007efcb6700000, 0x00007efcbd000000)
  eden space 20218880K, 100% used [0x00007ef767b00000,0x00007efc39c00000,0x00007efc39c00000)
  from space 953344K, 32% used [0x00007efc7c400000,0x00007efc8f049f40,0x00007efcb6700000)
  to   space 1021440K, 0% used [0x00007efc39c00000,0x00007efc39c00000,0x00007efc78180000)
 ParOldGen       total 16787456K, used 11582303K [0x00007eecbd000000, 0x00007ef0bda00000, 0x00007ef767b00000)
  object space 16787456K, 68% used [0x00007eecbd000000,0x00007eef7fed7eb8,0x00007ef0bda00000)
 Metaspace       used 101593K, capacity 102945K, committed 103168K, reserved 104448K
Event: 106580,471 GC heap after
Heap after GC invocations=2297 (full 92):
 PSYoungGen      total 21240320K, used 683563K [0x00007ef767b00000, 0x00007efcbd000000, 0x00007efcbd000000)
  eden space 20218880K, 0% used [0x00007ef767b00000,0x00007ef767b00000,0x00007efc39c00000)
  from space 1021440K, 66% used [0x00007efc39c00000,0x00007efc6378ada0,0x00007efc78180000)
  to   space 1048064K, 0% used [0x00007efc7d080000,0x00007efc7d080000,0x00007efcbd000000)
 ParOldGen       total 16787456K, used 11795365K [0x00007eecbd000000, 0x00007ef0bda00000, 0x00007ef767b00000)
  object space 16787456K, 70% used [0x00007eecbd000000,0x00007eef8cee94b8,0x00007ef0bda00000)
 Metaspace       used 101593K, capacity 102945K, committed 103168K, reserved 104448K
}
Event: 106582,424 GC heap before
{Heap before GC invocations=2298 (full 92):
 PSYoungGen      total 21240320K, used 20902443K [0x00007ef767b00000, 0x00007efcbd000000, 0x00007efcbd000000)
  eden space 20218880K, 100% used [0x00007ef767b00000,0x00007efc39c00000,0x00007efc39c00000)
  from space 1021440K, 66% used [0x00007efc39c00000,0x00007efc6378ada0,0x00007efc78180000)
  to   space 1048064K, 0% used [0x00007efc7d080000,0x00007efc7d080000,0x00007efcbd000000)
 ParOldGen       total 16787456K, used 11795365K [0x00007eecbd000000, 0x00007ef0bda00000, 0x00007ef767b00000)
  object space 16787456K, 70% used [0x00007eecbd000000,0x00007eef8cee94b8,0x00007ef0bda00000)
 Metaspace       used 101593K, capacity 102945K, committed 103168K, reserved 104448K
Event: 106582,608 GC heap after
Heap after GC invocations=2298 (full 92):
 PSYoungGen      total 21073408K, used 969222K [0x00007ef767b00000, 0x00007efcbd000000, 0x00007efcbd000000)
  eden space 20025344K, 0% used [0x00007ef767b00000,0x00007ef767b00000,0x00007efc2df00000)
  from space 1048064K, 92% used [0x00007efc7d080000,0x00007efcb8301808,0x00007efcbd000000)
  to   space 1171968K, 0% used [0x00007efc2df00000,0x00007efc2df00000,0x00007efc75780000)
 ParOldGen       total 16787456K, used 12403190K [0x00007eecbd000000, 0x00007ef0bda00000, 0x00007ef767b00000)
  object space 16787456K, 73% used [0x00007eecbd000000,0x00007eefb207da18,0x00007ef0bda00000)
 Metaspace       used 101593K, capacity 102945K, committed 103168K, reserved 104448K
}
Event: 106584,579 GC heap before
{Heap before GC invocations=2299 (full 92):
 PSYoungGen      total 21073408K, used 20994566K [0x00007ef767b00000, 0x00007efcbd000000, 0x00007efcbd000000)
  eden space 20025344K, 100% used [0x00007ef767b00000,0x00007efc2df00000,0x00007efc2df00000)
  from space 1048064K, 92% used [0x00007efc7d080000,0x00007efcb8301808,0x00007efcbd000000)
  to   space 1171968K, 0% used [0x00007efc2df00000,0x00007efc2df00000,0x00007efc75780000)
 ParOldGen       total 16787456K, used 12403190K [0x00007eecbd000000, 0x00007ef0bda00000, 0x00007ef767b00000)
  object space 16787456K, 73% used [0x00007eecbd000000,0x00007eefb207da18,0x00007ef0bda00000)
 Metaspace       used 101593K, capacity 102945K, committed 103168K, reserved 104448K
Event: 106584,786 GC heap after
Heap after GC invocations=2299 (full 92):
 PSYoungGen      total 21089280K, used 1063815K [0x00007ef767b00000, 0x00007efcbd000000, 0x00007efcbd000000)
  eden space 20025344K, 0% used [0x00007ef767b00000,0x00007ef767b00000,0x00007efc2df00000)
  from space 1063936K, 99% used [0x00007efc2df00000,0x00007efc6ede1d80,0x00007efc6ee00000)
  to   space 1280000K, 0% used [0x00007efc6ee00000,0x00007efc6ee00000,0x00007efcbd000000)
 ParOldGen       total 16787456K, used 13326195K [0x00007eecbd000000, 0x00007ef0bda00000, 0x00007ef767b00000)
  object space 16787456K, 79% used [0x00007eecbd000000,0x00007eefea5dcd40,0x00007ef0bda00000)
 Metaspace       used 101593K, capacity 102945K, committed 103168K, reserved 104448K
}
Event: 106586,695 GC heap before
{Heap before GC invocations=2300 (full 92):
 PSYoungGen      total 21089280K, used 21089159K [0x00007ef767b00000, 0x00007efcbd000000, 0x00007efcbd000000)
  eden space 20025344K, 100% used [0x00007ef767b00000,0x00007efc2df00000,0x00007efc2df00000)
  from space 1063936K, 99% used [0x00007efc2df00000,0x00007efc6ede1d80,0x00007efc6ee00000)
  to   space 1280000K, 0% used [0x00007efc6ee00000,0x00007efc6ee00000,0x00007efcbd000000)
 ParOldGen       total 16787456K, used 13326195K [0x00007eecbd000000, 0x00007ef0bda00000, 0x00007ef767b00000)
  object space 16787456K, 79% used [0x00007eecbd000000,0x00007eefea5dcd40,0x00007ef0bda00000)
 Metaspace       used 101593K, capacity 102945K, committed 103168K, reserved 104448K
Event: 106586,894 GC heap after
Heap after GC invocations=2300 (full 92):
 PSYoungGen      total 21117440K, used 634294K [0x00007ef767b00000, 0x00007efcbd000000, 0x00007efcbd000000)
  eden space 19837440K, 0% used [0x00007ef767b00000,0x00007ef767b00000,0x00007efc22780000)
  from space 1280000K, 49% used [0x00007efc6ee00000,0x00007efc9596d9d8,0x00007efcbd000000)
  to   space 1251840K, 0% used [0x00007efc22780000,0x00007efc22780000,0x00007efc6ee00000)
 ParOldGen       total 16787456K, used 14358091K [0x00007eecbd000000, 0x00007ef0bda00000, 0x00007ef767b00000)
  object space 16787456K, 85% used [0x00007eecbd000000,0x00007ef029592ea8,0x00007ef0bda00000)
 Metaspace       used 101593K, capacity 102945K, committed 103168K, reserved 104448K
}
Event: 106588,796 GC heap before
{Heap before GC invocations=2301 (full 92):
 PSYoungGen      total 21117440K, used 20471734K [0x00007ef767b00000, 0x00007efcbd000000, 0x00007efcbd000000)
  eden space 19837440K, 100% used [0x00007ef767b00000,0x00007efc22780000,0x00007efc22780000)
  from space 1280000K, 49% used [0x00007efc6ee00000,0x00007efc9596d9d8,0x00007efcbd000000)
  to   space 1251840K, 0% used [0x00007efc22780000,0x00007efc22780000,0x00007efc6ee00000)
 ParOldGen       total 16787456K, used 14358091K [0x00007eecbd000000, 0x00007ef0bda00000, 0x00007ef767b00000)
  object space 16787456K, 85% used [0x00007eecbd000000,0x00007ef029592ea8,0x00007ef0bda00000)
 Metaspace       used 101593K, capacity 102945K, committed 103168K, reserved 104448K
Event: 106588,913 GC heap after
Heap after GC invocations=2301 (full 92):
 PSYoungGen      total 20129792K, used 291922K [0x00007ef767b00000, 0x00007efcb9580000, 0x00007efcbd000000)
  eden space 19837440K, 0% used [0x00007ef767b00000,0x00007ef767b00000,0x00007efc22780000)
  from space 292352K, 99% used [0x00007efc22780000,0x00007efc34494960,0x00007efc34500000)
  to   space 1235968K, 0% used [0x00007efc6de80000,0x00007efc6de80000,0x00007efcb9580000)
 ParOldGen       total 16787456K, used 14875579K [0x00007eecbd000000, 0x00007ef0bda00000, 0x00007ef767b00000)
  object space 16787456K, 88% used [0x00007eecbd000000,0x00007ef048eeed70,0x00007ef0bda00000)
 Metaspace       used 101593K, capacity 102945K, committed 103168K, reserved 104448K
}
Event: 106590,841 GC heap before
{Heap before GC invocations=2302 (full 92):
 PSYoungGen      total 20129792K, used 20129362K [0x00007ef767b00000, 0x00007efcb9580000, 0x00007efcbd000000)
  eden space 19837440K, 100% used [0x00007ef767b00000,0x00007efc22780000,0x00007efc22780000)
  from space 292352K, 99% used [0x00007efc22780000,0x00007efc34494960,0x00007efc34500000)
  to   space 1235968K, 0% used [0x00007efc6de80000,0x00007efc6de80000,0x00007efcb9580000)
 ParOldGen       total 16787456K, used 14875579K [0x00007eecbd000000, 0x00007ef0bda00000, 0x00007ef767b00000)
  object space 16787456K, 88% used [0x00007eecbd000000,0x00007ef048eeed70,0x00007ef0bda00000)
 Metaspace       used 101593K, capacity 102945K, committed 103168K, reserved 104448K
Event: 106590,923 GC heap after
Heap after GC invocations=2302 (full 92):
 PSYoungGen      total 21104640K, used 345924K [0x00007ef767b00000, 0x00007efcbd000000, 0x00007efcbd000000)
  eden space 19868672K, 0% used [0x00007ef767b00000,0x00007ef767b00000,0x00007efc24600000)
  from space 1235968K, 27% used [0x00007efc6de80000,0x00007efc83051088,0x00007efcb9580000)
  to   space 1204736K, 0% used [0x00007efc24600000,0x00007efc24600000,0x00007efc6de80000)
 ParOldGen       total 16787456K, used 15087936K [0x00007eecbd000000, 0x00007ef0bda00000, 0x00007ef767b00000)
  object space 16787456K, 89% used [0x00007eecbd000000,0x00007ef055e500b8,0x00007ef0bda00000)
 Metaspace       used 101593K, capacity 102945K, committed 103168K, reserved 104448K
}
Event: 106592,911 GC heap before
{Heap before GC invocations=2303 (full 92):
 PSYoungGen      total 21104640K, used 20214596K [0x00007ef767b00000, 0x00007efcbd000000, 0x00007efcbd000000)
  eden space 19868672K, 100% used [0x00007ef767b00000,0x00007efc24600000,0x00007efc24600000)
  from space 1235968K, 27% used [0x00007efc6de80000,0x00007efc83051088,0x00007efcb9580000)
  to   space 1204736K, 0% used [0x00007efc24600000,0x00007efc24600000,0x00007efc6de80000)
 ParOldGen       total 16787456K, used 15087936K [0x00007eecbd000000, 0x00007ef0bda00000, 0x00007ef767b00000)
  object space 16787456K, 89% used [0x00007eecbd000000,0x00007ef055e500b8,0x00007ef0bda00000)
 Metaspace       used 101593K, capacity 102945K, committed 103168K, reserved 104448K
Event: 106592,991 GC heap after
Heap after GC invocations=2303 (full 92):
 PSYoungGen      total 21073408K, used 162267K [0x00007ef767b00000, 0x00007efcbab80000, 0x00007efcbd000000)
  eden space 19868672K, 0% used [0x00007ef767b00000,0x00007ef767b00000,0x00007efc24600000)
  from space 1204736K, 13% used [0x00007efc24600000,0x00007efc2e476d80,0x00007efc6de80000)
  to   space 1201664K, 0% used [0x00007efc71600000,0x00007efc71600000,0x00007efcbab80000)
 ParOldGen       total 16787456K, used 15324943K [0x00007eecbd000000, 0x00007ef0bda00000, 0x00007ef767b00000)
  object space 16787456K, 91% used [0x00007eecbd000000,0x00007ef0645c3fa0,0x00007ef0bda00000)
 Metaspace       used 101593K, capacity 102945K, committed 103168K, reserved 104448K
}
Event: 106594,928 GC heap before
{Heap before GC invocations=2304 (full 92):
 PSYoungGen      total 21073408K, used 20030939K [0x00007ef767b00000, 0x00007efcbab80000, 0x00007efcbd000000)
  eden space 19868672K, 100% used [0x00007ef767b00000,0x00007efc24600000,0x00007efc24600000)
  from space 1204736K, 13% used [0x00007efc24600000,0x00007efc2e476d80,0x00007efc6de80000)
  to   space 1201664K, 0% used [0x00007efc71600000,0x00007efc71600000,0x00007efcbab80000)
 ParOldGen       total 16787456K, used 15324943K [0x00007eecbd000000, 0x00007ef0bda00000, 0x00007ef767b00000)
  object space 16787456K, 91% used [0x00007eecbd000000,0x00007ef0645c3fa0,0x00007ef0bda00000)
 Metaspace       used 101593K, capacity 102945K, committed 103168K, reserved 104448K
Event: 106595,029 GC heap after
Heap after GC invocations=2304 (full 92):
 PSYoungGen      total 21132288K, used 278133K [0x00007ef767b00000, 0x00007efcb8e00000, 0x00007efcbd000000)
  eden space 19960832K, 0% used [0x00007ef767b00000,0x00007ef767b00000,0x00007efc2a000000)
  from space 1171456K, 23% used [0x00007efc71600000,0x00007efc8259d7c0,0x00007efcb8e00000)
  to   space 1169408K, 0% used [0x00007efc2a000000,0x00007efc2a000000,0x00007efc71600000)
 ParOldGen       total 16787456K, used 15418459K [0x00007eecbd000000, 0x00007ef0bda00000, 0x00007ef767b00000)
  object space 16787456K, 91% used [0x00007eecbd000000,0x00007ef06a116ca0,0x00007ef0bda00000)
 Metaspace       used 101593K, capacity 102945K, committed 103168K, reserved 104448K
}
Event: 106597,004 GC heap before
{Heap before GC invocations=2305 (full 92):
 PSYoungGen      total 21132288K, used 20238965K [0x00007ef767b00000, 0x00007efcb8e00000, 0x00007efcbd000000)
  eden space 19960832K, 100% used [0x00007ef767b00000,0x00007efc2a000000,0x00007efc2a000000)
  from space 1171456K, 23% used [0x00007efc71600000,0x00007efc8259d7c0,0x00007efcb8e00000)
  to   space 1169408K, 0% used [0x00007efc2a000000,0x00007efc2a000000,0x00007efc71600000)
 ParOldGen       total 16787456K, used 15418459K [0x00007eecbd000000, 0x00007ef0bda00000, 0x00007ef767b00000)
  object space 16787456K, 91% used [0x00007eecbd000000,0x00007ef06a116ca0,0x00007ef0bda00000)
 Metaspace       used 101593K, capacity 102945K, committed 103168K, reserved 104448K
Event: 106597,157 GC heap after
Heap after GC invocations=2305 (full 92):
 PSYoungGen      total 21130240K, used 244065K [0x00007ef767b00000, 0x00007efcb9500000, 0x00007efcbd000000)
  eden space 19960832K, 0% used [0x00007ef767b00000,0x00007ef767b00000,0x00007efc2a000000)
  from space 1169408K, 20% used [0x00007efc2a000000,0x00007efc38e58558,0x00007efc71600000)
  to   space 1140224K, 0% used [0x00007efc73b80000,0x00007efc73b80000,0x00007efcb9500000)
 ParOldGen       total 16787456K, used 15569844K [0x00007eecbd000000, 0x00007ef0bda00000, 0x00007ef767b00000)
  object space 16787456K, 92% used [0x00007eecbd000000,0x00007ef0734ed0a8,0x00007ef0bda00000)
 Metaspace       used 101593K, capacity 102945K, committed 103168K, reserved 104448K
}
Event: 106599,130 GC heap before
{Heap before GC invocations=2306 (full 92):
 PSYoungGen      total 21130240K, used 20204897K [0x00007ef767b00000, 0x00007efcb9500000, 0x00007efcbd000000)
  eden space 19960832K, 100% used [0x00007ef767b00000,0x00007efc2a000000,0x00007efc2a000000)
  from space 1169408K, 20% used [0x00007efc2a000000,0x00007efc38e58558,0x00007efc71600000)
  to   space 1140224K, 0% used [0x00007efc73b80000,0x00007efc73b80000,0x00007efcb9500000)
 ParOldGen       total 16787456K, used 15569844K [0x00007eecbd000000, 0x00007ef0bda00000, 0x00007ef767b00000)
  object space 16787456K, 92% used [0x00007eecbd000000,0x00007ef0734ed0a8,0x00007ef0bda00000)
 Metaspace       used 101593K, capacity 102945K, committed 103168K, reserved 104448K
Event: 106599,233 GC heap after
Heap after GC invocations=2306 (full 92):
 PSYoungGen      total 21180416K, used 166526K [0x00007ef767b00000, 0x00007efcb8d80000, 0x00007efcbd000000)
  eden space 20047872K, 0% used [0x00007ef767b00000,0x00007ef767b00000,0x00007efc2f500000)
  from space 1132544K, 14% used [0x00007efc73b80000,0x00007efc7de1f9a8,0x00007efcb8d80000)
  to   space 1120768K, 0% used [0x00007efc2f500000,0x00007efc2f500000,0x00007efc73b80000)
 ParOldGen       total 16787456K, used 15688624K [0x00007eecbd000000, 0x00007ef0bda00000, 0x00007ef767b00000)
  object space 16787456K, 93% used [0x00007eecbd000000,0x00007ef07a8ec3b0,0x00007ef0bda00000)
 Metaspace       used 101593K, capacity 102945K, committed 103168K, reserved 104448K
}
Event: 106601,190 GC heap before
{Heap before GC invocations=2307 (full 92):
 PSYoungGen      total 21180416K, used 20214398K [0x00007ef767b00000, 0x00007efcb8d80000, 0x00007efcbd000000)
  eden space 20047872K, 100% used [0x00007ef767b00000,0x00007efc2f500000,0x00007efc2f500000)
  from space 1132544K, 14% used [0x00007efc73b80000,0x00007efc7de1f9a8,0x00007efcb8d80000)
  to   space 1120768K, 0% used [0x00007efc2f500000,0x00007efc2f500000,0x00007efc73b80000)
 ParOldGen       total 16787456K, used 15688624K [0x00007eecbd000000, 0x00007ef0bda00000, 0x00007ef767b00000)
  object space 16787456K, 93% used [0x00007eecbd000000,0x00007ef07a8ec3b0,0x00007ef0bda00000)
 Metaspace       used 101593K, capacity 102945K, committed 103168K, reserved 104448K
Event: 106601,321 GC heap after
Heap after GC invocations=2307 (full 92):
 PSYoungGen      total 21168640K, used 317027K [0x00007ef767b00000, 0x00007efcb6080000, 0x00007efcbd000000)
  eden space 20047872K, 0% used [0x00007ef767b00000,0x00007ef767b00000,0x00007efc2f500000)
  from space 1120768K, 28% used [0x00007efc2f500000,0x00007efc42a98d18,0x00007efc73b80000)
  to   space 1069568K, 0% used [0x00007efc74c00000,0x00007efc74c00000,0x00007efcb6080000)
 ParOldGen       total 16787456K, used 15797200K [0x00007eecbd000000, 0x00007ef0bda00000, 0x00007ef767b00000)
  object space 16787456K, 94% used [0x00007eecbd000000,0x00007ef0812f43c8,0x00007ef0bda00000)
 Metaspace       used 101593K, capacity 102945K, committed 103168K, reserved 104448K
}
Event: 106603,294 GC heap before
{Heap before GC invocations=2308 (full 92):
 PSYoungGen      total 21168640K, used 20364899K [0x00007ef767b00000, 0x00007efcb6080000, 0x00007efcbd000000)
  eden space 20047872K, 100% used [0x00007ef767b00000,0x00007efc2f500000,0x00007efc2f500000)
  from space 1120768K, 28% used [0x00007efc2f500000,0x00007efc42a98d18,0x00007efc73b80000)
  to   space 1069568K, 0% used [0x00007efc74c00000,0x00007efc74c00000,0x00007efcb6080000)
 ParOldGen       total 16787456K, used 15797200K [0x00007eecbd000000, 0x00007ef0bda00000, 0x00007ef767b00000)
  object space 16787456K, 94% used [0x00007eecbd000000,0x00007ef0812f43c8,0x00007ef0bda00000)
 Metaspace       used 101593K, capacity 102945K, committed 103168K, reserved 104448K
Event: 106603,418 GC heap after
Heap after GC invocations=2308 (full 92):
 PSYoungGen      total 21216768K, used 215574K [0x00007ef767b00000, 0x00007efcb6000000, 0x00007efcbd000000)
  eden space 20147712K, 0% used [0x00007ef767b00000,0x00007ef767b00000,0x00007efc35680000)
  from space 1069056K, 20% used [0x00007efc74c00000,0x00007efc81e85ac0,0x00007efcb6000000)
  to   space 1037824K, 0% used [0x00007efc35680000,0x00007efc35680000,0x00007efc74c00000)
 ParOldGen       total 16787456K, used 15920232K [0x00007eecbd000000, 0x00007ef0bda00000, 0x00007ef767b00000)
  object space 16787456K, 94% used [0x00007eecbd000000,0x00007ef088b1a3e0,0x00007ef0bda00000)
 Metaspace       used 101593K, capacity 102945K, committed 103168K, reserved 104448K
}
Event: 106603,418 GC heap before
{Heap before GC invocations=2309 (full 93):
 PSYoungGen      total 21216768K, used 215574K [0x00007ef767b00000, 0x00007efcb6000000, 0x00007efcbd000000)
  eden space 20147712K, 0% used [0x00007ef767b00000,0x00007ef767b00000,0x00007efc35680000)
  from space 1069056K, 20% used [0x00007efc74c00000,0x00007efc81e85ac0,0x00007efcb6000000)
  to   space 1037824K, 0% used [0x00007efc35680000,0x00007efc35680000,0x00007efc74c00000)
 ParOldGen       total 16787456K, used 15920232K [0x00007eecbd000000, 0x00007ef0bda00000, 0x00007ef767b00000)
  object space 16787456K, 94% used [0x00007eecbd000000,0x00007ef088b1a3e0,0x00007ef0bda00000)
 Metaspace       used 101593K, capacity 102945K, committed 103168K, reserved 104448K
Event: 106604,037 GC heap after
Heap after GC invocations=2309 (full 93):
 PSYoungGen      total 21216768K, used 0K [0x00007ef767b00000, 0x00007efcb6000000, 0x00007efcbd000000)
  eden space 20147712K, 0% used [0x00007ef767b00000,0x00007ef767b00000,0x00007efc35680000)
  from space 1069056K, 0% used [0x00007efc74c00000,0x00007efc74c00000,0x00007efcb6000000)
  to   space 1037824K, 0% used [0x00007efc35680000,0x00007efc35680000,0x00007efc74c00000)
 ParOldGen       total 19119616K, used 9056788K [0x00007eecbd000000, 0x00007ef14bf80000, 0x00007ef767b00000)
  object space 19119616K, 47% used [0x00007eecbd000000,0x00007eeee5c85138,0x00007ef14bf80000)
 Metaspace       used 101593K, capacity 102945K, committed 103168K, reserved 104448K
}
Event: 106606,025 GC heap before
{Heap before GC invocations=2310 (full 93):
 PSYoungGen      total 21216768K, used 20147712K [0x00007ef767b00000, 0x00007efcb6000000, 0x00007efcbd000000)
  eden space 20147712K, 100% used [0x00007ef767b00000,0x00007efc35680000,0x00007efc35680000)
  from space 1069056K, 0% used [0x00007efc74c00000,0x00007efc74c00000,0x00007efcb6000000)
  to   space 1037824K, 0% used [0x00007efc35680000,0x00007efc35680000,0x00007efc74c00000)
 ParOldGen       total 19119616K, used 9056788K [0x00007eecbd000000, 0x00007ef14bf80000, 0x00007ef767b00000)
  object space 19119616K, 47% used [0x00007eecbd000000,0x00007eeee5c85138,0x00007ef14bf80000)
 Metaspace       used 101593K, capacity 102945K, committed 103168K, reserved 104448K
Event: 106606,142 GC heap after
Heap after GC invocations=2310 (full 93):
 PSYoungGen      total 21185536K, used 578796K [0x00007ef767b00000, 0x00007efcbb980000, 0x00007efcbd000000)
  eden space 20147712K, 0% used [0x00007ef767b00000,0x00007ef767b00000,0x00007efc35680000)
  from space 1037824K, 55% used [0x00007efc35680000,0x00007efc58bbb0d0,0x00007efc74c00000)
  to   space 1041920K, 0% used [0x00007efc7c000000,0x00007efc7c000000,0x00007efcbb980000)
 ParOldGen       total 19119616K, used 9056788K [0x00007eecbd000000, 0x00007ef14bf80000, 0x00007ef767b00000)
  object space 19119616K, 47% used [0x00007eecbd000000,0x00007eeee5c85138,0x00007ef14bf80000)
 Metaspace       used 101593K, capacity 102945K, committed 103168K, reserved 104448K
}
Event: 106608,144 GC heap before
{Heap before GC invocations=2311 (full 93):
 PSYoungGen      total 21185536K, used 20726508K [0x00007ef767b00000, 0x00007efcbb980000, 0x00007efcbd000000)
  eden space 20147712K, 100% used [0x00007ef767b00000,0x00007efc35680000,0x00007efc35680000)
  from space 1037824K, 55% used [0x00007efc35680000,0x00007efc58bbb0d0,0x00007efc74c00000)
  to   space 1041920K, 0% used [0x00007efc7c000000,0x00007efc7c000000,0x00007efcbb980000)
 ParOldGen       total 19119616K, used 9056788K [0x00007eecbd000000, 0x00007ef14bf80000, 0x00007ef767b00000)
  object space 19119616K, 47% used [0x00007eecbd000000,0x00007eeee5c85138,0x00007ef14bf80000)
 Metaspace       used 101593K, capacity 102945K, committed 103168K, reserved 104448K
Event: 106608,316 GC heap after
Heap after GC invocations=2311 (full 93):
 PSYoungGen      total 21317632K, used 119975K [0x00007ef767b00000, 0x00007efcbba00000, 0x00007efcbd000000)
  eden space 20275712K, 0% used [0x00007ef767b00000,0x00007ef767b00000,0x00007efc3d380000)
  from space 1041920K, 11% used [0x00007efc7c000000,0x00007efc83529c58,0x00007efcbb980000)
  to   space 1028608K, 0% used [0x00007efc3d380000,0x00007efc3d380000,0x00007efc7c000000)
 ParOldGen       total 19119616K, used 9576339K [0x00007eecbd000000, 0x00007ef14bf80000, 0x00007ef767b00000)
  object space 19119616K, 50% used [0x00007eecbd000000,0x00007eef057e4c90,0x00007ef14bf80000)
 Metaspace       used 101593K, capacity 102945K, committed 103168K, reserved 104448K
}
Event: 106610,428 GC heap before
{Heap before GC invocations=2312 (full 93):
 PSYoungGen      total 21317632K, used 20395687K [0x00007ef767b00000, 0x00007efcbba00000, 0x00007efcbd000000)
  eden space 20275712K, 100% used [0x00007ef767b00000,0x00007efc3d380000,0x00007efc3d380000)
  from space 1041920K, 11% used [0x00007efc7c000000,0x00007efc83529c58,0x00007efcbb980000)
  to   space 1028608K, 0% used [0x00007efc3d380000,0x00007efc3d380000,0x00007efc7c000000)
 ParOldGen       total 19119616K, used 9576339K [0x00007eecbd000000, 0x00007ef14bf80000, 0x00007ef767b00000)
  object space 19119616K, 50% used [0x00007eecbd000000,0x00007eef057e4c90,0x00007ef14bf80000)
 Metaspace       used 101593K, capacity 102945K, committed 103168K, reserved 104448K
Event: 106610,500 GC heap after
Heap after GC invocations=2312 (full 93):
 PSYoungGen      total 21304320K, used 126964K [0x00007ef767b00000, 0x00007efcb9b00000, 0x00007efcbd000000)
  eden space 20275712K, 0% used [0x00007ef767b00000,0x00007ef767b00000,0x00007efc3d380000)
  from space 1028608K, 12% used [0x00007efc3d380000,0x00007efc44f7d340,0x00007efc7c000000)
  to   space 1008128K, 0% used [0x00007efc7c280000,0x00007efc7c280000,0x00007efcb9b00000)
 ParOldGen       total 19119616K, used 9577289K [0x00007eecbd000000, 0x00007ef14bf80000, 0x00007ef767b00000)
  object space 19119616K, 50% used [0x00007eecbd000000,0x00007eef058d2788,0x00007ef14bf80000)
 Metaspace       used 101593K, capacity 102945K, committed 103168K, reserved 104448K
}
Event: 106612,494 GC heap before
{Heap before GC invocations=2313 (full 93):
 PSYoungGen      total 21304320K, used 20402676K [0x00007ef767b00000, 0x00007efcb9b00000, 0x00007efcbd000000)
  eden space 20275712K, 100% used [0x00007ef767b00000,0x00007efc3d380000,0x00007efc3d380000)
  from space 1028608K, 12% used [0x00007efc3d380000,0x00007efc44f7d340,0x00007efc7c000000)
  to   space 1008128K, 0% used [0x00007efc7c280000,0x00007efc7c280000,0x00007efcb9b00000)
 ParOldGen       total 19119616K, used 9577289K [0x00007eecbd000000, 0x00007ef14bf80000, 0x00007ef767b00000)
  object space 19119616K, 50% used [0x00007eecbd000000,0x00007eef058d2788,0x00007ef14bf80000)
 Metaspace       used 101593K, capacity 102945K, committed 103168K, reserved 104448K
Event: 106612,564 GC heap after
Heap after GC invocations=2313 (full 93):
 PSYoungGen      total 21319168K, used 103648K [0x00007ef767b00000, 0x00007efcb9200000, 0x00007efcbd000000)
  eden space 20320256K, 0% used [0x00007ef767b00000,0x00007ef767b00000,0x00007efc3ff00000)
  from space 998912K, 10% used [0x00007efc7c280000,0x00007efc827b8098,0x00007efcb9200000)
  to   space 986624K, 0% used [0x00007efc3ff00000,0x00007efc3ff00000,0x00007efc7c280000)
 ParOldGen       total 19119616K, used 9610993K [0x00007eecbd000000, 0x00007ef14bf80000, 0x00007ef767b00000)
  object space 19119616K, 50% used [0x00007eecbd000000,0x00007eef079bc750,0x00007ef14bf80000)
 Metaspace       used 101593K, capacity 102945K, committed 103168K, reserved 104448K
}
Event: 106614,586 GC heap before
{Heap before GC invocations=2314 (full 93):
 PSYoungGen      total 21319168K, used 20423904K [0x00007ef767b00000, 0x00007efcb9200000, 0x00007efcbd000000)
  eden space 20320256K, 100% used [0x00007ef767b00000,0x00007efc3ff00000,0x00007efc3ff00000)
  from space 998912K, 10% used [0x00007efc7c280000,0x00007efc827b8098,0x00007efcb9200000)
  to   space 986624K, 0% used [0x00007efc3ff00000,0x00007efc3ff00000,0x00007efc7c280000)
 ParOldGen       total 19119616K, used 9610993K [0x00007eecbd000000, 0x00007ef14bf80000, 0x00007ef767b00000)
  object space 19119616K, 50% used [0x00007eecbd000000,0x00007eef079bc750,0x00007ef14bf80000)
 Metaspace       used 101593K, capacity 102945K, committed 103168K, reserved 104448K
Event: 106614,639 GC heap after
Heap after GC invocations=2314 (full 93):
 PSYoungGen      total 21306880K, used 130692K [0x00007ef767b00000, 0x00007efcb8700000, 0x00007efcbd000000)
  eden space 20320256K, 0% used [0x00007ef767b00000,0x00007ef767b00000,0x00007efc3ff00000)
  from space 986624K, 13% used [0x00007efc3ff00000,0x00007efc47ea1268,0x00007efc7c280000)
  to   space 955392K, 0% used [0x00007efc7e200000,0x00007efc7e200000,0x00007efcb8700000)
 ParOldGen       total 19119616K, used 9612150K [0x00007eecbd000000, 0x00007ef14bf80000, 0x00007ef767b00000)
  object space 19119616K, 50% used [0x00007eecbd000000,0x00007eef07add8e0,0x00007ef14bf80000)
 Metaspace       used 101593K, capacity 102945K, committed 103168K, reserved 104448K
}
Event: 106616,694 GC heap before
{Heap before GC invocations=2315 (full 93):
 PSYoungGen      total 21306880K, used 20450948K [0x00007ef767b00000, 0x00007efcb8700000, 0x00007efcbd000000)
  eden space 20320256K, 100% used [0x00007ef767b00000,0x00007efc3ff00000,0x00007efc3ff00000)
  from space 986624K, 13% used [0x00007efc3ff00000,0x00007efc47ea1268,0x00007efc7c280000)
  to   space 955392K, 0% used [0x00007efc7e200000,0x00007efc7e200000,0x00007efcb8700000)
 ParOldGen       total 19119616K, used 9612150K [0x00007eecbd000000, 0x00007ef14bf80000, 0x00007ef767b00000)
  object space 19119616K, 50% used [0x00007eecbd000000,0x00007eef07add8e0,0x00007ef14bf80000)
 Metaspace       used 101593K, capacity 102945K, committed 103168K, reserved 104448K
Event: 106616,768 GC heap after
Heap after GC invocations=2315 (full 93):
 PSYoungGen      total 21330944K, used 213789K [0x00007ef767b00000, 0x00007efcb5480000, 0x00007efcbd000000)
  eden space 20427264K, 0% used [0x00007ef767b00000,0x00007ef767b00000,0x00007efc46780000)
  from space 903680K, 23% used [0x00007efc7e200000,0x00007efc8b2c7578,0x00007efcb5480000)
  to   space 907776K, 0% used [0x00007efc46780000,0x00007efc46780000,0x00007efc7de00000)
 ParOldGen       total 19119616K, used 9654428K [0x00007eecbd000000, 0x00007ef14bf80000, 0x00007ef767b00000)
  object space 19119616K, 50% used [0x00007eecbd000000,0x00007eef0a4273e8,0x00007ef14bf80000)
 Metaspace       used 101593K, capacity 102945K, committed 103168K, reserved 104448K
}
Event: 106618,839 GC heap before
{Heap before GC invocations=2316 (full 93):
 PSYoungGen      total 21330944K, used 20641053K [0x00007ef767b00000, 0x00007efcb5480000, 0x00007efcbd000000)
  eden space 20427264K, 100% used [0x00007ef767b00000,0x00007efc46780000,0x00007efc46780000)
  from space 903680K, 23% used [0x00007efc7e200000,0x00007efc8b2c7578,0x00007efcb5480000)
  to   space 907776K, 0% used [0x00007efc46780000,0x00007efc46780000,0x00007efc7de00000)
 ParOldGen       total 19119616K, used 9654428K [0x00007eecbd000000, 0x00007ef14bf80000, 0x00007ef767b00000)
  object space 19119616K, 50% used [0x00007eecbd000000,0x00007eef0a4273e8,0x00007ef14bf80000)
 Metaspace       used 101593K, capacity 102945K, committed 103168K, reserved 104448K
Event: 106618,960 GC heap after
Heap after GC invocations=2316 (full 93):
 PSYoungGen      total 21335040K, used 323680K [0x00007ef767b00000, 0x00007efcb6d00000, 0x00007efcbd000000)
  eden space 20427264K, 0% used [0x00007ef767b00000,0x00007ef767b00000,0x00007efc46780000)
  from space 907776K, 35% used [0x00007efc46780000,0x00007efc5a398190,0x00007efc7de00000)
  to   space 855040K, 0% used [0x00007efc82a00000,0x00007efc82a00000,0x00007efcb6d00000)
 ParOldGen       total 19119616K, used 9736156K [0x00007eecbd000000, 0x00007ef14bf80000, 0x00007ef767b00000)
  object space 19119616K, 50% used [0x00007eecbd000000,0x00007eef0f3f72f0,0x00007ef14bf80000)
 Metaspace       used 101593K, capacity 102945K, committed 103168K, reserved 104448K
}
Event: 106621,009 GC heap before
{Heap before GC invocations=2317 (full 93):
 PSYoungGen      total 21335040K, used 20750944K [0x00007ef767b00000, 0x00007efcb6d00000, 0x00007efcbd000000)
  eden space 20427264K, 100% used [0x00007ef767b00000,0x00007efc46780000,0x00007efc46780000)
  from space 907776K, 35% used [0x00007efc46780000,0x00007efc5a398190,0x00007efc7de00000)
  to   space 855040K, 0% used [0x00007efc82a00000,0x00007efc82a00000,0x00007efcb6d00000)
 ParOldGen       total 19119616K, used 9736156K [0x00007eecbd000000, 0x00007ef14bf80000, 0x00007ef767b00000)
  object space 19119616K, 50% used [0x00007eecbd000000,0x00007eef0f3f72f0,0x00007ef14bf80000)
 Metaspace       used 101593K, capacity 102945K, committed 103168K, reserved 104448K
Event: 106621,161 GC heap after
Heap after GC invocations=2317 (full 93):
 PSYoungGen      total 21414400K, used 325905K [0x00007ef767b00000, 0x00007efcb4080000, 0x00007efcbd000000)
  eden space 20604928K, 0% used [0x00007ef767b00000,0x00007ef767b00000,0x00007efc51500000)
  from space 809472K, 40% used [0x00007efc82a00000,0x00007efc96844680,0x00007efcb4080000)
  to   space 807936K, 0% used [0x00007efc51500000,0x00007efc51500000,0x00007efc82a00000)
 ParOldGen       total 19119616K, used 9918377K [0x00007eecbd000000, 0x00007ef14bf80000, 0x00007ef767b00000)
  object space 19119616K, 51% used [0x00007eecbd000000,0x00007eef1a5ea468,0x00007ef14bf80000)
 Metaspace       used 101593K, capacity 102945K, committed 103168K, reserved 104448K
}
Event: 106623,257 GC heap before
{Heap before GC invocations=2318 (full 93):
 PSYoungGen      total 21414400K, used 20930833K [0x00007ef767b00000, 0x00007efcb4080000, 0x00007efcbd000000)
  eden space 20604928K, 100% used [0x00007ef767b00000,0x00007efc51500000,0x00007efc51500000)
  from space 809472K, 40% used [0x00007efc82a00000,0x00007efc96844680,0x00007efcb4080000)
  to   space 807936K, 0% used [0x00007efc51500000,0x00007efc51500000,0x00007efc82a00000)
 ParOldGen       total 19119616K, used 9918377K [0x00007eecbd000000, 0x00007ef14bf80000, 0x00007ef767b00000)
  object space 19119616K, 51% used [0x00007eecbd000000,0x00007eef1a5ea468,0x00007ef14bf80000)
 Metaspace       used 101593K, capacity 102945K, committed 103168K, reserved 104448K
Event: 106623,401 GC heap after
Heap after GC invocations=2318 (full 93):
 PSYoungGen      total 21412864K, used 198911K [0x00007ef767b00000, 0x00007efcb9080000, 0x00007efcbd000000)
  eden space 20604928K, 0% used [0x00007ef767b00000,0x00007ef767b00000,0x00007efc51500000)
  from space 807936K, 24% used [0x00007efc51500000,0x00007efc5d73fdd0,0x00007efc82a00000)
  to   space 776192K, 0% used [0x00007efc89a80000,0x00007efc89a80000,0x00007efcb9080000)
 ParOldGen       total 19119616K, used 10141042K [0x00007eecbd000000, 0x00007ef14bf80000, 0x00007ef767b00000)
  object space 19119616K, 53% used [0x00007eecbd000000,0x00007eef27f5cb98,0x00007ef14bf80000)
 Metaspace       used 101593K, capacity 102945K, committed 103168K, reserved 104448K
}
Event: 106625,520 GC heap before
{Heap before GC invocations=2319 (full 93):
 PSYoungGen      total 21412864K, used 20803839K [0x00007ef767b00000, 0x00007efcb9080000, 0x00007efcbd000000)
  eden space 20604928K, 100% used [0x00007ef767b00000,0x00007efc51500000,0x00007efc51500000)
  from space 807936K, 24% used [0x00007efc51500000,0x00007efc5d73fdd0,0x00007efc82a00000)
  to   space 776192K, 0% used [0x00007efc89a80000,0x00007efc89a80000,0x00007efcb9080000)
 ParOldGen       total 19119616K, used 10141042K [0x00007eecbd000000, 0x00007ef14bf80000, 0x00007ef767b00000)
  object space 19119616K, 53% used [0x00007eecbd000000,0x00007eef27f5cb98,0x00007ef14bf80000)
 Metaspace       used 101593K, capacity 102945K, committed 103168K, reserved 104448K
Event: 106625,594 GC heap after
Heap after GC invocations=2319 (full 93):
 PSYoungGen      total 21540864K, used 89282K [0x00007ef767b00000, 0x00007efcb9800000, 0x00007efcbd000000)
  eden space 20764672K, 0% used [0x00007ef767b00000,0x00007ef767b00000,0x00007efc5b100000)
  from space 776192K, 11% used [0x00007efc89a80000,0x00007efc8f1b09b0,0x00007efcb9080000)
  to   space 763392K, 0% used [0x00007efc5b100000,0x00007efc5b100000,0x00007efc89a80000)
 ParOldGen       total 19119616K, used 10220236K [0x00007eecbd000000, 0x00007ef14bf80000, 0x00007ef767b00000)
  object space 19119616K, 53% used [0x00007eecbd000000,0x00007eef2ccb3150,0x00007ef14bf80000)
 Metaspace       used 101593K, capacity 102945K, committed 103168K, reserved 104448K
}
Event: 106627,727 GC heap before
{Heap before GC invocations=2320 (full 93):
 PSYoungGen      total 21540864K, used 20853954K [0x00007ef767b00000, 0x00007efcb9800000, 0x00007efcbd000000)
  eden space 20764672K, 100% used [0x00007ef767b00000,0x00007efc5b100000,0x00007efc5b100000)
  from space 776192K, 11% used [0x00007efc89a80000,0x00007efc8f1b09b0,0x00007efcb9080000)
  to   space 763392K, 0% used [0x00007efc5b100000,0x00007efc5b100000,0x00007efc89a80000)
 ParOldGen       total 19119616K, used 10220236K [0x00007eecbd000000, 0x00007ef14bf80000, 0x00007ef767b00000)
  object space 19119616K, 53% used [0x00007eecbd000000,0x00007eef2ccb3150,0x00007ef14bf80000)
 Metaspace       used 101593K, capacity 102945K, committed 103168K, reserved 104448K
Event: 106627,789 GC heap after
Heap after GC invocations=2320 (full 93):
 PSYoungGen      total 21528064K, used 165463K [0x00007ef767b00000, 0x00007efcb8880000, 0x00007efcbd000000)
  eden space 20764672K, 0% used [0x00007ef767b00000,0x00007ef767b00000,0x00007efc5b100000)
  from space 763392K, 21% used [0x00007efc5b100000,0x00007efc65295fe8,0x00007efc89a80000)
  to   space 733184K, 0% used [0x00007efc8bc80000,0x00007efc8bc80000,0x00007efcb8880000)
 ParOldGen       total 19119616K, used 10224008K [0x00007eecbd000000, 0x00007ef14bf80000, 0x00007ef767b00000)
  object space 19119616K, 53% used [0x00007eecbd000000,0x00007eef2d0623c8,0x00007ef14bf80000)
 Metaspace       used 101593K, capacity 102945K, committed 103168K, reserved 104448K
}
Event: 106629,893 GC heap before
{Heap before GC invocations=2321 (full 93):
 PSYoungGen      total 21528064K, used 20930135K [0x00007ef767b00000, 0x00007efcb8880000, 0x00007efcbd000000)
  eden space 20764672K, 100% used [0x00007ef767b00000,0x00007efc5b100000,0x00007efc5b100000)
  from space 763392K, 21% used [0x00007efc5b100000,0x00007efc65295fe8,0x00007efc89a80000)
  to   space 733184K, 0% used [0x00007efc8bc80000,0x00007efc8bc80000,0x00007efcb8880000)
 ParOldGen       total 19119616K, used 10224008K [0x00007eecbd000000, 0x00007ef14bf80000, 0x00007ef767b00000)
  object space 19119616K, 53% used [0x00007eecbd000000,0x00007eef2d0623c8,0x00007ef14bf80000)
 Metaspace       used 101593K, capacity 102945K, committed 103168K, reserved 104448K
Event: 106629,962 GC heap after
Heap after GC invocations=2321 (full 93):
 PSYoungGen      total 21579776K, used 143520K [0x00007ef767b00000, 0x00007efcb7f80000, 0x00007efcbd000000)
  eden space 20855808K, 0% used [0x00007ef767b00000,0x00007ef767b00000,0x00007efc60a00000)
  from space 723968K, 19% used [0x00007efc8bc80000,0x00007efc948a8098,0x00007efcb7f80000)
  to   space 707072K, 0% used [0x00007efc60a00000,0x00007efc60a00000,0x00007efc8bc80000)
 ParOldGen       total 19119616K, used 10273323K [0x00007eecbd000000, 0x00007ef14bf80000, 0x00007ef767b00000)
  object space 19119616K, 53% used [0x00007eecbd000000,0x00007eef3008aef0,0x00007ef14bf80000)
 Metaspace       used 101593K, capacity 102945K, committed 103168K, reserved 104448K
}
Event: 106632,038 GC heap before
{Heap before GC invocations=2322 (full 93):
 PSYoungGen      total 21579776K, used 20999328K [0x00007ef767b00000, 0x00007efcb7f80000, 0x00007efcbd000000)
  eden space 20855808K, 100% used [0x00007ef767b00000,0x00007efc60a00000,0x00007efc60a00000)
  from space 723968K, 19% used [0x00007efc8bc80000,0x00007efc948a8098,0x00007efcb7f80000)
  to   space 707072K, 0% used [0x00007efc60a00000,0x00007efc60a00000,0x00007efc8bc80000)
 ParOldGen       total 19119616K, used 10273323K [0x00007eecbd000000, 0x00007ef14bf80000, 0x00007ef767b00000)
  object space 19119616K, 53% used [0x00007eecbd000000,0x00007eef3008aef0,0x00007ef14bf80000)
 Metaspace       used 101593K, capacity 102945K, committed 103168K, reserved 104448K
Event: 106632,117 GC heap after
Heap after GC invocations=2322 (full 93):
 PSYoungGen      total 21562880K, used 129252K [0x00007ef767b00000, 0x00007efcb8f80000, 0x00007efcbd000000)
  eden space 20855808K, 0% used [0x00007ef767b00000,0x00007ef767b00000,0x00007efc60a00000)
  from space 707072K, 18% used [0x00007efc60a00000,0x00007efc688390f0,0x00007efc8bc80000)
  to   space 682496K, 0% used [0x00007efc8f500000,0x00007efc8f500000,0x00007efcb8f80000)
 ParOldGen       total 19119616K, used 10369641K [0x00007eecbd000000, 0x00007ef14bf80000, 0x00007ef767b00000)
  object space 19119616K, 54% used [0x00007eecbd000000,0x00007eef35e9a568,0x00007ef14bf80000)
 Metaspace       used 101593K, capacity 102945K, committed 103168K, reserved 104448K
}
Event: 106634,282 GC heap before
{Heap before GC invocations=2323 (full 93):
 PSYoungGen      total 21562880K, used 20985060K [0x00007ef767b00000, 0x00007efcb8f80000, 0x00007efcbd000000)
  eden space 20855808K, 100% used [0x00007ef767b00000,0x00007efc60a00000,0x00007efc60a00000)
  from space 707072K, 18% used [0x00007efc60a00000,0x00007efc688390f0,0x00007efc8bc80000)
  to   space 682496K, 0% used [0x00007efc8f500000,0x00007efc8f500000,0x00007efcb8f80000)
 ParOldGen       total 19119616K, used 10369641K [0x00007eecbd000000, 0x00007ef14bf80000, 0x00007ef767b00000)
  object space 19119616K, 54% used [0x00007eecbd000000,0x00007eef35e9a568,0x00007ef14bf80000)
 Metaspace       used 101593K, capacity 102945K, committed 103168K, reserved 104448K
Event: 106634,355 GC heap after
Heap after GC invocations=2323 (full 93):
 PSYoungGen      total 21636608K, used 131868K [0x00007ef767b00000, 0x00007efcb8600000, 0x00007efcbd000000)
  eden space 20963840K, 0% used [0x00007ef767b00000,0x00007ef767b00000,0x00007efc67380000)
  from space 672768K, 19% used [0x00007efc8f500000,0x00007efc975c7118,0x00007efcb8600000)
  to   space 656896K, 0% used [0x00007efc67380000,0x00007efc67380000,0x00007efc8f500000)
 ParOldGen       total 19119616K, used 10425416K [0x00007eecbd000000, 0x00007ef14bf80000, 0x00007ef767b00000)
  object space 19119616K, 54% used [0x00007eecbd000000,0x00007eef39512258,0x00007ef14bf80000)
 Metaspace       used 101593K, capacity 102945K, committed 103168K, reserved 104448K
}
Event: 106636,455 GC heap before
{Heap before GC invocations=2324 (full 93):
 PSYoungGen      total 21636608K, used 21095708K [0x00007ef767b00000, 0x00007efcb8600000, 0x00007efcbd000000)
  eden space 20963840K, 100% used [0x00007ef767b00000,0x00007efc67380000,0x00007efc67380000)
  from space 672768K, 19% used [0x00007efc8f500000,0x00007efc975c7118,0x00007efcb8600000)
  to   space 656896K, 0% used [0x00007efc67380000,0x00007efc67380000,0x00007efc8f500000)
 ParOldGen       total 19119616K, used 10425416K [0x00007eecbd000000, 0x00007ef14bf80000, 0x00007ef767b00000)
  object space 19119616K, 54% used [0x00007eecbd000000,0x00007eef39512258,0x00007ef14bf80000)
 Metaspace       used 101593K, capacity 102945K, committed 103168K, reserved 104448K
Event: 106636,529 GC heap after
Heap after GC invocations=2324 (full 93):
 PSYoungGen      total 21620736K, used 66168K [0x00007ef767b00000, 0x00007efcba280000, 0x00007efcbd000000)
  eden space 20963840K, 0% used [0x00007ef767b00000,0x00007ef767b00000,0x00007efc67380000)
  from space 656896K, 10% used [0x00007efc67380000,0x00007efc6b41e108,0x00007efc8f500000)
  to   space 641536K, 0% used [0x00007efc93000000,0x00007efc93000000,0x00007efcba280000)
 ParOldGen       total 19119616K, used 10460911K [0x00007eecbd000000, 0x00007ef14bf80000, 0x00007ef767b00000)
  object space 19119616K, 54% used [0x00007eecbd000000,0x00007eef3b7bbc80,0x00007ef14bf80000)
 Metaspace       used 101593K, capacity 102945K, committed 103168K, reserved 104448K
}
Event: 106638,663 GC heap before
{Heap before GC invocations=2325 (full 93):
 PSYoungGen      total 21620736K, used 21030008K [0x00007ef767b00000, 0x00007efcba280000, 0x00007efcbd000000)
  eden space 20963840K, 100% used [0x00007ef767b00000,0x00007efc67380000,0x00007efc67380000)
  from space 656896K, 10% used [0x00007efc67380000,0x00007efc6b41e108,0x00007efc8f500000)
  to   space 641536K, 0% used [0x00007efc93000000,0x00007efc93000000,0x00007efcba280000)
 ParOldGen       total 19119616K, used 10460911K [0x00007eecbd000000, 0x00007ef14bf80000, 0x00007ef767b00000)
  object space 19119616K, 54% used [0x00007eecbd000000,0x00007eef3b7bbc80,0x00007ef14bf80000)
 Metaspace       used 101593K, capacity 102945K, committed 103168K, reserved 104448K
Event: 106638,715 GC heap after
Heap after GC invocations=2325 (full 93):
 PSYoungGen      total 21685248K, used 122986K [0x00007ef767b00000, 0x00007efcb8c00000, 0x00007efcbd000000)
  eden space 21066752K, 0% used [0x00007ef767b00000,0x00007ef767b00000,0x00007efc6d800000)
  from space 618496K, 19% used [0x00007efc93000000,0x00007efc9a81a810,0x00007efcb8c00000)
  to   space 614400K, 0% used [0x00007efc6d800000,0x00007efc6d800000,0x00007efc93000000)
 ParOldGen       total 19119616K, used 10461574K [0x00007eecbd000000, 0x00007ef14bf80000, 0x00007ef767b00000)
  object space 19119616K, 54% used [0x00007eecbd000000,0x00007eef3b861a60,0x00007ef14bf80000)
 Metaspace       used 101593K, capacity 102945K, committed 103168K, reserved 104448K
}
Event: 106640,861 GC heap before
{Heap before GC invocations=2326 (full 93):
 PSYoungGen      total 21685248K, used 21189738K [0x00007ef767b00000, 0x00007efcb8c00000, 0x00007efcbd000000)
  eden space 21066752K, 100% used [0x00007ef767b00000,0x00007efc6d800000,0x00007efc6d800000)
  from space 618496K, 19% used [0x00007efc93000000,0x00007efc9a81a810,0x00007efcb8c00000)
  to   space 614400K, 0% used [0x00007efc6d800000,0x00007efc6d800000,0x00007efc93000000)
 ParOldGen       total 19119616K, used 10461574K [0x00007eecbd000000, 0x00007ef14bf80000, 0x00007ef767b00000)
  object space 19119616K, 54% used [0x00007eecbd000000,0x00007eef3b861a60,0x00007ef14bf80000)
 Metaspace       used 101593K, capacity 102945K, committed 103168K, reserved 104448K
Event: 106640,916 GC heap after
Heap after GC invocations=2326 (full 93):
 PSYoungGen      total 21681152K, used 127769K [0x00007ef767b00000, 0x00007efcb9500000, 0x00007efcbd000000)
  eden space 21066752K, 0% used [0x00007ef767b00000,0x00007ef767b00000,0x00007efc6d800000)
  from space 614400K, 20% used [0x00007efc6d800000,0x00007efc754c6640,0x00007efc93000000)
  to   space 586240K, 0% used [0x00007efc95880000,0x00007efc95880000,0x00007efcb9500000)
 ParOldGen       total 19119616K, used 10502517K [0x00007eecbd000000, 0x00007ef14bf80000, 0x00007ef767b00000)
  object space 19119616K, 54% used [0x00007eecbd000000,0x00007eef3e05d408,0x00007ef14bf80000)
 Metaspace       used 101593K, capacity 102945K, committed 103168K, reserved 104448K
}
Event: 106642,962 GC heap before
{Heap before GC invocations=2327 (full 93):
 PSYoungGen      total 21681152K, used 21194521K [0x00007ef767b00000, 0x00007efcb9500000, 0x00007efcbd000000)
  eden space 21066752K, 100% used [0x00007ef767b00000,0x00007efc6d800000,0x00007efc6d800000)
  from space 614400K, 20% used [0x00007efc6d800000,0x00007efc754c6640,0x00007efc93000000)
  to   space 586240K, 0% used [0x00007efc95880000,0x00007efc95880000,0x00007efcb9500000)
 ParOldGen       total 19119616K, used 10502517K [0x00007eecbd000000, 0x00007ef14bf80000, 0x00007ef767b00000)
  object space 19119616K, 54% used [0x00007eecbd000000,0x00007eef3e05d408,0x00007ef14bf80000)
 Metaspace       used 101593K, capacity 102945K, committed 103168K, reserved 104448K
Event: 106643,059 GC heap after
Heap after GC invocations=2327 (full 93):
 PSYoungGen      total 21723136K, used 300377K [0x00007ef767b00000, 0x00007efcbb380000, 0x00007efcbd000000)
  eden space 21136896K, 0% used [0x00007ef767b00000,0x00007ef767b00000,0x00007efc71c80000)
  from space 586240K, 51% used [0x00007efc95880000,0x00007efca7dd65e8,0x00007efcb9500000)
  to   space 585728K, 0% used [0x00007efc71c80000,0x00007efc71c80000,0x00007efc95880000)
 ParOldGen       total 19119616K, used 10554773K [0x00007eecbd000000, 0x00007ef14bf80000, 0x00007ef767b00000)
  object space 19119616K, 55% used [0x00007eecbd000000,0x00007eef41365460,0x00007ef14bf80000)
 Metaspace       used 101593K, capacity 102945K, committed 103168K, reserved 104448K
}
Event: 106645,196 GC heap before
{Heap before GC invocations=2328 (full 93):
 PSYoungGen      total 21723136K, used 21437273K [0x00007ef767b00000, 0x00007efcbb380000, 0x00007efcbd000000)
  eden space 21136896K, 100% used [0x00007ef767b00000,0x00007efc71c80000,0x00007efc71c80000)
  from space 586240K, 51% used [0x00007efc95880000,0x00007efca7dd65e8,0x00007efcb9500000)
  to   space 585728K, 0% used [0x00007efc71c80000,0x00007efc71c80000,0x00007efc95880000)
 ParOldGen       total 19119616K, used 10554773K [0x00007eecbd000000, 0x00007ef14bf80000, 0x00007ef767b00000)
  object space 19119616K, 55% used [0x00007eecbd000000,0x00007eef41365460,0x00007ef14bf80000)
 Metaspace       used 101593K, capacity 102945K, committed 103168K, reserved 104448K
Event: 106645,315 GC heap after
Heap after GC invocations=2328 (full 93):
 PSYoungGen      total 21722624K, used 164618K [0x00007ef767b00000, 0x00007efcb9380000, 0x00007efcbd000000)
  eden space 21136896K, 0% used [0x00007ef767b00000,0x00007ef767b00000,0x00007efc71c80000)
  from space 585728K, 28% used [0x00007efc71c80000,0x00007efc7bd428e8,0x00007efc95880000)
  to   space 555008K, 0% used [0x00007efc97580000,0x00007efc97580000,0x00007efcb9380000)
 ParOldGen       total 19119616K, used 10732564K [0x00007eecbd000000, 0x00007ef14bf80000, 0x00007ef767b00000)
  object space 19119616K, 56% used [0x00007eecbd000000,0x00007eef4c105098,0x00007ef14bf80000)
 Metaspace       used 101593K, capacity 102945K, committed 103168K, reserved 104448K
}
Event: 106647,407 GC heap before
{Heap before GC invocations=2329 (full 93):
 PSYoungGen      total 21722624K, used 21301514K [0x00007ef767b00000, 0x00007efcb9380000, 0x00007efcbd000000)
  eden space 21136896K, 100% used [0x00007ef767b00000,0x00007efc71c80000,0x00007efc71c80000)
  from space 585728K, 28% used [0x00007efc71c80000,0x00007efc7bd428e8,0x00007efc95880000)
  to   space 555008K, 0% used [0x00007efc97580000,0x00007efc97580000,0x00007efcb9380000)
 ParOldGen       total 19119616K, used 10732564K [0x00007eecbd000000, 0x00007ef14bf80000, 0x00007ef767b00000)
  object space 19119616K, 56% used [0x00007eecbd000000,0x00007eef4c105098,0x00007ef14bf80000)
 Metaspace       used 101593K, capacity 102945K, committed 103168K, reserved 104448K
Event: 106647,492 GC heap after
Heap after GC invocations=2329 (full 93):
 PSYoungGen      total 21767168K, used 254182K [0x00007ef767b00000, 0x00007efcb9200000, 0x00007efcbd000000)
  eden space 21213696K, 0% used [0x00007ef767b00000,0x00007ef767b00000,0x00007efc76780000)
  from space 553472K, 45% used [0x00007efc97580000,0x00007efca6db9a08,0x00007efcb9200000)
  to   space 538624K, 0% used [0x00007efc76780000,0x00007efc76780000,0x00007efc97580000)
 ParOldGen       total 19119616K, used 10746412K [0x00007eecbd000000, 0x00007ef14bf80000, 0x00007ef767b00000)
  object space 19119616K, 56% used [0x00007eecbd000000,0x00007eef4ce8b2c8,0x00007ef14bf80000)
 Metaspace       used 101593K, capacity 102945K, committed 103168K, reserved 104448K
}
Event: 106649,629 GC heap before
{Heap before GC invocations=2330 (full 93):
 PSYoungGen      total 21767168K, used 21467878K [0x00007ef767b00000, 0x00007efcb9200000, 0x00007efcbd000000)
  eden space 21213696K, 100% used [0x00007ef767b00000,0x00007efc76780000,0x00007efc76780000)
  from space 553472K, 45% used [0x00007efc97580000,0x00007efca6db9a08,0x00007efcb9200000)
  to   space 538624K, 0% used [0x00007efc76780000,0x00007efc76780000,0x00007efc97580000)
 ParOldGen       total 19119616K, used 10746412K [0x00007eecbd000000, 0x00007ef14bf80000, 0x00007ef767b00000)
  object space 19119616K, 56% used [0x00007eecbd000000,0x00007eef4ce8b2c8,0x00007ef14bf80000)
 Metaspace       used 101593K, capacity 102945K, committed 103168K, reserved 104448K
Event: 106649,722 GC heap after
Heap after GC invocations=2330 (full 93):
 PSYoungGen      total 21752320K, used 206434K [0x00007ef767b00000, 0x00007efcb8180000, 0x00007efcbd000000)
  eden space 21213696K, 0% used [0x00007ef767b00000,0x00007ef767b00000,0x00007efc76780000)
  from space 538624K, 38% used [0x00007efc76780000,0x00007efc831188e8,0x00007efc97580000)
  to   space 505856K, 0% used [0x00007efc99380000,0x00007efc99380000,0x00007efcb8180000)
 ParOldGen       total 19119616K, used 10852159K [0x00007eecbd000000, 0x00007ef14bf80000, 0x00007ef767b00000)
  object space 19119616K, 56% used [0x00007eecbd000000,0x00007eef535cff08,0x00007ef14bf80000)
 Metaspace       used 101593K, capacity 102945K, committed 103168K, reserved 104448K
}
Event: 106651,839 GC heap before
{Heap before GC invocations=2331 (full 93):
 PSYoungGen      total 21752320K, used 21420130K [0x00007ef767b00000, 0x00007efcb8180000, 0x00007efcbd000000)
  eden space 21213696K, 100% used [0x00007ef767b00000,0x00007efc76780000,0x00007efc76780000)
  from space 538624K, 38% used [0x00007efc76780000,0x00007efc831188e8,0x00007efc97580000)
  to   space 505856K, 0% used [0x00007efc99380000,0x00007efc99380000,0x00007efcb8180000)
 ParOldGen       total 19119616K, used 10852159K [0x00007eecbd000000, 0x00007ef14bf80000, 0x00007ef767b00000)
  object space 19119616K, 56% used [0x00007eecbd000000,0x00007eef535cff08,0x00007ef14bf80000)
 Metaspace       used 101593K, capacity 102945K, committed 103168K, reserved 104448K
Event: 106651,927 GC heap after
Heap after GC invocations=2331 (full 93):
 PSYoungGen      total 21798912K, used 125442K [0x00007ef767b00000, 0x00007efcb9100000, 0x00007efcbd000000)
  eden space 21293056K, 0% used [0x00007ef767b00000,0x00007ef767b00000,0x00007efc7b500000)
  from space 505856K, 24% used [0x00007efc99380000,0x00007efca0e009c0,0x00007efcb8180000)
  to   space 489984K, 0% used [0x00007efc7b500000,0x00007efc7b500000,0x00007efc99380000)
 ParOldGen       total 19119616K, used 10984067K [0x00007eecbd000000, 0x00007ef14bf80000, 0x00007ef767b00000)
  object space 19119616K, 57% used [0x00007eecbd000000,0x00007eef5b6a0f18,0x00007ef14bf80000)
 Metaspace       used 101593K, capacity 102945K, committed 103168K, reserved 104448K
}
Event: 106654,089 GC heap before
{Heap before GC invocations=2332 (full 93):
 PSYoungGen      total 21798912K, used 21418498K [0x00007ef767b00000, 0x00007efcb9100000, 0x00007efcbd000000)
  eden space 21293056K, 100% used [0x00007ef767b00000,0x00007efc7b500000,0x00007efc7b500000)
  from space 505856K, 24% used [0x00007efc99380000,0x00007efca0e009c0,0x00007efcb8180000)
  to   space 489984K, 0% used [0x00007efc7b500000,0x00007efc7b500000,0x00007efc99380000)
 ParOldGen       total 19119616K, used 10984067K [0x00007eecbd000000, 0x00007ef14bf80000, 0x00007ef767b00000)
  object space 19119616K, 57% used [0x00007eecbd000000,0x00007eef5b6a0f18,0x00007ef14bf80000)
 Metaspace       used 101593K, capacity 102945K, committed 103168K, reserved 104448K
Event: 106654,166 GC heap after
Heap after GC invocations=2332 (full 93):
 PSYoungGen      total 21783040K, used 216121K [0x00007ef767b00000, 0x00007efcb9480000, 0x00007efcbd000000)
  eden space 21293056K, 0% used [0x00007ef767b00000,0x00007ef767b00000,0x00007efc7b500000)
  from space 489984K, 44% used [0x00007efc7b500000,0x00007efc8880e638,0x00007efc99380000)
  to   space 467456K, 0% used [0x00007efc9cc00000,0x00007efc9cc00000,0x00007efcb9480000)
 ParOldGen       total 19119616K, used 10999401K [0x00007eecbd000000, 0x00007ef14bf80000, 0x00007ef767b00000)
  object space 19119616K, 57% used [0x00007eecbd000000,0x00007eef5c59a400,0x00007ef14bf80000)
 Metaspace       used 101593K, capacity 102945K, committed 103168K, reserved 104448K
}
Event: 106656,269 GC heap before
{Heap before GC invocations=2333 (full 93):
 PSYoungGen      total 21783040K, used 21509177K [0x00007ef767b00000, 0x00007efcb9480000, 0x00007efcbd000000)
  eden space 21293056K, 100% used [0x00007ef767b00000,0x00007efc7b500000,0x00007efc7b500000)
  from space 489984K, 44% used [0x00007efc7b500000,0x00007efc8880e638,0x00007efc99380000)
  to   space 467456K, 0% used [0x00007efc9cc00000,0x00007efc9cc00000,0x00007efcb9480000)
 ParOldGen       total 19119616K, used 10999401K [0x00007eecbd000000, 0x00007ef14bf80000, 0x00007ef767b00000)
  object space 19119616K, 57% used [0x00007eecbd000000,0x00007eef5c59a400,0x00007ef14bf80000)
 Metaspace       used 101593K, capacity 102945K, committed 103168K, reserved 104448K
Event: 106656,377 GC heap after
Heap after GC invocations=2333 (full 93):
 PSYoungGen      total 21856768K, used 211920K [0x00007ef767b00000, 0x00007efcb8e00000, 0x00007efcbd000000)
  eden space 21395968K, 0% used [0x00007ef767b00000,0x00007ef767b00000,0x00007efc81980000)
  from space 460800K, 45% used [0x00007efc9cc00000,0x00007efca9af4108,0x00007efcb8e00000)
  to   space 444928K, 0% used [0x00007efc81980000,0x00007efc81980000,0x00007efc9cc00000)
 ParOldGen       total 19119616K, used 11080056K [0x00007eecbd000000, 0x00007ef14bf80000, 0x00007ef767b00000)
  object space 19119616K, 57% used [0x00007eecbd000000,0x00007eef6145e240,0x00007ef14bf80000)
 Metaspace       used 101593K, capacity 102945K, committed 103168K, reserved 104448K
}
Event: 106658,503 GC heap before
{Heap before GC invocations=2334 (full 93):
 PSYoungGen      total 21856768K, used 21607888K [0x00007ef767b00000, 0x00007efcb8e00000, 0x00007efcbd000000)
  eden space 21395968K, 100% used [0x00007ef767b00000,0x00007efc81980000,0x00007efc81980000)
  from space 460800K, 45% used [0x00007efc9cc00000,0x00007efca9af4108,0x00007efcb8e00000)
  to   space 444928K, 0% used [0x00007efc81980000,0x00007efc81980000,0x00007efc9cc00000)
 ParOldGen       total 19119616K, used 11080056K [0x00007eecbd000000, 0x00007ef14bf80000, 0x00007ef767b00000)
  object space 19119616K, 57% used [0x00007eecbd000000,0x00007eef6145e240,0x00007ef14bf80000)
 Metaspace       used 101593K, capacity 102945K, committed 103168K, reserved 104448K
Event: 106658,592 GC heap after
Heap after GC invocations=2334 (full 93):
 PSYoungGen      total 21840896K, used 71804K [0x00007ef767b00000, 0x00007efcbbc80000, 0x00007efcbd000000)
  eden space 21395968K, 0% used [0x00007ef767b00000,0x00007ef767b00000,0x00007efc81980000)
  from space 444928K, 16% used [0x00007efc81980000,0x00007efc85f9f070,0x00007efc9cc00000)
  to   space 442880K, 0% used [0x00007efca0c00000,0x00007efca0c00000,0x00007efcbbc80000)
 ParOldGen       total 19119616K, used 11216420K [0x00007eecbd000000, 0x00007ef14bf80000, 0x00007ef767b00000)
  object space 19119616K, 58% used [0x00007eecbd000000,0x00007eef69989058,0x00007ef14bf80000)
 Metaspace       used 101593K, capacity 102945K, committed 103168K, reserved 104448K
}
Event: 106660,753 GC heap before
{Heap before GC invocations=2335 (full 93):
 PSYoungGen      total 21840896K, used 21467772K [0x00007ef767b00000, 0x00007efcbbc80000, 0x00007efcbd000000)
  eden space 21395968K, 100% used [0x00007ef767b00000,0x00007efc81980000,0x00007efc81980000)
  from space 444928K, 16% used [0x00007efc81980000,0x00007efc85f9f070,0x00007efc9cc00000)
  to   space 442880K, 0% used [0x00007efca0c00000,0x00007efca0c00000,0x00007efcbbc80000)
 ParOldGen       total 19119616K, used 11216420K [0x00007eecbd000000, 0x00007ef14bf80000, 0x00007ef767b00000)
  object space 19119616K, 58% used [0x00007eecbd000000,0x00007eef69989058,0x00007ef14bf80000)
 Metaspace       used 101593K, capacity 102945K, committed 103168K, reserved 104448K
Event: 106660,804 GC heap after
Heap after GC invocations=2335 (full 93):
 PSYoungGen      total 21914112K, used 84491K [0x00007ef767b00000, 0x00007efcbbf00000, 0x00007efcbd000000)
  eden space 21471232K, 0% used [0x00007ef767b00000,0x00007ef767b00000,0x00007efc86300000)
  from space 442880K, 19% used [0x00007efca0c00000,0x00007efca5e82c80,0x00007efcbbc80000)
  to   space 435200K, 0% used [0x00007efc86300000,0x00007efc86300000,0x00007efca0c00000)
 ParOldGen       total 19119616K, used 11237196K [0x00007eecbd000000, 0x00007ef14bf80000, 0x00007ef767b00000)
  object space 19119616K, 58% used [0x00007eecbd000000,0x00007eef6add30a0,0x00007ef14bf80000)
 Metaspace       used 101593K, capacity 102945K, committed 103168K, reserved 104448K
}
Event: 106662,930 GC heap before
{Heap before GC invocations=2336 (full 93):
 PSYoungGen      total 21914112K, used 21555723K [0x00007ef767b00000, 0x00007efcbbf00000, 0x00007efcbd000000)
  eden space 21471232K, 100% used [0x00007ef767b00000,0x00007efc86300000,0x00007efc86300000)
  from space 442880K, 19% used [0x00007efca0c00000,0x00007efca5e82c80,0x00007efcbbc80000)
  to   space 435200K, 0% used [0x00007efc86300000,0x00007efc86300000,0x00007efca0c00000)
 ParOldGen       total 19119616K, used 11237196K [0x00007eecbd000000, 0x00007ef14bf80000, 0x00007ef767b00000)
  object space 19119616K, 58% used [0x00007eecbd000000,0x00007eef6add30a0,0x00007ef14bf80000)
 Metaspace       used 101593K, capacity 102945K, committed 103168K, reserved 104448K
Event: 106662,981 GC heap after
Heap after GC invocations=2336 (full 93):
 PSYoungGen      total 21906432K, used 138413K [0x00007ef767b00000, 0x00007efcba380000, 0x00007efcbd000000)
  eden space 21471232K, 0% used [0x00007ef767b00000,0x00007ef767b00000,0x00007efc86300000)
  from space 435200K, 31% used [0x00007efc86300000,0x00007efc8ea2b490,0x00007efca0c00000)
  to   space 416256K, 0% used [0x00007efca0d00000,0x00007efca0d00000,0x00007efcba380000)
 ParOldGen       total 19119616K, used 11241938K [0x00007eecbd000000, 0x00007ef14bf80000, 0x00007ef767b00000)
  object space 19119616K, 58% used [0x00007eecbd000000,0x00007eef6b274860,0x00007ef14bf80000)
 Metaspace       used 101593K, capacity 102945K, committed 103168K, reserved 104448K
}
Event: 106665,130 GC heap before
{Heap before GC invocations=2337 (full 93):
 PSYoungGen      total 21906432K, used 21609645K [0x00007ef767b00000, 0x00007efcba380000, 0x00007efcbd000000)
  eden space 21471232K, 100% used [0x00007ef767b00000,0x00007efc86300000,0x00007efc86300000)
  from space 435200K, 31% used [0x00007efc86300000,0x00007efc8ea2b490,0x00007efca0c00000)
  to   space 416256K, 0% used [0x00007efca0d00000,0x00007efca0d00000,0x00007efcba380000)
 ParOldGen       total 19119616K, used 11241938K [0x00007eecbd000000, 0x00007ef14bf80000, 0x00007ef767b00000)
  object space 19119616K, 58% used [0x00007eecbd000000,0x00007eef6b274860,0x00007ef14bf80000)
 Metaspace       used 101593K, capacity 102945K, committed 103168K, reserved 104448K
Event: 106665,186 GC heap after
Heap after GC invocations=2337 (full 93):
 PSYoungGen      total 21914112K, used 150469K [0x00007ef767b00000, 0x00007efcb9680000, 0x00007efcbd000000)
  eden space 21511168K, 0% used [0x00007ef767b00000,0x00007ef767b00000,0x00007efc88a00000)
  from space 402944K, 37% used [0x00007efca0d00000,0x00007efca9ff16f0,0x00007efcb9680000)
  to   space 396288K, 0% used [0x00007efc88a00000,0x00007efc88a00000,0x00007efca0d00000)
 ParOldGen       total 19119616K, used 11263585K [0x00007eecbd000000, 0x00007ef14bf80000, 0x00007ef767b00000)
  object space 19119616K, 58% used [0x00007eecbd000000,0x00007eef6c798588,0x00007ef14bf80000)
 Metaspace       used 101593K, capacity 102945K, committed 103168K, reserved 104448K
}
Event: 106667,374 GC heap before
{Heap before GC invocations=2338 (full 93):
 PSYoungGen      total 21914112K, used 21661637K [0x00007ef767b00000, 0x00007efcb9680000, 0x00007efcbd000000)
  eden space 21511168K, 100% used [0x00007ef767b00000,0x00007efc88a00000,0x00007efc88a00000)
  from space 402944K, 37% used [0x00007efca0d00000,0x00007efca9ff16f0,0x00007efcb9680000)
  to   space 396288K, 0% used [0x00007efc88a00000,0x00007efc88a00000,0x00007efca0d00000)
 ParOldGen       total 19119616K, used 11263585K [0x00007eecbd000000, 0x00007ef14bf80000, 0x00007ef767b00000)
  object space 19119616K, 58% used [0x00007eecbd000000,0x00007eef6c798588,0x00007ef14bf80000)
 Metaspace       used 101593K, capacity 102945K, committed 103168K, reserved 104448K
Event: 106667,455 GC heap after
Heap after GC invocations=2338 (full 93):
 PSYoungGen      total 21907456K, used 237765K [0x00007ef767b00000, 0x00007efcbcd80000, 0x00007efcbd000000)
  eden space 21511168K, 0% used [0x00007ef767b00000,0x00007ef767b00000,0x00007efc88a00000)
  from space 396288K, 59% used [0x00007efc88a00000,0x00007efc972317f0,0x00007efca0d00000)
  to   space 398336K, 0% used [0x00007efca4880000,0x00007efca4880000,0x00007efcbcd80000)
 ParOldGen       total 19119616K, used 11275513K [0x00007eecbd000000, 0x00007ef14bf80000, 0x00007ef767b00000)
  object space 19119616K, 58% used [0x00007eecbd000000,0x00007eef6d33e588,0x00007ef14bf80000)
 Metaspace       used 101593K, capacity 102945K, committed 103168K, reserved 104448K
}
Event: 106669,565 GC heap before
{Heap before GC invocations=2339 (full 93):
 PSYoungGen      total 21907456K, used 21748933K [0x00007ef767b00000, 0x00007efcbcd80000, 0x00007efcbd000000)
  eden space 21511168K, 100% used [0x00007ef767b00000,0x00007efc88a00000,0x00007efc88a00000)
  from space 396288K, 59% used [0x00007efc88a00000,0x00007efc972317f0,0x00007efca0d00000)
  to   space 398336K, 0% used [0x00007efca4880000,0x00007efca4880000,0x00007efcbcd80000)
 ParOldGen       total 19119616K, used 11275513K [0x00007eecbd000000, 0x00007ef14bf80000, 0x00007ef767b00000)
  object space 19119616K, 58% used [0x00007eecbd000000,0x00007eef6d33e588,0x00007ef14bf80000)
 Metaspace       used 101593K, capacity 102945K, committed 103168K, reserved 104448K
Event: 106669,687 GC heap after
Heap after GC invocations=2339 (full 93):
 PSYoungGen      total 21914624K, used 315256K [0x00007ef767b00000, 0x00007efcbd000000, 0x00007efcbd000000)
  eden space 21516288K, 0% used [0x00007ef767b00000,0x00007ef767b00000,0x00007efc88f00000)
  from space 398336K, 79% used [0x00007efca4880000,0x00007efcb7c5e128,0x00007efcbcd80000)
  to   space 426496K, 0% used [0x00007efc88f00000,0x00007efc88f00000,0x00007efca2f80000)
 ParOldGen       total 19119616K, used 11373506K [0x00007eecbd000000, 0x00007ef14bf80000, 0x00007ef767b00000)
  object space 19119616K, 59% used [0x00007eecbd000000,0x00007eef732f0b00,0x00007ef14bf80000)
 Metaspace       used 101593K, capacity 102945K, committed 103168K, reserved 104448K
}
Event: 106671,854 GC heap before
{Heap before GC invocations=2340 (full 93):
 PSYoungGen      total 21914624K, used 21831544K [0x00007ef767b00000, 0x00007efcbd000000, 0x00007efcbd000000)
  eden space 21516288K, 100% used [0x00007ef767b00000,0x00007efc88f00000,0x00007efc88f00000)
  from space 398336K, 79% used [0x00007efca4880000,0x00007efcb7c5e128,0x00007efcbcd80000)
  to   space 426496K, 0% used [0x00007efc88f00000,0x00007efc88f00000,0x00007efca2f80000)
 ParOldGen       total 19119616K, used 11373506K [0x00007eecbd000000, 0x00007ef14bf80000, 0x00007ef767b00000)
  object space 19119616K, 59% used [0x00007eecbd000000,0x00007eef732f0b00,0x00007ef14bf80000)
 Metaspace       used 101593K, capacity 102945K, committed 103168K, reserved 104448K
Event: 106671,986 GC heap after
Heap after GC invocations=2340 (full 93):
 PSYoungGen      total 21837312K, used 320829K [0x00007ef767b00000, 0x00007efcbd000000, 0x00007efcbd000000)
  eden space 21516288K, 0% used [0x00007ef767b00000,0x00007ef767b00000,0x00007efc88f00000)
  from space 321024K, 99% used [0x00007efc88f00000,0x00007efc9c84f528,0x00007efc9c880000)
  to   space 451072K, 0% used [0x00007efca1780000,0x00007efca1780000,0x00007efcbd000000)
 ParOldGen       total 19119616K, used 11520363K [0x00007eecbd000000, 0x00007ef14bf80000, 0x00007ef767b00000)
  object space 19119616K, 60% used [0x00007eecbd000000,0x00007eef7c25ae58,0x00007ef14bf80000)
 Metaspace       used 101593K, capacity 102945K, committed 103168K, reserved 104448K
}
Event: 106674,131 GC heap before
{Heap before GC invocations=2341 (full 93):
 PSYoungGen      total 21837312K, used 21837117K [0x00007ef767b00000, 0x00007efcbd000000, 0x00007efcbd000000)
  eden space 21516288K, 100% used [0x00007ef767b00000,0x00007efc88f00000,0x00007efc88f00000)
  from space 321024K, 99% used [0x00007efc88f00000,0x00007efc9c84f528,0x00007efc9c880000)
  to   space 451072K, 0% used [0x00007efca1780000,0x00007efca1780000,0x00007efcbd000000)
 ParOldGen       total 19119616K, used 11520363K [0x00007eecbd000000, 0x00007ef14bf80000, 0x00007ef767b00000)
  object space 19119616K, 60% used [0x00007eecbd000000,0x00007eef7c25ae58,0x00007ef14bf80000)
 Metaspace       used 101593K, capacity 102945K, committed 103168K, reserved 104448K
Event: 106674,273 GC heap after
Heap after GC invocations=2341 (full 93):
 PSYoungGen      total 21792256K, used 442741K [0x00007ef767b00000, 0x00007efcbd000000, 0x00007efcbd000000)
  eden space 21341184K, 0% used [0x00007ef767b00000,0x00007ef767b00000,0x00007efc7e400000)
  from space 451072K, 98% used [0x00007efca1780000,0x00007efcbc7dd760,0x00007efcbd000000)
  to   space 514048K, 0% used [0x00007efc7e400000,0x00007efc7e400000,0x00007efc9da00000)
 ParOldGen       total 19119616K, used 11601061K [0x00007eecbd000000, 0x00007ef14bf80000, 0x00007ef767b00000)
  object space 19119616K, 60% used [0x00007eecbd000000,0x00007eef811297c0,0x00007ef14bf80000)
 Metaspace       used 101593K, capacity 102945K, committed 103168K, reserved 104448K
}
Event: 106676,397 GC heap before
{Heap before GC invocations=2342 (full 93):
 PSYoungGen      total 21792256K, used 21783925K [0x00007ef767b00000, 0x00007efcbd000000, 0x00007efcbd000000)
  eden space 21341184K, 100% used [0x00007ef767b00000,0x00007efc7e400000,0x00007efc7e400000)
  from space 451072K, 98% used [0x00007efca1780000,0x00007efcbc7dd760,0x00007efcbd000000)
  to   space 514048K, 0% used [0x00007efc7e400000,0x00007efc7e400000,0x00007efc9da00000)
 ParOldGen       total 19119616K, used 11601061K [0x00007eecbd000000, 0x00007ef14bf80000, 0x00007ef767b00000)
  object space 19119616K, 60% used [0x00007eecbd000000,0x00007eef811297c0,0x00007ef14bf80000)
 Metaspace       used 101593K, capacity 102945K, committed 103168K, reserved 104448K
Event: 106676,544 GC heap after
Heap after GC invocations=2342 (full 93):
 PSYoungGen      total 21855232K, used 186548K [0x00007ef767b00000, 0x00007efcbd000000, 0x00007efcbd000000)
  eden space 21341184K, 0% used [0x00007ef767b00000,0x00007ef767b00000,0x00007efc7e400000)
  from space 514048K, 36% used [0x00007efc7e400000,0x00007efc89a2d010,0x00007efc9da00000)
  to   space 493056K, 0% used [0x00007efc9ee80000,0x00007efc9ee80000,0x00007efcbd000000)
 ParOldGen       total 19119616K, used 11907145K [0x00007eecbd000000, 0x00007ef14bf80000, 0x00007ef767b00000)
  object space 19119616K, 62% used [0x00007eecbd000000,0x00007eef93c127a8,0x00007ef14bf80000)
 Metaspace       used 101593K, capacity 102945K, committed 103168K, reserved 104448K
}
Event: 106678,638 GC heap before
{Heap before GC invocations=2343 (full 93):
 PSYoungGen      total 21855232K, used 21527732K [0x00007ef767b00000, 0x00007efcbd000000, 0x00007efcbd000000)
  eden space 21341184K, 100% used [0x00007ef767b00000,0x00007efc7e400000,0x00007efc7e400000)
  from space 514048K, 36% used [0x00007efc7e400000,0x00007efc89a2d010,0x00007efc9da00000)
  to   space 493056K, 0% used [0x00007efc9ee80000,0x00007efc9ee80000,0x00007efcbd000000)
 ParOldGen       total 19119616K, used 11907145K [0x00007eecbd000000, 0x00007ef14bf80000, 0x00007ef767b00000)
  object space 19119616K, 62% used [0x00007eecbd000000,0x00007eef93c127a8,0x00007ef14bf80000)
 Metaspace       used 101593K, capacity 102945K, committed 103168K, reserved 104448K
Event: 106678,708 GC heap after
Heap after GC invocations=2343 (full 93):
 PSYoungGen      total 21820928K, used 105190K [0x00007ef767b00000, 0x00007efcbae80000, 0x00007efcbd000000)
  eden space 21362176K, 0% used [0x00007ef767b00000,0x00007ef767b00000,0x00007efc7f880000)
  from space 458752K, 22% used [0x00007efc9ee80000,0x00007efca5539838,0x00007efcbae80000)
  to   space 486400K, 0% used [0x00007efc7f880000,0x00007efc7f880000,0x00007efc9d380000)
 ParOldGen       total 19119616K, used 11983765K [0x00007eecbd000000, 0x00007ef14bf80000, 0x00007ef767b00000)
  object space 19119616K, 62% used [0x00007eecbd000000,0x00007eef986e5688,0x00007ef14bf80000)
 Metaspace       used 101593K, capacity 102945K, committed 103168K, reserved 104448K
}
Event: 106680,904 GC heap before
{Heap before GC invocations=2344 (full 93):
 PSYoungGen      total 21820928K, used 21467366K [0x00007ef767b00000, 0x00007efcbae80000, 0x00007efcbd000000)
  eden space 21362176K, 100% used [0x00007ef767b00000,0x00007efc7f880000,0x00007efc7f880000)
  from space 458752K, 22% used [0x00007efc9ee80000,0x00007efca5539838,0x00007efcbae80000)
  to   space 486400K, 0% used [0x00007efc7f880000,0x00007efc7f880000,0x00007efc9d380000)
 ParOldGen       total 19119616K, used 11983765K [0x00007eecbd000000, 0x00007ef14bf80000, 0x00007ef767b00000)
  object space 19119616K, 62% used [0x00007eecbd000000,0x00007eef986e5688,0x00007ef14bf80000)
 Metaspace       used 101593K, capacity 102945K, committed 103168K, reserved 104448K
Event: 106680,978 GC heap after
Heap after GC invocations=2344 (full 93):
 PSYoungGen      total 21848576K, used 162451K [0x00007ef767b00000, 0x00007efcbc600000, 0x00007efcbd000000)
  eden space 21362176K, 0% used [0x00007ef767b00000,0x00007ef767b00000,0x00007efc7f880000)
  from space 486400K, 33% used [0x00007efc7f880000,0x00007efc89724e20,0x00007efc9d380000)
  to   space 467456K, 0% used [0x00007efc9fd80000,0x00007efc9fd80000,0x00007efcbc600000)
 ParOldGen       total 19119616K, used 11987015K [0x00007eecbd000000, 0x00007ef14bf80000, 0x00007ef767b00000)
  object space 19119616K, 62% used [0x00007eecbd000000,0x00007eef98a11ea8,0x00007ef14bf80000)
 Metaspace       used 101593K, capacity 102945K, committed 103168K, reserved 104448K
}
Event: 106683,045 GC heap before
{Heap before GC invocations=2345 (full 93):
 PSYoungGen      total 21848576K, used 21524627K [0x00007ef767b00000, 0x00007efcbc600000, 0x00007efcbd000000)
  eden space 21362176K, 100% used [0x00007ef767b00000,0x00007efc7f880000,0x00007efc7f880000)
  from space 486400K, 33% used [0x00007efc7f880000,0x00007efc89724e20,0x00007efc9d380000)
  to   space 467456K, 0% used [0x00007efc9fd80000,0x00007efc9fd80000,0x00007efcbc600000)
 ParOldGen       total 19119616K, used 11987015K [0x00007eecbd000000, 0x00007ef14bf80000, 0x00007ef767b00000)
  object space 19119616K, 62% used [0x00007eecbd000000,0x00007eef98a11ea8,0x00007ef14bf80000)
 Metaspace       used 101593K, capacity 102945K, committed 103168K, reserved 104448K
Event: 106683,121 GC heap after
Heap after GC invocations=2345 (full 93):
 PSYoungGen      total 21851648K, used 122913K [0x00007ef767b00000, 0x00007efcba780000, 0x00007efcbd000000)
  eden space 21415424K, 0% used [0x00007ef767b00000,0x00007ef767b00000,0x00007efc82c80000)
  from space 436224K, 28% used [0x00007efc9fd80000,0x00007efca75886c0,0x00007efcba780000)
  to   space 456192K, 0% used [0x00007efc82c80000,0x00007efc82c80000,0x00007efc9ea00000)
 ParOldGen       total 19119616K, used 12084750K [0x00007eecbd000000, 0x00007ef14bf80000, 0x00007ef767b00000)
  object space 19119616K, 63% used [0x00007eecbd000000,0x00007eef9e983bd0,0x00007ef14bf80000)
 Metaspace       used 101593K, capacity 102945K, committed 103168K, reserved 104448K
}
Event: 106685,217 GC heap before
{Heap before GC invocations=2346 (full 93):
 PSYoungGen      total 21851648K, used 21538337K [0x00007ef767b00000, 0x00007efcba780000, 0x00007efcbd000000)
  eden space 21415424K, 100% used [0x00007ef767b00000,0x00007efc82c80000,0x00007efc82c80000)
  from space 436224K, 28% used [0x00007efc9fd80000,0x00007efca75886c0,0x00007efcba780000)
  to   space 456192K, 0% used [0x00007efc82c80000,0x00007efc82c80000,0x00007efc9ea00000)
 ParOldGen       total 19119616K, used 12084750K [0x00007eecbd000000, 0x00007ef14bf80000, 0x00007ef767b00000)
  object space 19119616K, 63% used [0x00007eecbd000000,0x00007eef9e983bd0,0x00007ef14bf80000)
 Metaspace       used 101593K, capacity 102945K, committed 103168K, reserved 104448K
Event: 106685,295 GC heap after
Heap after GC invocations=2346 (full 93):
 PSYoungGen      total 21871616K, used 242080K [0x00007ef767b00000, 0x00007efcbd000000, 0x00007efcbd000000)
  eden space 21415424K, 0% used [0x00007ef767b00000,0x00007ef767b00000,0x00007efc82c80000)
  from space 456192K, 53% used [0x00007efc82c80000,0x00007efc918e83b0,0x00007efc9ea00000)
  to   space 446464K, 0% used [0x00007efca1c00000,0x00007efca1c00000,0x00007efcbd000000)
 ParOldGen       total 19119616K, used 12130168K [0x00007eecbd000000, 0x00007ef14bf80000, 0x00007ef767b00000)
  object space 19119616K, 63% used [0x00007eecbd000000,0x00007eefa15de390,0x00007ef14bf80000)
 Metaspace       used 101593K, capacity 102945K, committed 103168K, reserved 104448K
}
Event: 106687,360 GC heap before
{Heap before GC invocations=2347 (full 93):
 PSYoungGen      total 21871616K, used 21657504K [0x00007ef767b00000, 0x00007efcbd000000, 0x00007efcbd000000)
  eden space 21415424K, 100% used [0x00007ef767b00000,0x00007efc82c80000,0x00007efc82c80000)
  from space 456192K, 53% used [0x00007efc82c80000,0x00007efc918e83b0,0x00007efc9ea00000)
  to   space 446464K, 0% used [0x00007efca1c00000,0x00007efca1c00000,0x00007efcbd000000)
 ParOldGen       total 19119616K, used 12130168K [0x00007eecbd000000, 0x00007ef14bf80000, 0x00007ef767b00000)
  object space 19119616K, 63% used [0x00007eecbd000000,0x00007eefa15de390,0x00007ef14bf80000)
 Metaspace       used 101593K, capacity 102945K, committed 103168K, reserved 104448K
Event: 106687,482 GC heap after
Heap after GC invocations=2347 (full 93):
 PSYoungGen      total 21877760K, used 235185K [0x00007ef767b00000, 0x00007efcbad80000, 0x00007efcbd000000)
  eden space 21466624K, 0% used [0x00007ef767b00000,0x00007ef767b00000,0x00007efc85e80000)
  from space 411136K, 57% used [0x00007efca1c00000,0x00007efcb01ac400,0x00007efcbad80000)
  to   space 433664K, 0% used [0x00007efc85e80000,0x00007efc85e80000,0x00007efca0600000)
 ParOldGen       total 19119616K, used 12271892K [0x00007eecbd000000, 0x00007ef14bf80000, 0x00007ef767b00000)
  object space 19119616K, 64% used [0x00007eecbd000000,0x00007eefaa0450b8,0x00007ef14bf80000)
 Metaspace       used 101593K, capacity 102945K, committed 103168K, reserved 104448K
}
Event: 106689,554 GC heap before
{Heap before GC invocations=2348 (full 93):
 PSYoungGen      total 21877760K, used 21701809K [0x00007ef767b00000, 0x00007efcbad80000, 0x00007efcbd000000)
  eden space 21466624K, 100% used [0x00007ef767b00000,0x00007efc85e80000,0x00007efc85e80000)
  from space 411136K, 57% used [0x00007efca1c00000,0x00007efcb01ac400,0x00007efcbad80000)
  to   space 433664K, 0% used [0x00007efc85e80000,0x00007efc85e80000,0x00007efca0600000)
 ParOldGen       total 19119616K, used 12271892K [0x00007eecbd000000, 0x00007ef14bf80000, 0x00007ef767b00000)
  object space 19119616K, 64% used [0x00007eecbd000000,0x00007eefaa0450b8,0x00007ef14bf80000)
 Metaspace       used 101593K, capacity 102945K, committed 103168K, reserved 104448K
Event: 106689,656 GC heap after
Heap after GC invocations=2348 (full 93):
 PSYoungGen      total 21900288K, used 294169K [0x00007ef767b00000, 0x00007efcbd000000, 0x00007efcbd000000)
  eden space 21466624K, 0% used [0x00007ef767b00000,0x00007ef767b00000,0x00007efc85e80000)
  from space 433664K, 67% used [0x00007efc85e80000,0x00007efc97dc6650,0x00007efca0600000)
  to   space 443392K, 0% used [0x00007efca1f00000,0x00007efca1f00000,0x00007efcbd000000)
 ParOldGen       total 19119616K, used 12337742K [0x00007eecbd000000, 0x00007ef14bf80000, 0x00007ef767b00000)
  object space 19119616K, 64% used [0x00007eecbd000000,0x00007eefae093830,0x00007ef14bf80000)
 Metaspace       used 101593K, capacity 102945K, committed 103168K, reserved 104448K
}
Event: 106691,762 GC heap before
{Heap before GC invocations=2349 (full 93):
 PSYoungGen      total 21900288K, used 21760793K [0x00007ef767b00000, 0x00007efcbd000000, 0x00007efcbd000000)
  eden space 21466624K, 100% used [0x00007ef767b00000,0x00007efc85e80000,0x00007efc85e80000)
  from space 433664K, 67% used [0x00007efc85e80000,0x00007efc97dc6650,0x00007efca0600000)
  to   space 443392K, 0% used [0x00007efca1f00000,0x00007efca1f00000,0x00007efcbd000000)
 ParOldGen       total 19119616K, used 12337742K [0x00007eecbd000000, 0x00007ef14bf80000, 0x00007ef767b00000)
  object space 19119616K, 64% used [0x00007eecbd000000,0x00007eefae093830,0x00007ef14bf80000)
 Metaspace       used 101593K, capacity 102945K, committed 103168K, reserved 104448K
Event: 106691,890 GC heap after
Heap after GC invocations=2349 (full 93):
 PSYoungGen      total 21891072K, used 324166K [0x00007ef767b00000, 0x00007efcbd000000, 0x00007efcbd000000)
  eden space 21447680K, 0% used [0x00007ef767b00000,0x00007ef767b00000,0x00007efc84c00000)
  from space 443392K, 73% used [0x00007efca1f00000,0x00007efcb5b91b28,0x00007efcbd000000)
  to   space 460800K, 0% used [0x00007efc84c00000,0x00007efc84c00000,0x00007efca0e00000)
 ParOldGen       total 19119616K, used 12479262K [0x00007eecbd000000, 0x00007ef14bf80000, 0x00007ef767b00000)
  object space 19119616K, 65% used [0x00007eecbd000000,0x00007eefb6ac7808,0x00007ef14bf80000)
 Metaspace       used 101593K, capacity 102945K, committed 103168K, reserved 104448K
}
Event: 106693,991 GC heap before
{Heap before GC invocations=2350 (full 93):
 PSYoungGen      total 21891072K, used 21771846K [0x00007ef767b00000, 0x00007efcbd000000, 0x00007efcbd000000)
  eden space 21447680K, 100% used [0x00007ef767b00000,0x00007efc84c00000,0x00007efc84c00000)
  from space 443392K, 73% used [0x00007efca1f00000,0x00007efcb5b91b28,0x00007efcbd000000)
  to   space 460800K, 0% used [0x00007efc84c00000,0x00007efc84c00000,0x00007efca0e00000)
 ParOldGen       total 19119616K, used 12479262K [0x00007eecbd000000, 0x00007ef14bf80000, 0x00007ef767b00000)
  object space 19119616K, 65% used [0x00007eecbd000000,0x00007eefb6ac7808,0x00007ef14bf80000)
 Metaspace       used 101593K, capacity 102945K, committed 103168K, reserved 104448K
Event: 106694,144 GC heap after
Heap after GC invocations=2350 (full 93):
 PSYoungGen      total 21908480K, used 460786K [0x00007ef767b00000, 0x00007efcbd000000, 0x00007efcbd000000)
  eden space 21447680K, 0% used [0x00007ef767b00000,0x00007ef767b00000,0x00007efc84c00000)
  from space 460800K, 99% used [0x00007efc84c00000,0x00007efca0dfc800,0x00007efca0e00000)
  to   space 460800K, 0% used [0x00007efca0e00000,0x00007efca0e00000,0x00007efcbd000000)
 ParOldGen       total 19119616K, used 12641519K [0x00007eecbd000000, 0x00007ef14bf80000, 0x00007ef767b00000)
  object space 19119616K, 66% used [0x00007eecbd000000,0x00007eefc093bf20,0x00007ef14bf80000)
 Metaspace       used 101593K, capacity 102945K, committed 103168K, reserved 104448K
}
Event: 106696,221 GC heap before
{Heap before GC invocations=2351 (full 93):
 PSYoungGen      total 21908480K, used 21908466K [0x00007ef767b00000, 0x00007efcbd000000, 0x00007efcbd000000)
  eden space 21447680K, 100% used [0x00007ef767b00000,0x00007efc84c00000,0x00007efc84c00000)
  from space 460800K, 99% used [0x00007efc84c00000,0x00007efca0dfc800,0x00007efca0e00000)
  to   space 460800K, 0% used [0x00007efca0e00000,0x00007efca0e00000,0x00007efcbd000000)
 ParOldGen       total 19119616K, used 12641519K [0x00007eecbd000000, 0x00007ef14bf80000, 0x00007ef767b00000)
  object space 19119616K, 66% used [0x00007eecbd000000,0x00007eefc093bf20,0x00007ef14bf80000)
 Metaspace       used 101593K, capacity 102945K, committed 103168K, reserved 104448K
Event: 106696,416 GC heap after
Heap after GC invocations=2351 (full 93):
 PSYoungGen      total 21619712K, used 409176K [0x00007ef767b00000, 0x00007efcbd000000, 0x00007efcbd000000)
  eden space 21158912K, 0% used [0x00007ef767b00000,0x00007ef767b00000,0x00007efc73200000)
  from space 460800K, 88% used [0x00007efca0e00000,0x00007efcb9d963f0,0x00007efcbd000000)
  to   space 605184K, 0% used [0x00007efc73200000,0x00007efc73200000,0x00007efc98100000)
 ParOldGen       total 19119616K, used 12972779K [0x00007eecbd000000, 0x00007ef14bf80000, 0x00007ef767b00000)
  object space 19119616K, 67% used [0x00007eecbd000000,0x00007eefd4cbaf48,0x00007ef14bf80000)
 Metaspace       used 101593K, capacity 102945K, committed 103168K, reserved 104448K
}
Event: 106698,472 GC heap before
{Heap before GC invocations=2352 (full 93):
 PSYoungGen      total 21619712K, used 21568088K [0x00007ef767b00000, 0x00007efcbd000000, 0x00007efcbd000000)
  eden space 21158912K, 100% used [0x00007ef767b00000,0x00007efc73200000,0x00007efc73200000)
  from space 460800K, 88% used [0x00007efca0e00000,0x00007efcb9d963f0,0x00007efcbd000000)
  to   space 605184K, 0% used [0x00007efc73200000,0x00007efc73200000,0x00007efc98100000)
 ParOldGen       total 19119616K, used 12972779K [0x00007eecbd000000, 0x00007ef14bf80000, 0x00007ef767b00000)
  object space 19119616K, 67% used [0x00007eecbd000000,0x00007eefd4cbaf48,0x00007ef14bf80000)
 Metaspace       used 101593K, capacity 102945K, committed 103168K, reserved 104448K
Event: 106698,647 GC heap after
Heap after GC invocations=2352 (full 93):
 PSYoungGen      total 21619712K, used 460512K [0x00007ef767b00000, 0x00007efcbd000000, 0x00007efcbd000000)
  eden space 21158912K, 0% used [0x00007ef767b00000,0x00007ef767b00000,0x00007efc73200000)
  from space 460800K, 99% used [0x00007efc73200000,0x00007efc8f3b8300,0x00007efc8f400000)
  to   space 639488K, 0% used [0x00007efc95f80000,0x00007efc95f80000,0x00007efcbd000000)
 ParOldGen       total 19119616K, used 13226912K [0x00007eecbd000000, 0x00007ef14bf80000, 0x00007ef767b00000)
  object space 19119616K, 69% used [0x00007eecbd000000,0x00007eefe44e8070,0x00007ef14bf80000)
 Metaspace       used 101593K, capacity 102945K, committed 103168K, reserved 104448K
}
Event: 106700,745 GC heap before
{Heap before GC invocations=2353 (full 93):
 PSYoungGen      total 21619712K, used 21619424K [0x00007ef767b00000, 0x00007efcbd000000, 0x00007efcbd000000)
  eden space 21158912K, 100% used [0x00007ef767b00000,0x00007efc73200000,0x00007efc73200000)
  from space 460800K, 99% used [0x00007efc73200000,0x00007efc8f3b8300,0x00007efc8f400000)
  to   space 639488K, 0% used [0x00007efc95f80000,0x00007efc95f80000,0x00007efcbd000000)
 ParOldGen       total 19119616K, used 13228999K [0x00007eecbd000000, 0x00007ef14bf80000, 0x00007ef767b00000)
  object space 19119616K, 69% used [0x00007eecbd000000,0x00007eefe46f1cb0,0x00007ef14bf80000)
 Metaspace       used 101593K, capacity 102945K, committed 103168K, reserved 104448K
Event: 106700,901 GC heap after
Heap after GC invocations=2353 (full 93):
 PSYoungGen      total 21756416K, used 254991K [0x00007ef767b00000, 0x00007efcbd000000, 0x00007efcbd000000)
  eden space 21116928K, 0% used [0x00007ef767b00000,0x00007ef767b00000,0x00007efc70900000)
  from space 639488K, 39% used [0x00007efc95f80000,0x00007efca5883d20,0x00007efcbd000000)
  to   space 612864K, 0% used [0x00007efc70900000,0x00007efc70900000,0x00007efc95f80000)
 ParOldGen       total 19119616K, used 13549559K [0x00007eecbd000000, 0x00007ef14bf80000, 0x00007ef767b00000)
  object space 19119616K, 70% used [0x00007eecbd000000,0x00007eeff7ffdce8,0x00007ef14bf80000)
 Metaspace       used 101593K, capacity 102945K, committed 103168K, reserved 104448K
}
Event: 106702,987 GC heap before
{Heap before GC invocations=2354 (full 93):
 PSYoungGen      total 21756416K, used 21371919K [0x00007ef767b00000, 0x00007efcbd000000, 0x00007efcbd000000)
  eden space 21116928K, 100% used [0x00007ef767b00000,0x00007efc70900000,0x00007efc70900000)
  from space 639488K, 39% used [0x00007efc95f80000,0x00007efca5883d20,0x00007efcbd000000)
  to   space 612864K, 0% used [0x00007efc70900000,0x00007efc70900000,0x00007efc95f80000)
 ParOldGen       total 19119616K, used 13549559K [0x00007eecbd000000, 0x00007ef14bf80000, 0x00007ef767b00000)
  object space 19119616K, 70% used [0x00007eecbd000000,0x00007eeff7ffdce8,0x00007ef14bf80000)
 Metaspace       used 101593K, capacity 102945K, committed 103168K, reserved 104448K
Event: 106703,085 GC heap after
Heap after GC invocations=2354 (full 93):
 PSYoungGen      total 21369856K, used 252914K [0x00007ef767b00000, 0x00007efcb8500000, 0x00007efcbd000000)
  eden space 21116928K, 0% used [0x00007ef767b00000,0x00007ef767b00000,0x00007efc70900000)
  from space 252928K, 99% used [0x00007efc70900000,0x00007efc7fffca78,0x00007efc80000000)
  to   space 587776K, 0% used [0x00007efc94700000,0x00007efc94700000,0x00007efcb8500000)
 ParOldGen       total 19119616K, used 13656744K [0x00007eecbd000000, 0x00007ef14bf80000, 0x00007ef767b00000)
  object space 19119616K, 71% used [0x00007eecbd000000,0x00007eeffe8aa170,0x00007ef14bf80000)
 Metaspace       used 101593K, capacity 102945K, committed 103168K, reserved 104448K
}
Event: 106705,176 GC heap before
{Heap before GC invocations=2355 (full 93):
 PSYoungGen      total 21369856K, used 21369842K [0x00007ef767b00000, 0x00007efcb8500000, 0x00007efcbd000000)
  eden space 21116928K, 100% used [0x00007ef767b00000,0x00007efc70900000,0x00007efc70900000)
  from space 252928K, 99% used [0x00007efc70900000,0x00007efc7fffca78,0x00007efc80000000)
  to   space 587776K, 0% used [0x00007efc94700000,0x00007efc94700000,0x00007efcb8500000)
 ParOldGen       total 19119616K, used 13656744K [0x00007eecbd000000, 0x00007ef14bf80000, 0x00007ef767b00000)
  object space 19119616K, 71% used [0x00007eecbd000000,0x00007eeffe8aa170,0x00007ef14bf80000)
 Metaspace       used 101593K, capacity 102945K, committed 103168K, reserved 104448K
Event: 106705,245 GC heap after
Heap after GC invocations=2355 (full 93):
 PSYoungGen      total 21708800K, used 138718K [0x00007ef767b00000, 0x00007efcbd000000, 0x00007efcbd000000)
  eden space 21121024K, 0% used [0x00007ef767b00000,0x00007ef767b00000,0x00007efc70d00000)
  from space 587776K, 23% used [0x00007efc94700000,0x00007efc9ce77aa0,0x00007efcb8500000)
  to   space 583680K, 0% used [0x00007efc70d00000,0x00007efc70d00000,0x00007efc94700000)
 ParOldGen       total 19119616K, used 13758161K [0x00007eecbd000000, 0x00007ef14bf80000, 0x00007ef767b00000)
  object space 19119616K, 71% used [0x00007eecbd000000,0x00007ef004bb46e0,0x00007ef14bf80000)
 Metaspace       used 101593K, capacity 102945K, committed 103168K, reserved 104448K
}
Event: 106707,449 GC heap before
{Heap before GC invocations=2356 (full 93):
 PSYoungGen      total 21708800K, used 21259742K [0x00007ef767b00000, 0x00007efcbd000000, 0x00007efcbd000000)
  eden space 21121024K, 100% used [0x00007ef767b00000,0x00007efc70d00000,0x00007efc70d00000)
  from space 587776K, 23% used [0x00007efc94700000,0x00007efc9ce77aa0,0x00007efcb8500000)
  to   space 583680K, 0% used [0x00007efc70d00000,0x00007efc70d00000,0x00007efc94700000)
 ParOldGen       total 19119616K, used 13758161K [0x00007eecbd000000, 0x00007ef14bf80000, 0x00007ef767b00000)
  object space 19119616K, 71% used [0x00007eecbd000000,0x00007ef004bb46e0,0x00007ef14bf80000)
 Metaspace       used 101596K, capacity 102945K, committed 103168K, reserved 104448K
Event: 106707,520 GC heap after
Heap after GC invocations=2356 (full 93):
 PSYoungGen      total 21704704K, used 70165K [0x00007ef767b00000, 0x00007efcbd000000, 0x00007efcbd000000)
  eden space 21121024K, 0% used [0x00007ef767b00000,0x00007ef767b00000,0x00007efc70d00000)
  from space 583680K, 12% used [0x00007efc70d00000,0x00007efc75185790,0x00007efc94700000)
  to   space 587776K, 0% used [0x00007efc99200000,0x00007efc99200000,0x00007efcbd000000)
 ParOldGen       total 19119616K, used 13826023K [0x00007eecbd000000, 0x00007ef14bf80000, 0x00007ef767b00000)
  object space 19119616K, 72% used [0x00007eecbd000000,0x00007ef008df9e40,0x00007ef14bf80000)
 Metaspace       used 101596K, capacity 102945K, committed 103168K, reserved 104448K
}
Event: 106709,823 GC heap before
{Heap before GC invocations=2357 (full 93):
 PSYoungGen      total 21704704K, used 21191189K [0x00007ef767b00000, 0x00007efcbd000000, 0x00007efcbd000000)
  eden space 21121024K, 100% used [0x00007ef767b00000,0x00007efc70d00000,0x00007efc70d00000)
  from space 583680K, 12% used [0x00007efc70d00000,0x00007efc75185790,0x00007efc94700000)
  to   space 587776K, 0% used [0x00007efc99200000,0x00007efc99200000,0x00007efcbd000000)
 ParOldGen       total 19119616K, used 13826023K [0x00007eecbd000000, 0x00007ef14bf80000, 0x00007ef767b00000)
  object space 19119616K, 72% used [0x00007eecbd000000,0x00007ef008df9e40,0x00007ef14bf80000)
 Metaspace       used 101596K, capacity 102945K, committed 103168K, reserved 104448K
Event: 106709,865 GC heap after
Heap after GC invocations=2357 (full 93):
 PSYoungGen      total 21783552K, used 70504K [0x00007ef767b00000, 0x00007efcbd000000, 0x00007efcbd000000)
  eden space 21195776K, 0% used [0x00007ef767b00000,0x00007ef767b00000,0x00007efc75600000)
  from space 587776K, 11% used [0x00007efc99200000,0x00007efc9d6da220,0x00007efcbd000000)
  to   space 585728K, 0% used [0x00007efc75600000,0x00007efc75600000,0x00007efc99200000)
 ParOldGen       total 19119616K, used 13839393K [0x00007eecbd000000, 0x00007ef14bf80000, 0x00007ef767b00000)
  object space 19119616K, 72% used [0x00007eecbd000000,0x00007ef009b086a0,0x00007ef14bf80000)
 Metaspace       used 101596K, capacity 102945K, committed 103168K, reserved 104448K
}
Event: 106712,127 GC heap before
{Heap before GC invocations=2358 (full 93):
 PSYoungGen      total 21783552K, used 21266280K [0x00007ef767b00000, 0x00007efcbd000000, 0x00007efcbd000000)
  eden space 21195776K, 100% used [0x00007ef767b00000,0x00007efc75600000,0x00007efc75600000)
  from space 587776K, 11% used [0x00007efc99200000,0x00007efc9d6da220,0x00007efcbd000000)
  to   space 585728K, 0% used [0x00007efc75600000,0x00007efc75600000,0x00007efc99200000)
 ParOldGen       total 19119616K, used 13839393K [0x00007eecbd000000, 0x00007ef14bf80000, 0x00007ef767b00000)
  object space 19119616K, 72% used [0x00007eecbd000000,0x00007ef009b086a0,0x00007ef14bf80000)
 Metaspace       used 101596K, capacity 102945K, committed 103168K, reserved 104448K
Event: 106712,178 GC heap after
Heap after GC invocations=2358 (full 93):
 PSYoungGen      total 21334528K, used 138688K [0x00007ef767b00000, 0x00007efcbaa00000, 0x00007efcbd000000)
  eden space 21195776K, 0% used [0x00007ef767b00000,0x00007ef767b00000,0x00007efc75600000)
  from space 138752K, 99% used [0x00007efc75600000,0x00007efc7dd70390,0x00007efc7dd80000)
  to   space 567296K, 0% used [0x00007efc98000000,0x00007efc98000000,0x00007efcbaa00000)
 ParOldGen       total 19119616K, used 13858604K [0x00007eecbd000000, 0x00007ef14bf80000, 0x00007ef767b00000)
  object space 19119616K, 72% used [0x00007eecbd000000,0x00007ef00adcb398,0x00007ef14bf80000)
 Metaspace       used 101596K, capacity 102945K, committed 103168K, reserved 104448K
}
Event: 106714,564 GC heap before
{Heap before GC invocations=2359 (full 93):
 PSYoungGen      total 21334528K, used 21334464K [0x00007ef767b00000, 0x00007efcbaa00000, 0x00007efcbd000000)
  eden space 21195776K, 100% used [0x00007ef767b00000,0x00007efc75600000,0x00007efc75600000)
  from space 138752K, 99% used [0x00007efc75600000,0x00007efc7dd70390,0x00007efc7dd80000)
  to   space 567296K, 0% used [0x00007efc98000000,0x00007efc98000000,0x00007efcbaa00000)
 ParOldGen       total 19119616K, used 13858604K [0x00007eecbd000000, 0x00007ef14bf80000, 0x00007ef767b00000)
  object space 19119616K, 72% used [0x00007eecbd000000,0x00007ef00adcb398,0x00007ef14bf80000)
 Metaspace       used 101596K, capacity 102945K, committed 103168K, reserved 104448K
Event: 106714,601 GC heap after
Heap after GC invocations=2359 (full 93):
 PSYoungGen      total 21767168K, used 51068K [0x00007ef767b00000, 0x00007efcbd000000, 0x00007efcbd000000)
  eden space 21199872K, 0% used [0x00007ef767b00000,0x00007ef767b00000,0x00007efc75a00000)
  from space 567296K, 9% used [0x00007efc98000000,0x00007efc9b1df3d0,0x00007efcbaa00000)
  to   space 563200K, 0% used [0x00007efc75a00000,0x00007efc75a00000,0x00007efc98000000)
 ParOldGen       total 19119616K, used 13863065K [0x00007eecbd000000, 0x00007ef14bf80000, 0x00007ef767b00000)
  object space 19119616K, 72% used [0x00007eecbd000000,0x00007ef00b226558,0x00007ef14bf80000)
 Metaspace       used 101596K, capacity 102945K, committed 103168K, reserved 104448K
}
Event: 106716,992 GC heap before
{Heap before GC invocations=2360 (full 93):
 PSYoungGen      total 21767168K, used 21250940K [0x00007ef767b00000, 0x00007efcbd000000, 0x00007efcbd000000)
  eden space 21199872K, 100% used [0x00007ef767b00000,0x00007efc75a00000,0x00007efc75a00000)
  from space 567296K, 9% used [0x00007efc98000000,0x00007efc9b1df3d0,0x00007efcbaa00000)
  to   space 563200K, 0% used [0x00007efc75a00000,0x00007efc75a00000,0x00007efc98000000)
 ParOldGen       total 19119616K, used 13863065K [0x00007eecbd000000, 0x00007ef14bf80000, 0x00007ef767b00000)
  object space 19119616K, 72% used [0x00007eecbd000000,0x00007ef00b226558,0x00007ef14bf80000)
 Metaspace       used 101596K, capacity 102945K, committed 103168K, reserved 104448K
Event: 106717,030 GC heap after
Heap after GC invocations=2360 (full 93):
 PSYoungGen      total 21763072K, used 41004K [0x00007ef767b00000, 0x00007efcbbe00000, 0x00007efcbd000000)
  eden space 21199872K, 0% used [0x00007ef767b00000,0x00007ef767b00000,0x00007efc75a00000)
  from space 563200K, 7% used [0x00007efc75a00000,0x00007efc7820b350,0x00007efc98000000)
  to   space 556032K, 0% used [0x00007efc99f00000,0x00007efc99f00000,0x00007efcbbe00000)
 ParOldGen       total 19119616K, used 13871232K [0x00007eecbd000000, 0x00007ef14bf80000, 0x00007ef767b00000)
  object space 19119616K, 72% used [0x00007eecbd000000,0x00007ef00ba200f8,0x00007ef14bf80000)
 Metaspace       used 101596K, capacity 102945K, committed 103168K, reserved 104448K
}
Event: 106719,518 GC heap before
{Heap before GC invocations=2361 (full 93):
 PSYoungGen      total 21763072K, used 21240876K [0x00007ef767b00000, 0x00007efcbbe00000, 0x00007efcbd000000)
  eden space 21199872K, 100% used [0x00007ef767b00000,0x00007efc75a00000,0x00007efc75a00000)
  from space 563200K, 7% used [0x00007efc75a00000,0x00007efc7820b350,0x00007efc98000000)
  to   space 556032K, 0% used [0x00007efc99f00000,0x00007efc99f00000,0x00007efcbbe00000)
 ParOldGen       total 19119616K, used 13871232K [0x00007eecbd000000, 0x00007ef14bf80000, 0x00007ef767b00000)
  object space 19119616K, 72% used [0x00007eecbd000000,0x00007ef00ba200f8,0x00007ef14bf80000)
 Metaspace       used 101596K, capacity 102945K, committed 103168K, reserved 104448K
Event: 106719,561 GC heap after
Heap after GC invocations=2361 (full 93):
 PSYoungGen      total 21780480K, used 87321K [0x00007ef767b00000, 0x00007efcba500000, 0x00007efcbd000000)
  eden space 21250048K, 0% used [0x00007ef767b00000,0x00007ef767b00000,0x00007efc78b00000)
  from space 530432K, 16% used [0x00007efc99f00000,0x00007efc9f4465f8,0x00007efcba500000)
  to   space 537600K, 0% used [0x00007efc78b00000,0x00007efc78b00000,0x00007efc99800000)
 ParOldGen       total 19119616K, used 13871509K [0x00007eecbd000000, 0x00007ef14bf80000, 0x00007ef767b00000)
  object space 19119616K, 72% used [0x00007eecbd000000,0x00007ef00ba655f0,0x00007ef14bf80000)
 Metaspace       used 101596K, capacity 102945K, committed 103168K, reserved 104448K
}
Event: 106722,023 GC heap before
{Heap before GC invocations=2362 (full 93):
 PSYoungGen      total 21780480K, used 21337369K [0x00007ef767b00000, 0x00007efcba500000, 0x00007efcbd000000)
  eden space 21250048K, 100% used [0x00007ef767b00000,0x00007efc78b00000,0x00007efc78b00000)
  from space 530432K, 16% used [0x00007efc99f00000,0x00007efc9f4465f8,0x00007efcba500000)
  to   space 537600K, 0% used [0x00007efc78b00000,0x00007efc78b00000,0x00007efc99800000)
 ParOldGen       total 19119616K, used 13871509K [0x00007eecbd000000, 0x00007ef14bf80000, 0x00007ef767b00000)
  object space 19119616K, 72% used [0x00007eecbd000000,0x00007ef00ba655f0,0x00007ef14bf80000)
 Metaspace       used 101596K, capacity 102945K, committed 103168K, reserved 104448K
Event: 106722,059 GC heap after
Heap after GC invocations=2362 (full 93):
 PSYoungGen      total 21787648K, used 26220K [0x00007ef767b00000, 0x00007efcbc500000, 0x00007efcbd000000)
  eden space 21250048K, 0% used [0x00007ef767b00000,0x00007ef767b00000,0x00007efc78b00000)
  from space 537600K, 4% used [0x00007efc78b00000,0x00007efc7a49b3d0,0x00007efc99800000)
  to   space 528384K, 0% used [0x00007efc9c100000,0x00007efc9c100000,0x00007efcbc500000)
 ParOldGen       total 19119616K, used 13942198K [0x00007eecbd000000, 0x00007ef14bf80000, 0x00007ef767b00000)
  object space 19119616K, 72% used [0x00007eecbd000000,0x00007ef00ff6db98,0x00007ef14bf80000)
 Metaspace       used 101596K, capacity 102945K, committed 103168K, reserved 104448K
}
Event: 106724,652 GC heap before
{Heap before GC invocations=2363 (full 93):
 PSYoungGen      total 21787648K, used 21276268K [0x00007ef767b00000, 0x00007efcbc500000, 0x00007efcbd000000)
  eden space 21250048K, 100% used [0x00007ef767b00000,0x00007efc78b00000,0x00007efc78b00000)
  from space 537600K, 4% used [0x00007efc78b00000,0x00007efc7a49b3d0,0x00007efc99800000)
  to   space 528384K, 0% used [0x00007efc9c100000,0x00007efc9c100000,0x00007efcbc500000)
 ParOldGen       total 19119616K, used 13942198K [0x00007eecbd000000, 0x00007ef14bf80000, 0x00007ef767b00000)
  object space 19119616K, 72% used [0x00007eecbd000000,0x00007ef00ff6db98,0x00007ef14bf80000)
 Metaspace       used 101596K, capacity 102945K, committed 103168K, reserved 104448K
Event: 106724,692 GC heap after
Heap after GC invocations=2363 (full 93):
 PSYoungGen      total 21805056K, used 35844K [0x00007ef767b00000, 0x00007efcbab00000, 0x00007efcbd000000)
  eden space 21303296K, 0% used [0x00007ef767b00000,0x00007ef767b00000,0x00007efc7bf00000)
  from space 501760K, 7% used [0x00007efc9c100000,0x00007efc9e401328,0x00007efcbab00000)
  to   space 514048K, 0% used [0x00007efc7bf00000,0x00007efc7bf00000,0x00007efc9b500000)
 ParOldGen       total 19119616K, used 13951651K [0x00007eecbd000000, 0x00007ef14bf80000, 0x00007ef767b00000)
  object space 19119616K, 72% used [0x00007eecbd000000,0x00007ef0108a8c30,0x00007ef14bf80000)
 Metaspace       used 101596K, capacity 102945K, committed 103168K, reserved 104448K
}
Event: 106727,256 GC heap before
{Heap before GC invocations=2364 (full 93):
 PSYoungGen      total 21805056K, used 21335992K [0x00007ef767b00000, 0x00007efcbab00000, 0x00007efcbd000000)
  eden space 21303296K, 99% used [0x00007ef767b00000,0x00007efc7bbecd00,0x00007efc7bf00000)
  from space 501760K, 7% used [0x00007efc9c100000,0x00007efc9e401328,0x00007efcbab00000)
  to   space 514048K, 0% used [0x00007efc7bf00000,0x00007efc7bf00000,0x00007efc9b500000)
 ParOldGen       total 19119616K, used 13951651K [0x00007eecbd000000, 0x00007ef14bf80000, 0x00007ef767b00000)
  object space 19119616K, 72% used [0x00007eecbd000000,0x00007ef0108a8c30,0x00007ef14bf80000)
 Metaspace       used 101596K, capacity 102945K, committed 103168K, reserved 104448K
Event: 106727,292 GC heap after
Heap after GC invocations=2364 (full 93):
 PSYoungGen      total 21817344K, used 20911K [0x00007ef767b00000, 0x00007efcbc200000, 0x00007efcbd000000)
  eden space 21303296K, 0% used [0x00007ef767b00000,0x00007ef767b00000,0x00007efc7bf00000)
  from space 514048K, 4% used [0x00007efc7bf00000,0x00007efc7d36bd18,0x00007efc9b500000)
  to   space 500736K, 0% used [0x00007efc9d900000,0x00007efc9d900000,0x00007efcbc200000)
 ParOldGen       total 19119616K, used 13952274K [0x00007eecbd000000, 0x00007ef14bf80000, 0x00007ef767b00000)
  object space 19119616K, 72% used [0x00007eecbd000000,0x00007ef010944a68,0x00007ef14bf80000)
 Metaspace       used 101596K, capacity 102945K, committed 103168K, reserved 104448K
}
Event: 106729,916 GC heap before
{Heap before GC invocations=2365 (full 93):
 PSYoungGen      total 21817344K, used 21324207K [0x00007ef767b00000, 0x00007efcbc200000, 0x00007efcbd000000)
  eden space 21303296K, 100% used [0x00007ef767b00000,0x00007efc7bf00000,0x00007efc7bf00000)
  from space 514048K, 4% used [0x00007efc7bf00000,0x00007efc7d36bd18,0x00007efc9b500000)
  to   space 500736K, 0% used [0x00007efc9d900000,0x00007efc9d900000,0x00007efcbc200000)
 ParOldGen       total 19119616K, used 13952274K [0x00007eecbd000000, 0x00007ef14bf80000, 0x00007ef767b00000)
  object space 19119616K, 72% used [0x00007eecbd000000,0x00007ef010944a68,0x00007ef14bf80000)
 Metaspace       used 101596K, capacity 102945K, committed 103168K, reserved 104448K
Event: 106729,951 GC heap after
Heap after GC invocations=2365 (full 93):
 PSYoungGen      total 21816320K, used 44997K [0x00007ef767b00000, 0x00007efcb9c00000, 0x00007efcbd000000)
  eden space 21354496K, 0% used [0x00007ef767b00000,0x00007ef767b00000,0x00007efc7f100000)
  from space 461824K, 9% used [0x00007efc9d900000,0x00007efca04f1460,0x00007efcb9c00000)
  to   space 480768K, 0% used [0x00007efc7f100000,0x00007efc7f100000,0x00007efc9c680000)
 ParOldGen       total 19119616K, used 13952883K [0x00007eecbd000000, 0x00007ef14bf80000, 0x00007ef767b00000)
  object space 19119616K, 72% used [0x00007eecbd000000,0x00007ef0109dcd80,0x00007ef14bf80000)
 Metaspace       used 101596K, capacity 102945K, committed 103168K, reserved 104448K
}
Event: 106732,601 GC heap before
{Heap before GC invocations=2366 (full 93):
 PSYoungGen      total 21816320K, used 21399493K [0x00007ef767b00000, 0x00007efcb9c00000, 0x00007efcbd000000)
  eden space 21354496K, 100% used [0x00007ef767b00000,0x00007efc7f100000,0x00007efc7f100000)
  from space 461824K, 9% used [0x00007efc9d900000,0x00007efca04f1460,0x00007efcb9c00000)
  to   space 480768K, 0% used [0x00007efc7f100000,0x00007efc7f100000,0x00007efc9c680000)
 ParOldGen       total 19119616K, used 13952883K [0x00007eecbd000000, 0x00007ef14bf80000, 0x00007ef767b00000)
  object space 19119616K, 72% used [0x00007eecbd000000,0x00007ef0109dcd80,0x00007ef14bf80000)
 Metaspace       used 101596K, capacity 102945K, committed 103168K, reserved 104448K
Event: 106732,644 GC heap after
Heap after GC invocations=2366 (full 93):
 PSYoungGen      total 21835264K, used 58740K [0x00007ef767b00000, 0x00007efcbb580000, 0x00007efcbd000000)
  eden space 21354496K, 0% used [0x00007ef767b00000,0x00007ef767b00000,0x00007efc7f100000)
  from space 480768K, 12% used [0x00007efc7f100000,0x00007efc82a5d3d0,0x00007efc9c680000)
  to   space 457728K, 0% used [0x00007efc9f680000,0x00007efc9f680000,0x00007efcbb580000)
 ParOldGen       total 19119616K, used 13973547K [0x00007eecbd000000, 0x00007ef14bf80000, 0x00007ef767b00000)
  object space 19119616K, 73% used [0x00007eecbd000000,0x00007ef011e0adc8,0x00007ef14bf80000)
 Metaspace       used 101596K, capacity 102945K, committed 103168K, reserved 104448K
}
Event: 106735,190 GC heap before
{Heap before GC invocations=2367 (full 93):
 PSYoungGen      total 21835264K, used 21413236K [0x00007ef767b00000, 0x00007efcbb580000, 0x00007efcbd000000)
  eden space 21354496K, 100% used [0x00007ef767b00000,0x00007efc7f100000,0x00007efc7f100000)
  from space 480768K, 12% used [0x00007efc7f100000,0x00007efc82a5d3d0,0x00007efc9c680000)
  to   space 457728K, 0% used [0x00007efc9f680000,0x00007efc9f680000,0x00007efcbb580000)
 ParOldGen       total 19119616K, used 13973547K [0x00007eecbd000000, 0x00007ef14bf80000, 0x00007ef767b00000)
  object space 19119616K, 73% used [0x00007eecbd000000,0x00007ef011e0adc8,0x00007ef14bf80000)
 Metaspace       used 101596K, capacity 102945K, committed 103168K, reserved 104448K
Event: 106735,230 GC heap after
Heap after GC invocations=2367 (full 93):
 PSYoungGen      total 21846528K, used 62711K [0x00007ef767b00000, 0x00007efcb8c80000, 0x00007efcbd000000)
  eden space 21430784K, 0% used [0x00007ef767b00000,0x00007ef767b00000,0x00007efc83b80000)
  from space 415744K, 15% used [0x00007efc9f680000,0x00007efca33bde28,0x00007efcb8c80000)
  to   space 434688K, 0% used [0x00007efc83b80000,0x00007efc83b80000,0x00007efc9e400000)
 ParOldGen       total 19119616K, used 14006371K [0x00007eecbd000000, 0x00007ef14bf80000, 0x00007ef767b00000)
  object space 19119616K, 73% used [0x00007eecbd000000,0x00007ef013e18fe8,0x00007ef14bf80000)
 Metaspace       used 101596K, capacity 102945K, committed 103168K, reserved 104448K
}
Event: 106737,787 GC heap before
{Heap before GC invocations=2368 (full 93):
 PSYoungGen      total 21846528K, used 21493495K [0x00007ef767b00000, 0x00007efcb8c80000, 0x00007efcbd000000)
  eden space 21430784K, 100% used [0x00007ef767b00000,0x00007efc83b80000,0x00007efc83b80000)
  from space 415744K, 15% used [0x00007efc9f680000,0x00007efca33bde28,0x00007efcb8c80000)
  to   space 434688K, 0% used [0x00007efc83b80000,0x00007efc83b80000,0x00007efc9e400000)
 ParOldGen       total 19119616K, used 14006371K [0x00007eecbd000000, 0x00007ef14bf80000, 0x00007ef767b00000)
  object space 19119616K, 73% used [0x00007eecbd000000,0x00007ef013e18fe8,0x00007ef14bf80000)
 Metaspace       used 101596K, capacity 102945K, committed 103168K, reserved 104448K
Event: 106737,822 GC heap after
Heap after GC invocations=2368 (full 93):
 PSYoungGen      total 21865472K, used 13575K [0x00007ef767b00000, 0x00007efcbc680000, 0x00007efcbd000000)
  eden space 21430784K, 0% used [0x00007ef767b00000,0x00007ef767b00000,0x00007efc83b80000)
  from space 434688K, 3% used [0x00007efc83b80000,0x00007efc848c1ce8,0x00007efc9e400000)
  to   space 420352K, 0% used [0x00007efca2c00000,0x00007efca2c00000,0x00007efcbc680000)
 ParOldGen       total 19119616K, used 14022764K [0x00007eecbd000000, 0x00007ef14bf80000, 0x00007ef767b00000)
  object space 19119616K, 73% used [0x00007eecbd000000,0x00007ef014e1b000,0x00007ef14bf80000)
 Metaspace       used 101596K, capacity 102945K, committed 103168K, reserved 104448K
}
Event: 106740,357 GC heap before
{Heap before GC invocations=2369 (full 93):
 PSYoungGen      total 21865472K, used 21444359K [0x00007ef767b00000, 0x00007efcbc680000, 0x00007efcbd000000)
  eden space 21430784K, 100% used [0x00007ef767b00000,0x00007efc83b80000,0x00007efc83b80000)
  from space 434688K, 3% used [0x00007efc83b80000,0x00007efc848c1ce8,0x00007efc9e400000)
  to   space 420352K, 0% used [0x00007efca2c00000,0x00007efca2c00000,0x00007efcbc680000)
 ParOldGen       total 19119616K, used 14022764K [0x00007eecbd000000, 0x00007ef14bf80000, 0x00007ef767b00000)
  object space 19119616K, 73% used [0x00007eecbd000000,0x00007ef014e1b000,0x00007ef14bf80000)
 Metaspace       used 101596K, capacity 102945K, committed 103168K, reserved 104448K
Event: 106740,400 GC heap after
Heap after GC invocations=2369 (full 93):
 PSYoungGen      total 21883904K, used 56964K [0x00007ef767b00000, 0x00007efcb9500000, 0x00007efcbd000000)
  eden space 21514240K, 0% used [0x00007ef767b00000,0x00007ef767b00000,0x00007efc88d00000)
  from space 369664K, 15% used [0x00007efca2c00000,0x00007efca63a12c0,0x00007efcb9500000)
  to   space 397312K, 0% used [0x00007efc88d00000,0x00007efc88d00000,0x00007efca1100000)
 ParOldGen       total 19119616K, used 14022940K [0x00007eecbd000000, 0x00007ef14bf80000, 0x00007ef767b00000)
  object space 19119616K, 73% used [0x00007eecbd000000,0x00007ef014e47000,0x00007ef14bf80000)
 Metaspace       used 101596K, capacity 102945K, committed 103168K, reserved 104448K
}
Event: 106742,874 GC heap before
{Heap before GC invocations=2370 (full 93):
 PSYoungGen      total 21883904K, used 21571204K [0x00007ef767b00000, 0x00007efcb9500000, 0x00007efcbd000000)
  eden space 21514240K, 100% used [0x00007ef767b00000,0x00007efc88d00000,0x00007efc88d00000)
  from space 369664K, 15% used [0x00007efca2c00000,0x00007efca63a12c0,0x00007efcb9500000)
  to   space 397312K, 0% used [0x00007efc88d00000,0x00007efc88d00000,0x00007efca1100000)
 ParOldGen       total 19119616K, used 14022940K [0x00007eecbd000000, 0x00007ef14bf80000, 0x00007ef767b00000)
  object space 19119616K, 73% used [0x00007eecbd000000,0x00007ef014e47000,0x00007ef14bf80000)
 Metaspace       used 101596K, capacity 102945K, committed 103168K, reserved 104448K
Event: 106742,907 GC heap after
Heap after GC invocations=2370 (full 93):
 PSYoungGen      total 21911552K, used 25058K [0x00007ef767b00000, 0x00007efcbcb00000, 0x00007efcbd000000)
  eden space 21514240K, 0% used [0x00007ef767b00000,0x00007ef767b00000,0x00007efc88d00000)
  from space 397312K, 6% used [0x00007efc88d00000,0x00007efc8a578888,0x00007efca1100000)
  to   space 380928K, 0% used [0x00007efca5700000,0x00007efca5700000,0x00007efcbcb00000)
 ParOldGen       total 19119616K, used 14043114K [0x00007eecbd000000, 0x00007ef14bf80000, 0x00007ef767b00000)
  object space 19119616K, 73% used [0x00007eecbd000000,0x00007ef0161fa8a8,0x00007ef14bf80000)
 Metaspace       used 101596K, capacity 102945K, committed 103168K, reserved 104448K
}
Event: 106745,442 GC heap before
{Heap before GC invocations=2371 (full 93):
 PSYoungGen      total 21911552K, used 21539298K [0x00007ef767b00000, 0x00007efcbcb00000, 0x00007efcbd000000)
  eden space 21514240K, 100% used [0x00007ef767b00000,0x00007efc88d00000,0x00007efc88d00000)
  from space 397312K, 6% used [0x00007efc88d00000,0x00007efc8a578888,0x00007efca1100000)
  to   space 380928K, 0% used [0x00007efca5700000,0x00007efca5700000,0x00007efcbcb00000)
 ParOldGen       total 19119616K, used 14043114K [0x00007eecbd000000, 0x00007ef14bf80000, 0x00007ef767b00000)
  object space 19119616K, 73% used [0x00007eecbd000000,0x00007ef0161fa8a8,0x00007ef14bf80000)
 Metaspace       used 101596K, capacity 102945K, committed 103168K, reserved 104448K
Event: 106745,474 GC heap after
Heap after GC invocations=2371 (full 93):
 PSYoungGen      total 21925888K, used 28433K [0x00007ef767b00000, 0x00007efcb9e00000, 0x00007efcbd000000)
  eden space 21591040K, 0% used [0x00007ef767b00000,0x00007ef767b00000,0x00007efc8d800000)
  from space 334848K, 8% used [0x00007efca5700000,0x00007efca72c47e0,0x00007efcb9e00000)
  to   space 363520K, 0% used [0x00007efc8d800000,0x00007efc8d800000,0x00007efca3b00000)
 ParOldGen       total 19119616K, used 14046822K [0x00007eecbd000000, 0x00007ef14bf80000, 0x00007ef767b00000)
  object space 19119616K, 73% used [0x00007eecbd000000,0x00007ef016599848,0x00007ef14bf80000)
 Metaspace       used 101596K, capacity 102945K, committed 103168K, reserved 104448K
}
Event: 106747,976 GC heap before
{Heap before GC invocations=2372 (full 93):
 PSYoungGen      total 21925888K, used 21619473K [0x00007ef767b00000, 0x00007efcb9e00000, 0x00007efcbd000000)
  eden space 21591040K, 100% used [0x00007ef767b00000,0x00007efc8d800000,0x00007efc8d800000)
  from space 334848K, 8% used [0x00007efca5700000,0x00007efca72c47e0,0x00007efcb9e00000)
  to   space 363520K, 0% used [0x00007efc8d800000,0x00007efc8d800000,0x00007efca3b00000)
 ParOldGen       total 19119616K, used 14046822K [0x00007eecbd000000, 0x00007ef14bf80000, 0x00007ef767b00000)
  object space 19119616K, 73% used [0x00007eecbd000000,0x00007ef016599848,0x00007ef14bf80000)
 Metaspace       used 101596K, capacity 102945K, committed 103168K, reserved 104448K
Event: 106748,011 GC heap after
Heap after GC invocations=2372 (full 93):
 PSYoungGen      total 21954560K, used 68460K [0x00007ef767b00000, 0x00007efcbbc00000, 0x00007efcbd000000)
  eden space 21591040K, 0% used [0x00007ef767b00000,0x00007ef767b00000,0x00007efc8d800000)
  from space 363520K, 18% used [0x00007efc8d800000,0x00007efc91adb210,0x00007efca3b00000)
  to   space 338944K, 0% used [0x00007efca7100000,0x00007efca7100000,0x00007efcbbc00000)
 ParOldGen       total 19119616K, used 14047208K [0x00007eecbd000000, 0x00007ef14bf80000, 0x00007ef767b00000)
  object space 19119616K, 73% used [0x00007eecbd000000,0x00007ef0165fa018,0x00007ef14bf80000)
 Metaspace       used 101596K, capacity 102945K, committed 103168K, reserved 104448K
}
Event: 106750,595 GC heap before
{Heap before GC invocations=2373 (full 93):
 PSYoungGen      total 21954560K, used 21659500K [0x00007ef767b00000, 0x00007efcbbc00000, 0x00007efcbd000000)
  eden space 21591040K, 100% used [0x00007ef767b00000,0x00007efc8d800000,0x00007efc8d800000)
  from space 363520K, 18% used [0x00007efc8d800000,0x00007efc91adb210,0x00007efca3b00000)
  to   space 338944K, 0% used [0x00007efca7100000,0x00007efca7100000,0x00007efcbbc00000)
 ParOldGen       total 19119616K, used 14047208K [0x00007eecbd000000, 0x00007ef14bf80000, 0x00007ef767b00000)
  object space 19119616K, 73% used [0x00007eecbd000000,0x00007ef0165fa018,0x00007ef14bf80000)
 Metaspace       used 101596K, capacity 102945K, committed 103168K, reserved 104448K
Event: 106750,629 GC heap after
Heap after GC invocations=2373 (full 93):
 PSYoungGen      total 21972992K, used 22248K [0x00007ef767b00000, 0x00007efcb9c00000, 0x00007efcbd000000)
  eden space 21666816K, 0% used [0x00007ef767b00000,0x00007ef767b00000,0x00007efc92200000)
  from space 306176K, 7% used [0x00007efca7100000,0x00007efca86ba358,0x00007efcb9c00000)
  to   space 324608K, 0% used [0x00007efc92200000,0x00007efc92200000,0x00007efca5f00000)
 ParOldGen       total 19119616K, used 14080608K [0x00007eecbd000000, 0x00007ef14bf80000, 0x00007ef767b00000)
  object space 19119616K, 73% used [0x00007eecbd000000,0x00007ef0186980d8,0x00007ef14bf80000)
 Metaspace       used 101596K, capacity 102945K, committed 103168K, reserved 104448K
}
Event: 106753,233 GC heap before
{Heap before GC invocations=2374 (full 93):
 PSYoungGen      total 21972992K, used 21689064K [0x00007ef767b00000, 0x00007efcb9c00000, 0x00007efcbd000000)
  eden space 21666816K, 100% used [0x00007ef767b00000,0x00007efc92200000,0x00007efc92200000)
  from space 306176K, 7% used [0x00007efca7100000,0x00007efca86ba358,0x00007efcb9c00000)
  to   space 324608K, 0% used [0x00007efc92200000,0x00007efc92200000,0x00007efca5f00000)
 ParOldGen       total 19119616K, used 14080608K [0x00007eecbd000000, 0x00007ef14bf80000, 0x00007ef767b00000)
  object space 19119616K, 73% used [0x00007eecbd000000,0x00007ef0186980d8,0x00007ef14bf80000)
 Metaspace       used 101596K, capacity 102945K, committed 103168K, reserved 104448K
Event: 106753,268 GC heap after
Heap after GC invocations=2374 (full 93):
 PSYoungGen      total 21991424K, used 120759K [0x00007ef767b00000, 0x00007efcbd000000, 0x00007efcbd000000)
  eden space 21666816K, 0% used [0x00007ef767b00000,0x00007ef767b00000,0x00007efc92200000)
  from space 324608K, 37% used [0x00007efc92200000,0x00007efc997edce8,0x00007efca5f00000)
  to   space 315392K, 0% used [0x00007efca9c00000,0x00007efca9c00000,0x00007efcbd000000)
 ParOldGen       total 19119616K, used 14080656K [0x00007eecbd000000, 0x00007ef14bf80000, 0x00007ef767b00000)
  object space 19119616K, 73% used [0x00007eecbd000000,0x00007ef0186a40d8,0x00007ef14bf80000)
 Metaspace       used 101596K, capacity 102945K, committed 103168K, reserved 104448K
}
Event: 106755,871 GC heap before
{Heap before GC invocations=2375 (full 93):
 PSYoungGen      total 21991424K, used 21787575K [0x00007ef767b00000, 0x00007efcbd000000, 0x00007efcbd000000)
  eden space 21666816K, 100% used [0x00007ef767b00000,0x00007efc92200000,0x00007efc92200000)
  from space 324608K, 37% used [0x00007efc92200000,0x00007efc997edce8,0x00007efca5f00000)
  to   space 315392K, 0% used [0x00007efca9c00000,0x00007efca9c00000,0x00007efcbd000000)
 ParOldGen       total 19119616K, used 14080656K [0x00007eecbd000000, 0x00007ef14bf80000, 0x00007ef767b00000)
  object space 19119616K, 73% used [0x00007eecbd000000,0x00007ef0186a40d8,0x00007ef14bf80000)
 Metaspace       used 101596K, capacity 102945K, committed 103168K, reserved 104448K
Event: 106755,910 GC heap after
Heap after GC invocations=2375 (full 93):
 PSYoungGen      total 22014976K, used 8801K [0x00007ef767b00000, 0x00007efcbb300000, 0x00007efcbd000000)
  eden space 21729280K, 0% used [0x00007ef767b00000,0x00007ef767b00000,0x00007efc95f00000)
  from space 285696K, 3% used [0x00007efca9c00000,0x00007efcaa4984e8,0x00007efcbb300000)
  to   space 305152K, 0% used [0x00007efc95f00000,0x00007efc95f00000,0x00007efca8900000)
 ParOldGen       total 19119616K, used 14179822K [0x00007eecbd000000, 0x00007ef14bf80000, 0x00007ef767b00000)
  object space 19119616K, 74% used [0x00007eecbd000000,0x00007ef01e77b908,0x00007ef14bf80000)
 Metaspace       used 101596K, capacity 102945K, committed 103168K, reserved 104448K
}
Event: 106758,571 GC heap before
{Heap before GC invocations=2376 (full 93):
 PSYoungGen      total 22014976K, used 21738081K [0x00007ef767b00000, 0x00007efcbb300000, 0x00007efcbd000000)
  eden space 21729280K, 100% used [0x00007ef767b00000,0x00007efc95f00000,0x00007efc95f00000)
  from space 285696K, 3% used [0x00007efca9c00000,0x00007efcaa4984e8,0x00007efcbb300000)
  to   space 305152K, 0% used [0x00007efc95f00000,0x00007efc95f00000,0x00007efca8900000)
 ParOldGen       total 19119616K, used 14179822K [0x00007eecbd000000, 0x00007ef14bf80000, 0x00007ef767b00000)
  object space 19119616K, 74% used [0x00007eecbd000000,0x00007ef01e77b908,0x00007ef14bf80000)
 Metaspace       used 101596K, capacity 102945K, committed 103168K, reserved 104448K
Event: 106758,607 GC heap after
Heap after GC invocations=2376 (full 93):
 PSYoungGen      total 22034432K, used 41095K [0x00007ef767b00000, 0x00007efcbc200000, 0x00007efcbd000000)
  eden space 21729280K, 0% used [0x00007ef767b00000,0x00007ef767b00000,0x00007efc95f00000)
  from space 305152K, 13% used [0x00007efc95f00000,0x00007efc98721c98,0x00007efca8900000)
  to   space 288256K, 0% used [0x00007efcaa880000,0x00007efcaa880000,0x00007efcbc200000)
 ParOldGen       total 19119616K, used 14180046K [0x00007eecbd000000, 0x00007ef14bf80000, 0x00007ef767b00000)
  object space 19119616K, 74% used [0x00007eecbd000000,0x00007ef01e7b3820,0x00007ef14bf80000)
 Metaspace       used 101596K, capacity 102945K, committed 103168K, reserved 104448K
}
Event: 106761,236 GC heap before
{Heap before GC invocations=2377 (full 93):
 PSYoungGen      total 22034432K, used 21770375K [0x00007ef767b00000, 0x00007efcbc200000, 0x00007efcbd000000)
  eden space 21729280K, 100% used [0x00007ef767b00000,0x00007efc95f00000,0x00007efc95f00000)
  from space 305152K, 13% used [0x00007efc95f00000,0x00007efc98721c98,0x00007efca8900000)
  to   space 288256K, 0% used [0x00007efcaa880000,0x00007efcaa880000,0x00007efcbc200000)
 ParOldGen       total 19119616K, used 14180046K [0x00007eecbd000000, 0x00007ef14bf80000, 0x00007ef767b00000)
  object space 19119616K, 74% used [0x00007eecbd000000,0x00007ef01e7b3820,0x00007ef14bf80000)
 Metaspace       used 101596K, capacity 102945K, committed 103168K, reserved 104448K
Event: 106761,271 GC heap after
Heap after GC invocations=2377 (full 93):
 PSYoungGen      total 22018560K, used 71768K [0x00007ef767b00000, 0x00007efcb9580000, 0x00007efcbd000000)
  eden space 21775872K, 0% used [0x00007ef767b00000,0x00007ef767b00000,0x00007efc98c80000)
  from space 242688K, 29% used [0x00007efcaa880000,0x00007efcaee96148,0x00007efcb9580000)
  to   space 266752K, 0% used [0x00007efc98c80000,0x00007efc98c80000,0x00007efca9100000)
 ParOldGen       total 19119616K, used 14180222K [0x00007eecbd000000, 0x00007ef14bf80000, 0x00007ef767b00000)
  object space 19119616K, 74% used [0x00007eecbd000000,0x00007ef01e7df820,0x00007ef14bf80000)
 Metaspace       used 101596K, capacity 102945K, committed 103168K, reserved 104448K
}
Event: 106763,818 GC heap before
{Heap before GC invocations=2378 (full 93):
 PSYoungGen      total 22018560K, used 21847640K [0x00007ef767b00000, 0x00007efcb9580000, 0x00007efcbd000000)
  eden space 21775872K, 100% used [0x00007ef767b00000,0x00007efc98c80000,0x00007efc98c80000)
  from space 242688K, 29% used [0x00007efcaa880000,0x00007efcaee96148,0x00007efcb9580000)
  to   space 266752K, 0% used [0x00007efc98c80000,0x00007efc98c80000,0x00007efca9100000)
 ParOldGen       total 19119616K, used 14180222K [0x00007eecbd000000, 0x00007ef14bf80000, 0x00007ef767b00000)
  object space 19119616K, 74% used [0x00007eecbd000000,0x00007ef01e7df820,0x00007ef14bf80000)
 Metaspace       used 101596K, capacity 102945K, committed 103168K, reserved 104448K
Event: 106763,856 GC heap after
Heap after GC invocations=2378 (full 93):
 PSYoungGen      total 22042624K, used 33198K [0x00007ef767b00000, 0x00007efcbce80000, 0x00007efcbd000000)
  eden space 21775872K, 0% used [0x00007ef767b00000,0x00007ef767b00000,0x00007efc98c80000)
  from space 266752K, 12% used [0x00007efc98c80000,0x00007efc9acebae0,0x00007efca9100000)
  to   space 253952K, 0% used [0x00007efcad680000,0x00007efcad680000,0x00007efcbce80000)
 ParOldGen       total 19119616K, used 14245806K [0x00007eecbd000000, 0x00007ef14bf80000, 0x00007ef767b00000)
  object space 19119616K, 74% used [0x00007eecbd000000,0x00007ef0227eb880,0x00007ef14bf80000)
 Metaspace       used 101596K, capacity 102945K, committed 103168K, reserved 104448K
}
Event: 106766,460 GC heap before
{Heap before GC invocations=2379 (full 93):
 PSYoungGen      total 22042624K, used 21809070K [0x00007ef767b00000, 0x00007efcbce80000, 0x00007efcbd000000)
  eden space 21775872K, 100% used [0x00007ef767b00000,0x00007efc98c80000,0x00007efc98c80000)
  from space 266752K, 12% used [0x00007efc98c80000,0x00007efc9acebae0,0x00007efca9100000)
  to   space 253952K, 0% used [0x00007efcad680000,0x00007efcad680000,0x00007efcbce80000)
 ParOldGen       total 19119616K, used 14245806K [0x00007eecbd000000, 0x00007ef14bf80000, 0x00007ef767b00000)
  object space 19119616K, 74% used [0x00007eecbd000000,0x00007ef0227eb880,0x00007ef14bf80000)
 Metaspace       used 101596K, capacity 102945K, committed 103168K, reserved 104448K
Event: 106766,494 GC heap after
Heap after GC invocations=2379 (full 93):
 PSYoungGen      total 22068736K, used 25261K [0x00007ef767b00000, 0x00007efcbad80000, 0x00007efcbd000000)
  eden space 21848576K, 0% used [0x00007ef767b00000,0x00007ef767b00000,0x00007efc9d380000)
  from space 220160K, 11% used [0x00007efcad680000,0x00007efcaef2b450,0x00007efcbad80000)
  to   space 242688K, 0% used [0x00007efc9d380000,0x00007efc9d380000,0x00007efcac080000)
 ParOldGen       total 19119616K, used 14245854K [0x00007eecbd000000, 0x00007ef14bf80000, 0x00007ef767b00000)
  object space 19119616K, 74% used [0x00007eecbd000000,0x00007ef0227f7880,0x00007ef14bf80000)
 Metaspace       used 101596K, capacity 102945K, committed 103168K, reserved 104448K
}
Event: 106769,115 GC heap before
{Heap before GC invocations=2380 (full 93):
 PSYoungGen      total 22068736K, used 21873837K [0x00007ef767b00000, 0x00007efcbad80000, 0x00007efcbd000000)
  eden space 21848576K, 100% used [0x00007ef767b00000,0x00007efc9d380000,0x00007efc9d380000)
  from space 220160K, 11% used [0x00007efcad680000,0x00007efcaef2b450,0x00007efcbad80000)
  to   space 242688K, 0% used [0x00007efc9d380000,0x00007efc9d380000,0x00007efcac080000)
 ParOldGen       total 19119616K, used 14245854K [0x00007eecbd000000, 0x00007ef14bf80000, 0x00007ef767b00000)
  object space 19119616K, 74% used [0x00007eecbd000000,0x00007ef0227f7880,0x00007ef14bf80000)
 Metaspace       used 101596K, capacity 102945K, committed 103168K, reserved 104448K
Event: 106769,147 GC heap after
Heap after GC invocations=2380 (full 93):
 PSYoungGen      total 22091264K, used 23619K [0x00007ef767b00000, 0x00007efcbd000000, 0x00007efcbd000000)
  eden space 21848576K, 0% used [0x00007ef767b00000,0x00007ef767b00000,0x00007efc9d380000)
  from space 242688K, 9% used [0x00007efc9d380000,0x00007efc9ea90c40,0x00007efcac080000)
  to   space 231936K, 0% used [0x00007efcaed80000,0x00007efcaed80000,0x00007efcbd000000)
 ParOldGen       total 19119616K, used 14246111K [0x00007eecbd000000, 0x00007ef14bf80000, 0x00007ef767b00000)
  object space 19119616K, 74% used [0x00007eecbd000000,0x00007ef022837f48,0x00007ef14bf80000)
 Metaspace       used 101596K, capacity 102945K, committed 103168K, reserved 104448K
}
Event: 106771,780 GC heap before
{Heap before GC invocations=2381 (full 93):
 PSYoungGen      total 22091264K, used 21872195K [0x00007ef767b00000, 0x00007efcbd000000, 0x00007efcbd000000)
  eden space 21848576K, 100% used [0x00007ef767b00000,0x00007efc9d380000,0x00007efc9d380000)
  from space 242688K, 9% used [0x00007efc9d380000,0x00007efc9ea90c40,0x00007efcac080000)
  to   space 231936K, 0% used [0x00007efcaed80000,0x00007efcaed80000,0x00007efcbd000000)
 ParOldGen       total 19119616K, used 14246111K [0x00007eecbd000000, 0x00007ef14bf80000, 0x00007ef767b00000)
  object space 19119616K, 74% used [0x00007eecbd000000,0x00007ef022837f48,0x00007ef14bf80000)
 Metaspace       used 101596K, capacity 102945K, committed 103168K, reserved 104448K
Event: 106771,815 GC heap after
Heap after GC invocations=2381 (full 93):
 PSYoungGen      total 22090240K, used 34900K [0x00007ef767b00000, 0x00007efcbac80000, 0x00007efcbd000000)
  eden space 21894656K, 0% used [0x00007ef767b00000,0x00007ef767b00000,0x00007efca0080000)
  from space 195584K, 17% used [0x00007efcaed80000,0x00007efcb0f953d8,0x00007efcbac80000)
  to   space 219136K, 0% used [0x00007efca0080000,0x00007efca0080000,0x00007efcad680000)
 ParOldGen       total 19119616K, used 14246303K [0x00007eecbd000000, 0x00007ef14bf80000, 0x00007ef767b00000)
  object space 19119616K, 74% used [0x00007eecbd000000,0x00007ef022867f48,0x00007ef14bf80000)
 Metaspace       used 101596K, capacity 102945K, committed 103168K, reserved 104448K
}
Event: 106774,391 GC heap before
{Heap before GC invocations=2382 (full 93):
 PSYoungGen      total 22090240K, used 21929556K [0x00007ef767b00000, 0x00007efcbac80000, 0x00007efcbd000000)
  eden space 21894656K, 100% used [0x00007ef767b00000,0x00007efca0080000,0x00007efca0080000)
  from space 195584K, 17% used [0x00007efcaed80000,0x00007efcb0f953d8,0x00007efcbac80000)
  to   space 219136K, 0% used [0x00007efca0080000,0x00007efca0080000,0x00007efcad680000)
 ParOldGen       total 19119616K, used 14246303K [0x00007eecbd000000, 0x00007ef14bf80000, 0x00007ef767b00000)
  object space 19119616K, 74% used [0x00007eecbd000000,0x00007ef022867f48,0x00007ef14bf80000)
 Metaspace       used 101596K, capacity 102945K, committed 103168K, reserved 104448K
Event: 106774,421 GC heap after
Heap after GC invocations=2382 (full 93):
 PSYoungGen      total 22113792K, used 23404K [0x00007ef767b00000, 0x00007efcbd000000, 0x00007efcbd000000)
  eden space 21894656K, 0% used [0x00007ef767b00000,0x00007ef767b00000,0x00007efca0080000)
  from space 219136K, 10% used [0x00007efca0080000,0x00007efca175b110,0x00007efcad680000)
  to   space 208384K, 0% used [0x00007efcb0480000,0x00007efcb0480000,0x00007efcbd000000)
 ParOldGen       total 19119616K, used 14246319K [0x00007eecbd000000, 0x00007ef14bf80000, 0x00007ef767b00000)
  object space 19119616K, 74% used [0x00007eecbd000000,0x00007ef02286bf48,0x00007ef14bf80000)
 Metaspace       used 101596K, capacity 102945K, committed 103168K, reserved 104448K
}
Event: 106776,985 GC heap before
{Heap before GC invocations=2383 (full 93):
 PSYoungGen      total 22113792K, used 21918060K [0x00007ef767b00000, 0x00007efcbd000000, 0x00007efcbd000000)
  eden space 21894656K, 100% used [0x00007ef767b00000,0x00007efca0080000,0x00007efca0080000)
  from space 219136K, 10% used [0x00007efca0080000,0x00007efca175b110,0x00007efcad680000)
  to   space 208384K, 0% used [0x00007efcb0480000,0x00007efcb0480000,0x00007efcbd000000)
 ParOldGen       total 19119616K, used 14246319K [0x00007eecbd000000, 0x00007ef14bf80000, 0x00007ef767b00000)
  object space 19119616K, 74% used [0x00007eecbd000000,0x00007ef02286bf48,0x00007ef14bf80000)
 Metaspace       used 101596K, capacity 102945K, committed 103168K, reserved 104448K
Event: 106777,018 GC heap after
Heap after GC invocations=2383 (full 93):
 PSYoungGen      total 22121984K, used 17078K [0x00007ef767b00000, 0x00007efcbb480000, 0x00007efcbd000000)
  eden space 21941760K, 0% used [0x00007ef767b00000,0x00007ef767b00000,0x00007efca2e80000)
  from space 180224K, 9% used [0x00007efcb0480000,0x00007efcb152d978,0x00007efcbb480000)
  to   space 199680K, 0% used [0x00007efca2e80000,0x00007efca2e80000,0x00007efcaf180000)
 ParOldGen       total 19119616K, used 14248251K [0x00007eecbd000000, 0x00007ef14bf80000, 0x00007ef767b00000)
  object space 19119616K, 74% used [0x00007eecbd000000,0x00007ef022a4efa0,0x00007ef14bf80000)
 Metaspace       used 101596K, capacity 102945K, committed 103168K, reserved 104448K
}
Event: 106779,639 GC heap before
{Heap before GC invocations=2384 (full 93):
 PSYoungGen      total 22121984K, used 21958838K [0x00007ef767b00000, 0x00007efcbb480000, 0x00007efcbd000000)
  eden space 21941760K, 100% used [0x00007ef767b00000,0x00007efca2e80000,0x00007efca2e80000)
  from space 180224K, 9% used [0x00007efcb0480000,0x00007efcb152d978,0x00007efcbb480000)
  to   space 199680K, 0% used [0x00007efca2e80000,0x00007efca2e80000,0x00007efcaf180000)
 ParOldGen       total 19119616K, used 14248251K [0x00007eecbd000000, 0x00007ef14bf80000, 0x00007ef767b00000)
  object space 19119616K, 74% used [0x00007eecbd000000,0x00007ef022a4efa0,0x00007ef14bf80000)
 Metaspace       used 101596K, capacity 102945K, committed 103168K, reserved 104448K
Event: 106779,676 GC heap after
Heap after GC invocations=2384 (full 93):
 PSYoungGen      total 22141440K, used 30814K [0x00007ef767b00000, 0x00007efcbcc00000, 0x00007efcbd000000)
  eden space 21941760K, 0% used [0x00007ef767b00000,0x00007ef767b00000,0x00007efca2e80000)
  from space 199680K, 15% used [0x00007efca2e80000,0x00007efca4c97be8,0x00007efcaf180000)
  to   space 187904K, 0% used [0x00007efcb1480000,0x00007efcb1480000,0x00007efcbcc00000)
 ParOldGen       total 19119616K, used 14248275K [0x00007eecbd000000, 0x00007ef14bf80000, 0x00007ef767b00000)
  object space 19119616K, 74% used [0x00007eecbd000000,0x00007ef022a54fa0,0x00007ef14bf80000)
 Metaspace       used 101596K, capacity 102945K, committed 103168K, reserved 104448K
}
Event: 106782,313 GC heap before
{Heap before GC invocations=2385 (full 93):
 PSYoungGen      total 22141440K, used 21972574K [0x00007ef767b00000, 0x00007efcbcc00000, 0x00007efcbd000000)
  eden space 21941760K, 100% used [0x00007ef767b00000,0x00007efca2e80000,0x00007efca2e80000)
  from space 199680K, 15% used [0x00007efca2e80000,0x00007efca4c97be8,0x00007efcaf180000)
  to   space 187904K, 0% used [0x00007efcb1480000,0x00007efcb1480000,0x00007efcbcc00000)
 ParOldGen       total 19119616K, used 14248275K [0x00007eecbd000000, 0x00007ef14bf80000, 0x00007ef767b00000)
  object space 19119616K, 74% used [0x00007eecbd000000,0x00007ef022a54fa0,0x00007ef14bf80000)
 Metaspace       used 101596K, capacity 102945K, committed 103168K, reserved 104448K
Event: 106782,345 GC heap after
Heap after GC invocations=2385 (full 93):
 PSYoungGen      total 22146560K, used 13102K [0x00007ef767b00000, 0x00007efcbb580000, 0x00007efcbd000000)
  eden space 21981696K, 0% used [0x00007ef767b00000,0x00007ef767b00000,0x00007efca5580000)
  from space 164864K, 7% used [0x00007efcb1480000,0x00007efcb214bac0,0x00007efcbb580000)
  to   space 180224K, 0% used [0x00007efca5580000,0x00007efca5580000,0x00007efcb0580000)
 ParOldGen       total 19119616K, used 14252399K [0x00007eecbd000000, 0x00007ef14bf80000, 0x00007ef767b00000)
  object space 19119616K, 74% used [0x00007eecbd000000,0x00007ef022e5bc90,0x00007ef14bf80000)
 Metaspace       used 101596K, capacity 102945K, committed 103168K, reserved 104448K
}
Event: 106784,997 GC heap before
{Heap before GC invocations=2386 (full 93):
 PSYoungGen      total 22146560K, used 21994798K [0x00007ef767b00000, 0x00007efcbb580000, 0x00007efcbd000000)
  eden space 21981696K, 100% used [0x00007ef767b00000,0x00007efca5580000,0x00007efca5580000)
  from space 164864K, 7% used [0x00007efcb1480000,0x00007efcb214bac0,0x00007efcbb580000)
  to   space 180224K, 0% used [0x00007efca5580000,0x00007efca5580000,0x00007efcb0580000)
 ParOldGen       total 19119616K, used 14252399K [0x00007eecbd000000, 0x00007ef14bf80000, 0x00007ef767b00000)
  object space 19119616K, 74% used [0x00007eecbd000000,0x00007ef022e5bc90,0x00007ef14bf80000)
 Metaspace       used 101596K, capacity 102945K, committed 103168K, reserved 104448K
Event: 106785,030 GC heap after
Heap after GC invocations=2386 (full 93):
 PSYoungGen      total 22161920K, used 21377K [0x00007ef767b00000, 0x00007efcbcc00000, 0x00007efcbd000000)
  eden space 21981696K, 0% used [0x00007ef767b00000,0x00007ef767b00000,0x00007efca5580000)
  from space 180224K, 11% used [0x00007efca5580000,0x00007efca6a607e0,0x00007efcb0580000)
  to   space 170496K, 0% used [0x00007efcb2580000,0x00007efcb2580000,0x00007efcbcc00000)
 ParOldGen       total 19119616K, used 14252415K [0x00007eecbd000000, 0x00007ef14bf80000, 0x00007ef767b00000)
  object space 19119616K, 74% used [0x00007eecbd000000,0x00007ef022e5fc90,0x00007ef14bf80000)
 Metaspace       used 101596K, capacity 102945K, committed 103168K, reserved 104448K
}
Event: 106787,641 GC heap before
{Heap before GC invocations=2387 (full 93):
 PSYoungGen      total 22161920K, used 22003073K [0x00007ef767b00000, 0x00007efcbcc00000, 0x00007efcbd000000)
  eden space 21981696K, 100% used [0x00007ef767b00000,0x00007efca5580000,0x00007efca5580000)
  from space 180224K, 11% used [0x00007efca5580000,0x00007efca6a607e0,0x00007efcb0580000)
  to   space 170496K, 0% used [0x00007efcb2580000,0x00007efcb2580000,0x00007efcbcc00000)
 ParOldGen       total 19119616K, used 14252415K [0x00007eecbd000000, 0x00007ef14bf80000, 0x00007ef767b00000)
  object space 19119616K, 74% used [0x00007eecbd000000,0x00007ef022e5fc90,0x00007ef14bf80000)
 Metaspace       used 101596K, capacity 102945K, committed 103168K, reserved 104448K
Event: 106787,678 GC heap after
Heap after GC invocations=2387 (full 93):
 PSYoungGen      total 22163968K, used 24792K [0x00007ef767b00000, 0x00007efcbb380000, 0x00007efcbd000000)
  eden space 22018560K, 0% used [0x00007ef767b00000,0x00007ef767b00000,0x00007efca7980000)
  from space 145408K, 17% used [0x00007efcb2580000,0x00007efcb3db6168,0x00007efcbb380000)
  to   space 160768K, 0% used [0x00007efca7980000,0x00007efca7980000,0x00007efcb1680000)
 ParOldGen       total 19119616K, used 14253570K [0x00007eecbd000000, 0x00007ef14bf80000, 0x00007ef767b00000)
  object space 19119616K, 74% used [0x00007eecbd000000,0x00007ef022f80b68,0x00007ef14bf80000)
 Metaspace       used 101596K, capacity 102945K, committed 103168K, reserved 104448K
}
Event: 106790,352 GC heap before
{Heap before GC invocations=2388 (full 93):
 PSYoungGen      total 22163968K, used 22043352K [0x00007ef767b00000, 0x00007efcbb380000, 0x00007efcbd000000)
  eden space 22018560K, 100% used [0x00007ef767b00000,0x00007efca7980000,0x00007efca7980000)
  from space 145408K, 17% used [0x00007efcb2580000,0x00007efcb3db6168,0x00007efcbb380000)
  to   space 160768K, 0% used [0x00007efca7980000,0x00007efca7980000,0x00007efcb1680000)
 ParOldGen       total 19119616K, used 14253570K [0x00007eecbd000000, 0x00007ef14bf80000, 0x00007ef767b00000)
  object space 19119616K, 74% used [0x00007eecbd000000,0x00007ef022f80b68,0x00007ef14bf80000)
 Metaspace       used 101596K, capacity 102945K, committed 103168K, reserved 104448K
Event: 106790,388 GC heap after
Heap after GC invocations=2388 (full 93):
 PSYoungGen      total 22179328K, used 44914K [0x00007ef767b00000, 0x00007efcbcb00000, 0x00007efcbd000000)
  eden space 22018560K, 0% used [0x00007ef767b00000,0x00007ef767b00000,0x00007efca7980000)
  from space 160768K, 27% used [0x00007efca7980000,0x00007efcaa55c868,0x00007efcb1680000)
  to   space 150528K, 0% used [0x00007efcb3800000,0x00007efcb3800000,0x00007efcbcb00000)
 ParOldGen       total 19119616K, used 14253754K [0x00007eecbd000000, 0x00007ef14bf80000, 0x00007ef767b00000)
  object space 19119616K, 74% used [0x00007eecbd000000,0x00007ef022faeb68,0x00007ef14bf80000)
 Metaspace       used 101596K, capacity 102945K, committed 103168K, reserved 104448K
}
Event: 106792,984 GC heap before
{Heap before GC invocations=2389 (full 93):
 PSYoungGen      total 22179328K, used 22063474K [0x00007ef767b00000, 0x00007efcbcb00000, 0x00007efcbd000000)
  eden space 22018560K, 100% used [0x00007ef767b00000,0x00007efca7980000,0x00007efca7980000)
  from space 160768K, 27% used [0x00007efca7980000,0x00007efcaa55c868,0x00007efcb1680000)
  to   space 150528K, 0% used [0x00007efcb3800000,0x00007efcb3800000,0x00007efcbcb00000)
 ParOldGen       total 19119616K, used 14253754K [0x00007eecbd000000, 0x00007ef14bf80000, 0x00007ef767b00000)
  object space 19119616K, 74% used [0x00007eecbd000000,0x00007ef022faeb68,0x00007ef14bf80000)
 Metaspace       used 101596K, capacity 102945K, committed 103168K, reserved 104448K
Event: 106793,018 GC heap after
Heap after GC invocations=2389 (full 93):
 PSYoungGen      total 22185984K, used 26329K [0x00007ef767b00000, 0x00007efcbb500000, 0x00007efcbd000000)
  eden space 22057984K, 0% used [0x00007ef767b00000,0x00007ef767b00000,0x00007efcaa000000)
  from space 128000K, 20% used [0x00007efcb3800000,0x00007efcb51b6498,0x00007efcbb500000)
  to   space 141824K, 0% used [0x00007efcaa000000,0x00007efcaa000000,0x00007efcb2a80000)
 ParOldGen       total 19119616K, used 14254317K [0x00007eecbd000000, 0x00007ef14bf80000, 0x00007ef767b00000)
  object space 19119616K, 74% used [0x00007eecbd000000,0x00007ef02303b5a8,0x00007ef14bf80000)
 Metaspace       used 101596K, capacity 102945K, committed 103168K, reserved 104448K
}
Event: 106795,737 GC heap before
{Heap before GC invocations=2390 (full 93):
 PSYoungGen      total 22185984K, used 22084313K [0x00007ef767b00000, 0x00007efcbb500000, 0x00007efcbd000000)
  eden space 22057984K, 100% used [0x00007ef767b00000,0x00007efcaa000000,0x00007efcaa000000)
  from space 128000K, 20% used [0x00007efcb3800000,0x00007efcb51b6498,0x00007efcbb500000)
  to   space 141824K, 0% used [0x00007efcaa000000,0x00007efcaa000000,0x00007efcb2a80000)
 ParOldGen       total 19119616K, used 14254317K [0x00007eecbd000000, 0x00007ef14bf80000, 0x00007ef767b00000)
  object space 19119616K, 74% used [0x00007eecbd000000,0x00007ef02303b5a8,0x00007ef14bf80000)
 Metaspace       used 101596K, capacity 102945K, committed 103168K, reserved 104448K
Event: 106795,777 GC heap after
Heap after GC invocations=2390 (full 93):
 PSYoungGen      total 22199808K, used 26763K [0x00007ef767b00000, 0x00007efcbce80000, 0x00007efcbd000000)
  eden space 22057984K, 0% used [0x00007ef767b00000,0x00007ef767b00000,0x00007efcaa000000)
  from space 141824K, 18% used [0x00007efcaa000000,0x00007efcaba22f08,0x00007efcb2a80000)
  to   space 134144K, 0% used [0x00007efcb4b80000,0x00007efcb4b80000,0x00007efcbce80000)
 ParOldGen       total 19119616K, used 14254587K [0x00007eecbd000000, 0x00007ef14bf80000, 0x00007ef767b00000)
  object space 19119616K, 74% used [0x00007eecbd000000,0x00007ef02307eef0,0x00007ef14bf80000)
 Metaspace       used 101596K, capacity 102945K, committed 103168K, reserved 104448K
}
Event: 106798,389 GC heap before
{Heap before GC invocations=2391 (full 93):
 PSYoungGen      total 22199808K, used 22084747K [0x00007ef767b00000, 0x00007efcbce80000, 0x00007efcbd000000)
  eden space 22057984K, 100% used [0x00007ef767b00000,0x00007efcaa000000,0x00007efcaa000000)
  from space 141824K, 18% used [0x00007efcaa000000,0x00007efcaba22f08,0x00007efcb2a80000)
  to   space 134144K, 0% used [0x00007efcb4b80000,0x00007efcb4b80000,0x00007efcbce80000)
 ParOldGen       total 19119616K, used 14254587K [0x00007eecbd000000, 0x00007ef14bf80000, 0x00007ef767b00000)
  object space 19119616K, 74% used [0x00007eecbd000000,0x00007ef02307eef0,0x00007ef14bf80000)
 Metaspace       used 101596K, capacity 102945K, committed 103168K, reserved 104448K
Event: 106798,422 GC heap after
Heap after GC invocations=2391 (full 93):
 PSYoungGen      total 22204928K, used 29606K [0x00007ef767b00000, 0x00007efcbb880000, 0x00007efcbd000000)
  eden space 22093312K, 0% used [0x00007ef767b00000,0x00007ef767b00000,0x00007efcac280000)
  from space 111616K, 26% used [0x00007efcb4b80000,0x00007efcb6869b30,0x00007efcbb880000)
  to   space 125952K, 0% used [0x00007efcac280000,0x00007efcac280000,0x00007efcb3d80000)
 ParOldGen       total 19119616K, used 14254619K [0x00007eecbd000000, 0x00007ef14bf80000, 0x00007ef767b00000)
  object space 19119616K, 74% used [0x00007eecbd000000,0x00007ef023086ef0,0x00007ef14bf80000)
 Metaspace       used 101596K, capacity 102945K, committed 103168K, reserved 104448K
}
Event: 106801,058 GC heap before
{Heap before GC invocations=2392 (full 93):
 PSYoungGen      total 22204928K, used 22122918K [0x00007ef767b00000, 0x00007efcbb880000, 0x00007efcbd000000)
  eden space 22093312K, 100% used [0x00007ef767b00000,0x00007efcac280000,0x00007efcac280000)
  from space 111616K, 26% used [0x00007efcb4b80000,0x00007efcb6869b30,0x00007efcbb880000)
  to   space 125952K, 0% used [0x00007efcac280000,0x00007efcac280000,0x00007efcb3d80000)
 ParOldGen       total 19119616K, used 14254619K [0x00007eecbd000000, 0x00007ef14bf80000, 0x00007ef767b00000)
  object space 19119616K, 74% used [0x00007eecbd000000,0x00007ef023086ef0,0x00007ef14bf80000)
 Metaspace       used 101596K, capacity 102945K, committed 103168K, reserved 104448K
Event: 106801,090 GC heap after
Heap after GC invocations=2392 (full 93):
 PSYoungGen      total 22219264K, used 12743K [0x00007ef767b00000, 0x00007efcbd000000, 0x00007efcbd000000)
  eden space 22093312K, 0% used [0x00007ef767b00000,0x00007ef767b00000,0x00007efcac280000)
  from space 125952K, 10% used [0x00007efcac280000,0x00007efcacef1d18,0x00007efcb3d80000)
  to   space 121344K, 0% used [0x00007efcb5980000,0x00007efcb5980000,0x00007efcbd000000)
 ParOldGen       total 19119616K, used 14254763K [0x00007eecbd000000, 0x00007ef14bf80000, 0x00007ef767b00000)
  object space 19119616K, 74% used [0x00007eecbd000000,0x00007ef0230aaef0,0x00007ef14bf80000)
 Metaspace       used 101596K, capacity 102945K, committed 103168K, reserved 104448K
}
Event: 106803,858 GC heap before
{Heap before GC invocations=2393 (full 93):
 PSYoungGen      total 22219264K, used 22106055K [0x00007ef767b00000, 0x00007efcbd000000, 0x00007efcbd000000)
  eden space 22093312K, 100% used [0x00007ef767b00000,0x00007efcac280000,0x00007efcac280000)
  from space 125952K, 10% used [0x00007efcac280000,0x00007efcacef1d18,0x00007efcb3d80000)
  to   space 121344K, 0% used [0x00007efcb5980000,0x00007efcb5980000,0x00007efcbd000000)
 ParOldGen       total 19119616K, used 14254763K [0x00007eecbd000000, 0x00007ef14bf80000, 0x00007ef767b00000)
  object space 19119616K, 74% used [0x00007eecbd000000,0x00007ef0230aaef0,0x00007ef14bf80000)
 Metaspace       used 101596K, capacity 102945K, committed 103168K, reserved 104448K
Event: 106803,895 GC heap after
Heap after GC invocations=2393 (full 93):
 PSYoungGen      total 22225408K, used 24061K [0x00007ef767b00000, 0x00007efcbbe80000, 0x00007efcbd000000)
  eden space 22121984K, 0% used [0x00007ef767b00000,0x00007ef767b00000,0x00007efcade80000)
  from space 103424K, 23% used [0x00007efcb5980000,0x00007efcb70ff7e8,0x00007efcbbe80000)
  to   space 114688K, 0% used [0x00007efcade80000,0x00007efcade80000,0x00007efcb4e80000)
 ParOldGen       total 19119616K, used 14255285K [0x00007eecbd000000, 0x00007ef14bf80000, 0x00007ef767b00000)
  object space 19119616K, 74% used [0x00007eecbd000000,0x00007ef02312d5e0,0x00007ef14bf80000)
 Metaspace       used 101596K, capacity 102945K, committed 103168K, reserved 104448K
}
Event: 106806,664 GC heap before
{Heap before GC invocations=2394 (full 93):
 PSYoungGen      total 22225408K, used 22146045K [0x00007ef767b00000, 0x00007efcbbe80000, 0x00007efcbd000000)
  eden space 22121984K, 100% used [0x00007ef767b00000,0x00007efcade80000,0x00007efcade80000)
  from space 103424K, 23% used [0x00007efcb5980000,0x00007efcb70ff7e8,0x00007efcbbe80000)
  to   space 114688K, 0% used [0x00007efcade80000,0x00007efcade80000,0x00007efcb4e80000)
 ParOldGen       total 19119616K, used 14255285K [0x00007eecbd000000, 0x00007ef14bf80000, 0x00007ef767b00000)
  object space 19119616K, 74% used [0x00007eecbd000000,0x00007ef02312d5e0,0x00007ef14bf80000)
 Metaspace       used 101596K, capacity 102945K, committed 103168K, reserved 104448K
Event: 106806,700 GC heap after
Heap after GC invocations=2394 (full 93):
 PSYoungGen      total 22236672K, used 23822K [0x00007ef767b00000, 0x00007efcbcf00000, 0x00007efcbd000000)
  eden space 22121984K, 0% used [0x00007ef767b00000,0x00007ef767b00000,0x00007efcade80000)
  from space 114688K, 20% used [0x00007efcade80000,0x00007efcaf5c3b88,0x00007efcb4e80000)
  to   space 108544K, 0% used [0x00007efcb6500000,0x00007efcb6500000,0x00007efcbcf00000)
 ParOldGen       total 19119616K, used 14255309K [0x00007eecbd000000, 0x00007ef14bf80000, 0x00007ef767b00000)
  object space 19119616K, 74% used [0x00007eecbd000000,0x00007ef0231335e0,0x00007ef14bf80000)
 Metaspace       used 101596K, capacity 102945K, committed 103168K, reserved 104448K
}
Event: 106809,425 GC heap before
{Heap before GC invocations=2395 (full 93):
 PSYoungGen      total 22236672K, used 22145806K [0x00007ef767b00000, 0x00007efcbcf00000, 0x00007efcbd000000)
  eden space 22121984K, 100% used [0x00007ef767b00000,0x00007efcade80000,0x00007efcade80000)
  from space 114688K, 20% used [0x00007efcade80000,0x00007efcaf5c3b88,0x00007efcb4e80000)
  to   space 108544K, 0% used [0x00007efcb6500000,0x00007efcb6500000,0x00007efcbcf00000)
 ParOldGen       total 19119616K, used 14255309K [0x00007eecbd000000, 0x00007ef14bf80000, 0x00007ef767b00000)
  object space 19119616K, 74% used [0x00007eecbd000000,0x00007ef0231335e0,0x00007ef14bf80000)
 Metaspace       used 101596K, capacity 102945K, committed 103168K, reserved 104448K
Event: 106809,461 GC heap after
Heap after GC invocations=2395 (full 93):
 PSYoungGen      total 22240256K, used 14120K [0x00007ef767b00000, 0x00007efcbc100000, 0x00007efcbd000000)
  eden space 22146048K, 0% used [0x00007ef767b00000,0x00007ef767b00000,0x00007efcaf600000)
  from space 94208K, 14% used [0x00007efcb6500000,0x00007efcb72ca028,0x00007efcbc100000)
  to   space 103936K, 0% used [0x00007efcaf600000,0x00007efcaf600000,0x00007efcb5b80000)
 ParOldGen       total 19119616K, used 14255357K [0x00007eecbd000000, 0x00007ef14bf80000, 0x00007ef767b00000)
  object space 19119616K, 74% used [0x00007eecbd000000,0x00007ef02313f5e0,0x00007ef14bf80000)
 Metaspace       used 101596K, capacity 102945K, committed 103168K, reserved 104448K
}
Event: 106812,205 GC heap before
{Heap before GC invocations=2396 (full 93):
 PSYoungGen      total 22240256K, used 22160168K [0x00007ef767b00000, 0x00007efcbc100000, 0x00007efcbd000000)
  eden space 22146048K, 100% used [0x00007ef767b00000,0x00007efcaf600000,0x00007efcaf600000)
  from space 94208K, 14% used [0x00007efcb6500000,0x00007efcb72ca028,0x00007efcbc100000)
  to   space 103936K, 0% used [0x00007efcaf600000,0x00007efcaf600000,0x00007efcb5b80000)
 ParOldGen       total 19119616K, used 14255357K [0x00007eecbd000000, 0x00007ef14bf80000, 0x00007ef767b00000)
  object space 19119616K, 74% used [0x00007eecbd000000,0x00007ef02313f5e0,0x00007ef14bf80000)
 Metaspace       used 101596K, capacity 102945K, committed 103168K, reserved 104448K
Event: 106812,240 GC heap after
Heap after GC invocations=2396 (full 93):
 PSYoungGen      total 22249984K, used 20507K [0x00007ef767b00000, 0x00007efcbce80000, 0x00007efcbd000000)
  eden space 22146048K, 0% used [0x00007ef767b00000,0x00007ef767b00000,0x00007efcaf600000)
  from space 103936K, 19% used [0x00007efcaf600000,0x00007efcb0a06fc8,0x00007efcb5b80000)
  to   space 98304K, 0% used [0x00007efcb6e80000,0x00007efcb6e80000,0x00007efcbce80000)
 ParOldGen       total 19119616K, used 14255525K [0x00007eecbd000000, 0x00007ef14bf80000, 0x00007ef767b00000)
  object space 19119616K, 74% used [0x00007eecbd000000,0x00007ef0231695e0,0x00007ef14bf80000)
 Metaspace       used 101596K, capacity 102945K, committed 103168K, reserved 104448K
}
Event: 106815,049 GC heap before
{Heap before GC invocations=2397 (full 93):
 PSYoungGen      total 22249984K, used 22166555K [0x00007ef767b00000, 0x00007efcbce80000, 0x00007efcbd000000)
  eden space 22146048K, 100% used [0x00007ef767b00000,0x00007efcaf600000,0x00007efcaf600000)
  from space 103936K, 19% used [0x00007efcaf600000,0x00007efcb0a06fc8,0x00007efcb5b80000)
  to   space 98304K, 0% used [0x00007efcb6e80000,0x00007efcb6e80000,0x00007efcbce80000)
 ParOldGen       total 19119616K, used 14255525K [0x00007eecbd000000, 0x00007ef14bf80000, 0x00007ef767b00000)
  object space 19119616K, 74% used [0x00007eecbd000000,0x00007ef0231695e0,0x00007ef14bf80000)
 Metaspace       used 101596K, capacity 102945K, committed 103168K, reserved 104448K
Event: 106815,089 GC heap after
Heap after GC invocations=2397 (full 93):
 PSYoungGen      total 22261248K, used 48152K [0x00007ef767b00000, 0x00007efcbca80000, 0x00007efcbd000000)
  eden space 22167040K, 0% used [0x00007ef767b00000,0x00007ef767b00000,0x00007efcb0a80000)
  from space 94208K, 51% used [0x00007efcb6e80000,0x00007efcb9d86328,0x00007efcbca80000)
  to   space 98304K, 0% used [0x00007efcb0a80000,0x00007efcb0a80000,0x00007efcb6a80000)
 ParOldGen       total 19119616K, used 14255549K [0x00007eecbd000000, 0x00007ef14bf80000, 0x00007ef767b00000)
  object space 19119616K, 74% used [0x00007eecbd000000,0x00007ef02316f5e0,0x00007ef14bf80000)
 Metaspace       used 101596K, capacity 102945K, committed 103168K, reserved 104448K
}
Event: 106817,942 GC heap before
{Heap before GC invocations=2398 (full 93):
 PSYoungGen      total 22261248K, used 22215192K [0x00007ef767b00000, 0x00007efcbca80000, 0x00007efcbd000000)
  eden space 22167040K, 100% used [0x00007ef767b00000,0x00007efcb0a80000,0x00007efcb0a80000)
  from space 94208K, 51% used [0x00007efcb6e80000,0x00007efcb9d86328,0x00007efcbca80000)
  to   space 98304K, 0% used [0x00007efcb0a80000,0x00007efcb0a80000,0x00007efcb6a80000)
 ParOldGen       total 19119616K, used 14255549K [0x00007eecbd000000, 0x00007ef14bf80000, 0x00007ef767b00000)
  object space 19119616K, 74% used [0x00007eecbd000000,0x00007ef02316f5e0,0x00007ef14bf80000)
 Metaspace       used 101596K, capacity 102945K, committed 103168K, reserved 104448K
Event: 106817,972 GC heap after
Heap after GC invocations=2398 (full 93):
 PSYoungGen      total 22265344K, used 23847K [0x00007ef767b00000, 0x00007efcbca00000, 0x00007efcbd000000)
  eden space 22167040K, 0% used [0x00007ef767b00000,0x00007ef767b00000,0x00007efcb0a80000)
  from space 98304K, 24% used [0x00007efcb0a80000,0x00007efcb21c9cb0,0x00007efcb6a80000)
  to   space 93184K, 0% used [0x00007efcb6f00000,0x00007efcb6f00000,0x00007efcbca00000)
 ParOldGen       total 19119616K, used 14255808K [0x00007eecbd000000, 0x00007ef14bf80000, 0x00007ef767b00000)
  object space 19119616K, 74% used [0x00007eecbd000000,0x00007ef0231b0200,0x00007ef14bf80000)
 Metaspace       used 101596K, capacity 102945K, committed 103168K, reserved 104448K
}
Event: 106820,781 GC heap before
{Heap before GC invocations=2399 (full 93):
 PSYoungGen      total 22265344K, used 22190887K [0x00007ef767b00000, 0x00007efcbca00000, 0x00007efcbd000000)
  eden space 22167040K, 100% used [0x00007ef767b00000,0x00007efcb0a80000,0x00007efcb0a80000)
  from space 98304K, 24% used [0x00007efcb0a80000,0x00007efcb21c9cb0,0x00007efcb6a80000)
  to   space 93184K, 0% used [0x00007efcb6f00000,0x00007efcb6f00000,0x00007efcbca00000)
 ParOldGen       total 19119616K, used 14255808K [0x00007eecbd000000, 0x00007ef14bf80000, 0x00007ef767b00000)
  object space 19119616K, 74% used [0x00007eecbd000000,0x00007ef0231b0200,0x00007ef14bf80000)
 Metaspace       used 101596K, capacity 102945K, committed 103168K, reserved 104448K
Event: 106820,811 GC heap after
Heap after GC invocations=2399 (full 93):
 PSYoungGen      total 22266880K, used 10898K [0x00007ef767b00000, 0x00007efcbc600000, 0x00007efcbd000000)
  eden space 22177792K, 0% used [0x00007ef767b00000,0x00007ef767b00000,0x00007efcb1500000)
  from space 89088K, 12% used [0x00007efcb6f00000,0x00007efcb79a4818,0x00007efcbc600000)
  to   space 90624K, 0% used [0x00007efcb1500000,0x00007efcb1500000,0x00007efcb6d80000)
 ParOldGen       total 19119616K, used 14256024K [0x00007eecbd000000, 0x00007ef14bf80000, 0x00007ef767b00000)
  object space 19119616K, 74% used [0x00007eecbd000000,0x00007ef0231e6200,0x00007ef14bf80000)
 Metaspace       used 101596K, capacity 102945K, committed 103168K, reserved 104448K
}
Event: 106823,580 GC heap before
{Heap before GC invocations=2400 (full 93):
 PSYoungGen      total 22266880K, used 22188690K [0x00007ef767b00000, 0x00007efcbc600000, 0x00007efcbd000000)
  eden space 22177792K, 100% used [0x00007ef767b00000,0x00007efcb1500000,0x00007efcb1500000)
  from space 89088K, 12% used [0x00007efcb6f00000,0x00007efcb79a4818,0x00007efcbc600000)
  to   space 90624K, 0% used [0x00007efcb1500000,0x00007efcb1500000,0x00007efcb6d80000)
 ParOldGen       total 19119616K, used 14256024K [0x00007eecbd000000, 0x00007ef14bf80000, 0x00007ef767b00000)
  object space 19119616K, 74% used [0x00007eecbd000000,0x00007ef0231e6200,0x00007ef14bf80000)
 Metaspace       used 101596K, capacity 102945K, committed 103168K, reserved 104448K
Event: 106823,613 GC heap after
Heap after GC invocations=2400 (full 93):
 PSYoungGen      total 22268416K, used 24305K [0x00007ef767b00000, 0x00007efcbc680000, 0x00007efcbd000000)
  eden space 22177792K, 0% used [0x00007ef767b00000,0x00007ef767b00000,0x00007efcb1500000)
  from space 90624K, 26% used [0x00007efcb1500000,0x00007efcb2cbc4f8,0x00007efcb6d80000)
  to   space 84992K, 0% used [0x00007efcb7380000,0x00007efcb7380000,0x00007efcbc680000)
 ParOldGen       total 19119616K, used 14256036K [0x00007eecbd000000, 0x00007ef14bf80000, 0x00007ef767b00000)
  object space 19119616K, 74% used [0x00007eecbd000000,0x00007ef0231e9208,0x00007ef14bf80000)
 Metaspace       used 101596K, capacity 102945K, committed 103168K, reserved 104448K
}
Event: 106826,717 GC heap before
{Heap before GC invocations=2401 (full 93):
 PSYoungGen      total 22268416K, used 22202097K [0x00007ef767b00000, 0x00007efcbc680000, 0x00007efcbd000000)
  eden space 22177792K, 100% used [0x00007ef767b00000,0x00007efcb1500000,0x00007efcb1500000)
  from space 90624K, 26% used [0x00007efcb1500000,0x00007efcb2cbc4f8,0x00007efcb6d80000)
  to   space 84992K, 0% used [0x00007efcb7380000,0x00007efcb7380000,0x00007efcbc680000)
 ParOldGen       total 19119616K, used 14256036K [0x00007eecbd000000, 0x00007ef14bf80000, 0x00007ef767b00000)
  object space 19119616K, 74% used [0x00007eecbd000000,0x00007ef0231e9208,0x00007ef14bf80000)
 Metaspace       used 101596K, capacity 102945K, committed 103168K, reserved 104448K
Event: 106826,749 GC heap after
Heap after GC invocations=2401 (full 93):
 PSYoungGen      total 22276096K, used 10478K [0x00007ef767b00000, 0x00007efcbc580000, 0x00007efcbd000000)
  eden space 22192128K, 0% used [0x00007ef767b00000,0x00007ef767b00000,0x00007efcb2300000)
  from space 83968K, 12% used [0x00007efcb7380000,0x00007efcb7dbb9b8,0x00007efcbc580000)
  to   space 82432K, 0% used [0x00007efcb2300000,0x00007efcb2300000,0x00007efcb7380000)
 ParOldGen       total 19119616K, used 14268482K [0x00007eecbd000000, 0x00007ef14bf80000, 0x00007ef767b00000)
  object space 19119616K, 74% used [0x00007eecbd000000,0x00007ef023e10bb0,0x00007ef14bf80000)
 Metaspace       used 101596K, capacity 102945K, committed 103168K, reserved 104448K
}
Event: 106830,029 GC heap before
{Heap before GC invocations=2402 (full 93):
 PSYoungGen      total 22276096K, used 22202606K [0x00007ef767b00000, 0x00007efcbc580000, 0x00007efcbd000000)
  eden space 22192128K, 100% used [0x00007ef767b00000,0x00007efcb2300000,0x00007efcb2300000)
  from space 83968K, 12% used [0x00007efcb7380000,0x00007efcb7dbb9b8,0x00007efcbc580000)
  to   space 82432K, 0% used [0x00007efcb2300000,0x00007efcb2300000,0x00007efcb7380000)
 ParOldGen       total 19119616K, used 14268482K [0x00007eecbd000000, 0x00007ef14bf80000, 0x00007ef767b00000)
  object space 19119616K, 74% used [0x00007eecbd000000,0x00007ef023e10bb0,0x00007ef14bf80000)
 Metaspace       used 101596K, capacity 102945K, committed 103168K, reserved 104448K
Event: 106830,068 GC heap after
Heap after GC invocations=2402 (full 93):
 PSYoungGen      total 22274560K, used 22941K [0x00007ef767b00000, 0x00007efcbc580000, 0x00007efcbd000000)
  eden space 22192128K, 0% used [0x00007ef767b00000,0x00007ef767b00000,0x00007efcb2300000)
  from space 82432K, 27% used [0x00007efcb2300000,0x00007efcb39677a0,0x00007efcb7380000)
  to   space 77824K, 0% used [0x00007efcb7980000,0x00007efcb7980000,0x00007efcbc580000)
 ParOldGen       total 19119616K, used 14269003K [0x00007eecbd000000, 0x00007ef14bf80000, 0x00007ef767b00000)
  object space 19119616K, 74% used [0x00007eecbd000000,0x00007ef023e92dc8,0x00007ef14bf80000)
 Metaspace       used 101596K, capacity 102945K, committed 103168K, reserved 104448K
}
Event: 106833,703 GC heap before
{Heap before GC invocations=2403 (full 93):
 PSYoungGen      total 22274560K, used 22215069K [0x00007ef767b00000, 0x00007efcbc580000, 0x00007efcbd000000)
  eden space 22192128K, 100% used [0x00007ef767b00000,0x00007efcb2300000,0x00007efcb2300000)
  from space 82432K, 27% used [0x00007efcb2300000,0x00007efcb39677a0,0x00007efcb7380000)
  to   space 77824K, 0% used [0x00007efcb7980000,0x00007efcb7980000,0x00007efcbc580000)
 ParOldGen       total 19119616K, used 14269003K [0x00007eecbd000000, 0x00007ef14bf80000, 0x00007ef767b00000)
  object space 19119616K, 74% used [0x00007eecbd000000,0x00007ef023e92dc8,0x00007ef14bf80000)
 Metaspace       used 101596K, capacity 102945K, committed 103168K, reserved 104448K
Event: 106833,738 GC heap after
Heap after GC invocations=2403 (full 93):
 PSYoungGen      total 22283264K, used 17039K [0x00007ef767b00000, 0x00007efcbc480000, 0x00007efcbd000000)
  eden space 22206464K, 0% used [0x00007ef767b00000,0x00007ef767b00000,0x00007efcb3100000)
  from space 76800K, 22% used [0x00007efcb7980000,0x00007efcb8a23c00,0x00007efcbc480000)
  to   space 74240K, 0% used [0x00007efcb3100000,0x00007efcb3100000,0x00007efcb7980000)
 ParOldGen       total 19119616K, used 14272771K [0x00007eecbd000000, 0x00007ef14bf80000, 0x00007ef767b00000)
  object space 19119616K, 74% used [0x00007eecbd000000,0x00007ef024240c18,0x00007ef14bf80000)
 Metaspace       used 101596K, capacity 102945K, committed 103168K, reserved 104448K
}
Event: 106837,458 GC heap before
{Heap before GC invocations=2404 (full 93):
 PSYoungGen      total 22283264K, used 22223503K [0x00007ef767b00000, 0x00007efcbc480000, 0x00007efcbd000000)
  eden space 22206464K, 100% used [0x00007ef767b00000,0x00007efcb3100000,0x00007efcb3100000)
  from space 76800K, 22% used [0x00007efcb7980000,0x00007efcb8a23c00,0x00007efcbc480000)
  to   space 74240K, 0% used [0x00007efcb3100000,0x00007efcb3100000,0x00007efcb7980000)
 ParOldGen       total 19119616K, used 14272771K [0x00007eecbd000000, 0x00007ef14bf80000, 0x00007ef767b00000)
  object space 19119616K, 74% used [0x00007eecbd000000,0x00007ef024240c18,0x00007ef14bf80000)
 Metaspace       used 101596K, capacity 102945K, committed 103168K, reserved 104448K
Event: 106837,489 GC heap after
Heap after GC invocations=2404 (full 93):
 PSYoungGen      total 22280704K, used 5860K [0x00007ef767b00000, 0x00007efcbca80000, 0x00007efcbd000000)
  eden space 22206464K, 0% used [0x00007ef767b00000,0x00007ef767b00000,0x00007efcb3100000)
  from space 74240K, 7% used [0x00007efcb3100000,0x00007efcb36b93e8,0x00007efcb7980000)
  to   space 72704K, 0% used [0x00007efcb8380000,0x00007efcb8380000,0x00007efcbca80000)
 ParOldGen       total 19119616K, used 14276455K [0x00007eecbd000000, 0x00007ef14bf80000, 0x00007ef767b00000)
  object space 19119616K, 74% used [0x00007eecbd000000,0x00007ef0245d9f50,0x00007ef14bf80000)
 Metaspace       used 101596K, capacity 102945K, committed 103168K, reserved 104448K
}
Event: 106841,192 GC heap before
{Heap before GC invocations=2405 (full 93):
 PSYoungGen      total 22280704K, used 22212324K [0x00007ef767b00000, 0x00007efcbca80000, 0x00007efcbd000000)
  eden space 22206464K, 100% used [0x00007ef767b00000,0x00007efcb3100000,0x00007efcb3100000)
  from space 74240K, 7% used [0x00007efcb3100000,0x00007efcb36b93e8,0x00007efcb7980000)
  to   space 72704K, 0% used [0x00007efcb8380000,0x00007efcb8380000,0x00007efcbca80000)
 ParOldGen       total 19119616K, used 14276470K [0x00007eecbd000000, 0x00007ef14bf80000, 0x00007ef767b00000)
  object space 19119616K, 74% used [0x00007eecbd000000,0x00007ef0245dd978,0x00007ef14bf80000)
 Metaspace       used 101596K, capacity 102945K, committed 103168K, reserved 104448K
Event: 106841,237 GC heap after
Heap after GC invocations=2405 (full 93):
 PSYoungGen      total 22274048K, used 67071K [0x00007ef767b00000, 0x00007efcbd000000, 0x00007efcbd000000)
  eden space 22201344K, 0% used [0x00007ef767b00000,0x00007ef767b00000,0x00007efcb2c00000)
  from space 72704K, 92% used [0x00007efcb8380000,0x00007efcbc4ffcd0,0x00007efcbca80000)
  to   space 83968K, 0% used [0x00007efcb2c00000,0x00007efcb2c00000,0x00007efcb7e00000)
 ParOldGen       total 19119616K, used 14276478K [0x00007eecbd000000, 0x00007ef14bf80000, 0x00007ef767b00000)
  object space 19119616K, 74% used [0x00007eecbd000000,0x00007ef0245df978,0x00007ef14bf80000)
 Metaspace       used 101596K, capacity 102945K, committed 103168K, reserved 104448K
}
Event: 106846,853 GC heap before
{Heap before GC invocations=2406 (full 93):
 PSYoungGen      total 22274048K, used 22268415K [0x00007ef767b00000, 0x00007efcbd000000, 0x00007efcbd000000)
  eden space 22201344K, 100% used [0x00007ef767b00000,0x00007efcb2c00000,0x00007efcb2c00000)
  from space 72704K, 92% used [0x00007efcb8380000,0x00007efcbc4ffcd0,0x00007efcbca80000)
  to   space 83968K, 0% used [0x00007efcb2c00000,0x00007efcb2c00000,0x00007efcb7e00000)
 ParOldGen       total 19119616K, used 14276479K [0x00007eecbd000000, 0x00007ef14bf80000, 0x00007ef767b00000)
  object space 19119616K, 74% used [0x00007eecbd000000,0x00007ef0245dffd0,0x00007ef14bf80000)
 Metaspace       used 101596K, capacity 102945K, committed 103168K, reserved 104448K
Event: 106846,890 GC heap after
Heap after GC invocations=2406 (full 93):
 PSYoungGen      total 22285312K, used 32325K [0x00007ef767b00000, 0x00007efcbd000000, 0x00007efcbd000000)
  eden space 22201344K, 0% used [0x00007ef767b00000,0x00007ef767b00000,0x00007efcb2c00000)
  from space 83968K, 38% used [0x00007efcb2c00000,0x00007efcb4b91680,0x00007efcb7e00000)
  to   space 79872K, 0% used [0x00007efcb8200000,0x00007efcb8200000,0x00007efcbd000000)
 ParOldGen       total 19119616K, used 14281334K [0x00007eecbd000000, 0x00007ef14bf80000, 0x00007ef767b00000)
  object space 19119616K, 74% used [0x00007eecbd000000,0x00007ef024a9da78,0x00007ef14bf80000)
 Metaspace       used 101596K, capacity 102945K, committed 103168K, reserved 104448K
}

